
Due to MODULEPATH changes, the following have been reloaded:
  1) mii/1.1.2

The following have been reloaded with a version change:
  1) StdEnv/2023 => StdEnv/2020           5) libfabric/1.18.0 => libfabric/1.10.1
  2) gcccore/.12.3 => gcccore/.9.3.0      6) openmpi/4.1.5 => openmpi/4.0.3
  3) gentoo/2023 => gentoo/2020           7) ucx/1.14.1 => ucx/1.8.0
  4) imkl/2023.2.0 => imkl/2020.1.217

Batch index: 6
Model: a
Sample size: 1000
Dimension: 9
Candidate vector: 30:200
Bandwidth: 0.05 0.1 0.15 0.2 0.25 0.3 0.35
Simulation: 40
Loading required package: iterators
Loading required package: parallel

Attaching package: ‘expm’

The following object is masked from ‘package:Matrix’:

    expm

Time difference of 2.713662 hours
    hr max_width90.zhou max_width95.zhou max_width90.zhou.m max_width95.zhou.m
1 0.05        0.3175786        0.3424796          0.3175786          0.3424796
  max_width90.zhou.iso max_width95.zhou.iso
1            0.3175786            0.3424796
Time difference of 2.706102 hours
   hr max_width90.zhou max_width95.zhou max_width90.zhou.m max_width95.zhou.m
2 0.1        0.3671783        0.4011681          0.3671783          0.4011681
  max_width90.zhou.iso max_width95.zhou.iso
2            0.3671783            0.4011681
Time difference of 2.674793 hours
    hr max_width90.zhou max_width95.zhou max_width90.zhou.m max_width95.zhou.m
3 0.15        0.3059833        0.3346805          0.3059833          0.3346805
  max_width90.zhou.iso max_width95.zhou.iso
3            0.3059833            0.3346805
Time difference of 2.749141 hours
   hr max_width90.zhou max_width95.zhou max_width90.zhou.m max_width95.zhou.m
4 0.2        0.2604859        0.2855408          0.2604859          0.2855408
  max_width90.zhou.iso max_width95.zhou.iso
4            0.2604859            0.2855408
Time difference of 2.697833 hours
    hr max_width90.zhou max_width95.zhou max_width90.zhou.m max_width95.zhou.m
5 0.25        0.2254719         0.247032          0.2254719           0.247032
  max_width90.zhou.iso max_width95.zhou.iso
5            0.2254719             0.247032
Time difference of 2.751845 hours
   hr max_width90.zhou max_width95.zhou max_width90.zhou.m max_width95.zhou.m
6 0.3          0.19842         0.217742            0.19842           0.217742
  max_width90.zhou.iso max_width95.zhou.iso
6              0.19842             0.217742
Time difference of 2.684021 hours
    hr max_width90.zhou max_width95.zhou max_width90.zhou.m max_width95.zhou.m
7 0.35        0.1762113        0.1938223          0.1762113          0.1938223
  max_width90.zhou.iso max_width95.zhou.iso
7            0.1762113            0.1938223
