
Due to MODULEPATH changes, the following have been reloaded:
  1) mii/1.1.2

The following have been reloaded with a version change:
  1) StdEnv/2023 => StdEnv/2020           5) libfabric/1.18.0 => libfabric/1.10.1
  2) gcccore/.12.3 => gcccore/.9.3.0      6) openmpi/4.1.5 => openmpi/4.0.3
  3) gentoo/2023 => gentoo/2020           7) ucx/1.14.1 => ucx/1.8.0
  4) imkl/2023.2.0 => imkl/2020.1.217

Batch index: 8
Model: a
Sample size: 1000
Dimension: 9
Candidate vector: 30:200
Bandwidth: 0.05 0.1 0.15 0.2 0.25 0.3 0.35
Simulation: 40
Loading required package: iterators
Loading required package: parallel

Attaching package: ‘expm’

The following object is masked from ‘package:Matrix’:

    expm

Time difference of 3.200454 hours
    hr max_width90.zhou max_width95.zhou max_width90.zhou.m max_width95.zhou.m
1 0.05        0.3121885        0.3357255          0.3121885          0.3357255
  max_width90.zhou.iso max_width95.zhou.iso
1            0.3121885            0.3357255
Time difference of 3.122483 hours
   hr max_width90.zhou max_width95.zhou max_width90.zhou.m max_width95.zhou.m
2 0.1        0.3697674        0.4030525          0.3697674          0.4030525
  max_width90.zhou.iso max_width95.zhou.iso
2            0.3697674            0.4030525
Time difference of 3.151846 hours
    hr max_width90.zhou max_width95.zhou max_width90.zhou.m max_width95.zhou.m
3 0.15         0.310309        0.3403496           0.310309          0.3403496
  max_width90.zhou.iso max_width95.zhou.iso
3             0.310309            0.3403496
Time difference of 3.11754 hours
   hr max_width90.zhou max_width95.zhou max_width90.zhou.m max_width95.zhou.m
4 0.2         0.259369        0.2834641           0.259369          0.2834641
  max_width90.zhou.iso max_width95.zhou.iso
4             0.259369            0.2834641
Time difference of 3.039133 hours
    hr max_width90.zhou max_width95.zhou max_width90.zhou.m max_width95.zhou.m
5 0.25        0.2246717        0.2453777          0.2246717          0.2453777
  max_width90.zhou.iso max_width95.zhou.iso
5            0.2246717            0.2453777
Time difference of 2.984208 hours
   hr max_width90.zhou max_width95.zhou max_width90.zhou.m max_width95.zhou.m
6 0.3        0.1976068        0.2166367          0.1976068          0.2166367
  max_width90.zhou.iso max_width95.zhou.iso
6            0.1976068            0.2166367
Time difference of 3.061441 hours
    hr max_width90.zhou max_width95.zhou max_width90.zhou.m max_width95.zhou.m
7 0.35        0.1750201        0.1925451          0.1750201          0.1925451
  max_width90.zhou.iso max_width95.zhou.iso
7            0.1750201            0.1925451
