
Due to MODULEPATH changes, the following have been reloaded:
  1) mii/1.1.2

The following have been reloaded with a version change:
  1) StdEnv/2023 => StdEnv/2020           5) libfabric/1.18.0 => libfabric/1.10.1
  2) gcccore/.12.3 => gcccore/.9.3.0      6) openmpi/4.1.5 => openmpi/4.0.3
  3) gentoo/2023 => gentoo/2020           7) ucx/1.14.1 => ucx/1.8.0
  4) imkl/2023.2.0 => imkl/2020.1.217

Batch index: 1
Model: a
Sample size: 1000
Dimension: 9
Candidate vector: 30:200
Bandwidth: 0.05 0.1 0.15 0.2 0.25 0.3 0.35
Simulation: 40
Loading required package: iterators
Loading required package: parallel

Attaching package: ‘expm’

The following object is masked from ‘package:Matrix’:

    expm

Time difference of 3.019647 hours
    hr max_width90.zhou max_width95.zhou max_width90.zhou.m max_width95.zhou.m
1 0.05         0.316925        0.3417337           0.316925          0.3417337
  max_width90.zhou.iso max_width95.zhou.iso
1             0.316925            0.3417337
Time difference of 3.001065 hours
   hr max_width90.zhou max_width95.zhou max_width90.zhou.m max_width95.zhou.m
2 0.1        0.3690858        0.4024624          0.3690858          0.4024624
  max_width90.zhou.iso max_width95.zhou.iso
2            0.3690858            0.4024624
Time difference of 3.048894 hours
    hr max_width90.zhou max_width95.zhou max_width90.zhou.m max_width95.zhou.m
3 0.15        0.3117881        0.3402675          0.3117881          0.3402675
  max_width90.zhou.iso max_width95.zhou.iso
3            0.3117881            0.3402675
Time difference of 3.076578 hours
   hr max_width90.zhou max_width95.zhou max_width90.zhou.m max_width95.zhou.m
4 0.2        0.2602296        0.2850229          0.2602296          0.2850229
  max_width90.zhou.iso max_width95.zhou.iso
4            0.2602296            0.2850229
Time difference of 2.920052 hours
    hr max_width90.zhou max_width95.zhou max_width90.zhou.m max_width95.zhou.m
5 0.25        0.2246147        0.2462991          0.2246147          0.2462991
  max_width90.zhou.iso max_width95.zhou.iso
5            0.2246147            0.2462991
Time difference of 3.064729 hours
   hr max_width90.zhou max_width95.zhou max_width90.zhou.m max_width95.zhou.m
6 0.3        0.1975428        0.2165462          0.1975428          0.2165462
  max_width90.zhou.iso max_width95.zhou.iso
6            0.1975428            0.2165462
Time difference of 3.05888 hours
    hr max_width90.zhou max_width95.zhou max_width90.zhou.m max_width95.zhou.m
7 0.35        0.1753478        0.1925882          0.1753478          0.1925882
  max_width90.zhou.iso max_width95.zhou.iso
7            0.1753478            0.1925882
