
Due to MODULEPATH changes, the following have been reloaded:
  1) mii/1.1.2

The following have been reloaded with a version change:
  1) StdEnv/2023 => StdEnv/2020           5) libfabric/1.18.0 => libfabric/1.10.1
  2) gcccore/.12.3 => gcccore/.9.3.0      6) openmpi/4.1.5 => openmpi/4.0.3
  3) gentoo/2023 => gentoo/2020           7) ucx/1.14.1 => ucx/1.8.0
  4) imkl/2023.2.0 => imkl/2020.1.217

Batch index: 9
Model: a
Sample size: 1000
Dimension: 9
Candidate vector: 30:200
Bandwidth: 0.05 0.1 0.15 0.2 0.25 0.3 0.35
Simulation: 40
Loading required package: iterators
Loading required package: parallel

Attaching package: ‘expm’

The following object is masked from ‘package:Matrix’:

    expm

Time difference of 2.79116 hours
    hr max_width90.zhou max_width95.zhou max_width90.zhou.m max_width95.zhou.m
1 0.05        0.3157663        0.3399803          0.3157663          0.3399803
  max_width90.zhou.iso max_width95.zhou.iso
1            0.3157663            0.3399803
Time difference of 2.780063 hours
   hr max_width90.zhou max_width95.zhou max_width90.zhou.m max_width95.zhou.m
2 0.1        0.3654393        0.3966126          0.3654393          0.3966126
  max_width90.zhou.iso max_width95.zhou.iso
2            0.3654393            0.3966126
Time difference of 2.74156 hours
    hr max_width90.zhou max_width95.zhou max_width90.zhou.m max_width95.zhou.m
3 0.15        0.3071091        0.3361137          0.3071091          0.3361137
  max_width90.zhou.iso max_width95.zhou.iso
3            0.3071091            0.3361137
Time difference of 2.725765 hours
   hr max_width90.zhou max_width95.zhou max_width90.zhou.m max_width95.zhou.m
4 0.2        0.2591788        0.2826854          0.2591788          0.2826854
  max_width90.zhou.iso max_width95.zhou.iso
4            0.2591788            0.2826854
Time difference of 2.749576 hours
    hr max_width90.zhou max_width95.zhou max_width90.zhou.m max_width95.zhou.m
5 0.25        0.2237727        0.2449629          0.2237727          0.2449629
  max_width90.zhou.iso max_width95.zhou.iso
5            0.2237727            0.2449629
Time difference of 2.770511 hours
   hr max_width90.zhou max_width95.zhou max_width90.zhou.m max_width95.zhou.m
6 0.3        0.1973262        0.2168823          0.1973262          0.2168823
  max_width90.zhou.iso max_width95.zhou.iso
6            0.1973262            0.2168823
Time difference of 2.75607 hours
    hr max_width90.zhou max_width95.zhou max_width90.zhou.m max_width95.zhou.m
7 0.35        0.1753439        0.1927802          0.1753439          0.1927802
  max_width90.zhou.iso max_width95.zhou.iso
7            0.1753439            0.1927802
