
Due to MODULEPATH changes, the following have been reloaded:
  1) mii/1.1.2

The following have been reloaded with a version change:
  1) StdEnv/2023 => StdEnv/2020           5) libfabric/1.18.0 => libfabric/1.10.1
  2) gcccore/.12.3 => gcccore/.9.3.0      6) openmpi/4.1.5 => openmpi/4.0.3
  3) gentoo/2023 => gentoo/2020           7) ucx/1.14.1 => ucx/1.8.0
  4) imkl/2023.2.0 => imkl/2020.1.217

Batch index: 5
Model: a
Sample size: 1000
Dimension: 9
Candidate vector: 30:200
Bandwidth: 0.05 0.1 0.15 0.2 0.25 0.3 0.35
Simulation: 40
Loading required package: iterators
Loading required package: parallel

Attaching package: ‘expm’

The following object is masked from ‘package:Matrix’:

    expm

Time difference of 2.865497 hours
    hr max_width90.zhou max_width95.zhou max_width90.zhou.m max_width95.zhou.m
1 0.05        0.3141109        0.3379437          0.3141109          0.3379437
  max_width90.zhou.iso max_width95.zhou.iso
1            0.3141109            0.3379437
Time difference of 2.864367 hours
   hr max_width90.zhou max_width95.zhou max_width90.zhou.m max_width95.zhou.m
2 0.1        0.3697833        0.4032955          0.3697833          0.4032955
  max_width90.zhou.iso max_width95.zhou.iso
2            0.3697833            0.4032955
Time difference of 2.722665 hours
    hr max_width90.zhou max_width95.zhou max_width90.zhou.m max_width95.zhou.m
3 0.15        0.3092786        0.3379143          0.3092786          0.3379143
  max_width90.zhou.iso max_width95.zhou.iso
3            0.3092786            0.3379143
Time difference of 2.771449 hours
   hr max_width90.zhou max_width95.zhou max_width90.zhou.m max_width95.zhou.m
4 0.2         0.260791        0.2857943           0.260791          0.2857943
  max_width90.zhou.iso max_width95.zhou.iso
4             0.260791            0.2857943
Time difference of 2.794837 hours
    hr max_width90.zhou max_width95.zhou max_width90.zhou.m max_width95.zhou.m
5 0.25        0.2243416        0.2450717          0.2243416          0.2450717
  max_width90.zhou.iso max_width95.zhou.iso
5            0.2243416            0.2450717
Time difference of 2.806524 hours
   hr max_width90.zhou max_width95.zhou max_width90.zhou.m max_width95.zhou.m
6 0.3        0.1977978        0.2170663          0.1977978          0.2170663
  max_width90.zhou.iso max_width95.zhou.iso
6            0.1977978            0.2170663
Time difference of 2.809679 hours
    hr max_width90.zhou max_width95.zhou max_width90.zhou.m max_width95.zhou.m
7 0.35        0.1759333        0.1936625          0.1759333          0.1936625
  max_width90.zhou.iso max_width95.zhou.iso
7            0.1759333            0.1936625
