
Due to MODULEPATH changes, the following have been reloaded:
  1) mii/1.1.2

The following have been reloaded with a version change:
  1) StdEnv/2023 => StdEnv/2020           5) libfabric/1.18.0 => libfabric/1.10.1
  2) gcccore/.12.3 => gcccore/.9.3.0      6) openmpi/4.1.5 => openmpi/4.0.3
  3) gentoo/2023 => gentoo/2020           7) ucx/1.14.1 => ucx/1.8.0
  4) imkl/2023.2.0 => imkl/2020.1.217

Batch index: 10
Model: a
Sample size: 1000
Dimension: 9
Candidate vector: 30:200
Bandwidth: 0.05 0.1 0.15 0.2 0.25 0.3 0.35
Simulation: 40
Loading required package: iterators
Loading required package: parallel

Attaching package: ‘expm’

The following object is masked from ‘package:Matrix’:

    expm

Time difference of 2.826916 hours
    hr max_width90.zhou max_width95.zhou max_width90.zhou.m max_width95.zhou.m
1 0.05        0.3147385        0.3389337          0.3147385          0.3389337
  max_width90.zhou.iso max_width95.zhou.iso
1            0.3147385            0.3389337
Time difference of 2.850395 hours
   hr max_width90.zhou max_width95.zhou max_width90.zhou.m max_width95.zhou.m
2 0.1        0.3631155         0.395549          0.3631155           0.395549
  max_width90.zhou.iso max_width95.zhou.iso
2            0.3631155             0.395549
Time difference of 2.879465 hours
    hr max_width90.zhou max_width95.zhou max_width90.zhou.m max_width95.zhou.m
3 0.15        0.3044524        0.3320691          0.3044524          0.3320691
  max_width90.zhou.iso max_width95.zhou.iso
3            0.3044524            0.3320691
Time difference of 2.946867 hours
   hr max_width90.zhou max_width95.zhou max_width90.zhou.m max_width95.zhou.m
4 0.2        0.2598771        0.2840211          0.2598771          0.2840211
  max_width90.zhou.iso max_width95.zhou.iso
4            0.2598771            0.2840211
Time difference of 2.890025 hours
    hr max_width90.zhou max_width95.zhou max_width90.zhou.m max_width95.zhou.m
5 0.25        0.2255771        0.2471699          0.2255771          0.2471699
  max_width90.zhou.iso max_width95.zhou.iso
5            0.2255771            0.2471699
Time difference of 2.990324 hours
   hr max_width90.zhou max_width95.zhou max_width90.zhou.m max_width95.zhou.m
6 0.3        0.1977895        0.2168921          0.1977895          0.2168921
  max_width90.zhou.iso max_width95.zhou.iso
6            0.1977895            0.2168921
Time difference of 2.820166 hours
    hr max_width90.zhou max_width95.zhou max_width90.zhou.m max_width95.zhou.m
7 0.35        0.1751164        0.1930329          0.1751164          0.1930329
  max_width90.zhou.iso max_width95.zhou.iso
7            0.1751164            0.1930329
