
Due to MODULEPATH changes, the following have been reloaded:
  1) mii/1.1.2

The following have been reloaded with a version change:
  1) StdEnv/2023 => StdEnv/2020           5) libfabric/1.18.0 => libfabric/1.10.1
  2) gcccore/.12.3 => gcccore/.9.3.0      6) openmpi/4.1.5 => openmpi/4.0.3
  3) gentoo/2023 => gentoo/2020           7) ucx/1.14.1 => ucx/1.8.0
  4) imkl/2023.2.0 => imkl/2020.1.217

Batch index: 7
Model: a
Sample size: 1000
Dimension: 9
Candidate vector: 30:200
Bandwidth: 0.05 0.1 0.15 0.2 0.25 0.3 0.35
Simulation: 40
Loading required package: iterators
Loading required package: parallel

Attaching package: ‘expm’

The following object is masked from ‘package:Matrix’:

    expm

Time difference of 3.202715 hours
    hr max_width90.zhou max_width95.zhou max_width90.zhou.m max_width95.zhou.m
1 0.05        0.3141611        0.3379575          0.3141611          0.3379575
  max_width90.zhou.iso max_width95.zhou.iso
1            0.3141611            0.3379575
Time difference of 3.4336 hours
   hr max_width90.zhou max_width95.zhou max_width90.zhou.m max_width95.zhou.m
2 0.1        0.3740368        0.4099299          0.3740368          0.4099299
  max_width90.zhou.iso max_width95.zhou.iso
2            0.3740368            0.4099299
Time difference of 3.358223 hours
    hr max_width90.zhou max_width95.zhou max_width90.zhou.m max_width95.zhou.m
3 0.15        0.3150214        0.3454217          0.3150214          0.3454217
  max_width90.zhou.iso max_width95.zhou.iso
3            0.3150214            0.3454217
Time difference of 3.284007 hours
   hr max_width90.zhou max_width95.zhou max_width90.zhou.m max_width95.zhou.m
4 0.2        0.2639683        0.2903853          0.2639683          0.2903853
  max_width90.zhou.iso max_width95.zhou.iso
4            0.2639683            0.2903853
Time difference of 3.231185 hours
    hr max_width90.zhou max_width95.zhou max_width90.zhou.m max_width95.zhou.m
5 0.25        0.2260514        0.2478622          0.2260514          0.2478622
  max_width90.zhou.iso max_width95.zhou.iso
5            0.2260514            0.2478622
Time difference of 3.299452 hours
   hr max_width90.zhou max_width95.zhou max_width90.zhou.m max_width95.zhou.m
6 0.3        0.1982262        0.2178194          0.1982262          0.2178194
  max_width90.zhou.iso max_width95.zhou.iso
6            0.1982262            0.2178194
Time difference of 3.225285 hours
    hr max_width90.zhou max_width95.zhou max_width90.zhou.m max_width95.zhou.m
7 0.35        0.1756647        0.1937279          0.1756647          0.1937279
  max_width90.zhou.iso max_width95.zhou.iso
7            0.1756647            0.1937279
