
Due to MODULEPATH changes, the following have been reloaded:
  1) mii/1.1.2

The following have been reloaded with a version change:
  1) StdEnv/2023 => StdEnv/2020           5) libfabric/1.18.0 => libfabric/1.10.1
  2) gcccore/.12.3 => gcccore/.9.3.0      6) openmpi/4.1.5 => openmpi/4.0.3
  3) gentoo/2023 => gentoo/2020           7) ucx/1.14.1 => ucx/1.8.0
  4) imkl/2023.2.0 => imkl/2020.1.217

Batch index: 3
Model: a
Sample size: 1000
Dimension: 9
Candidate vector: 30:200
Bandwidth: 0.05 0.1 0.15 0.2 0.25 0.3 0.35
Simulation: 40
Loading required package: iterators
Loading required package: parallel

Attaching package: ‘expm’

The following object is masked from ‘package:Matrix’:

    expm

Time difference of 3.031315 hours
    hr max_width90.zhou max_width95.zhou max_width90.zhou.m max_width95.zhou.m
1 0.05        0.3163392        0.3409776          0.3163392          0.3409776
  max_width90.zhou.iso max_width95.zhou.iso
1            0.3163392            0.3409776
Time difference of 3.070438 hours
   hr max_width90.zhou max_width95.zhou max_width90.zhou.m max_width95.zhou.m
2 0.1        0.3703683        0.4035735          0.3703683          0.4035735
  max_width90.zhou.iso max_width95.zhou.iso
2            0.3703683            0.4035735
Time difference of 3.076125 hours
    hr max_width90.zhou max_width95.zhou max_width90.zhou.m max_width95.zhou.m
3 0.15        0.3031438        0.3320432          0.3031438          0.3320432
  max_width90.zhou.iso max_width95.zhou.iso
3            0.3031438            0.3320432
Time difference of 3.160281 hours
   hr max_width90.zhou max_width95.zhou max_width90.zhou.m max_width95.zhou.m
4 0.2        0.2551415        0.2790807          0.2551415          0.2790807
  max_width90.zhou.iso max_width95.zhou.iso
4            0.2551415            0.2790807
Time difference of 3.103038 hours
    hr max_width90.zhou max_width95.zhou max_width90.zhou.m max_width95.zhou.m
5 0.25        0.2213759        0.2421927          0.2213759          0.2421927
  max_width90.zhou.iso max_width95.zhou.iso
5            0.2213759            0.2421927
Time difference of 3.101485 hours
   hr max_width90.zhou max_width95.zhou max_width90.zhou.m max_width95.zhou.m
6 0.3        0.1947499        0.2139151          0.1947499          0.2139151
  max_width90.zhou.iso max_width95.zhou.iso
6            0.1947499            0.2139151
Time difference of 3.077517 hours
    hr max_width90.zhou max_width95.zhou max_width90.zhou.m max_width95.zhou.m
7 0.35        0.1727656        0.1906201          0.1727656          0.1906201
  max_width90.zhou.iso max_width95.zhou.iso
7            0.1727656            0.1906201
