
Due to MODULEPATH changes, the following have been reloaded:
  1) mii/1.1.2

The following have been reloaded with a version change:
  1) StdEnv/2023 => StdEnv/2020           5) libfabric/1.18.0 => libfabric/1.10.1
  2) gcccore/.12.3 => gcccore/.9.3.0      6) openmpi/4.1.5 => openmpi/4.0.3
  3) gentoo/2023 => gentoo/2020           7) ucx/1.14.1 => ucx/1.8.0
  4) imkl/2023.2.0 => imkl/2020.1.217

Loading required package: iterators
Loading required package: parallel
Loading required package: Matrix

Attaching package: ‘expm’

The following object is masked from ‘package:Matrix’:

    expm

Time difference of 20.62346 mins
    hr coverage90 coverage95   width90   width95
1 0.05          1          1 0.5500943 0.6287642
Time difference of 20.81289 mins
   hr coverage90 coverage95   width90  width95
2 0.1          1          1 0.3486885 0.393003
Time difference of 21.40127 mins
    hr coverage90 coverage95   width90   width95
3 0.15          1          1 0.3084436 0.3490167
Time difference of 21.06653 mins
   hr coverage90 coverage95   width90   width95
4 0.2      0.925      0.925 0.2767022 0.3122441
Time difference of 21.64128 mins
    hr coverage90 coverage95   width90   width95
5 0.25       0.85       0.95 0.2463226 0.2781703
Time difference of 21.67151 mins
   hr coverage90 coverage95   width90   width95
6 0.3        0.8      0.875 0.2196767 0.2486582
Time difference of 22.16244 mins
    hr coverage90 coverage95   width90   width95
7 0.35      0.825       0.85 0.2004461 0.2271315
