
Due to MODULEPATH changes, the following have been reloaded:
  1) mii/1.1.2

The following have been reloaded with a version change:
  1) StdEnv/2023 => StdEnv/2020           5) libfabric/1.18.0 => libfabric/1.10.1
  2) gcccore/.12.3 => gcccore/.9.3.0      6) openmpi/4.1.5 => openmpi/4.0.3
  3) gentoo/2023 => gentoo/2020           7) ucx/1.14.1 => ucx/1.8.0
  4) imkl/2023.2.0 => imkl/2020.1.217

Loading required package: iterators
Loading required package: parallel
Loading required package: Matrix

Attaching package: ‘expm’

The following object is masked from ‘package:Matrix’:

    expm

Time difference of 21.57974 mins
    hr coverage90 coverage95  width90  width95
1 0.05      0.975          1 0.545495 0.618479
Time difference of 21.27258 mins
   hr coverage90 coverage95  width90   width95
2 0.1      0.975      0.975 0.359251 0.4043354
Time difference of 21.27699 mins
    hr coverage90 coverage95   width90   width95
3 0.15        0.9          1 0.3223185 0.3631191
Time difference of 21.3912 mins
   hr coverage90 coverage95   width90   width95
4 0.2      0.925      0.975 0.2842023 0.3214912
Time difference of 21.40969 mins
    hr coverage90 coverage95   width90   width95
5 0.25       0.95       0.95 0.2571154 0.2914897
Time difference of 22.08397 mins
   hr coverage90 coverage95   width90   width95
6 0.3      0.875       0.95 0.2315661 0.2618785
Time difference of 22.59916 mins
    hr coverage90 coverage95   width90   width95
7 0.35        0.9      0.925 0.2109181 0.2388674
