
Due to MODULEPATH changes, the following have been reloaded:
  1) mii/1.1.2

The following have been reloaded with a version change:
  1) StdEnv/2023 => StdEnv/2020           5) libfabric/1.18.0 => libfabric/1.10.1
  2) gcccore/.12.3 => gcccore/.9.3.0      6) openmpi/4.1.5 => openmpi/4.0.3
  3) gentoo/2023 => gentoo/2020           7) ucx/1.14.1 => ucx/1.8.0
  4) imkl/2023.2.0 => imkl/2020.1.217

Loading required package: iterators
Loading required package: parallel
Loading required package: Matrix

Attaching package: ‘expm’

The following object is masked from ‘package:Matrix’:

    expm

Time difference of 21.65097 mins
    hr coverage90 coverage95   width90   width95
1 0.05          1          1 0.5368715 0.6120897
Time difference of 21.898 mins
   hr coverage90 coverage95   width90   width95
2 0.1      0.875       0.95 0.3471452 0.3918861
Time difference of 21.34769 mins
    hr coverage90 coverage95  width90   width95
3 0.15        0.9        0.9 0.312513 0.3536483
Time difference of 22.35453 mins
   hr coverage90 coverage95   width90   width95
4 0.2        0.9      0.925 0.2830323 0.3213397
Time difference of 22.57859 mins
    hr coverage90 coverage95   width90   width95
5 0.25      0.925      0.925 0.2474873 0.2801102
Time difference of 22.91497 mins
   hr coverage90 coverage95   width90   width95
6 0.3      0.925       0.95 0.2205837 0.2497201
Time difference of 22.5793 mins
    hr coverage90 coverage95  width90   width95
7 0.35      0.925       0.95 0.201637 0.2288412
