
Due to MODULEPATH changes, the following have been reloaded:
  1) mii/1.1.2

The following have been reloaded with a version change:
  1) StdEnv/2023 => StdEnv/2020           5) libfabric/1.18.0 => libfabric/1.10.1
  2) gcccore/.12.3 => gcccore/.9.3.0      6) openmpi/4.1.5 => openmpi/4.0.3
  3) gentoo/2023 => gentoo/2020           7) ucx/1.14.1 => ucx/1.8.0
  4) imkl/2023.2.0 => imkl/2020.1.217

Loading required package: iterators
Loading required package: parallel
Loading required package: Matrix

Attaching package: ‘expm’

The following object is masked from ‘package:Matrix’:

    expm

Time difference of 21.96719 mins
    hr coverage90 coverage95   width90   width95
1 0.05          1          1 0.5425935 0.6179104
Time difference of 21.02592 mins
   hr coverage90 coverage95   width90   width95
2 0.1          1          1 0.3753723 0.4259531
Time difference of 21.35956 mins
    hr coverage90 coverage95   width90   width95
3 0.15      0.975      0.975 0.3129482 0.3551313
Time difference of 22.02922 mins
   hr coverage90 coverage95   width90   width95
4 0.2      0.925       0.95 0.2787123 0.3163083
Time difference of 21.90469 mins
    hr coverage90 coverage95  width90   width95
5 0.25      0.875       0.95 0.252876 0.2881172
Time difference of 22.37624 mins
   hr coverage90 coverage95   width90   width95
6 0.3      0.875       0.95 0.2296416 0.2606253
Time difference of 22.41349 mins
    hr coverage90 coverage95   width90  width95
7 0.35      0.875      0.925 0.2111679 0.240392
