
Due to MODULEPATH changes, the following have been reloaded:
  1) mii/1.1.2

The following have been reloaded with a version change:
  1) StdEnv/2023 => StdEnv/2020           5) libfabric/1.18.0 => libfabric/1.10.1
  2) gcccore/.12.3 => gcccore/.9.3.0      6) openmpi/4.1.5 => openmpi/4.0.3
  3) gentoo/2023 => gentoo/2020           7) ucx/1.14.1 => ucx/1.8.0
  4) imkl/2023.2.0 => imkl/2020.1.217

Loading required package: iterators
Loading required package: parallel
Loading required package: Matrix

Attaching package: ‘expm’

The following object is masked from ‘package:Matrix’:

    expm

Time difference of 21.64867 mins
    hr coverage90 coverage95   width90   width95
1 0.05      0.975          1 0.4930046 0.5559764
Time difference of 21.04036 mins
   hr coverage90 coverage95   width90  width95
2 0.1       0.95          1 0.3663835 0.412915
Time difference of 21.70173 mins
    hr coverage90 coverage95   width90   width95
3 0.15        0.9       0.95 0.3212495 0.3642565
Time difference of 21.81996 mins
   hr coverage90 coverage95  width90   width95
4 0.2      0.825      0.975 0.283123 0.3208821
Time difference of 22.33442 mins
    hr coverage90 coverage95  width90  width95
5 0.25      0.875       0.95 0.252174 0.285764
Time difference of 22.40816 mins
   hr coverage90 coverage95  width90   width95
6 0.3      0.925       0.95 0.229336 0.2601249
Time difference of 22.589 mins
    hr coverage90 coverage95   width90   width95
7 0.35       0.95      0.975 0.2122912 0.2412591
