
Due to MODULEPATH changes, the following have been reloaded:
  1) mii/1.1.2

The following have been reloaded with a version change:
  1) StdEnv/2023 => StdEnv/2020           5) libfabric/1.18.0 => libfabric/1.10.1
  2) gcccore/.12.3 => gcccore/.9.3.0      6) openmpi/4.1.5 => openmpi/4.0.3
  3) gentoo/2023 => gentoo/2020           7) ucx/1.14.1 => ucx/1.8.0
  4) imkl/2023.2.0 => imkl/2020.1.217

Loading required package: iterators
Loading required package: parallel
Loading required package: Matrix

Attaching package: ‘expm’

The following object is masked from ‘package:Matrix’:

    expm

Time difference of 21.15619 mins
    hr coverage90 coverage95   width90   width95
1 0.05      0.975          1 0.5804426 0.6665115
Time difference of 21.13894 mins
   hr coverage90 coverage95   width90  width95
2 0.1      0.925      0.975 0.3544906 0.399551
Time difference of 22.0093 mins
    hr coverage90 coverage95   width90   width95
3 0.15      0.925      0.975 0.3138565 0.3527669
Time difference of 21.36124 mins
   hr coverage90 coverage95   width90   width95
4 0.2        0.9      0.975 0.2801286 0.3159075
Time difference of 21.6853 mins
    hr coverage90 coverage95   width90   width95
5 0.25      0.875       0.95 0.2505838 0.2838692
Time difference of 22.34217 mins
   hr coverage90 coverage95   width90   width95
6 0.3        0.9       0.95 0.2253877 0.2554157
Time difference of 22.59406 mins
    hr coverage90 coverage95  width90   width95
7 0.35       0.85      0.925 0.206204 0.2348219
