
Due to MODULEPATH changes, the following have been reloaded:
  1) mii/1.1.2

The following have been reloaded with a version change:
  1) StdEnv/2023 => StdEnv/2020           5) libfabric/1.18.0 => libfabric/1.10.1
  2) gcccore/.12.3 => gcccore/.9.3.0      6) openmpi/4.1.5 => openmpi/4.0.3
  3) gentoo/2023 => gentoo/2020           7) ucx/1.14.1 => ucx/1.8.0
  4) imkl/2023.2.0 => imkl/2020.1.217

Loading required package: iterators
Loading required package: parallel
Loading required package: Matrix

Attaching package: ‘expm’

The following object is masked from ‘package:Matrix’:

    expm

Time difference of 20.77364 mins
    hr coverage90 coverage95   width90   width95
1 0.05          1          1 0.5479609 0.6250047
Time difference of 21.21467 mins
   hr coverage90 coverage95   width90   width95
2 0.1          1          1 0.3731014 0.4231813
Time difference of 21.34628 mins
    hr coverage90 coverage95   width90   width95
3 0.15      0.875      0.975 0.3410903 0.3886922
Time difference of 21.6648 mins
   hr coverage90 coverage95   width90   width95
4 0.2      0.875      0.975 0.2965748 0.3371909
Time difference of 21.64156 mins
    hr coverage90 coverage95   width90   width95
5 0.25      0.875       0.95 0.2623591 0.2981343
Time difference of 22.00363 mins
   hr coverage90 coverage95  width90   width95
6 0.3       0.85      0.925 0.234363 0.2663373
Time difference of 22.15197 mins
    hr coverage90 coverage95  width90   width95
7 0.35      0.825      0.925 0.213568 0.2420288
