
Due to MODULEPATH changes, the following have been reloaded:
  1) mii/1.1.2

The following have been reloaded with a version change:
  1) StdEnv/2023 => StdEnv/2020           5) libfabric/1.18.0 => libfabric/1.10.1
  2) gcccore/.12.3 => gcccore/.9.3.0      6) openmpi/4.1.5 => openmpi/4.0.3
  3) gentoo/2023 => gentoo/2020           7) ucx/1.14.1 => ucx/1.8.0
  4) imkl/2023.2.0 => imkl/2020.1.217

Loading required package: iterators
Loading required package: parallel
Loading required package: Matrix

Attaching package: ‘expm’

The following object is masked from ‘package:Matrix’:

    expm

Time difference of 52.91504 mins
    hr         hd coverage90 coverage95  width90   width95
1 0.05 0.04830254        0.9      0.975 0.258608 0.2894846
Time difference of 54.99529 mins
   hr         hd coverage90 coverage95   width90   width95
2 0.1 0.09660509       0.95       0.95 0.2968755 0.3350465
Time difference of 53.52561 mins
    hr        hd coverage90 coverage95   width90   width95
3 0.15 0.1449076       0.95      0.975 0.2690954 0.3048322
Time difference of 53.81346 mins
   hr        hd coverage90 coverage95   width90   width95
4 0.2 0.1709976       0.95      0.975 0.2483159 0.2820327
Time difference of 53.98753 mins
    hr        hd coverage90 coverage95   width90   width95
5 0.25 0.1587401      0.925      0.975 0.2417442 0.2730026
Time difference of 54.04622 mins
   hr        hd coverage90 coverage95   width90   width95
6 0.3 0.2008299      0.875       0.95 0.2123171 0.2404775
Time difference of 54.39073 mins
    hr        hd coverage90 coverage95  width90   width95
7 0.35 0.2466555        0.9       0.95 0.188866 0.2148195
