
Due to MODULEPATH changes, the following have been reloaded:
  1) mii/1.1.2

The following have been reloaded with a version change:
  1) StdEnv/2023 => StdEnv/2020           5) libfabric/1.18.0 => libfabric/1.10.1
  2) gcccore/.12.3 => gcccore/.9.3.0      6) openmpi/4.1.5 => openmpi/4.0.3
  3) gentoo/2023 => gentoo/2020           7) ucx/1.14.1 => ucx/1.8.0
  4) imkl/2023.2.0 => imkl/2020.1.217

Loading required package: iterators
Loading required package: parallel
Loading required package: Matrix

Attaching package: ‘expm’

The following object is masked from ‘package:Matrix’:

    expm

Time difference of 52.62647 mins
    hr         hd coverage90 coverage95   width90   width95
1 0.05 0.04830254      0.925       0.95 0.2667026 0.2988196
Time difference of 54.07499 mins
   hr         hd coverage90 coverage95   width90   width95
2 0.1 0.09660509          1          1 0.2934604 0.3317846
Time difference of 54.59812 mins
    hr        hd coverage90 coverage95   width90   width95
3 0.15 0.1449076          1          1 0.2681601 0.3043337
Time difference of 55.5506 mins
   hr        hd coverage90 coverage95   width90   width95
4 0.2 0.1709976       0.95          1 0.2519306 0.2859006
Time difference of 55.57944 mins
    hr        hd coverage90 coverage95  width90   width95
5 0.25 0.1587401       0.95       0.95 0.250723 0.2836167
Time difference of 55.56359 mins
   hr        hd coverage90 coverage95   width90   width95
6 0.3 0.2008299      0.925       0.95 0.2228687 0.2536887
Time difference of 56.06159 mins
    hr        hd coverage90 coverage95   width90   width95
7 0.35 0.2466555      0.925       0.95 0.1967064 0.2249732
