
Due to MODULEPATH changes, the following have been reloaded:
  1) mii/1.1.2

The following have been reloaded with a version change:
  1) StdEnv/2023 => StdEnv/2020           5) libfabric/1.18.0 => libfabric/1.10.1
  2) gcccore/.12.3 => gcccore/.9.3.0      6) openmpi/4.1.5 => openmpi/4.0.3
  3) gentoo/2023 => gentoo/2020           7) ucx/1.14.1 => ucx/1.8.0
  4) imkl/2023.2.0 => imkl/2020.1.217

Batch index: 5
Model: a
Sample size: 1000
Dimension: 18
Candidate vector: 35:200
Bandwidth: 0.05 0.1 0.15 0.2 0.25 0.3 0.35
GCV: FALSE
Simulation: 40
Loading required package: iterators
Loading required package: parallel

Attaching package: ‘expm’

The following object is masked from ‘package:Matrix’:

    expm

Time difference of 3.170499 hours
    hr         hd is.cover90.hr is.cover95.hr is.cover90.hd is.cover95.hd
1 0.05 0.04830254         0.125           0.2         0.225           0.4
   SCB90.hr  SCB95.hr  SCB90.hd  SCB95.hd
1 0.2129635 0.2341808 0.1991681 0.2181714
Time difference of 3.669074 hours
   hr         hd is.cover90.hr is.cover95.hr is.cover90.hd is.cover95.hd
2 0.1 0.09660509         0.925         0.975          0.95             1
   SCB90.hr  SCB95.hr  SCB90.hd  SCB95.hd
2 0.2894742 0.3167835 0.2729614 0.3006001
Time difference of 3.982133 hours
    hr        hd is.cover90.hr is.cover95.hr is.cover90.hd is.cover95.hd
3 0.15 0.1449076         0.975             1           0.9         0.975
   SCB90.hr  SCB95.hr  SCB90.hd  SCB95.hd
3 0.2665029 0.2928799 0.2497196 0.2761869
Time difference of 4.02938 hours
   hr        hd is.cover90.hr is.cover95.hr is.cover90.hd is.cover95.hd
4 0.2 0.1709976          0.95         0.975          0.85         0.975
   SCB90.hr  SCB95.hr  SCB90.hd  SCB95.hd
4 0.2358882 0.2594877 0.2245592 0.2482574
Time difference of 3.808528 hours
    hr        hd is.cover90.hr is.cover95.hr is.cover90.hd is.cover95.hd
5 0.25 0.1587401         0.875         0.975           0.8         0.975
  SCB90.hr  SCB95.hr  SCB90.hd SCB95.hd
5 0.216904 0.2380302 0.2122082 0.233747
Time difference of 3.822322 hours
   hr        hd is.cover90.hr is.cover95.hr is.cover90.hd is.cover95.hd
6 0.3 0.2008299          0.85         0.975          0.85         0.925
   SCB90.hr  SCB95.hr  SCB90.hd  SCB95.hd
6 0.1895164 0.2082118 0.1872942 0.2060814
Time difference of 3.792557 hours
    hr        hd is.cover90.hr is.cover95.hr is.cover90.hd is.cover95.hd
7 0.35 0.2466555         0.875         0.925         0.875          0.95
   SCB90.hr  SCB95.hr  SCB90.hd  SCB95.hd
7 0.1671438 0.1837677 0.1675788 0.1842546
