
Due to MODULEPATH changes, the following have been reloaded:
  1) mii/1.1.2

The following have been reloaded with a version change:
  1) StdEnv/2023 => StdEnv/2020           5) libfabric/1.18.0 => libfabric/1.10.1
  2) gcccore/.12.3 => gcccore/.9.3.0      6) openmpi/4.1.5 => openmpi/4.0.3
  3) gentoo/2023 => gentoo/2020           7) ucx/1.14.1 => ucx/1.8.0
  4) imkl/2023.2.0 => imkl/2020.1.217

Batch index: 2
Model: a
Sample size: 1000
Dimension: 18
Candidate vector: 35:200
Bandwidth: 0.05 0.1 0.15 0.2 0.25 0.3 0.35
GCV: FALSE
Simulation: 40
Loading required package: iterators
Loading required package: parallel

Attaching package: ‘expm’

The following object is masked from ‘package:Matrix’:

    expm

Time difference of 3.091337 hours
    hr         hd is.cover90.hr is.cover95.hr is.cover90.hd is.cover95.hd
1 0.05 0.04830254         0.275          0.55           0.3         0.575
   SCB90.hr  SCB95.hr SCB90.hd SCB95.hd
1 0.2192508 0.2425218 0.200822 0.221285
Time difference of 3.382099 hours
   hr         hd is.cover90.hr is.cover95.hr is.cover90.hd is.cover95.hd
2 0.1 0.09660509         0.925          0.95          0.95             1
   SCB90.hr  SCB95.hr  SCB90.hd  SCB95.hd
2 0.2978104 0.3275945 0.2826086 0.3121459
Time difference of 3.644615 hours
    hr        hd is.cover90.hr is.cover95.hr is.cover90.hd is.cover95.hd
3 0.15 0.1449076          0.95             1             1             1
   SCB90.hr  SCB95.hr  SCB90.hd  SCB95.hd
3 0.2723407 0.2986949 0.2578375 0.2846474
Time difference of 3.64054 hours
   hr        hd is.cover90.hr is.cover95.hr is.cover90.hd is.cover95.hd
4 0.2 0.1709976          0.95          0.95             1             1
   SCB90.hr  SCB95.hr  SCB90.hd  SCB95.hd
4 0.2406654 0.2637543 0.2296659 0.2526447
Time difference of 3.59997 hours
    hr        hd is.cover90.hr is.cover95.hr is.cover90.hd is.cover95.hd
5 0.25 0.1587401          0.95          0.95         0.975             1
   SCB90.hr  SCB95.hr SCB90.hd  SCB95.hd
5 0.2179217 0.2387966 0.213697 0.2342833
Time difference of 3.687401 hours
   hr        hd is.cover90.hr is.cover95.hr is.cover90.hd is.cover95.hd
6 0.3 0.2008299         0.925             1         0.975             1
   SCB90.hr  SCB95.hr  SCB90.hd  SCB95.hd
6 0.1892936 0.2081777 0.1870734 0.2055911
Time difference of 3.725047 hours
    hr        hd is.cover90.hr is.cover95.hr is.cover90.hd is.cover95.hd
7 0.35 0.2466555          0.95             1          0.95             1
   SCB90.hr  SCB95.hr  SCB90.hd  SCB95.hd
7 0.1672287 0.1837049 0.1676761 0.1841773
