
Due to MODULEPATH changes, the following have been reloaded:
  1) mii/1.1.2

The following have been reloaded with a version change:
  1) StdEnv/2023 => StdEnv/2020           5) libfabric/1.18.0 => libfabric/1.10.1
  2) gcccore/.12.3 => gcccore/.9.3.0      6) openmpi/4.1.5 => openmpi/4.0.3
  3) gentoo/2023 => gentoo/2020           7) ucx/1.14.1 => ucx/1.8.0
  4) imkl/2023.2.0 => imkl/2020.1.217

Batch index: 3
Model: a
Sample size: 1000
Dimension: 18
Candidate vector: 35:200
Bandwidth: 0.05 0.1 0.15 0.2 0.25 0.3 0.35
GCV: FALSE
Simulation: 40
Loading required package: iterators
Loading required package: parallel

Attaching package: ‘expm’

The following object is masked from ‘package:Matrix’:

    expm

Time difference of 3.236156 hours
    hr         hd is.cover90.hr is.cover95.hr is.cover90.hd is.cover95.hd
1 0.05 0.04830254          0.25          0.35         0.275         0.525
   SCB90.hr  SCB95.hr SCB90.hd  SCB95.hd
1 0.2157835 0.2382357 0.194819 0.2135226
Time difference of 3.574521 hours
   hr         hd is.cover90.hr is.cover95.hr is.cover90.hd is.cover95.hd
2 0.1 0.09660509           0.9          0.95         0.875         0.975
   SCB90.hr SCB95.hr  SCB90.hd  SCB95.hd
2 0.2905962 0.318263 0.2706705 0.2969967
Time difference of 3.780381 hours
    hr        hd is.cover90.hr is.cover95.hr is.cover90.hd is.cover95.hd
3 0.15 0.1449076         0.875         0.975          0.85         0.975
   SCB90.hr  SCB95.hr  SCB90.hd  SCB95.hd
3 0.2652693 0.2903161 0.2480293 0.2729342
Time difference of 4.008228 hours
   hr        hd is.cover90.hr is.cover95.hr is.cover90.hd is.cover95.hd
4 0.2 0.1709976         0.875         0.975           0.8           0.9
   SCB90.hr  SCB95.hr  SCB90.hd SCB95.hd
4 0.2348228 0.2566414 0.2230142 0.245667
Time difference of 3.880982 hours
    hr        hd is.cover90.hr is.cover95.hr is.cover90.hd is.cover95.hd
5 0.25 0.1587401          0.75         0.875         0.725         0.875
   SCB90.hr SCB95.hr  SCB90.hd  SCB95.hd
5 0.2143098 0.234755 0.2096361 0.2302128
Time difference of 3.898218 hours
   hr        hd is.cover90.hr is.cover95.hr is.cover90.hd is.cover95.hd
6 0.3 0.2008299          0.75           0.9          0.75         0.875
   SCB90.hr  SCB95.hr  SCB90.hd  SCB95.hd
6 0.1872166 0.2053401 0.1847032 0.2027903
Time difference of 3.928186 hours
    hr        hd is.cover90.hr is.cover95.hr is.cover90.hd is.cover95.hd
7 0.35 0.2466555         0.775         0.875           0.8         0.875
   SCB90.hr  SCB95.hr  SCB90.hd  SCB95.hd
7 0.1650787 0.1819209 0.1656155 0.1823421
