
Due to MODULEPATH changes, the following have been reloaded:
  1) mii/1.1.2

The following have been reloaded with a version change:
  1) StdEnv/2023 => StdEnv/2020           5) libfabric/1.18.0 => libfabric/1.10.1
  2) gcccore/.12.3 => gcccore/.9.3.0      6) openmpi/4.1.5 => openmpi/4.0.3
  3) gentoo/2023 => gentoo/2020           7) ucx/1.14.1 => ucx/1.8.0
  4) imkl/2023.2.0 => imkl/2020.1.217

Batch index: 6
Model: a
Sample size: 1000
Dimension: 18
Candidate vector: 35:200
Bandwidth: 0.05 0.1 0.15 0.2 0.25 0.3 0.35
GCV: FALSE
Simulation: 40
Loading required package: iterators
Loading required package: parallel

Attaching package: ‘expm’

The following object is masked from ‘package:Matrix’:

    expm

Time difference of 3.146377 hours
    hr         hd is.cover90.hr is.cover95.hr is.cover90.hd is.cover95.hd
1 0.05 0.04830254         0.225          0.35         0.225         0.375
   SCB90.hr  SCB95.hr  SCB90.hd SCB95.hd
1 0.2180282 0.2417086 0.1974786  0.21732
Time difference of 3.360506 hours
   hr         hd is.cover90.hr is.cover95.hr is.cover90.hd is.cover95.hd
2 0.1 0.09660509           0.9             1         0.925             1
   SCB90.hr  SCB95.hr  SCB90.hd  SCB95.hd
2 0.2949989 0.3230383 0.2791312 0.3070837
Time difference of 3.608628 hours
    hr        hd is.cover90.hr is.cover95.hr is.cover90.hd is.cover95.hd
3 0.15 0.1449076         0.875             1           0.9          0.95
   SCB90.hr  SCB95.hr  SCB90.hd  SCB95.hd
3 0.2717511 0.2986025 0.2564453 0.2835303
Time difference of 3.661653 hours
   hr        hd is.cover90.hr is.cover95.hr is.cover90.hd is.cover95.hd
4 0.2 0.1709976         0.875         0.975          0.85         0.975
   SCB90.hr  SCB95.hr  SCB90.hd  SCB95.hd
4 0.2388478 0.2619098 0.2285253 0.2512666
Time difference of 3.580284 hours
    hr        hd is.cover90.hr is.cover95.hr is.cover90.hd is.cover95.hd
5 0.25 0.1587401          0.85             1          0.85          0.95
   SCB90.hr  SCB95.hr  SCB90.hd  SCB95.hd
5 0.2174519 0.2381373 0.2134414 0.2338682
Time difference of 3.637953 hours
   hr        hd is.cover90.hr is.cover95.hr is.cover90.hd is.cover95.hd
6 0.3 0.2008299         0.825         0.975         0.825         0.975
  SCB90.hr SCB95.hr  SCB90.hd  SCB95.hd
6 0.189713 0.207945 0.1874085 0.2058486
Time difference of 3.669659 hours
    hr        hd is.cover90.hr is.cover95.hr is.cover90.hd is.cover95.hd
7 0.35 0.2466555         0.825           0.9           0.8           0.9
   SCB90.hr  SCB95.hr  SCB90.hd  SCB95.hd
7 0.1672131 0.1833813 0.1676343 0.1838554
