
Due to MODULEPATH changes, the following have been reloaded:
  1) mii/1.1.2

The following have been reloaded with a version change:
  1) StdEnv/2023 => StdEnv/2020           5) libfabric/1.18.0 => libfabric/1.10.1
  2) gcccore/.12.3 => gcccore/.9.3.0      6) openmpi/4.1.5 => openmpi/4.0.3
  3) gentoo/2023 => gentoo/2020           7) ucx/1.14.1 => ucx/1.8.0
  4) imkl/2023.2.0 => imkl/2020.1.217

Batch index: 7
Model: a
Sample size: 1000
Dimension: 18
Candidate vector: 35:200
Bandwidth: 0.05 0.1 0.15 0.2 0.25 0.3 0.35
GCV: FALSE
Simulation: 40
Loading required package: iterators
Loading required package: parallel

Attaching package: ‘expm’

The following object is masked from ‘package:Matrix’:

    expm

Time difference of 3.121209 hours
    hr         hd is.cover90.hr is.cover95.hr is.cover90.hd is.cover95.hd
1 0.05 0.04830254          0.15         0.275         0.225         0.475
   SCB90.hr  SCB95.hr  SCB90.hd  SCB95.hd
1 0.2215715 0.2444477 0.2054088 0.2266965
Time difference of 3.386784 hours
   hr         hd is.cover90.hr is.cover95.hr is.cover90.hd is.cover95.hd
2 0.1 0.09660509         0.925             1         0.925             1
   SCB90.hr  SCB95.hr  SCB90.hd  SCB95.hd
2 0.2921135 0.3200253 0.2758892 0.3040317
Time difference of 3.59607 hours
    hr        hd is.cover90.hr is.cover95.hr is.cover90.hd is.cover95.hd
3 0.15 0.1449076         0.975             1          0.95         0.975
   SCB90.hr  SCB95.hr  SCB90.hd  SCB95.hd
3 0.2660638 0.2925131 0.2494832 0.2751072
Time difference of 3.689677 hours
   hr        hd is.cover90.hr is.cover95.hr is.cover90.hd is.cover95.hd
4 0.2 0.1709976         0.975             1           0.9         0.975
   SCB90.hr  SCB95.hr  SCB90.hd  SCB95.hd
4 0.2377809 0.2618153 0.2256851 0.2494919
Time difference of 3.610087 hours
    hr        hd is.cover90.hr is.cover95.hr is.cover90.hd is.cover95.hd
5 0.25 0.1587401         0.925             1         0.825         0.975
   SCB90.hr  SCB95.hr  SCB90.hd  SCB95.hd
5 0.2157682 0.2366558 0.2112272 0.2318978
Time difference of 3.636162 hours
   hr        hd is.cover90.hr is.cover95.hr is.cover90.hd is.cover95.hd
6 0.3 0.2008299          0.85          0.95          0.85          0.95
   SCB90.hr  SCB95.hr  SCB90.hd  SCB95.hd
6 0.1878373 0.2065286 0.1857968 0.2042782
Time difference of 3.677116 hours
    hr        hd is.cover90.hr is.cover95.hr is.cover90.hd is.cover95.hd
7 0.35 0.2466555          0.85          0.95          0.85          0.95
   SCB90.hr  SCB95.hr  SCB90.hd SCB95.hd
7 0.1663039 0.1828497 0.1666948 0.183226
