
Due to MODULEPATH changes, the following have been reloaded:
  1) mii/1.1.2

The following have been reloaded with a version change:
  1) StdEnv/2023 => StdEnv/2020           5) libfabric/1.18.0 => libfabric/1.10.1
  2) gcccore/.12.3 => gcccore/.9.3.0      6) openmpi/4.1.5 => openmpi/4.0.3
  3) gentoo/2023 => gentoo/2020           7) ucx/1.14.1 => ucx/1.8.0
  4) imkl/2023.2.0 => imkl/2020.1.217

Batch index: 9
Model: a
Sample size: 1000
Dimension: 18
Candidate vector: 35:200
Bandwidth: 0.05 0.1 0.15 0.2 0.25 0.3 0.35
GCV: FALSE
Simulation: 40
Loading required package: iterators
Loading required package: parallel

Attaching package: ‘expm’

The following object is masked from ‘package:Matrix’:

    expm

Time difference of 3.98922 hours
    hr         hd is.cover90.hr is.cover95.hr is.cover90.hd is.cover95.hd
1 0.05 0.04830254         0.225         0.525           0.3           0.5
   SCB90.hr  SCB95.hr  SCB90.hd  SCB95.hd
1 0.2228715 0.2465707 0.2001023 0.2199041
Time difference of 4.361913 hours
   hr         hd is.cover90.hr is.cover95.hr is.cover90.hd is.cover95.hd
2 0.1 0.09660509          0.95             1          0.85             1
   SCB90.hr  SCB95.hr  SCB90.hd  SCB95.hd
2 0.2972897 0.3267243 0.2790483 0.3074378
Time difference of 4.389386 hours
    hr        hd is.cover90.hr is.cover95.hr is.cover90.hd is.cover95.hd
3 0.15 0.1449076         0.975         0.975           0.9             1
   SCB90.hr  SCB95.hr SCB90.hd  SCB95.hd
3 0.2742466 0.3013436 0.254804 0.2814662
Time difference of 4.637168 hours
   hr        hd is.cover90.hr is.cover95.hr is.cover90.hd is.cover95.hd
4 0.2 0.1709976          0.95             1          0.95             1
   SCB90.hr  SCB95.hr  SCB90.hd  SCB95.hd
4 0.2429367 0.2671382 0.2315875 0.2559925
Time difference of 4.620922 hours
    hr        hd is.cover90.hr is.cover95.hr is.cover90.hd is.cover95.hd
5 0.25 0.1587401         0.975             1          0.95             1
  SCB90.hr  SCB95.hr  SCB90.hd  SCB95.hd
5  0.22201 0.2441164 0.2179603 0.2406506
Time difference of 4.374746 hours
   hr        hd is.cover90.hr is.cover95.hr is.cover90.hd is.cover95.hd
6 0.3 0.2008299          0.95             1          0.95         0.975
   SCB90.hr  SCB95.hr  SCB90.hd  SCB95.hd
6 0.1944183 0.2144296 0.1924726 0.2126214
Time difference of 4.376454 hours
    hr        hd is.cover90.hr is.cover95.hr is.cover90.hd is.cover95.hd
7 0.35 0.2466555         0.925         0.975         0.925         0.975
   SCB90.hr  SCB95.hr  SCB90.hd  SCB95.hd
7 0.1721521 0.1905702 0.1725653 0.1909539
