
Due to MODULEPATH changes, the following have been reloaded:
  1) mii/1.1.2

The following have been reloaded with a version change:
  1) StdEnv/2023 => StdEnv/2020           5) libfabric/1.18.0 => libfabric/1.10.1
  2) gcccore/.12.3 => gcccore/.9.3.0      6) openmpi/4.1.5 => openmpi/4.0.3
  3) gentoo/2023 => gentoo/2020           7) ucx/1.14.1 => ucx/1.8.0
  4) imkl/2023.2.0 => imkl/2020.1.217

Batch index: 10
Model: a
Sample size: 1000
Dimension: 18
Candidate vector: 35:200
Bandwidth: 0.05 0.1 0.15 0.2 0.25 0.3 0.35
GCV: FALSE
Simulation: 40
Loading required package: iterators
Loading required package: parallel

Attaching package: ‘expm’

The following object is masked from ‘package:Matrix’:

    expm

Time difference of 3.985879 hours
    hr         hd is.cover90.hr is.cover95.hr is.cover90.hd is.cover95.hd
1 0.05 0.04830254         0.175          0.35         0.125           0.3
   SCB90.hr  SCB95.hr  SCB90.hd  SCB95.hd
1 0.2125897 0.2333597 0.1930872 0.2101421
Time difference of 4.357804 hours
   hr         hd is.cover90.hr is.cover95.hr is.cover90.hd is.cover95.hd
2 0.1 0.09660509         0.825         0.925           0.8         0.875
  SCB90.hr  SCB95.hr  SCB90.hd  SCB95.hd
2 0.297436 0.3261127 0.2854039 0.3140276
Time difference of 4.40103 hours
    hr        hd is.cover90.hr is.cover95.hr is.cover90.hd is.cover95.hd
3 0.15 0.1449076           0.9          0.95         0.875           0.9
   SCB90.hr  SCB95.hr  SCB90.hd  SCB95.hd
3 0.2758581 0.3039205 0.2582311 0.2857077
Time difference of 4.618062 hours
   hr        hd is.cover90.hr is.cover95.hr is.cover90.hd is.cover95.hd
4 0.2 0.1709976         0.875          0.95           0.8           0.9
   SCB90.hr  SCB95.hr  SCB90.hd  SCB95.hd
4 0.2423971 0.2672968 0.2279251 0.2513856
Time difference of 4.638367 hours
    hr        hd is.cover90.hr is.cover95.hr is.cover90.hd is.cover95.hd
5 0.25 0.1587401          0.85         0.925           0.8           0.9
  SCB90.hr  SCB95.hr SCB90.hd  SCB95.hd
5 0.220899 0.2420075 0.215675 0.2364024
Time difference of 4.386629 hours
   hr        hd is.cover90.hr is.cover95.hr is.cover90.hd is.cover95.hd
6 0.3 0.2008299           0.8          0.85           0.8         0.825
  SCB90.hr  SCB95.hr  SCB90.hd  SCB95.hd
6 0.193172 0.2118145 0.1904313 0.2090993
Time difference of 4.333197 hours
    hr        hd is.cover90.hr is.cover95.hr is.cover90.hd is.cover95.hd
7 0.35 0.2466555           0.8           0.9           0.8           0.9
  SCB90.hr  SCB95.hr  SCB90.hd  SCB95.hd
7 0.170041 0.1867293 0.1704481 0.1872836
