
Due to MODULEPATH changes, the following have been reloaded:
  1) mii/1.1.2

The following have been reloaded with a version change:
  1) StdEnv/2023 => StdEnv/2020           5) libfabric/1.18.0 => libfabric/1.10.1
  2) gcccore/.12.3 => gcccore/.9.3.0      6) openmpi/4.1.5 => openmpi/4.0.3
  3) gentoo/2023 => gentoo/2020           7) ucx/1.14.1 => ucx/1.8.0
  4) imkl/2023.2.0 => imkl/2020.1.217

Loading required package: iterators
Loading required package: parallel

Attaching package: ‘expm’

The following object is masked from ‘package:Matrix’:

    expm

Time difference of 21.2087 mins
   is.cover90 is.cover95     SCB90     SCB95  hr.lower    hr.opt  hr.upper
1           1          1 0.4595232 0.5061411 0.1201406 0.1812625 0.2576649
2           1          1 0.4578537 0.5315290 0.1201406 0.2576649 0.2576649
3           1          1 0.4710993 0.5317954 0.1201406 0.2576649 0.2576649
4           1          1 0.4335065 0.4908812 0.1201406 0.2576649 0.2576649
5           1          1 0.3999830 0.4490353 0.1201406 0.2576649 0.2576649
6           1          1 0.4274644 0.4754036 0.1201406 0.2576649 0.2576649
7           1          1 0.4239050 0.4755894 0.1201406 0.2576649 0.2576649
8           1          1 0.4202999 0.4663862 0.1201406 0.2576649 0.2576649
9           1          1 0.4274247 0.4793673 0.1201406 0.2576649 0.2576649
10          1          1 0.3772547 0.4167175 0.1201406 0.2576649 0.2576649
11          1          1 0.3665186 0.4038632 0.1201406 0.2576649 0.2576649
12          1          1 0.4642608 0.5185528 0.1201406 0.2576649 0.2576649
13          1          1 0.4092130 0.4504440 0.1201406 0.2576649 0.2576649
14          1          1 0.5166176 0.5901941 0.1201406 0.2576649 0.2576649
15          1          1 0.4932199 0.5658365 0.1201406 0.2576649 0.2576649
16          1          1 0.5253209 0.5943743 0.1201406 0.2576649 0.2576649
17          1          1 0.3581470 0.4011002 0.1201406 0.2271039 0.2576649
18          1          1 0.3957943 0.4293906 0.1201406 0.2576649 0.2576649
19          1          1 0.5423576 0.6087716 0.1201406 0.2576649 0.2576649
20          1          1 0.4704257 0.5279725 0.1201406 0.2576649 0.2576649
21          1          1 0.4352903 0.4904113 0.1201406 0.1812625 0.2576649
22          1          1 0.3953873 0.4455857 0.1201406 0.2576649 0.2576649
23          1          1 0.4029535 0.4452311 0.1201406 0.2576649 0.2576649
24          1          1 0.3758237 0.4305925 0.1201406 0.2576649 0.2576649
25          1          1 0.3618712 0.3989262 0.1201406 0.2118234 0.2576649
26          1          1 0.3631186 0.4066277 0.1201406 0.2576649 0.2576649
27          0          1 0.3544813 0.4054932 0.1201406 0.2576649 0.2576649
28          1          1 0.4868536 0.5386112 0.1201406 0.2576649 0.2576649
29          1          1 0.3970159 0.4444503 0.1201406 0.2576649 0.2576649
30          1          1 0.5399917 0.6200919 0.1201406 0.2576649 0.2576649
31          0          0 0.4563773 0.5115613 0.1201406 0.2576649 0.2576649
32          1          1 0.3670318 0.4215997 0.1201406 0.2576649 0.2576649
33          1          1 0.3811000 0.4400803 0.1201406 0.2576649 0.2576649
34          1          1 0.4272182 0.4838423 0.1201406 0.2576649 0.2576649
35          1          1 0.4385359 0.5022245 0.1201406 0.2576649 0.2576649
36          1          1 0.3867859 0.4441087 0.1201406 0.2576649 0.2576649
37          0          0 0.3650195 0.4099078 0.1201406 0.2576649 0.2576649
38          1          1 0.4411619 0.4972053 0.1201406 0.2576649 0.2576649
39          1          1 0.3925862 0.4482859 0.1201406 0.2576649 0.2576649
40          1          1 0.4608530 0.5283795 0.1201406 0.2576649 0.2576649
