
Due to MODULEPATH changes, the following have been reloaded:
  1) mii/1.1.2

The following have been reloaded with a version change:
  1) StdEnv/2023 => StdEnv/2020           5) libfabric/1.18.0 => libfabric/1.10.1
  2) gcccore/.12.3 => gcccore/.9.3.0      6) openmpi/4.1.5 => openmpi/4.0.3
  3) gentoo/2023 => gentoo/2020           7) ucx/1.14.1 => ucx/1.8.0
  4) imkl/2023.2.0 => imkl/2020.1.217

Loading required package: iterators
Loading required package: parallel

Attaching package: ‘expm’

The following object is masked from ‘package:Matrix’:

    expm

Time difference of 22.77277 mins
   is.cover90 is.cover95     SCB90     SCB95  hr.lower    hr.opt  hr.upper
1           1          1 0.4142150 0.4585126 0.1201406 0.2118234 0.2576649
2           1          1 0.5481984 0.6230310 0.1201406 0.2576649 0.2576649
3           1          1 0.3788574 0.4322556 0.1201406 0.2576649 0.2576649
4           1          1 0.4507924 0.4999944 0.1201406 0.2576649 0.2576649
5           1          1 0.4924155 0.5613678 0.1201406 0.2576649 0.2576649
6           0          0 0.3159972 0.3552508 0.1201406 0.2576649 0.2576649
7           1          1 0.4142870 0.4720752 0.1201406 0.2576649 0.2576649
8           1          1 0.3828144 0.4290379 0.1201406 0.2576649 0.2576649
9           1          1 0.3523905 0.3916025 0.1201406 0.2118234 0.2576649
10          1          1 0.3975777 0.4536051 0.1201406 0.2576649 0.2576649
11          1          1 0.5297564 0.6152566 0.1201406 0.2576649 0.2576649
12          1          1 0.3692215 0.4185686 0.1201406 0.2576649 0.2576649
13          1          1 0.4757720 0.5408235 0.1201406 0.2576649 0.2576649
14          1          1 0.3777297 0.4336369 0.1201406 0.2576649 0.2576649
15          1          1 0.3834030 0.4157833 0.1201406 0.2576649 0.2576649
16          1          1 0.6083428 0.6930460 0.1201406 0.2271039 0.2576649
17          1          1 0.4450380 0.5021161 0.1201406 0.2423844 0.2576649
18          0          1 0.3749314 0.4142783 0.1201406 0.2576649 0.2576649
19          1          1 0.4695135 0.5314053 0.1201406 0.2576649 0.2576649
20          1          1 0.4427095 0.4884338 0.1201406 0.1812625 0.2576649
21          1          1 0.4336595 0.4910932 0.1201406 0.2576649 0.2576649
22          1          1 0.3323793 0.3715793 0.1201406 0.2576649 0.2576649
23          1          1 0.5104976 0.5686628 0.1201406 0.2423844 0.2576649
24          1          1 0.3668922 0.4118943 0.1201406 0.2576649 0.2576649
25          1          1 0.4009954 0.4694545 0.1201406 0.2576649 0.2576649
26          1          1 0.4228193 0.4735144 0.1201406 0.2576649 0.2576649
27          1          1 0.3806896 0.4185176 0.1201406 0.2576649 0.2576649
28          1          1 0.4071238 0.4642819 0.1201406 0.2576649 0.2576649
29          1          1 0.4526604 0.4983500 0.1201406 0.2576649 0.2576649
30          1          1 0.3293477 0.3619621 0.1201406 0.2576649 0.2576649
31          1          1 0.3524030 0.3937194 0.1201406 0.2576649 0.2576649
32          1          1 0.4278364 0.4892060 0.1201406 0.2576649 0.2576649
33          1          1 0.5350640 0.5981192 0.1201406 0.2271039 0.2576649
34          1          1 0.3377335 0.3683313 0.1201406 0.2576649 0.2576649
35          1          1 0.4824567 0.5485666 0.1201406 0.2576649 0.2576649
36          1          1 0.4699683 0.5275710 0.1201406 0.2576649 0.2576649
37          1          1 0.5084279 0.6018484 0.1201406 0.2576649 0.2576649
38          1          1 0.4394416 0.4869631 0.1201406 0.2576649 0.2576649
39          1          1 0.4543934 0.5146433 0.1201406 0.2576649 0.2576649
40          1          1 0.3806438 0.4402359 0.1201406 0.2576649 0.2576649
