
Due to MODULEPATH changes, the following have been reloaded:
  1) mii/1.1.2

The following have been reloaded with a version change:
  1) StdEnv/2023 => StdEnv/2020           5) libfabric/1.18.0 => libfabric/1.10.1
  2) gcccore/.12.3 => gcccore/.9.3.0      6) openmpi/4.1.5 => openmpi/4.0.3
  3) gentoo/2023 => gentoo/2020           7) ucx/1.14.1 => ucx/1.8.0
  4) imkl/2023.2.0 => imkl/2020.1.217

Loading required package: iterators
Loading required package: parallel

Attaching package: ‘expm’

The following object is masked from ‘package:Matrix’:

    expm

Time difference of 21.13732 mins
   is.cover90 is.cover95     SCB90     SCB95  hr.lower    hr.opt  hr.upper
1           1          1 0.5065200 0.5657675 0.1201406 0.2576649 0.2576649
2           1          1 0.4186489 0.4585862 0.1201406 0.2576649 0.2576649
3           1          1 0.3344308 0.3734359 0.1201406 0.2576649 0.2576649
4           1          1 0.4219478 0.4709347 0.1201406 0.2576649 0.2576649
5           1          1 0.4427763 0.4846412 0.1201406 0.2576649 0.2576649
6           1          1 0.3875461 0.4265509 0.1201406 0.2576649 0.2576649
7           1          1 0.4421750 0.5046080 0.1201406 0.2576649 0.2576649
8           1          1 0.5615653 0.6243130 0.1201406 0.2576649 0.2576649
9           1          1 0.5899145 0.6742381 0.1201406 0.2576649 0.2576649
10          1          1 0.4509011 0.4999499 0.1201406 0.2576649 0.2576649
11          1          1 0.3846501 0.4310853 0.1201406 0.2576649 0.2576649
12          1          1 0.3440190 0.3965632 0.1201406 0.2576649 0.2576649
13          1          1 0.4704271 0.5269010 0.1201406 0.2576649 0.2576649
14          0          0 0.3740399 0.4157159 0.1201406 0.2576649 0.2576649
15          1          1 0.4887297 0.5430115 0.1201406 0.2576649 0.2576649
16          0          0 0.4278984 0.4732199 0.1201406 0.2271039 0.2576649
17          1          1 0.3524017 0.3994234 0.1201406 0.2576649 0.2576649
18          1          1 0.3881992 0.4315777 0.1201406 0.2118234 0.2576649
19          1          1 0.4865074 0.5356278 0.1201406 0.2423844 0.2576649
20          1          1 0.3593680 0.4051768 0.1201406 0.2576649 0.2576649
21          1          1 0.4842229 0.5416933 0.1201406 0.2271039 0.2576649
22          1          1 0.4299711 0.4794129 0.1201406 0.2576649 0.2576649
23          1          1 0.3965223 0.4523144 0.1201406 0.2576649 0.2576649
24          1          1 0.4266831 0.4803889 0.1201406 0.2576649 0.2576649
25          1          1 0.4101124 0.4568651 0.1201406 0.2576649 0.2576649
26          1          1 0.3243413 0.3572215 0.1201406 0.2576649 0.2576649
27          1          1 0.3705350 0.4233597 0.1201406 0.2576649 0.2576649
28          0          1 0.3778179 0.4193602 0.1201406 0.2576649 0.2576649
29          1          1 0.4264620 0.4934641 0.1201406 0.2576649 0.2576649
30          1          1 0.4137712 0.4827490 0.1201406 0.2576649 0.2576649
31          1          1 0.4724865 0.5342138 0.1201406 0.2576649 0.2576649
32          1          1 0.4346064 0.4899437 0.1201406 0.2576649 0.2576649
33          1          1 0.3992440 0.4435506 0.1201406 0.2576649 0.2576649
34          1          1 0.3998957 0.4609357 0.1201406 0.2576649 0.2576649
35          1          1 0.5553449 0.6512058 0.1201406 0.2423844 0.2576649
36          0          1 0.3974467 0.4501142 0.1201406 0.2576649 0.2576649
37          1          1 0.4450024 0.5337792 0.1201406 0.2576649 0.2576649
38          1          1 0.4327040 0.4916827 0.1201406 0.2576649 0.2576649
39          1          1 0.5213147 0.5957190 0.1201406 0.2576649 0.2576649
40          1          1 0.4472223 0.4903048 0.1201406 0.2576649 0.2576649
