
Due to MODULEPATH changes, the following have been reloaded:
  1) mii/1.1.2

The following have been reloaded with a version change:
  1) StdEnv/2023 => StdEnv/2020           5) libfabric/1.18.0 => libfabric/1.10.1
  2) gcccore/.12.3 => gcccore/.9.3.0      6) openmpi/4.1.5 => openmpi/4.0.3
  3) gentoo/2023 => gentoo/2020           7) ucx/1.14.1 => ucx/1.8.0
  4) imkl/2023.2.0 => imkl/2020.1.217

Loading required package: iterators
Loading required package: parallel

Attaching package: ‘expm’

The following object is masked from ‘package:Matrix’:

    expm

Time difference of 24.46954 mins
   is.cover90 is.cover95     SCB90     SCB95  hr.lower    hr.opt  hr.upper
1           1          1 0.5078569 0.5568727 0.1201406 0.1659820 0.2576649
2           1          1 0.3756885 0.4231674 0.1201406 0.2576649 0.2576649
3           1          1 0.4936267 0.5487165 0.1201406 0.2576649 0.2576649
4           1          1 0.5414606 0.6025139 0.1201406 0.1965430 0.2576649
5           1          1 0.3918187 0.4312092 0.1201406 0.2576649 0.2576649
6           1          1 0.3537131 0.4049964 0.1201406 0.2576649 0.2576649
7           1          1 0.3866991 0.4268193 0.1201406 0.2576649 0.2576649
8           1          1 0.4936837 0.5523089 0.1201406 0.2576649 0.2576649
9           1          1 0.4099241 0.4626076 0.1201406 0.2576649 0.2576649
10          1          1 0.3384381 0.3824118 0.1201406 0.2576649 0.2576649
11          1          1 0.4749494 0.5238047 0.1201406 0.2576649 0.2576649
12          1          1 0.3971549 0.4448891 0.1201406 0.2576649 0.2576649
13          1          1 0.4272875 0.4740290 0.1201406 0.2576649 0.2576649
14          1          1 0.3644448 0.4101221 0.1201406 0.2576649 0.2576649
15          1          1 0.4831739 0.5564501 0.1201406 0.2576649 0.2576649
16          1          1 0.3978211 0.4589516 0.1201406 0.2576649 0.2576649
17          1          1 0.4542914 0.5055619 0.1201406 0.2576649 0.2576649
18          0          1 0.3000047 0.3375349 0.1201406 0.2576649 0.2576649
19          1          1 0.4794491 0.5537361 0.1201406 0.2576649 0.2576649
20          1          1 0.3508418 0.3890720 0.1201406 0.2271039 0.2576649
21          1          1 0.5053896 0.5947049 0.1201406 0.2576649 0.2576649
22          1          1 0.6986395 0.8114096 0.1201406 0.2576649 0.2576649
23          1          1 0.5004008 0.5557358 0.1201406 0.2576649 0.2576649
24          1          1 0.4202043 0.4647189 0.1201406 0.2576649 0.2576649
25          1          1 0.3974051 0.4417784 0.1201406 0.2576649 0.2576649
26          1          1 0.3657018 0.4051667 0.1201406 0.2576649 0.2576649
27          1          1 0.3357239 0.3794208 0.1201406 0.2576649 0.2576649
28          1          1 0.4176661 0.4627524 0.1201406 0.2576649 0.2576649
29          1          1 0.5553952 0.6391329 0.1201406 0.2576649 0.2576649
30          1          1 0.5498311 0.6122454 0.1201406 0.2576649 0.2576649
31          1          1 0.3271931 0.3691697 0.1201406 0.2576649 0.2576649
32          1          1 0.5018505 0.5618312 0.1201406 0.2576649 0.2576649
33          1          1 0.4183148 0.4736521 0.1201406 0.2576649 0.2576649
34          1          1 0.3433371 0.3862532 0.1201406 0.2576649 0.2576649
35          1          1 0.4461958 0.5183697 0.1201406 0.2576649 0.2576649
36          1          1 0.2715724 0.3090218 0.1201406 0.2576649 0.2576649
37          1          1 0.3748976 0.4279440 0.1201406 0.2576649 0.2576649
38          1          1 0.4166461 0.4889420 0.1201406 0.2576649 0.2576649
39          0          1 0.3257344 0.3585416 0.1201406 0.2576649 0.2576649
40          1          1 0.3801262 0.4264032 0.1201406 0.2576649 0.2576649
