
Due to MODULEPATH changes, the following have been reloaded:
  1) mii/1.1.2

The following have been reloaded with a version change:
  1) StdEnv/2023 => StdEnv/2020           5) libfabric/1.18.0 => libfabric/1.10.1
  2) gcccore/.12.3 => gcccore/.9.3.0      6) openmpi/4.1.5 => openmpi/4.0.3
  3) gentoo/2023 => gentoo/2020           7) ucx/1.14.1 => ucx/1.8.0
  4) imkl/2023.2.0 => imkl/2020.1.217

Loading required package: iterators
Loading required package: parallel

Attaching package: ‘expm’

The following object is masked from ‘package:Matrix’:

    expm

Time difference of 21.17093 mins
   is.cover90 is.cover95     SCB90     SCB95  hr.lower    hr.opt  hr.upper
1           1          1 0.4506971 0.4940642 0.1201406 0.2576649 0.2576649
2           0          1 0.3205321 0.3629637 0.1201406 0.2576649 0.2576649
3           1          1 0.4687903 0.5215167 0.1201406 0.2576649 0.2576649
4           1          1 0.5684420 0.6523645 0.1201406 0.2576649 0.2576649
5           0          0 0.3572647 0.4013069 0.1201406 0.2576649 0.2576649
6           1          1 0.3596427 0.4029791 0.1201406 0.2576649 0.2576649
7           1          1 0.5344409 0.5968815 0.1201406 0.2576649 0.2576649
8           1          1 0.3678843 0.4178318 0.1201406 0.2576649 0.2576649
9           1          1 0.4749119 0.5294903 0.1201406 0.1812625 0.2576649
10          1          1 0.4958898 0.5579175 0.1201406 0.2576649 0.2576649
11          1          1 0.3796162 0.4247144 0.1201406 0.2576649 0.2576649
12          1          1 0.4347243 0.4880569 0.1201406 0.2118234 0.2576649
13          1          1 0.3859564 0.4397317 0.1201406 0.2576649 0.2576649
14          1          1 0.4135701 0.4748765 0.1201406 0.2118234 0.2576649
15          1          1 0.4518239 0.5279431 0.1201406 0.2576649 0.2576649
16          1          1 0.3599649 0.4049115 0.1201406 0.2576649 0.2576649
17          1          1 0.4715640 0.5178728 0.1201406 0.2576649 0.2576649
18          1          1 0.3809121 0.4269266 0.1201406 0.2576649 0.2576649
19          1          1 0.3882632 0.4376160 0.1201406 0.2576649 0.2576649
20          1          1 0.4848616 0.5377591 0.1201406 0.2576649 0.2576649
21          1          1 0.3418674 0.3803838 0.1201406 0.2576649 0.2576649
22          1          1 0.4593050 0.5109798 0.1201406 0.2576649 0.2576649
23          1          1 0.3333671 0.3723903 0.1201406 0.2576649 0.2576649
24          1          1 0.5671770 0.6236285 0.1201406 0.2576649 0.2576649
25          1          1 0.4486053 0.5073114 0.1201406 0.2576649 0.2576649
26          1          1 0.4023699 0.4401723 0.1201406 0.2576649 0.2576649
27          1          1 0.4710658 0.5345798 0.1201406 0.2576649 0.2576649
28          0          1 0.4200987 0.4714686 0.1201406 0.2576649 0.2576649
29          1          1 0.5067796 0.5857914 0.1201406 0.2576649 0.2576649
30          1          1 0.4102216 0.4555988 0.1201406 0.2576649 0.2576649
31          1          1 0.3564260 0.3904646 0.1201406 0.2576649 0.2576649
32          1          1 0.4753551 0.5262923 0.1201406 0.2576649 0.2576649
33          0          0 0.3960735 0.4372280 0.1201406 0.2576649 0.2576649
34          1          1 0.5544457 0.6384508 0.1201406 0.2576649 0.2576649
35          0          0 0.3885930 0.4364855 0.1201406 0.2576649 0.2576649
36          1          1 0.3327785 0.3854717 0.1201406 0.2576649 0.2576649
37          1          1 0.4112301 0.4521268 0.1201406 0.2576649 0.2576649
38          1          1 0.4422193 0.4953818 0.1201406 0.2576649 0.2576649
39          1          1 0.5171771 0.5786478 0.1201406 0.2576649 0.2576649
40          1          1 0.4217400 0.4791749 0.1201406 0.2576649 0.2576649
