
Due to MODULEPATH changes, the following have been reloaded:
  1) mii/1.1.2

The following have been reloaded with a version change:
  1) StdEnv/2023 => StdEnv/2020           5) libfabric/1.18.0 => libfabric/1.10.1
  2) gcccore/.12.3 => gcccore/.9.3.0      6) openmpi/4.1.5 => openmpi/4.0.3
  3) gentoo/2023 => gentoo/2020           7) ucx/1.14.1 => ucx/1.8.0
  4) imkl/2023.2.0 => imkl/2020.1.217

Loading required package: iterators
Loading required package: parallel

Attaching package: ‘expm’

The following object is masked from ‘package:Matrix’:

    expm

Time difference of 21.24069 mins
   is.cover90 is.cover95     SCB90     SCB95  hr.lower    hr.opt  hr.upper
1           1          1 0.4351251 0.4887015 0.1201406 0.2576649 0.2576649
2           1          1 0.3726172 0.4167532 0.1201406 0.2576649 0.2576649
3           1          1 0.3746007 0.4248455 0.1201406 0.2576649 0.2576649
4           1          1 0.4461833 0.4996420 0.1201406 0.2576649 0.2576649
5           1          1 0.4312000 0.4895306 0.1201406 0.2576649 0.2576649
6           1          1 0.4296785 0.4776557 0.1201406 0.2576649 0.2576649
7           1          1 0.4675614 0.5238206 0.1201406 0.2576649 0.2576649
8           1          1 0.5586689 0.6403272 0.1201406 0.2271039 0.2576649
9           1          1 0.3469303 0.3916101 0.1201406 0.2576649 0.2576649
10          1          1 0.4682189 0.5312720 0.1201406 0.2576649 0.2576649
11          1          1 0.4119279 0.4591167 0.1201406 0.2576649 0.2576649
12          1          1 0.5057957 0.5666370 0.1201406 0.2576649 0.2576649
13          1          1 0.3683494 0.4069550 0.1201406 0.2576649 0.2576649
14          1          1 0.3836274 0.4341214 0.1201406 0.2576649 0.2576649
15          1          1 0.4004073 0.4358661 0.1201406 0.2576649 0.2576649
16          0          1 0.4501038 0.5023732 0.1201406 0.2576649 0.2576649
17          1          1 0.3785726 0.4247204 0.1201406 0.2576649 0.2576649
18          1          1 0.3593128 0.3932161 0.1201406 0.2576649 0.2576649
19          0          1 0.4864196 0.5442215 0.1201406 0.2576649 0.2576649
20          1          1 0.3465563 0.3804110 0.1201406 0.2576649 0.2576649
21          1          1 0.4248239 0.4898107 0.1201406 0.2576649 0.2576649
22          1          1 0.4573761 0.5179945 0.1201406 0.2576649 0.2576649
23          1          1 0.4190292 0.4850449 0.1201406 0.2576649 0.2576649
24          1          1 0.6114334 0.6728649 0.1201406 0.1812625 0.2576649
25          1          1 0.4761088 0.5237549 0.1201406 0.1659820 0.2576649
26          1          1 0.5018053 0.5871526 0.1201406 0.2576649 0.2576649
27          0          1 0.4079590 0.4559309 0.1201406 0.2576649 0.2576649
28          0          1 0.3456104 0.3934498 0.1201406 0.2576649 0.2576649
29          1          1 0.4754326 0.5323775 0.1201406 0.2576649 0.2576649
30          0          0 0.4122570 0.4594447 0.1201406 0.2576649 0.2576649
31          1          1 0.4845285 0.5427080 0.1201406 0.2576649 0.2576649
32          1          1 0.4912059 0.5639393 0.1201406 0.2576649 0.2576649
33          1          1 0.5228476 0.5900999 0.1201406 0.2576649 0.2576649
34          1          1 0.3706778 0.4218711 0.1201406 0.2576649 0.2576649
35          1          1 0.4088801 0.4665714 0.1201406 0.2576649 0.2576649
36          1          1 0.6394971 0.7305774 0.1201406 0.1812625 0.2576649
37          1          1 0.3708614 0.4222139 0.1201406 0.2576649 0.2576649
38          1          1 0.4505354 0.5019680 0.1201406 0.2423844 0.2576649
39          1          1 0.3520102 0.3948076 0.1201406 0.2576649 0.2576649
40          1          1 0.3841572 0.4379367 0.1201406 0.2576649 0.2576649
