
Due to MODULEPATH changes, the following have been reloaded:
  1) mii/1.1.2

The following have been reloaded with a version change:
  1) StdEnv/2023 => StdEnv/2020           5) libfabric/1.18.0 => libfabric/1.10.1
  2) gcccore/.12.3 => gcccore/.9.3.0      6) openmpi/4.1.5 => openmpi/4.0.3
  3) gentoo/2023 => gentoo/2020           7) ucx/1.14.1 => ucx/1.8.0
  4) imkl/2023.2.0 => imkl/2020.1.217

Loading required package: iterators
Loading required package: parallel

Attaching package: ‘expm’

The following object is masked from ‘package:Matrix’:

    expm

Time difference of 20.96914 mins
   is.cover90 is.cover95     SCB90     SCB95  hr.lower    hr.opt  hr.upper
1           1          1 0.4402443 0.4908919 0.1201406 0.1812625 0.2576649
2           1          1 0.4555425 0.5092955 0.1201406 0.2576649 0.2576649
3           1          1 0.4227950 0.4907638 0.1201406 0.2576649 0.2576649
4           1          1 0.4406859 0.4888723 0.1201406 0.2576649 0.2576649
5           0          1 0.4410494 0.4923718 0.1201406 0.2576649 0.2576649
6           1          1 0.4775629 0.5412591 0.1201406 0.2423844 0.2576649
7           1          1 0.4283130 0.4815581 0.1201406 0.2576649 0.2576649
8           1          1 0.4270879 0.4890172 0.1201406 0.2576649 0.2576649
9           1          1 0.5069969 0.5767608 0.1201406 0.2576649 0.2576649
10          1          1 0.4154100 0.4668379 0.1201406 0.2576649 0.2576649
11          1          1 0.4003274 0.4430594 0.1201406 0.2576649 0.2576649
12          1          1 0.3646839 0.4139005 0.1201406 0.2576649 0.2576649
13          1          1 0.3648660 0.4150454 0.1201406 0.2576649 0.2576649
14          1          1 0.4984271 0.5728930 0.1201406 0.2576649 0.2576649
15          1          1 0.3643148 0.4073281 0.1201406 0.2576649 0.2576649
16          1          1 0.3938525 0.4625403 0.1201406 0.2576649 0.2576649
17          1          1 0.3504544 0.3921774 0.1201406 0.2576649 0.2576649
18          1          1 0.4464584 0.4989467 0.1201406 0.2576649 0.2576649
19          1          1 0.3312166 0.3740187 0.1201406 0.2576649 0.2576649
20          1          1 0.5034952 0.5761734 0.1201406 0.2576649 0.2576649
21          1          1 0.3490553 0.3869554 0.1201406 0.2576649 0.2576649
22          1          1 0.3697884 0.4055339 0.1201406 0.2576649 0.2576649
23          1          1 0.4390827 0.4866786 0.1201406 0.2576649 0.2576649
24          1          1 0.5102975 0.6028858 0.1201406 0.2576649 0.2576649
25          1          1 0.4912025 0.5526919 0.1201406 0.2118234 0.2576649
26          1          1 0.3710122 0.4199125 0.1201406 0.2576649 0.2576649
27          1          1 0.4873893 0.5617041 0.1201406 0.2118234 0.2576649
28          1          1 0.4215498 0.4749576 0.1201406 0.2576649 0.2576649
29          1          1 0.4028049 0.4562132 0.1201406 0.2576649 0.2576649
30          1          1 0.5571354 0.6356903 0.1201406 0.2576649 0.2576649
31          1          1 0.5428572 0.6155126 0.1201406 0.2576649 0.2576649
32          1          1 0.4144960 0.4584721 0.1201406 0.2576649 0.2576649
33          1          1 0.4452171 0.5031915 0.1201406 0.2118234 0.2576649
34          1          1 0.3573378 0.4079700 0.1201406 0.2576649 0.2576649
35          1          1 0.4759717 0.5359801 0.1201406 0.2576649 0.2576649
36          1          1 0.3592417 0.4073251 0.1201406 0.2576649 0.2576649
37          0          0 0.2932697 0.3222357 0.1201406 0.2576649 0.2576649
38          1          1 0.3444881 0.3889683 0.1201406 0.2576649 0.2576649
39          1          1 0.4425156 0.4961488 0.1201406 0.2576649 0.2576649
40          1          1 0.3684251 0.4173588 0.1201406 0.2576649 0.2576649
