
Due to MODULEPATH changes, the following have been reloaded:
  1) mii/1.1.2

The following have been reloaded with a version change:
  1) StdEnv/2023 => StdEnv/2020           5) libfabric/1.18.0 => libfabric/1.10.1
  2) gcccore/.12.3 => gcccore/.9.3.0      6) openmpi/4.1.5 => openmpi/4.0.3
  3) gentoo/2023 => gentoo/2020           7) ucx/1.14.1 => ucx/1.8.0
  4) imkl/2023.2.0 => imkl/2020.1.217

Loading required package: iterators
Loading required package: parallel

Attaching package: ‘expm’

The following object is masked from ‘package:Matrix’:

    expm

Time difference of 21.28853 mins
   is.cover90 is.cover95     SCB90     SCB95  hr.lower    hr.opt  hr.upper
1           1          1 0.4275236 0.4746968 0.1201406 0.2576649 0.2576649
2           1          1 0.4117529 0.4583362 0.1201406 0.2576649 0.2576649
3           1          1 0.4075083 0.4593574 0.1201406 0.2576649 0.2576649
4           1          1 0.3675041 0.4076265 0.1201406 0.2576649 0.2576649
5           1          1 0.5373046 0.6115160 0.1201406 0.2271039 0.2576649
6           1          1 0.4017234 0.4434269 0.1201406 0.2576649 0.2576649
7           1          1 0.5347422 0.6060782 0.1201406 0.2576649 0.2576649
8           1          1 0.5204182 0.5908211 0.1201406 0.2576649 0.2576649
9           1          1 0.5442472 0.6041795 0.1201406 0.2576649 0.2576649
10          1          1 0.4816635 0.5672329 0.1201406 0.2576649 0.2576649
11          0          1 0.3425966 0.3866316 0.1201406 0.2576649 0.2576649
12          1          1 0.4438795 0.5049840 0.1201406 0.2576649 0.2576649
13          1          1 0.4699691 0.5176016 0.1201406 0.2576649 0.2576649
14          0          1 0.4347541 0.5039203 0.1201406 0.2576649 0.2576649
15          1          1 0.4725047 0.5201190 0.1201406 0.2118234 0.2576649
16          1          1 0.3611283 0.4030149 0.1201406 0.2576649 0.2576649
17          1          1 0.4137081 0.4552182 0.1201406 0.1965430 0.2576649
18          1          1 0.4781031 0.5365268 0.1201406 0.2576649 0.2576649
19          1          1 0.3904971 0.4302248 0.1201406 0.2576649 0.2576649
20          1          1 0.4814897 0.5335300 0.1201406 0.2576649 0.2576649
21          0          0 0.3781720 0.4239642 0.1201406 0.2576649 0.2576649
22          1          1 0.4267987 0.4722113 0.1201406 0.2576649 0.2576649
23          1          1 0.4284276 0.4942473 0.1201406 0.2576649 0.2576649
24          1          1 0.3954216 0.4429835 0.1201406 0.2576649 0.2576649
25          1          1 0.4670391 0.5231720 0.1201406 0.2576649 0.2576649
26          1          1 0.4527704 0.5148117 0.1201406 0.2576649 0.2576649
27          1          1 0.4254053 0.4992437 0.1201406 0.2576649 0.2576649
28          1          1 0.4799822 0.5637823 0.1201406 0.2576649 0.2576649
29          1          1 0.3501023 0.3918508 0.1201406 0.2576649 0.2576649
30          1          1 0.4003099 0.4447076 0.1201406 0.2576649 0.2576649
31          1          1 0.4211546 0.4725646 0.1201406 0.2576649 0.2576649
32          1          1 0.4115373 0.4573139 0.1201406 0.2576649 0.2576649
33          1          1 0.5495287 0.6085056 0.1201406 0.2576649 0.2576649
34          1          1 0.4315984 0.4898388 0.1201406 0.2576649 0.2576649
35          1          1 0.4657765 0.5273102 0.1201406 0.1965430 0.2576649
36          1          1 0.3980155 0.4396768 0.1201406 0.2576649 0.2576649
37          1          1 0.3755487 0.4174337 0.1201406 0.2576649 0.2576649
38          1          1 0.4394528 0.4866793 0.1201406 0.2576649 0.2576649
39          1          1 0.4901397 0.5498090 0.1201406 0.1965430 0.2576649
40          1          1 0.5398844 0.6045781 0.1201406 0.2576649 0.2576649
