
Due to MODULEPATH changes, the following have been reloaded:
  1) mii/1.1.2

The following have been reloaded with a version change:
  1) StdEnv/2023 => StdEnv/2020           5) libfabric/1.18.0 => libfabric/1.10.1
  2) gcccore/.12.3 => gcccore/.9.3.0      6) openmpi/4.1.5 => openmpi/4.0.3
  3) gentoo/2023 => gentoo/2020           7) ucx/1.14.1 => ucx/1.8.0
  4) imkl/2023.2.0 => imkl/2020.1.217

Loading required package: iterators
Loading required package: parallel

Attaching package: ‘expm’

The following object is masked from ‘package:Matrix’:

    expm

Time difference of 21.11247 mins
   is.cover90 is.cover95     SCB90     SCB95  hr.lower    hr.opt  hr.upper
1           1          1 0.4950221 0.5570367 0.1201406 0.2423844 0.2576649
2           1          1 0.3695253 0.4170083 0.1201406 0.2576649 0.2576649
3           1          1 0.4293948 0.4813505 0.1201406 0.2576649 0.2576649
4           1          1 0.4246975 0.4734272 0.1201406 0.2576649 0.2576649
5           1          1 0.4023543 0.4508120 0.1201406 0.2576649 0.2576649
6           0          1 0.4347774 0.4893336 0.1201406 0.2576649 0.2576649
7           1          1 0.3980942 0.4388448 0.1201406 0.2576649 0.2576649
8           1          1 0.5046335 0.5595108 0.1201406 0.2576649 0.2576649
9           1          1 0.4652489 0.5237033 0.1201406 0.2576649 0.2576649
10          1          1 0.5379688 0.6109987 0.1201406 0.2576649 0.2576649
11          1          1 0.4384960 0.4870740 0.1201406 0.2576649 0.2576649
12          1          1 0.3573083 0.4034642 0.1201406 0.2576649 0.2576649
13          1          1 0.5218689 0.5858055 0.1201406 0.2576649 0.2576649
14          1          1 0.4360208 0.4868527 0.1201406 0.2576649 0.2576649
15          1          1 0.4102532 0.4621603 0.1201406 0.2576649 0.2576649
16          1          1 0.3772549 0.4263102 0.1201406 0.2576649 0.2576649
17          1          1 0.3907872 0.4439357 0.1201406 0.2576649 0.2576649
18          1          1 0.5139672 0.5900699 0.1201406 0.2576649 0.2576649
19          1          1 0.4372030 0.4854221 0.1201406 0.2576649 0.2576649
20          1          1 0.5251635 0.5952259 0.1201406 0.2576649 0.2576649
21          1          1 0.3523517 0.3877553 0.1201406 0.2576649 0.2576649
22          1          1 0.3781274 0.4248029 0.1201406 0.2576649 0.2576649
23          0          0 0.4105003 0.4512055 0.1201406 0.1812625 0.2576649
24          1          1 0.4333165 0.4864866 0.1201406 0.2576649 0.2576649
25          1          1 0.3749788 0.4305632 0.1201406 0.2576649 0.2576649
26          1          1 0.3579755 0.4005810 0.1201406 0.2576649 0.2576649
27          1          1 0.4811318 0.5488689 0.1201406 0.2576649 0.2576649
28          1          1 0.5007247 0.5860050 0.1201406 0.2576649 0.2576649
29          1          1 0.4480588 0.4978420 0.1201406 0.2576649 0.2576649
30          1          1 0.4245121 0.4704431 0.1201406 0.2576649 0.2576649
31          1          1 0.4156930 0.4778142 0.1201406 0.2576649 0.2576649
32          1          1 0.4461971 0.5021469 0.1201406 0.2576649 0.2576649
33          1          1 0.3962732 0.4390190 0.1201406 0.2576649 0.2576649
34          0          1 0.3536545 0.3957748 0.1201406 0.2576649 0.2576649
35          1          1 0.4911495 0.5671874 0.1201406 0.2576649 0.2576649
36          1          1 0.5365139 0.5996999 0.1201406 0.2576649 0.2576649
37          1          1 0.4507004 0.5060572 0.1201406 0.2576649 0.2576649
38          1          1 0.4311931 0.4926347 0.1201406 0.2576649 0.2576649
39          0          0 0.3544809 0.4095361 0.1201406 0.2576649 0.2576649
40          1          1 0.3992572 0.4404808 0.1201406 0.2576649 0.2576649
