
Due to MODULEPATH changes, the following have been reloaded:
  1) mii/1.1.2

The following have been reloaded with a version change:
  1) StdEnv/2023 => StdEnv/2020           5) libfabric/1.18.0 => libfabric/1.10.1
  2) gcccore/.12.3 => gcccore/.9.3.0      6) openmpi/4.1.5 => openmpi/4.0.3
  3) gentoo/2023 => gentoo/2020           7) ucx/1.14.1 => ucx/1.8.0
  4) imkl/2023.2.0 => imkl/2020.1.217

Loading required package: iterators
Loading required package: parallel

Attaching package: ‘expm’

The following object is masked from ‘package:Matrix’:

    expm

Time difference of 25.7455 mins
   is.cover90 is.cover95     SCB90     SCB95  hr.lower    hr.opt  hr.upper
1           1          1 0.5915936 0.6603896 0.1201406 0.2576649 0.2576649
2           1          1 0.4522296 0.5209931 0.1201406 0.2576649 0.2576649
3           1          1 0.4544718 0.5140058 0.1201406 0.2576649 0.2576649
4           0          0 0.3765324 0.4138725 0.1201406 0.2576649 0.2576649
5           1          1 0.4427146 0.4872327 0.1201406 0.2576649 0.2576649
6           1          1 0.4885709 0.5482527 0.1201406 0.2576649 0.2576649
7           1          1 0.3925124 0.4420734 0.1201406 0.2576649 0.2576649
8           0          0 0.4791535 0.5299640 0.1201406 0.1812625 0.2576649
9           0          1 0.5035398 0.5967755 0.1201406 0.2576649 0.2576649
10          0          1 0.3922150 0.4372937 0.1201406 0.2576649 0.2576649
11          1          1 0.4403482 0.5020242 0.1201406 0.2576649 0.2576649
12          1          1 0.4647066 0.5151619 0.1201406 0.2271039 0.2576649
13          1          1 0.4259705 0.4794638 0.1201406 0.2576649 0.2576649
14          0          0 0.3851112 0.4272732 0.1201406 0.2576649 0.2576649
15          1          1 0.4877861 0.5476169 0.1201406 0.2576649 0.2576649
16          1          1 0.4399034 0.4991981 0.1201406 0.2576649 0.2576649
17          1          1 0.4524075 0.5075274 0.1201406 0.2576649 0.2576649
18          1          1 0.3829408 0.4367729 0.1201406 0.2576649 0.2576649
19          1          1 0.3924154 0.4448347 0.1201406 0.2118234 0.2576649
20          1          1 0.3968075 0.4488483 0.1201406 0.2576649 0.2576649
21          1          1 0.4188619 0.4684248 0.1201406 0.2576649 0.2576649
22          1          1 0.3989607 0.4407829 0.1201406 0.2576649 0.2576649
23          1          1 0.4745284 0.5234807 0.1201406 0.2576649 0.2576649
24          1          1 0.4128003 0.4572974 0.1201406 0.2576649 0.2576649
25          1          1 0.4380567 0.4879529 0.1201406 0.2576649 0.2576649
26          1          1 0.4333530 0.4877468 0.1201406 0.2423844 0.2576649
27          1          1 0.4058958 0.4513086 0.1201406 0.2576649 0.2576649
28          1          1 0.4483822 0.5114187 0.1201406 0.2576649 0.2576649
29          1          1 0.5516996 0.6256896 0.1201406 0.1965430 0.2576649
30          1          1 0.3551130 0.3891125 0.1201406 0.2576649 0.2576649
31          1          1 0.3742132 0.4083704 0.1201406 0.2576649 0.2576649
32          1          1 0.4508818 0.4992021 0.1201406 0.2576649 0.2576649
33          1          1 0.4427136 0.5006097 0.1201406 0.2576649 0.2576649
34          1          1 0.4177390 0.4806103 0.1201406 0.2576649 0.2576649
35          1          1 0.4032880 0.4500383 0.1201406 0.2576649 0.2576649
36          1          1 0.3660978 0.4065353 0.1201406 0.2576649 0.2576649
37          1          1 0.4004360 0.4560147 0.1201406 0.2576649 0.2576649
38          0          1 0.4106141 0.4745496 0.1201406 0.2576649 0.2576649
39          1          1 0.3788390 0.4360457 0.1201406 0.2576649 0.2576649
40          1          1 0.4219319 0.4722688 0.1201406 0.2576649 0.2576649
