
Due to MODULEPATH changes, the following have been reloaded:
  1) mii/1.1.2

The following have been reloaded with a version change:
  1) StdEnv/2023 => StdEnv/2020           5) libfabric/1.18.0 => libfabric/1.10.1
  2) gcccore/.12.3 => gcccore/.9.3.0      6) openmpi/4.1.5 => openmpi/4.0.3
  3) gentoo/2023 => gentoo/2020           7) ucx/1.14.1 => ucx/1.8.0
  4) imkl/2023.2.0 => imkl/2020.1.217

Batch index: 4
Model: a
Sample size: 1000
Dimension: 9
Candidate vector: 30:200
Bandwidth: 0.05 0.1 0.15 0.2 0.25 0.3 0.35
GCV: FALSE
Simulation: 40
Loading required package: iterators
Loading required package: parallel

Attaching package: ‘expm’

The following object is masked from ‘package:Matrix’:

    expm

Time difference of 1.951665 hours
    hr         hd is.cover90.hr is.cover95.hr is.cover90.hd is.cover95.hd
1 0.05 0.04830254          0.35         0.475           0.4          0.65
  SCB90.hr  SCB95.hr  SCB90.hd  SCB95.hd
1 0.215737 0.2363935 0.2023147 0.2220991
Time difference of 2.080869 hours
   hr         hd is.cover90.hr is.cover95.hr is.cover90.hd is.cover95.hd
2 0.1 0.09660509          0.95          0.95         0.875         0.925
   SCB90.hr  SCB95.hr  SCB90.hd  SCB95.hd
2 0.2949776 0.3259577 0.2775426 0.3067978
Time difference of 2.217396 hours
    hr        hd is.cover90.hr is.cover95.hr is.cover90.hd is.cover95.hd
3 0.15 0.1449076          0.85         0.925         0.875          0.95
   SCB90.hr  SCB95.hr  SCB90.hd  SCB95.hd
3 0.2580811 0.2852261 0.2399384 0.2657614
Time difference of 2.190587 hours
   hr        hd is.cover90.hr is.cover95.hr is.cover90.hd is.cover95.hd
4 0.2 0.1709976         0.875         0.925         0.875         0.925
   SCB90.hr  SCB95.hr  SCB90.hd  SCB95.hd
4 0.2258447 0.2486704 0.2130208 0.2362168
Time difference of 2.130739 hours
    hr        hd is.cover90.hr is.cover95.hr is.cover90.hd is.cover95.hd
5 0.25 0.1587401         0.925          0.95         0.925          0.95
   SCB90.hr  SCB95.hr  SCB90.hd  SCB95.hd
5 0.2061648 0.2268046 0.2018578 0.2221476
Time difference of 2.115885 hours
   hr        hd is.cover90.hr is.cover95.hr is.cover90.hd is.cover95.hd
6 0.3 0.2008299         0.875          0.95         0.875          0.95
   SCB90.hr  SCB95.hr  SCB90.hd  SCB95.hd
6 0.1799503 0.1986451 0.1776247 0.1960964
Time difference of 2.157076 hours
    hr        hd is.cover90.hr is.cover95.hr is.cover90.hd is.cover95.hd
7 0.35 0.2466555          0.85           0.9          0.85           0.9
   SCB90.hr  SCB95.hr  SCB90.hd  SCB95.hd
7 0.1573041 0.1742181 0.1578538 0.1747786
