
Due to MODULEPATH changes, the following have been reloaded:
  1) mii/1.1.2

The following have been reloaded with a version change:
  1) StdEnv/2023 => StdEnv/2020           5) libfabric/1.18.0 => libfabric/1.10.1
  2) gcccore/.12.3 => gcccore/.9.3.0      6) openmpi/4.1.5 => openmpi/4.0.3
  3) gentoo/2023 => gentoo/2020           7) ucx/1.14.1 => ucx/1.8.0
  4) imkl/2023.2.0 => imkl/2020.1.217

Batch index: 3
Model: a
Sample size: 1000
Dimension: 9
Candidate vector: 30:200
Bandwidth: 0.05 0.1 0.15 0.2 0.25 0.3 0.35
GCV: FALSE
Simulation: 40
Loading required package: iterators
Loading required package: parallel

Attaching package: ‘expm’

The following object is masked from ‘package:Matrix’:

    expm

Time difference of 1.95342 hours
    hr         hd is.cover90.hr is.cover95.hr is.cover90.hd is.cover95.hd
1 0.05 0.04830254          0.35         0.525         0.525         0.675
   SCB90.hr  SCB95.hr  SCB90.hd  SCB95.hd
1 0.2173718 0.2404774 0.1991739 0.2194692
Time difference of 2.104681 hours
   hr         hd is.cover90.hr is.cover95.hr is.cover90.hd is.cover95.hd
2 0.1 0.09660509         0.975             1         0.925             1
   SCB90.hr  SCB95.hr  SCB90.hd  SCB95.hd
2 0.2929961 0.3236521 0.2744758 0.3038027
Time difference of 2.219338 hours
    hr        hd is.cover90.hr is.cover95.hr is.cover90.hd is.cover95.hd
3 0.15 0.1449076         0.925         0.975         0.925          0.95
   SCB90.hr  SCB95.hr SCB90.hd  SCB95.hd
3 0.2508781 0.2755187 0.232167 0.2566022
Time difference of 2.238123 hours
   hr        hd is.cover90.hr is.cover95.hr is.cover90.hd is.cover95.hd
4 0.2 0.1709976         0.925          0.95           0.9         0.925
   SCB90.hr  SCB95.hr  SCB90.hd SCB95.hd
4 0.2194124 0.2412278 0.2076718 0.228856
Time difference of 2.145636 hours
    hr        hd is.cover90.hr is.cover95.hr is.cover90.hd is.cover95.hd
5 0.25 0.1587401         0.875         0.925           0.9         0.925
   SCB90.hr  SCB95.hr  SCB90.hd  SCB95.hd
5 0.2005595 0.2203081 0.1961422 0.2161244
Time difference of 2.155616 hours
   hr        hd is.cover90.hr is.cover95.hr is.cover90.hd is.cover95.hd
6 0.3 0.2008299          0.85         0.975           0.9         0.975
   SCB90.hr  SCB95.hr  SCB90.hd  SCB95.hd
6 0.1746735 0.1923232 0.1725179 0.1905225
Time difference of 2.152014 hours
    hr        hd is.cover90.hr is.cover95.hr is.cover90.hd is.cover95.hd
7 0.35 0.2466555         0.925         0.975         0.925         0.975
   SCB90.hr  SCB95.hr SCB90.hd  SCB95.hd
7 0.1532765 0.1700139 0.153763 0.1705539
