
Due to MODULEPATH changes, the following have been reloaded:
  1) mii/1.1.2

The following have been reloaded with a version change:
  1) StdEnv/2023 => StdEnv/2020           5) libfabric/1.18.0 => libfabric/1.10.1
  2) gcccore/.12.3 => gcccore/.9.3.0      6) openmpi/4.1.5 => openmpi/4.0.3
  3) gentoo/2023 => gentoo/2020           7) ucx/1.14.1 => ucx/1.8.0
  4) imkl/2023.2.0 => imkl/2020.1.217

Batch index: 6
Model: a
Sample size: 1000
Dimension: 9
Candidate vector: 30:200
Bandwidth: 0.05 0.1 0.15 0.2 0.25 0.3 0.35
GCV: FALSE
Simulation: 40
Loading required package: iterators
Loading required package: parallel

Attaching package: ‘expm’

The following object is masked from ‘package:Matrix’:

    expm

Time difference of 1.704516 hours
    hr         hd is.cover90.hr is.cover95.hr is.cover90.hd is.cover95.hd
1 0.05 0.04830254           0.3         0.475          0.55         0.675
   SCB90.hr  SCB95.hr  SCB90.hd  SCB95.hd
1 0.2163242 0.2376609 0.2000364 0.2201508
Time difference of 1.836183 hours
   hr         hd is.cover90.hr is.cover95.hr is.cover90.hd is.cover95.hd
2 0.1 0.09660509         0.975         0.975          0.95         0.975
   SCB90.hr  SCB95.hr  SCB90.hd  SCB95.hd
2 0.2890452 0.3183199 0.2739531 0.3024562
Time difference of 1.963731 hours
    hr        hd is.cover90.hr is.cover95.hr is.cover90.hd is.cover95.hd
3 0.15 0.1449076         0.925         0.975         0.875         0.975
   SCB90.hr  SCB95.hr SCB90.hd  SCB95.hd
3 0.2533112 0.2788978 0.239434 0.2647433
Time difference of 2.301572 hours
   hr        hd is.cover90.hr is.cover95.hr is.cover90.hd is.cover95.hd
4 0.2 0.1709976           0.9         0.975           0.9         0.975
   SCB90.hr  SCB95.hr  SCB90.hd  SCB95.hd
4 0.2233376 0.2457136 0.2141798 0.2363633
Time difference of 2.283023 hours
    hr        hd is.cover90.hr is.cover95.hr is.cover90.hd is.cover95.hd
5 0.25 0.1587401         0.825         0.925          0.85         0.925
   SCB90.hr  SCB95.hr  SCB90.hd  SCB95.hd
5 0.2043688 0.2247042 0.2009532 0.2215196
Time difference of 1.947215 hours
   hr        hd is.cover90.hr is.cover95.hr is.cover90.hd is.cover95.hd
6 0.3 0.2008299         0.825         0.925          0.85         0.925
   SCB90.hr  SCB95.hr  SCB90.hd  SCB95.hd
6 0.1788303 0.1972825 0.1766355 0.1953328
Time difference of 1.890721 hours
    hr        hd is.cover90.hr is.cover95.hr is.cover90.hd is.cover95.hd
7 0.35 0.2466555         0.825           0.9         0.825           0.9
   SCB90.hr  SCB95.hr  SCB90.hd  SCB95.hd
7 0.1574951 0.1742197 0.1579476 0.1745924
