
Due to MODULEPATH changes, the following have been reloaded:
  1) mii/1.1.2

The following have been reloaded with a version change:
  1) StdEnv/2023 => StdEnv/2020           5) libfabric/1.18.0 => libfabric/1.10.1
  2) gcccore/.12.3 => gcccore/.9.3.0      6) openmpi/4.1.5 => openmpi/4.0.3
  3) gentoo/2023 => gentoo/2020           7) ucx/1.14.1 => ucx/1.8.0
  4) imkl/2023.2.0 => imkl/2020.1.217

Batch index: 10
Model: a
Sample size: 1000
Dimension: 9
Candidate vector: 30:200
Bandwidth: 0.05 0.1 0.15 0.2 0.25 0.3 0.35
GCV: FALSE
Simulation: 40
Loading required package: iterators
Loading required package: parallel

Attaching package: ‘expm’

The following object is masked from ‘package:Matrix’:

    expm

Time difference of 2.105036 hours
    hr         hd is.cover90.hr is.cover95.hr is.cover90.hd is.cover95.hd
1 0.05 0.04830254           0.4           0.6           0.5         0.675
   SCB90.hr  SCB95.hr  SCB90.hd SCB95.hd
1 0.2165915 0.2383241 0.1997246 0.219194
Time difference of 2.308293 hours
   hr         hd is.cover90.hr is.cover95.hr is.cover90.hd is.cover95.hd
2 0.1 0.09660509          0.95         0.975         0.975             1
   SCB90.hr SCB95.hr  SCB90.hd  SCB95.hd
2 0.2892928 0.318603 0.2725629 0.3019256
Time difference of 2.458975 hours
    hr        hd is.cover90.hr is.cover95.hr is.cover90.hd is.cover95.hd
3 0.15 0.1449076          0.95         0.975           0.9          0.95
   SCB90.hr  SCB95.hr  SCB90.hd  SCB95.hd
3 0.2560001 0.2818878 0.2391176 0.2645099
Time difference of 2.434208 hours
   hr        hd is.cover90.hr is.cover95.hr is.cover90.hd is.cover95.hd
4 0.2 0.1709976           0.9          0.95         0.825           0.9
   SCB90.hr  SCB95.hr  SCB90.hd SCB95.hd
4 0.2245272 0.2465529 0.2130006 0.235428
Time difference of 2.393871 hours
    hr        hd is.cover90.hr is.cover95.hr is.cover90.hd is.cover95.hd
5 0.25 0.1587401           0.8         0.925           0.8           0.9
   SCB90.hr  SCB95.hr  SCB90.hd  SCB95.hd
5 0.2038675 0.2245473 0.1998102 0.2205776
Time difference of 2.427555 hours
   hr        hd is.cover90.hr is.cover95.hr is.cover90.hd is.cover95.hd
6 0.3 0.2008299         0.825         0.925          0.85           0.9
   SCB90.hr  SCB95.hr  SCB90.hd  SCB95.hd
6 0.1773855 0.1954886 0.1753509 0.1934995
Time difference of 2.429507 hours
    hr        hd is.cover90.hr is.cover95.hr is.cover90.hd is.cover95.hd
7 0.35 0.2466555          0.85         0.875         0.875           0.9
   SCB90.hr SCB95.hr  SCB90.hd  SCB95.hd
7 0.1560525 0.172709 0.1564652 0.1730713
