
Due to MODULEPATH changes, the following have been reloaded:
  1) mii/1.1.2

The following have been reloaded with a version change:
  1) StdEnv/2023 => StdEnv/2020           5) libfabric/1.18.0 => libfabric/1.10.1
  2) gcccore/.12.3 => gcccore/.9.3.0      6) openmpi/4.1.5 => openmpi/4.0.3
  3) gentoo/2023 => gentoo/2020           7) ucx/1.14.1 => ucx/1.8.0
  4) imkl/2023.2.0 => imkl/2020.1.217

Batch index: 1
Model: a
Sample size: 1000
Dimension: 9
Candidate vector: 30:200
Bandwidth: 0.05 0.1 0.15 0.2 0.25 0.3 0.35
GCV: FALSE
Simulation: 40
Loading required package: iterators
Loading required package: parallel

Attaching package: ‘expm’

The following object is masked from ‘package:Matrix’:

    expm

Time difference of 1.825187 hours
    hr         hd is.cover90.hr is.cover95.hr is.cover90.hd is.cover95.hd
1 0.05 0.04830254         0.425          0.65         0.475         0.725
   SCB90.hr  SCB95.hr  SCB90.hd  SCB95.hd
1 0.2190513 0.2412329 0.2008571 0.2206732
Time difference of 1.9706 hours
   hr         hd is.cover90.hr is.cover95.hr is.cover90.hd is.cover95.hd
2 0.1 0.09660509             1             1          0.95             1
   SCB90.hr  SCB95.hr  SCB90.hd  SCB95.hd
2 0.2939437 0.3237185 0.2794102 0.3092277
Time difference of 2.074766 hours
    hr        hd is.cover90.hr is.cover95.hr is.cover90.hd is.cover95.hd
3 0.15 0.1449076         0.925             1           0.9         0.975
   SCB90.hr  SCB95.hr  SCB90.hd  SCB95.hd
3 0.2574655 0.2832097 0.2440439 0.2701162
Time difference of 2.046183 hours
   hr        hd is.cover90.hr is.cover95.hr is.cover90.hd is.cover95.hd
4 0.2 0.1709976           0.9         0.975          0.85          0.95
   SCB90.hr  SCB95.hr  SCB90.hd  SCB95.hd
4 0.2240147 0.2464531 0.2139934 0.2369594
Time difference of 2.063296 hours
    hr        hd is.cover90.hr is.cover95.hr is.cover90.hd is.cover95.hd
5 0.25 0.1587401         0.825          0.95           0.8         0.925
   SCB90.hr  SCB95.hr  SCB90.hd  SCB95.hd
5 0.2039282 0.2242881 0.1997276 0.2200609
Time difference of 2.081949 hours
   hr        hd is.cover90.hr is.cover95.hr is.cover90.hd is.cover95.hd
6 0.3 0.2008299         0.875           0.9         0.875           0.9
   SCB90.hr  SCB95.hr  SCB90.hd  SCB95.hd
6 0.1777329 0.1954186 0.1756692 0.1935374
Time difference of 2.060504 hours
    hr        hd is.cover90.hr is.cover95.hr is.cover90.hd is.cover95.hd
7 0.35 0.2466555         0.825         0.925         0.825         0.925
   SCB90.hr SCB95.hr  SCB90.hd  SCB95.hd
7 0.1562437  0.17225 0.1566872 0.1726922
