
Due to MODULEPATH changes, the following have been reloaded:
  1) mii/1.1.2

The following have been reloaded with a version change:
  1) StdEnv/2023 => StdEnv/2020           5) libfabric/1.18.0 => libfabric/1.10.1
  2) gcccore/.12.3 => gcccore/.9.3.0      6) openmpi/4.1.5 => openmpi/4.0.3
  3) gentoo/2023 => gentoo/2020           7) ucx/1.14.1 => ucx/1.8.0
  4) imkl/2023.2.0 => imkl/2020.1.217

Batch index: 5
Model: a
Sample size: 1000
Dimension: 9
Candidate vector: 30:200
Bandwidth: 0.05 0.1 0.15 0.2 0.25 0.3 0.35
GCV: FALSE
Simulation: 40
Loading required package: iterators
Loading required package: parallel

Attaching package: ‘expm’

The following object is masked from ‘package:Matrix’:

    expm

Time difference of 1.753668 hours
    hr         hd is.cover90.hr is.cover95.hr is.cover90.hd is.cover95.hd
1 0.05 0.04830254           0.4         0.675          0.45           0.7
   SCB90.hr  SCB95.hr  SCB90.hd  SCB95.hd
1 0.2169979 0.2384438 0.1992491 0.2188626
Time difference of 1.871543 hours
   hr         hd is.cover90.hr is.cover95.hr is.cover90.hd is.cover95.hd
2 0.1 0.09660509             1             1         0.925             1
   SCB90.hr  SCB95.hr SCB90.hd  SCB95.hd
2 0.2925439 0.3219397 0.276005 0.3047976
Time difference of 1.94947 hours
    hr        hd is.cover90.hr is.cover95.hr is.cover90.hd is.cover95.hd
3 0.15 0.1449076         0.975         0.975         0.925         0.975
  SCB90.hr SCB95.hr  SCB90.hd SCB95.hd
3 0.258757 0.284709 0.2452942 0.271816
Time difference of 1.993663 hours
   hr        hd is.cover90.hr is.cover95.hr is.cover90.hd is.cover95.hd
4 0.2 0.1709976           0.9          0.95          0.85          0.95
   SCB90.hr  SCB95.hr  SCB90.hd  SCB95.hd
4 0.2236274 0.2460623 0.2139264 0.2360263
Time difference of 1.942012 hours
    hr        hd is.cover90.hr is.cover95.hr is.cover90.hd is.cover95.hd
5 0.25 0.1587401          0.85         0.925         0.825         0.925
   SCB90.hr  SCB95.hr SCB90.hd  SCB95.hd
5 0.2028089 0.2227031 0.199433 0.2196057
Time difference of 1.989895 hours
   hr        hd is.cover90.hr is.cover95.hr is.cover90.hd is.cover95.hd
6 0.3 0.2008299         0.825         0.975         0.825         0.975
   SCB90.hr  SCB95.hr  SCB90.hd  SCB95.hd
6 0.1780508 0.1967217 0.1760116 0.1944809
Time difference of 1.931058 hours
    hr        hd is.cover90.hr is.cover95.hr is.cover90.hd is.cover95.hd
7 0.35 0.2466555         0.775           0.9         0.775           0.9
  SCB90.hr  SCB95.hr  SCB90.hd  SCB95.hd
7 0.157202 0.1738027 0.1575746 0.1742611
