
Due to MODULEPATH changes, the following have been reloaded:
  1) mii/1.1.2

The following have been reloaded with a version change:
  1) StdEnv/2023 => StdEnv/2020           5) libfabric/1.18.0 => libfabric/1.10.1
  2) gcccore/.12.3 => gcccore/.9.3.0      6) openmpi/4.1.5 => openmpi/4.0.3
  3) gentoo/2023 => gentoo/2020           7) ucx/1.14.1 => ucx/1.8.0
  4) imkl/2023.2.0 => imkl/2020.1.217

Batch index: 1
Model: b
Sample size: 1000
Dimension: 18
Candidate vector: 40:200
Bandwidth: 0.05 0.1 0.15 0.2 0.25 0.3 0.35
Simulation: 40
Loading required package: iterators
Loading required package: parallel

Attaching package: ‘expm’

The following object is masked from ‘package:Matrix’:

    expm

Time difference of 5.28832 hours
    hr max_width90.zhou max_width95.zhou max_width90.zhou.m max_width95.zhou.m
1 0.05        0.3299646        0.3552041          0.3299646          0.3552041
  max_width90.zhou.iso max_width95.zhou.iso
1            0.3299646            0.3552041
Time difference of 5.181452 hours
   hr max_width90.zhou max_width95.zhou max_width90.zhou.m max_width95.zhou.m
2 0.1        0.3890536        0.4235049          0.3890536          0.4235049
  max_width90.zhou.iso max_width95.zhou.iso
2            0.3890536            0.4235049
Time difference of 5.298442 hours
    hr max_width90.zhou max_width95.zhou max_width90.zhou.m max_width95.zhou.m
3 0.15        0.3605592        0.3938221          0.3605592          0.3938221
  max_width90.zhou.iso max_width95.zhou.iso
3            0.3605592            0.3938221
Time difference of 5.45257 hours
   hr max_width90.zhou max_width95.zhou max_width90.zhou.m max_width95.zhou.m
4 0.2        0.3115205        0.3405043          0.3115205          0.3405043
  max_width90.zhou.iso max_width95.zhou.iso
4            0.3115205            0.3405043
Time difference of 5.664451 hours
    hr max_width90.zhou max_width95.zhou max_width90.zhou.m max_width95.zhou.m
5 0.25        0.2702197        0.2956732          0.2702197          0.2956732
  max_width90.zhou.iso max_width95.zhou.iso
5            0.2702197            0.2956732
Time difference of 5.722558 hours
   hr max_width90.zhou max_width95.zhou max_width90.zhou.m max_width95.zhou.m
6 0.3        0.2391475        0.2619954          0.2391475          0.2619954
  max_width90.zhou.iso max_width95.zhou.iso
6            0.2391475            0.2619954
Time difference of 5.465256 hours
    hr max_width90.zhou max_width95.zhou max_width90.zhou.m max_width95.zhou.m
7 0.35        0.2140462        0.2350958          0.2140462          0.2350958
  max_width90.zhou.iso max_width95.zhou.iso
7            0.2140462            0.2350958
