
Due to MODULEPATH changes, the following have been reloaded:
  1) mii/1.1.2

The following have been reloaded with a version change:
  1) StdEnv/2023 => StdEnv/2020           5) libfabric/1.18.0 => libfabric/1.10.1
  2) gcccore/.12.3 => gcccore/.9.3.0      6) openmpi/4.1.5 => openmpi/4.0.3
  3) gentoo/2023 => gentoo/2020           7) ucx/1.14.1 => ucx/1.8.0
  4) imkl/2023.2.0 => imkl/2020.1.217

Batch index: 6
Model: b
Sample size: 1000
Dimension: 18
Candidate vector: 40:200
Bandwidth: 0.05 0.1 0.15 0.2 0.25 0.3 0.35
Simulation: 40
Loading required package: iterators
Loading required package: parallel

Attaching package: ‘expm’

The following object is masked from ‘package:Matrix’:

    expm

Time difference of 5.072946 hours
    hr max_width90.zhou max_width95.zhou max_width90.zhou.m max_width95.zhou.m
1 0.05        0.3247775        0.3485465          0.3247775          0.3485465
  max_width90.zhou.iso max_width95.zhou.iso
1            0.3247775            0.3485465
Time difference of 5.211465 hours
   hr max_width90.zhou max_width95.zhou max_width90.zhou.m max_width95.zhou.m
2 0.1        0.3877759        0.4218333          0.3877759          0.4218333
  max_width90.zhou.iso max_width95.zhou.iso
2            0.3877759            0.4218333
Time difference of 5.448814 hours
    hr max_width90.zhou max_width95.zhou max_width90.zhou.m max_width95.zhou.m
3 0.15        0.3635836        0.3981655          0.3635836          0.3981655
  max_width90.zhou.iso max_width95.zhou.iso
3            0.3635836            0.3981655
Time difference of 5.267205 hours
   hr max_width90.zhou max_width95.zhou max_width90.zhou.m max_width95.zhou.m
4 0.2        0.3140315        0.3436577          0.3140315          0.3436577
  max_width90.zhou.iso max_width95.zhou.iso
4            0.3140315            0.3436577
Time difference of 5.313635 hours
    hr max_width90.zhou max_width95.zhou max_width90.zhou.m max_width95.zhou.m
5 0.25        0.2722848        0.2984688          0.2722848          0.2984688
  max_width90.zhou.iso max_width95.zhou.iso
5            0.2722848            0.2984688
Time difference of 5.373314 hours
   hr max_width90.zhou max_width95.zhou max_width90.zhou.m max_width95.zhou.m
6 0.3        0.2388576        0.2613478          0.2388576          0.2613478
  max_width90.zhou.iso max_width95.zhou.iso
6            0.2388576            0.2613478
Time difference of 5.082046 hours
    hr max_width90.zhou max_width95.zhou max_width90.zhou.m max_width95.zhou.m
7 0.35        0.2120581        0.2325866          0.2120581          0.2325866
  max_width90.zhou.iso max_width95.zhou.iso
7            0.2120581            0.2325866
