
Due to MODULEPATH changes, the following have been reloaded:
  1) mii/1.1.2

The following have been reloaded with a version change:
  1) StdEnv/2023 => StdEnv/2020           5) libfabric/1.18.0 => libfabric/1.10.1
  2) gcccore/.12.3 => gcccore/.9.3.0      6) openmpi/4.1.5 => openmpi/4.0.3
  3) gentoo/2023 => gentoo/2020           7) ucx/1.14.1 => ucx/1.8.0
  4) imkl/2023.2.0 => imkl/2020.1.217

Batch index: 2
Model: b
Sample size: 1000
Dimension: 18
Candidate vector: 40:200
Bandwidth: 0.05 0.1 0.15 0.2 0.25 0.3 0.35
Simulation: 40
Loading required package: iterators
Loading required package: parallel

Attaching package: ‘expm’

The following object is masked from ‘package:Matrix’:

    expm

Time difference of 5.193108 hours
    hr max_width90.zhou max_width95.zhou max_width90.zhou.m max_width95.zhou.m
1 0.05        0.3293042        0.3541843          0.3293042          0.3541843
  max_width90.zhou.iso max_width95.zhou.iso
1            0.3293042            0.3541843
Time difference of 5.434306 hours
   hr max_width90.zhou max_width95.zhou max_width90.zhou.m max_width95.zhou.m
2 0.1        0.3960068         0.431364          0.3960068           0.431364
  max_width90.zhou.iso max_width95.zhou.iso
2            0.3960068             0.431364
Time difference of 5.944113 hours
    hr max_width90.zhou max_width95.zhou max_width90.zhou.m max_width95.zhou.m
3 0.15        0.3621582        0.3957448          0.3621582          0.3957448
  max_width90.zhou.iso max_width95.zhou.iso
3            0.3621582            0.3957448
Time difference of 5.605518 hours
   hr max_width90.zhou max_width95.zhou max_width90.zhou.m max_width95.zhou.m
4 0.2        0.3140413        0.3444516          0.3140413          0.3444516
  max_width90.zhou.iso max_width95.zhou.iso
4            0.3140413            0.3444516
Time difference of 5.590076 hours
    hr max_width90.zhou max_width95.zhou max_width90.zhou.m max_width95.zhou.m
5 0.25        0.2717225        0.2979716          0.2717225          0.2979716
  max_width90.zhou.iso max_width95.zhou.iso
5            0.2717225            0.2979716
Time difference of 5.871897 hours
   hr max_width90.zhou max_width95.zhou max_width90.zhou.m max_width95.zhou.m
6 0.3        0.2383098        0.2622891          0.2383098          0.2622891
  max_width90.zhou.iso max_width95.zhou.iso
6            0.2383098            0.2622891
Time difference of 5.636655 hours
    hr max_width90.zhou max_width95.zhou max_width90.zhou.m max_width95.zhou.m
7 0.35        0.2119624         0.232945          0.2119624           0.232945
  max_width90.zhou.iso max_width95.zhou.iso
7            0.2119624             0.232945
