
Due to MODULEPATH changes, the following have been reloaded:
  1) mii/1.1.2

The following have been reloaded with a version change:
  1) StdEnv/2023 => StdEnv/2020           5) libfabric/1.18.0 => libfabric/1.10.1
  2) gcccore/.12.3 => gcccore/.9.3.0      6) openmpi/4.1.5 => openmpi/4.0.3
  3) gentoo/2023 => gentoo/2020           7) ucx/1.14.1 => ucx/1.8.0
  4) imkl/2023.2.0 => imkl/2020.1.217

Batch index: 5
Model: b
Sample size: 1000
Dimension: 18
Candidate vector: 40:200
Bandwidth: 0.05 0.1 0.15 0.2 0.25 0.3 0.35
Simulation: 40
Loading required package: iterators
Loading required package: parallel

Attaching package: ‘expm’

The following object is masked from ‘package:Matrix’:

    expm

Time difference of 5.475566 hours
    hr max_width90.zhou max_width95.zhou max_width90.zhou.m max_width95.zhou.m
1 0.05        0.3320669        0.3574307          0.3320669          0.3574307
  max_width90.zhou.iso max_width95.zhou.iso
1            0.3320669            0.3574307
Time difference of 5.8808 hours
   hr max_width90.zhou max_width95.zhou max_width90.zhou.m max_width95.zhou.m
2 0.1        0.3866903        0.4198204          0.3866903          0.4198204
  max_width90.zhou.iso max_width95.zhou.iso
2            0.3866903            0.4198204
Time difference of 6.114516 hours
    hr max_width90.zhou max_width95.zhou max_width90.zhou.m max_width95.zhou.m
3 0.15        0.3611306        0.3947686          0.3611306          0.3947686
  max_width90.zhou.iso max_width95.zhou.iso
3            0.3611306            0.3947686
Time difference of 5.699926 hours
   hr max_width90.zhou max_width95.zhou max_width90.zhou.m max_width95.zhou.m
4 0.2        0.3133203        0.3435574          0.3133203          0.3435574
  max_width90.zhou.iso max_width95.zhou.iso
4            0.3133203            0.3435574
Time difference of 6.077618 hours
    hr max_width90.zhou max_width95.zhou max_width90.zhou.m max_width95.zhou.m
5 0.25        0.2716357        0.2983132          0.2716357          0.2983132
  max_width90.zhou.iso max_width95.zhou.iso
5            0.2716357            0.2983132
Time difference of 5.547507 hours
   hr max_width90.zhou max_width95.zhou max_width90.zhou.m max_width95.zhou.m
6 0.3        0.2397825        0.2631828          0.2397825          0.2631828
  max_width90.zhou.iso max_width95.zhou.iso
6            0.2397825            0.2631828
Time difference of 5.629401 hours
    hr max_width90.zhou max_width95.zhou max_width90.zhou.m max_width95.zhou.m
7 0.35        0.2126392        0.2337408          0.2126392          0.2337408
  max_width90.zhou.iso max_width95.zhou.iso
7            0.2126392            0.2337408
