
Due to MODULEPATH changes, the following have been reloaded:
  1) mii/1.1.2

The following have been reloaded with a version change:
  1) StdEnv/2023 => StdEnv/2020           5) libfabric/1.18.0 => libfabric/1.10.1
  2) gcccore/.12.3 => gcccore/.9.3.0      6) openmpi/4.1.5 => openmpi/4.0.3
  3) gentoo/2023 => gentoo/2020           7) ucx/1.14.1 => ucx/1.8.0
  4) imkl/2023.2.0 => imkl/2020.1.217

Batch index: 8
Model: b
Sample size: 1000
Dimension: 18
Candidate vector: 40:200
Bandwidth: 0.05 0.1 0.15 0.2 0.25 0.3 0.35
Simulation: 40
Loading required package: iterators
Loading required package: parallel

Attaching package: ‘expm’

The following object is masked from ‘package:Matrix’:

    expm

Time difference of 5.450247 hours
    hr max_width90.zhou max_width95.zhou max_width90.zhou.m max_width95.zhou.m
1 0.05        0.3300562         0.355325          0.3300562           0.355325
  max_width90.zhou.iso max_width95.zhou.iso
1            0.3300562             0.355325
Time difference of 5.272951 hours
   hr max_width90.zhou max_width95.zhou max_width90.zhou.m max_width95.zhou.m
2 0.1         0.396534        0.4313594           0.396534          0.4313594
  max_width90.zhou.iso max_width95.zhou.iso
2             0.396534            0.4313594
Time difference of 5.558095 hours
    hr max_width90.zhou max_width95.zhou max_width90.zhou.m max_width95.zhou.m
3 0.15        0.3670339        0.4010707          0.3670339          0.4010707
  max_width90.zhou.iso max_width95.zhou.iso
3            0.3670339            0.4010707
Time difference of 5.579312 hours
   hr max_width90.zhou max_width95.zhou max_width90.zhou.m max_width95.zhou.m
4 0.2        0.3165487        0.3469991          0.3165487          0.3469991
  max_width90.zhou.iso max_width95.zhou.iso
4            0.3165487            0.3469991
Time difference of 5.617337 hours
    hr max_width90.zhou max_width95.zhou max_width90.zhou.m max_width95.zhou.m
5 0.25        0.2734853        0.2996976          0.2734853          0.2996976
  max_width90.zhou.iso max_width95.zhou.iso
5            0.2734853            0.2996976
Time difference of 5.408435 hours
   hr max_width90.zhou max_width95.zhou max_width90.zhou.m max_width95.zhou.m
6 0.3        0.2401417        0.2631847          0.2401417          0.2631847
  max_width90.zhou.iso max_width95.zhou.iso
6            0.2401417            0.2631847
Time difference of 5.233908 hours
    hr max_width90.zhou max_width95.zhou max_width90.zhou.m max_width95.zhou.m
7 0.35        0.2120132        0.2329828          0.2120132          0.2329828
  max_width90.zhou.iso max_width95.zhou.iso
7            0.2120132            0.2329828
