
Due to MODULEPATH changes, the following have been reloaded:
  1) mii/1.1.2

The following have been reloaded with a version change:
  1) StdEnv/2023 => StdEnv/2020           5) libfabric/1.18.0 => libfabric/1.10.1
  2) gcccore/.12.3 => gcccore/.9.3.0      6) openmpi/4.1.5 => openmpi/4.0.3
  3) gentoo/2023 => gentoo/2020           7) ucx/1.14.1 => ucx/1.8.0
  4) imkl/2023.2.0 => imkl/2020.1.217

Batch index: 3
Model: b
Sample size: 1000
Dimension: 18
Candidate vector: 40:200
Bandwidth: 0.05 0.1 0.15 0.2 0.25 0.3 0.35
Simulation: 40
Loading required package: iterators
Loading required package: parallel

Attaching package: ‘expm’

The following object is masked from ‘package:Matrix’:

    expm

Time difference of 5.777149 hours
    hr max_width90.zhou max_width95.zhou max_width90.zhou.m max_width95.zhou.m
1 0.05        0.3295329         0.354197          0.3295329           0.354197
  max_width90.zhou.iso max_width95.zhou.iso
1            0.3295329             0.354197
Time difference of 5.591526 hours
   hr max_width90.zhou max_width95.zhou max_width90.zhou.m max_width95.zhou.m
2 0.1         0.390964        0.4240145           0.390964          0.4240145
  max_width90.zhou.iso max_width95.zhou.iso
2             0.390964            0.4240145
Time difference of 5.844454 hours
    hr max_width90.zhou max_width95.zhou max_width90.zhou.m max_width95.zhou.m
3 0.15        0.3548236        0.3868197          0.3548236          0.3868197
  max_width90.zhou.iso max_width95.zhou.iso
3            0.3548236            0.3868197
Time difference of 5.592521 hours
   hr max_width90.zhou max_width95.zhou max_width90.zhou.m max_width95.zhou.m
4 0.2        0.3061317        0.3338619          0.3061317          0.3338619
  max_width90.zhou.iso max_width95.zhou.iso
4            0.3061317            0.3338619
Time difference of 5.46567 hours
    hr max_width90.zhou max_width95.zhou max_width90.zhou.m max_width95.zhou.m
5 0.25        0.2668394        0.2912945          0.2668394          0.2912945
  max_width90.zhou.iso max_width95.zhou.iso
5            0.2668394            0.2912945
Time difference of 5.626989 hours
   hr max_width90.zhou max_width95.zhou max_width90.zhou.m max_width95.zhou.m
6 0.3        0.2364881        0.2587382          0.2364881          0.2587382
  max_width90.zhou.iso max_width95.zhou.iso
6            0.2364881            0.2587382
Time difference of 5.650753 hours
    hr max_width90.zhou max_width95.zhou max_width90.zhou.m max_width95.zhou.m
7 0.35        0.2109609         0.231961          0.2109609           0.231961
  max_width90.zhou.iso max_width95.zhou.iso
7            0.2109609             0.231961
