
Due to MODULEPATH changes, the following have been reloaded:
  1) mii/1.1.2

The following have been reloaded with a version change:
  1) StdEnv/2023 => StdEnv/2020           5) libfabric/1.18.0 => libfabric/1.10.1
  2) gcccore/.12.3 => gcccore/.9.3.0      6) openmpi/4.1.5 => openmpi/4.0.3
  3) gentoo/2023 => gentoo/2020           7) ucx/1.14.1 => ucx/1.8.0
  4) imkl/2023.2.0 => imkl/2020.1.217

Batch index: 4
Model: b
Sample size: 1000
Dimension: 18
Candidate vector: 40:200
Bandwidth: 0.05 0.1 0.15 0.2 0.25 0.3 0.35
Simulation: 40
Loading required package: iterators
Loading required package: parallel

Attaching package: ‘expm’

The following object is masked from ‘package:Matrix’:

    expm

Time difference of 5.687628 hours
    hr max_width90.zhou max_width95.zhou max_width90.zhou.m max_width95.zhou.m
1 0.05        0.3271256        0.3514889          0.3271256          0.3514889
  max_width90.zhou.iso max_width95.zhou.iso
1            0.3271256            0.3514889
Time difference of 5.313351 hours
   hr max_width90.zhou max_width95.zhou max_width90.zhou.m max_width95.zhou.m
2 0.1        0.3904292        0.4233526          0.3904292          0.4233526
  max_width90.zhou.iso max_width95.zhou.iso
2            0.3904292            0.4233526
Time difference of 5.790739 hours
    hr max_width90.zhou max_width95.zhou max_width90.zhou.m max_width95.zhou.m
3 0.15        0.3594077        0.3923865          0.3594077          0.3923865
  max_width90.zhou.iso max_width95.zhou.iso
3            0.3594077            0.3923865
Time difference of 5.628972 hours
   hr max_width90.zhou max_width95.zhou max_width90.zhou.m max_width95.zhou.m
4 0.2        0.3087751        0.3373119          0.3087751          0.3373119
  max_width90.zhou.iso max_width95.zhou.iso
4            0.3087751            0.3373119
Time difference of 5.616271 hours
    hr max_width90.zhou max_width95.zhou max_width90.zhou.m max_width95.zhou.m
5 0.25        0.2701603         0.294849          0.2701603           0.294849
  max_width90.zhou.iso max_width95.zhou.iso
5            0.2701603             0.294849
Time difference of 5.759967 hours
   hr max_width90.zhou max_width95.zhou max_width90.zhou.m max_width95.zhou.m
6 0.3        0.2394247         0.262217          0.2394247           0.262217
  max_width90.zhou.iso max_width95.zhou.iso
6            0.2394247             0.262217
Time difference of 5.428871 hours
    hr max_width90.zhou max_width95.zhou max_width90.zhou.m max_width95.zhou.m
7 0.35        0.2140147        0.2347343          0.2140147          0.2347343
  max_width90.zhou.iso max_width95.zhou.iso
7            0.2140147            0.2347343
