
Due to MODULEPATH changes, the following have been reloaded:
  1) mii/1.1.2

The following have been reloaded with a version change:
  1) StdEnv/2023 => StdEnv/2020           5) libfabric/1.18.0 => libfabric/1.10.1
  2) gcccore/.12.3 => gcccore/.9.3.0      6) openmpi/4.1.5 => openmpi/4.0.3
  3) gentoo/2023 => gentoo/2020           7) ucx/1.14.1 => ucx/1.8.0
  4) imkl/2023.2.0 => imkl/2020.1.217

Batch index: 2
Model: a
Sample size: 1000
Dimension: 27
Candidate vector: 40:200
Bandwidth: 0.25 0.3 0.35
Simulation: 40
Loading required package: iterators
Loading required package: parallel

Attaching package: ‘expm’

The following object is masked from ‘package:Matrix’:

    expm

Time difference of 8.128065 hours
    hr max_width90.zhou max_width95.zhou max_width90.zhou.m max_width95.zhou.m
1 0.25        0.2483174        0.2703525          0.2483174          0.2703525
  max_width90.zhou.iso max_width95.zhou.iso
1            0.2483174            0.2703525
Time difference of 7.965505 hours
   hr max_width90.zhou max_width95.zhou max_width90.zhou.m max_width95.zhou.m
2 0.3        0.2194497         0.239727          0.2194497           0.239727
  max_width90.zhou.iso max_width95.zhou.iso
2            0.2194497             0.239727
Time difference of 7.852662 hours
    hr max_width90.zhou max_width95.zhou max_width90.zhou.m max_width95.zhou.m
3 0.35        0.1943625        0.2128812          0.1943625          0.2128812
  max_width90.zhou.iso max_width95.zhou.iso
3            0.1943625            0.2128812
