
Due to MODULEPATH changes, the following have been reloaded:
  1) mii/1.1.2

The following have been reloaded with a version change:
  1) StdEnv/2023 => StdEnv/2020           5) libfabric/1.18.0 => libfabric/1.10.1
  2) gcccore/.12.3 => gcccore/.9.3.0      6) openmpi/4.1.5 => openmpi/4.0.3
  3) gentoo/2023 => gentoo/2020           7) ucx/1.14.1 => ucx/1.8.0
  4) imkl/2023.2.0 => imkl/2020.1.217

Batch index: 3
Model: b
Sample size: 1000
Dimension: 18
Candidate vector: 40:200
Bandwidth: 0.05 0.1 0.15 0.2 0.25 0.3 0.35
GCV: FALSE
Simulation: 40
Loading required package: iterators
Loading required package: parallel

Attaching package: ‘expm’

The following object is masked from ‘package:Matrix’:

    expm

Time difference of 3.043955 hours
    hr         hd is.cover90.hr is.cover95.hr is.cover90.hd is.cover95.hd
1 0.05 0.04830254           0.1         0.225         0.175         0.325
   SCB90.hr  SCB95.hr SCB90.hd  SCB95.hd
1 0.2293611 0.2538599 0.206479 0.2265068
Time difference of 3.330249 hours
   hr         hd is.cover90.hr is.cover95.hr is.cover90.hd is.cover95.hd
2 0.1 0.09660509           0.8         0.975          0.75          0.95
   SCB90.hr  SCB95.hr  SCB90.hd  SCB95.hd
2 0.3055543 0.3337908 0.2866182 0.3147925
Time difference of 3.550902 hours
    hr        hd is.cover90.hr is.cover95.hr is.cover90.hd is.cover95.hd
3 0.15 0.1449076          0.95         0.975           0.8         0.975
   SCB90.hr  SCB95.hr  SCB90.hd  SCB95.hd
3 0.2922579 0.3209407 0.2701152 0.2976942
Time difference of 3.501561 hours
   hr        hd is.cover90.hr is.cover95.hr is.cover90.hd is.cover95.hd
4 0.2 0.1709976         0.925          0.95           0.8         0.975
   SCB90.hr  SCB95.hr  SCB90.hd  SCB95.hd
4 0.2610018 0.2857582 0.2463734 0.2710841
Time difference of 3.385576 hours
    hr        hd is.cover90.hr is.cover95.hr is.cover90.hd is.cover95.hd
5 0.25 0.1587401         0.875         0.925          0.85           0.9
   SCB90.hr  SCB95.hr  SCB90.hd  SCB95.hd
5 0.2408539 0.2634162 0.2355591 0.2585261
Time difference of 3.893767 hours
   hr        hd is.cover90.hr is.cover95.hr is.cover90.hd is.cover95.hd
6 0.3 0.2008299           0.8          0.95         0.775          0.95
   SCB90.hr  SCB95.hr SCB90.hd  SCB95.hd
6 0.2122606 0.2331416 0.209778 0.2305237
Time difference of 3.980511 hours
    hr        hd is.cover90.hr is.cover95.hr is.cover90.hd is.cover95.hd
7 0.35 0.2466555           0.9          0.95           0.9          0.95
   SCB90.hr  SCB95.hr  SCB90.hd  SCB95.hd
7 0.1889856 0.2082466 0.1895332 0.2087794
