
Due to MODULEPATH changes, the following have been reloaded:
  1) mii/1.1.2

The following have been reloaded with a version change:
  1) StdEnv/2023 => StdEnv/2020           5) libfabric/1.18.0 => libfabric/1.10.1
  2) gcccore/.12.3 => gcccore/.9.3.0      6) openmpi/4.1.5 => openmpi/4.0.3
  3) gentoo/2023 => gentoo/2020           7) ucx/1.14.1 => ucx/1.8.0
  4) imkl/2023.2.0 => imkl/2020.1.217

Batch index: 4
Model: b
Sample size: 1000
Dimension: 18
Candidate vector: 40:200
Bandwidth: 0.05 0.1 0.15 0.2 0.25 0.3 0.35
GCV: FALSE
Simulation: 40
Loading required package: iterators
Loading required package: parallel

Attaching package: ‘expm’

The following object is masked from ‘package:Matrix’:

    expm

Time difference of 2.963448 hours
    hr         hd is.cover90.hr is.cover95.hr is.cover90.hd is.cover95.hd
1 0.05 0.04830254          0.05          0.35           0.2         0.325
  SCB90.hr SCB95.hr  SCB90.hd  SCB95.hd
1 0.222663 0.243238 0.2047822 0.2234755
Time difference of 3.224419 hours
   hr         hd is.cover90.hr is.cover95.hr is.cover90.hd is.cover95.hd
2 0.1 0.09660509          0.95             1           0.9         0.975
   SCB90.hr  SCB95.hr  SCB90.hd  SCB95.hd
2 0.3065508 0.3363746 0.2883088 0.3180427
Time difference of 3.497233 hours
    hr        hd is.cover90.hr is.cover95.hr is.cover90.hd is.cover95.hd
3 0.15 0.1449076          0.95             1         0.875             1
   SCB90.hr  SCB95.hr  SCB90.hd  SCB95.hd
3 0.2993236 0.3282354 0.2845262 0.3136927
Time difference of 3.444684 hours
   hr        hd is.cover90.hr is.cover95.hr is.cover90.hd is.cover95.hd
4 0.2 0.1709976           0.9         0.975         0.875           0.9
   SCB90.hr  SCB95.hr  SCB90.hd  SCB95.hd
4 0.2681489 0.2946117 0.2574826 0.2842865
Time difference of 3.344528 hours
    hr        hd is.cover90.hr is.cover95.hr is.cover90.hd is.cover95.hd
5 0.25 0.1587401          0.85          0.95          0.85           0.9
  SCB90.hr  SCB95.hr SCB90.hd  SCB95.hd
5  0.24556 0.2695392 0.241421 0.2657821
Time difference of 3.39741 hours
   hr        hd is.cover90.hr is.cover95.hr is.cover90.hd is.cover95.hd
6 0.3 0.2008299         0.875         0.925         0.875         0.925
   SCB90.hr  SCB95.hr  SCB90.hd SCB95.hd
6 0.2160188 0.2380786 0.2136368  0.23599
Time difference of 3.441966 hours
    hr        hd is.cover90.hr is.cover95.hr is.cover90.hd is.cover95.hd
7 0.35 0.2466555         0.875         0.925         0.875         0.925
   SCB90.hr  SCB95.hr  SCB90.hd  SCB95.hd
7 0.1916688 0.2109272 0.1921895 0.2114081
