
Due to MODULEPATH changes, the following have been reloaded:
  1) mii/1.1.2

The following have been reloaded with a version change:
  1) StdEnv/2023 => StdEnv/2020           5) libfabric/1.18.0 => libfabric/1.10.1
  2) gcccore/.12.3 => gcccore/.9.3.0      6) openmpi/4.1.5 => openmpi/4.0.3
  3) gentoo/2023 => gentoo/2020           7) ucx/1.14.1 => ucx/1.8.0
  4) imkl/2023.2.0 => imkl/2020.1.217

Batch index: 1
Model: b
Sample size: 1000
Dimension: 18
Candidate vector: 40:200
Bandwidth: 0.05 0.1 0.15 0.2 0.25 0.3 0.35
GCV: FALSE
Simulation: 40
Loading required package: iterators
Loading required package: parallel

Attaching package: ‘expm’

The following object is masked from ‘package:Matrix’:

    expm

Time difference of 3.941802 hours
    hr         hd is.cover90.hr is.cover95.hr is.cover90.hd is.cover95.hd
1 0.05 0.04830254           0.1           0.3           0.1           0.3
   SCB90.hr  SCB95.hr  SCB90.hd  SCB95.hd
1 0.2256958 0.2487127 0.2059525 0.2254539
Time difference of 4.323799 hours
   hr         hd is.cover90.hr is.cover95.hr is.cover90.hd is.cover95.hd
2 0.1 0.09660509         0.925         0.975           0.9         0.975
  SCB90.hr  SCB95.hr  SCB90.hd SCB95.hd
2  0.30633 0.3354514 0.2905496 0.319335
Time difference of 4.02938 hours
    hr        hd is.cover90.hr is.cover95.hr is.cover90.hd is.cover95.hd
3 0.15 0.1449076           0.9             1         0.925         0.975
   SCB90.hr  SCB95.hr  SCB90.hd  SCB95.hd
3 0.3015002 0.3316107 0.2827879 0.3122808
Time difference of 4.495228 hours
   hr        hd is.cover90.hr is.cover95.hr is.cover90.hd is.cover95.hd
4 0.2 0.1709976         0.825         0.975         0.825         0.975
   SCB90.hr  SCB95.hr  SCB90.hd  SCB95.hd
4 0.2712887 0.2979308 0.2563357 0.2828525
Time difference of 4.569566 hours
    hr        hd is.cover90.hr is.cover95.hr is.cover90.hd is.cover95.hd
5 0.25 0.1587401           0.8         0.925         0.825         0.925
   SCB90.hr  SCB95.hr  SCB90.hd  SCB95.hd
5 0.2472132 0.2710855 0.2415615 0.2652765
Time difference of 4.249996 hours
   hr        hd is.cover90.hr is.cover95.hr is.cover90.hd is.cover95.hd
6 0.3 0.2008299         0.825         0.925           0.8         0.925
   SCB90.hr  SCB95.hr SCB90.hd  SCB95.hd
6 0.2168893 0.2383123 0.214338 0.2354164
Time difference of 4.265744 hours
    hr        hd is.cover90.hr is.cover95.hr is.cover90.hd is.cover95.hd
7 0.35 0.2466555         0.875         0.975         0.875         0.975
   SCB90.hr  SCB95.hr  SCB90.hd  SCB95.hd
7 0.1924402 0.2120412 0.1929841 0.2124584
