
Due to MODULEPATH changes, the following have been reloaded:
  1) mii/1.1.2

The following have been reloaded with a version change:
  1) StdEnv/2023 => StdEnv/2020           5) libfabric/1.18.0 => libfabric/1.10.1
  2) gcccore/.12.3 => gcccore/.9.3.0      6) openmpi/4.1.5 => openmpi/4.0.3
  3) gentoo/2023 => gentoo/2020           7) ucx/1.14.1 => ucx/1.8.0
  4) imkl/2023.2.0 => imkl/2020.1.217

Batch index: 10
Model: b
Sample size: 1000
Dimension: 18
Candidate vector: 40:200
Bandwidth: 0.05 0.1 0.15 0.2 0.25 0.3 0.35
GCV: FALSE
Simulation: 40
Loading required package: iterators
Loading required package: parallel

Attaching package: ‘expm’

The following object is masked from ‘package:Matrix’:

    expm

Time difference of 3.414149 hours
    hr         hd is.cover90.hr is.cover95.hr is.cover90.hd is.cover95.hd
1 0.05 0.04830254         0.075           0.3           0.1          0.35
   SCB90.hr  SCB95.hr  SCB90.hd  SCB95.hd
1 0.2260118 0.2483196 0.2079567 0.2281073
Time difference of 3.605198 hours
   hr         hd is.cover90.hr is.cover95.hr is.cover90.hd is.cover95.hd
2 0.1 0.09660509         0.825          0.95         0.825         0.925
   SCB90.hr  SCB95.hr  SCB90.hd  SCB95.hd
2 0.3050409 0.3345229 0.2896971 0.3182972
Time difference of 3.899379 hours
    hr        hd is.cover90.hr is.cover95.hr is.cover90.hd is.cover95.hd
3 0.15 0.1449076          0.95             1         0.875         0.925
   SCB90.hr  SCB95.hr  SCB90.hd SCB95.hd
3 0.2980536 0.3280777 0.2765886  0.30471
Time difference of 3.880763 hours
   hr        hd is.cover90.hr is.cover95.hr is.cover90.hd is.cover95.hd
4 0.2 0.1709976         0.975             1           0.9             1
   SCB90.hr  SCB95.hr  SCB90.hd  SCB95.hd
4 0.2719045 0.2992257 0.2537334 0.2798587
Time difference of 3.639749 hours
    hr        hd is.cover90.hr is.cover95.hr is.cover90.hd is.cover95.hd
5 0.25 0.1587401         0.925         0.975         0.925         0.975
   SCB90.hr  SCB95.hr  SCB90.hd  SCB95.hd
5 0.2492559 0.2732866 0.2425027 0.2664567
Time difference of 3.685471 hours
   hr        hd is.cover90.hr is.cover95.hr is.cover90.hd is.cover95.hd
6 0.3 0.2008299          0.95         0.975         0.925         0.975
   SCB90.hr  SCB95.hr  SCB90.hd  SCB95.hd
6 0.2188522 0.2410438 0.2155681 0.2378755
Time difference of 3.691449 hours
    hr        hd is.cover90.hr is.cover95.hr is.cover90.hd is.cover95.hd
7 0.35 0.2466555         0.875          0.95           0.9          0.95
   SCB90.hr  SCB95.hr  SCB90.hd  SCB95.hd
7 0.1922315 0.2118242 0.1928082 0.2123489
