
Due to MODULEPATH changes, the following have been reloaded:
  1) mii/1.1.2

The following have been reloaded with a version change:
  1) StdEnv/2023 => StdEnv/2020           5) libfabric/1.18.0 => libfabric/1.10.1
  2) gcccore/.12.3 => gcccore/.9.3.0      6) openmpi/4.1.5 => openmpi/4.0.3
  3) gentoo/2023 => gentoo/2020           7) ucx/1.14.1 => ucx/1.8.0
  4) imkl/2023.2.0 => imkl/2020.1.217

Batch index: 5
Model: b
Sample size: 1000
Dimension: 18
Candidate vector: 40:200
Bandwidth: 0.05 0.1 0.15 0.2 0.25 0.3 0.35
GCV: FALSE
Simulation: 40
Loading required package: iterators
Loading required package: parallel

Attaching package: ‘expm’

The following object is masked from ‘package:Matrix’:

    expm

Time difference of 2.920537 hours
    hr         hd is.cover90.hr is.cover95.hr is.cover90.hd is.cover95.hd
1 0.05 0.04830254         0.125           0.2         0.325         0.475
   SCB90.hr SCB95.hr  SCB90.hd  SCB95.hd
1 0.2286746  0.25212 0.2113666 0.2328288
Time difference of 3.153455 hours
   hr         hd is.cover90.hr is.cover95.hr is.cover90.hd is.cover95.hd
2 0.1 0.09660509          0.85         0.925         0.925          0.95
  SCB90.hr  SCB95.hr  SCB90.hd  SCB95.hd
2 0.299705 0.3277252 0.2807842 0.3083365
Time difference of 3.397487 hours
    hr        hd is.cover90.hr is.cover95.hr is.cover90.hd is.cover95.hd
3 0.15 0.1449076         0.975             1             1             1
   SCB90.hr  SCB95.hr  SCB90.hd  SCB95.hd
3 0.2942156 0.3237324 0.2756241 0.3040577
Time difference of 3.440634 hours
   hr        hd is.cover90.hr is.cover95.hr is.cover90.hd is.cover95.hd
4 0.2 0.1709976         0.975         0.975          0.95         0.975
  SCB90.hr  SCB95.hr  SCB90.hd  SCB95.hd
4 0.267744 0.2951344 0.2547993 0.2815999
Time difference of 3.374397 hours
    hr        hd is.cover90.hr is.cover95.hr is.cover90.hd is.cover95.hd
5 0.25 0.1587401         0.925         0.975         0.825         0.975
   SCB90.hr  SCB95.hr  SCB90.hd SCB95.hd
5 0.2463522 0.2711703 0.2409071 0.265424
Time difference of 3.402845 hours
   hr        hd is.cover90.hr is.cover95.hr is.cover90.hd is.cover95.hd
6 0.3 0.2008299         0.875         0.975          0.85          0.95
   SCB90.hr  SCB95.hr  SCB90.hd  SCB95.hd
6 0.2159505 0.2378691 0.2130557 0.2349349
Time difference of 3.437518 hours
    hr        hd is.cover90.hr is.cover95.hr is.cover90.hd is.cover95.hd
7 0.35 0.2466555           0.9         0.975           0.9         0.975
   SCB90.hr  SCB95.hr  SCB90.hd  SCB95.hd
7 0.1898666 0.2094616 0.1904433 0.2100401
