
Due to MODULEPATH changes, the following have been reloaded:
  1) mii/1.1.2

The following have been reloaded with a version change:
  1) StdEnv/2023 => StdEnv/2020           5) libfabric/1.18.0 => libfabric/1.10.1
  2) gcccore/.12.3 => gcccore/.9.3.0      6) openmpi/4.1.5 => openmpi/4.0.3
  3) gentoo/2023 => gentoo/2020           7) ucx/1.14.1 => ucx/1.8.0
  4) imkl/2023.2.0 => imkl/2020.1.217

Batch index: 6
Model: b
Sample size: 1000
Dimension: 18
Candidate vector: 40:200
Bandwidth: 0.05 0.1 0.15 0.2 0.25 0.3 0.35
GCV: FALSE
Simulation: 40
Loading required package: iterators
Loading required package: parallel

Attaching package: ‘expm’

The following object is masked from ‘package:Matrix’:

    expm

Time difference of 2.935492 hours
    hr         hd is.cover90.hr is.cover95.hr is.cover90.hd is.cover95.hd
1 0.05 0.04830254         0.075          0.15         0.225           0.4
   SCB90.hr  SCB95.hr  SCB90.hd  SCB95.hd
1 0.2214534 0.2429098 0.2023299 0.2212633
Time difference of 3.191035 hours
   hr         hd is.cover90.hr is.cover95.hr is.cover90.hd is.cover95.hd
2 0.1 0.09660509         0.825          0.95         0.875         0.975
   SCB90.hr  SCB95.hr  SCB90.hd  SCB95.hd
2 0.3042541 0.3335119 0.2889832 0.3169996
Time difference of 3.378028 hours
    hr        hd is.cover90.hr is.cover95.hr is.cover90.hd is.cover95.hd
3 0.15 0.1449076         0.975         0.975          0.95             1
   SCB90.hr  SCB95.hr  SCB90.hd  SCB95.hd
3 0.3039272 0.3341851 0.2867087 0.3181339
Time difference of 3.422004 hours
   hr        hd is.cover90.hr is.cover95.hr is.cover90.hd is.cover95.hd
4 0.2 0.1709976           0.9          0.95           0.9         0.975
   SCB90.hr SCB95.hr  SCB90.hd  SCB95.hd
4 0.2722929 0.299482 0.2593891 0.2870057
Time difference of 3.361169 hours
    hr        hd is.cover90.hr is.cover95.hr is.cover90.hd is.cover95.hd
5 0.25 0.1587401           0.9         0.925           0.9         0.925
   SCB90.hr  SCB95.hr  SCB90.hd  SCB95.hd
5 0.2474713 0.2714346 0.2420407 0.2662068
Time difference of 4.057489 hours
   hr        hd is.cover90.hr is.cover95.hr is.cover90.hd is.cover95.hd
6 0.3 0.2008299           0.9         0.925           0.9         0.925
   SCB90.hr  SCB95.hr  SCB90.hd  SCB95.hd
6 0.2156769 0.2366131 0.2129966 0.2339011
Time difference of 4.218492 hours
    hr        hd is.cover90.hr is.cover95.hr is.cover90.hd is.cover95.hd
7 0.35 0.2466555         0.825         0.925          0.85         0.925
   SCB90.hr SCB95.hr  SCB90.hd SCB95.hd
7 0.1908032 0.209881 0.1913235 0.210544
