
Due to MODULEPATH changes, the following have been reloaded:
  1) mii/1.1.2

The following have been reloaded with a version change:
  1) StdEnv/2023 => StdEnv/2020           5) libfabric/1.18.0 => libfabric/1.10.1
  2) gcccore/.12.3 => gcccore/.9.3.0      6) openmpi/4.1.5 => openmpi/4.0.3
  3) gentoo/2023 => gentoo/2020           7) ucx/1.14.1 => ucx/1.8.0
  4) imkl/2023.2.0 => imkl/2020.1.217

Batch index: 7
Model: b
Sample size: 1000
Dimension: 18
Candidate vector: 40:200
Bandwidth: 0.05 0.1 0.15 0.2 0.25 0.3 0.35
GCV: FALSE
Simulation: 40
Loading required package: iterators
Loading required package: parallel

Attaching package: ‘expm’

The following object is masked from ‘package:Matrix’:

    expm

Time difference of 3.814884 hours
    hr         hd is.cover90.hr is.cover95.hr is.cover90.hd is.cover95.hd
1 0.05 0.04830254         0.075          0.25         0.225         0.475
   SCB90.hr SCB95.hr  SCB90.hd  SCB95.hd
1 0.2292378 0.253405 0.2111092 0.2327205
Time difference of 4.020799 hours
   hr         hd is.cover90.hr is.cover95.hr is.cover90.hd is.cover95.hd
2 0.1 0.09660509          0.85         0.975         0.825         0.875
   SCB90.hr  SCB95.hr  SCB90.hd  SCB95.hd
2 0.3090818 0.3399527 0.2944018 0.3254385
Time difference of 4.331152 hours
    hr        hd is.cover90.hr is.cover95.hr is.cover90.hd is.cover95.hd
3 0.15 0.1449076         0.875             1          0.85             1
   SCB90.hr  SCB95.hr SCB90.hd  SCB95.hd
3 0.2974543 0.3281112  0.28098 0.3113443
Time difference of 4.475683 hours
   hr        hd is.cover90.hr is.cover95.hr is.cover90.hd is.cover95.hd
4 0.2 0.1709976           0.9             1         0.925             1
   SCB90.hr  SCB95.hr  SCB90.hd  SCB95.hd
4 0.2684448 0.2949198 0.2561182 0.2826172
Time difference of 4.370557 hours
    hr        hd is.cover90.hr is.cover95.hr is.cover90.hd is.cover95.hd
5 0.25 0.1587401         0.925             1          0.95             1
   SCB90.hr  SCB95.hr  SCB90.hd  SCB95.hd
5 0.2455748 0.2702954 0.2411535 0.2662772
Time difference of 4.476729 hours
   hr        hd is.cover90.hr is.cover95.hr is.cover90.hd is.cover95.hd
6 0.3 0.2008299         0.925             1         0.925             1
   SCB90.hr  SCB95.hr  SCB90.hd  SCB95.hd
6 0.2154871 0.2369242 0.2132436 0.2345028
Time difference of 4.356968 hours
    hr        hd is.cover90.hr is.cover95.hr is.cover90.hd is.cover95.hd
7 0.35 0.2466555           0.9             1           0.9             1
   SCB90.hr  SCB95.hr  SCB90.hd  SCB95.hd
7 0.1912564 0.2111399 0.1917402 0.2115988
