
Due to MODULEPATH changes, the following have been reloaded:
  1) mii/1.1.2

The following have been reloaded with a version change:
  1) StdEnv/2023 => StdEnv/2020           5) libfabric/1.18.0 => libfabric/1.10.1
  2) gcccore/.12.3 => gcccore/.9.3.0      6) openmpi/4.1.5 => openmpi/4.0.3
  3) gentoo/2023 => gentoo/2020           7) ucx/1.14.1 => ucx/1.8.0
  4) imkl/2023.2.0 => imkl/2020.1.217

Batch index: 8
Model: b
Sample size: 1000
Dimension: 18
Candidate vector: 40:200
Bandwidth: 0.05 0.1 0.15 0.2 0.25 0.3 0.35
GCV: FALSE
Simulation: 40
Loading required package: iterators
Loading required package: parallel

Attaching package: ‘expm’

The following object is masked from ‘package:Matrix’:

    expm

Time difference of 3.821959 hours
    hr         hd is.cover90.hr is.cover95.hr is.cover90.hd is.cover95.hd
1 0.05 0.04830254         0.175           0.3           0.2          0.35
   SCB90.hr  SCB95.hr SCB90.hd  SCB95.hd
1 0.2248643 0.2469401 0.201745 0.2199777
Time difference of 4.02918 hours
   hr         hd is.cover90.hr is.cover95.hr is.cover90.hd is.cover95.hd
2 0.1 0.09660509           0.8           0.9           0.8         0.975
   SCB90.hr  SCB95.hr  SCB90.hd  SCB95.hd
2 0.3105245 0.3421657 0.2934042 0.3243484
Time difference of 4.33473 hours
    hr        hd is.cover90.hr is.cover95.hr is.cover90.hd is.cover95.hd
3 0.15 0.1449076         0.875           0.9          0.95             1
   SCB90.hr  SCB95.hr  SCB90.hd  SCB95.hd
3 0.3007252 0.3314926 0.2821831 0.3121494
Time difference of 4.496354 hours
   hr        hd is.cover90.hr is.cover95.hr is.cover90.hd is.cover95.hd
4 0.2 0.1709976          0.85         0.875         0.925         0.975
   SCB90.hr  SCB95.hr  SCB90.hd  SCB95.hd
4 0.2716021 0.2990329 0.2569964 0.2839275
Time difference of 4.36247 hours
    hr        hd is.cover90.hr is.cover95.hr is.cover90.hd is.cover95.hd
5 0.25 0.1587401         0.875          0.95         0.875         0.975
  SCB90.hr  SCB95.hr  SCB90.hd  SCB95.hd
5 0.248321 0.2741121 0.2427509 0.2680376
Time difference of 4.450285 hours
   hr        hd is.cover90.hr is.cover95.hr is.cover90.hd is.cover95.hd
6 0.3 0.2008299           0.9         0.925           0.9          0.95
  SCB90.hr  SCB95.hr  SCB90.hd  SCB95.hd
6 0.215965 0.2381238 0.2130475 0.2349341
Time difference of 4.361564 hours
    hr        hd is.cover90.hr is.cover95.hr is.cover90.hd is.cover95.hd
7 0.35 0.2466555           0.9          0.95           0.9          0.95
   SCB90.hr  SCB95.hr  SCB90.hd SCB95.hd
7 0.1895109 0.2091286 0.1901466 0.209696
