
Due to MODULEPATH changes, the following have been reloaded:
  1) mii/1.1.2

The following have been reloaded with a version change:
  1) StdEnv/2023 => StdEnv/2020           5) libfabric/1.18.0 => libfabric/1.10.1
  2) gcccore/.12.3 => gcccore/.9.3.0      6) openmpi/4.1.5 => openmpi/4.0.3
  3) gentoo/2023 => gentoo/2020           7) ucx/1.14.1 => ucx/1.8.0
  4) imkl/2023.2.0 => imkl/2020.1.217

Batch index: 2
Model: b
Sample size: 1000
Dimension: 18
Candidate vector: 40:200
Bandwidth: 0.05 0.1 0.15 0.2 0.25 0.3 0.35
GCV: FALSE
Simulation: 40
Loading required package: iterators
Loading required package: parallel

Attaching package: ‘expm’

The following object is masked from ‘package:Matrix’:

    expm

Time difference of 2.886081 hours
    hr         hd is.cover90.hr is.cover95.hr is.cover90.hd is.cover95.hd
1 0.05 0.04830254         0.125           0.3         0.225          0.45
   SCB90.hr  SCB95.hr  SCB90.hd  SCB95.hd
1 0.2266027 0.2493152 0.2032713 0.2229295
Time difference of 3.154826 hours
   hr         hd is.cover90.hr is.cover95.hr is.cover90.hd is.cover95.hd
2 0.1 0.09660509         0.925         0.925           0.9         0.975
   SCB90.hr  SCB95.hr  SCB90.hd SCB95.hd
2 0.3124749 0.3434039 0.2941218 0.324628
Time difference of 3.307481 hours
    hr        hd is.cover90.hr is.cover95.hr is.cover90.hd is.cover95.hd
3 0.15 0.1449076         0.975         0.975          0.95         0.975
   SCB90.hr  SCB95.hr  SCB90.hd  SCB95.hd
3 0.3013899 0.3318281 0.2839992 0.3144314
Time difference of 3.308987 hours
   hr        hd is.cover90.hr is.cover95.hr is.cover90.hd is.cover95.hd
4 0.2 0.1709976          0.95             1         0.975             1
   SCB90.hr  SCB95.hr  SCB90.hd  SCB95.hd
4 0.2695338 0.2969997 0.2559451 0.2837329
Time difference of 3.286119 hours
    hr        hd is.cover90.hr is.cover95.hr is.cover90.hd is.cover95.hd
5 0.25 0.1587401             1             1         0.975             1
   SCB90.hr  SCB95.hr  SCB90.hd  SCB95.hd
5 0.2452819 0.2701905 0.2405003 0.2649396
Time difference of 3.64306 hours
   hr        hd is.cover90.hr is.cover95.hr is.cover90.hd is.cover95.hd
6 0.3 0.2008299         0.975             1         0.925             1
   SCB90.hr  SCB95.hr  SCB90.hd  SCB95.hd
6 0.2142875 0.2358839 0.2116144 0.2332944
Time difference of 4.767186 hours
    hr        hd is.cover90.hr is.cover95.hr is.cover90.hd is.cover95.hd
7 0.35 0.2466555         0.925         0.975          0.95         0.975
   SCB90.hr  SCB95.hr  SCB90.hd  SCB95.hd
7 0.1889797 0.2083605 0.1895761 0.2088255
