
Due to MODULEPATH changes, the following have been reloaded:
  1) mii/1.1.2

The following have been reloaded with a version change:
  1) StdEnv/2023 => StdEnv/2020           5) libfabric/1.18.0 => libfabric/1.10.1
  2) gcccore/.12.3 => gcccore/.9.3.0      6) openmpi/4.1.5 => openmpi/4.0.3
  3) gentoo/2023 => gentoo/2020           7) ucx/1.14.1 => ucx/1.8.0
  4) imkl/2023.2.0 => imkl/2020.1.217

Batch index: 8
Model: a
Sample size: 300
Dimension: 27
Candidate vector: 10:100
Bandwidth: 0.05 0.1 0.15 0.2 0.25 0.3 0.35
GCV: FALSE
Simulation: 40
Loading required package: iterators
Loading required package: parallel

Attaching package: ‘expm’

The following object is masked from ‘package:Matrix’:

    expm

Time difference of 1.843364 hours
    hr        hd is.cover90.hr is.cover95.hr is.cover90.hd is.cover95.hd
1 0.05 0.0485942             1             1             1             1
   SCB90.hr  SCB95.hr SCB90.hd  SCB95.hd
1 0.8086498 0.9051921 0.608903 0.6749594
Time difference of 1.894037 hours
   hr         hd is.cover90.hr is.cover95.hr is.cover90.hd is.cover95.hd
2 0.1 0.09718839             1             1             1             1
   SCB90.hr  SCB95.hr  SCB90.hd  SCB95.hd
2 0.5233692 0.5782009 0.4672364 0.5157826
Time difference of 2.035799 hours
    hr        hd is.cover90.hr is.cover95.hr is.cover90.hd is.cover95.hd
3 0.15 0.1457826             1             1         0.975             1
   SCB90.hr SCB95.hr  SCB90.hd SCB95.hd
3 0.4784161 0.527167 0.4418659 0.488236
Time difference of 2.08601 hours
   hr        hd is.cover90.hr is.cover95.hr is.cover90.hd is.cover95.hd
4 0.2 0.1943768             1             1             1             1
   SCB90.hr  SCB95.hr  SCB90.hd  SCB95.hd
4 0.4300778 0.4732237 0.4000854 0.4411597
Time difference of 2.184844 hours
    hr        hd is.cover90.hr is.cover95.hr is.cover90.hd is.cover95.hd
5 0.25 0.2371262          0.95             1          0.95             1
   SCB90.hr  SCB95.hr  SCB90.hd  SCB95.hd
5 0.3808486 0.4180776 0.3576352 0.3945202
Time difference of 2.117784 hours
   hr        hd is.cover90.hr is.cover95.hr is.cover90.hd is.cover95.hd
6 0.3 0.2231443          0.95         0.975         0.925         0.975
   SCB90.hr  SCB95.hr  SCB90.hd SCB95.hd
6 0.3528127 0.3873582 0.3446613 0.379446
Time difference of 2.146463 hours
    hr        hd is.cover90.hr is.cover95.hr is.cover90.hd is.cover95.hd
7 0.35 0.2466555         0.925         0.975         0.925         0.975
   SCB90.hr  SCB95.hr SCB90.hd  SCB95.hd
7 0.3177611 0.3488844 0.318827 0.3498805
