
Due to MODULEPATH changes, the following have been reloaded:
  1) mii/1.1.2

The following have been reloaded with a version change:
  1) StdEnv/2023 => StdEnv/2020           5) libfabric/1.18.0 => libfabric/1.10.1
  2) gcccore/.12.3 => gcccore/.9.3.0      6) openmpi/4.1.5 => openmpi/4.0.3
  3) gentoo/2023 => gentoo/2020           7) ucx/1.14.1 => ucx/1.8.0
  4) imkl/2023.2.0 => imkl/2020.1.217

Batch index: 7
Model: a
Sample size: 300
Dimension: 27
Candidate vector: 10:100
Bandwidth: 0.05 0.1 0.15 0.2 0.25 0.3 0.35
GCV: FALSE
Simulation: 40
Loading required package: iterators
Loading required package: parallel

Attaching package: ‘expm’

The following object is masked from ‘package:Matrix’:

    expm

Time difference of 1.852393 hours
    hr        hd is.cover90.hr is.cover95.hr is.cover90.hd is.cover95.hd
1 0.05 0.0485942             1             1             1             1
   SCB90.hr  SCB95.hr  SCB90.hd SCB95.hd
1 0.8373889 0.9450185 0.5988199 0.668321
Time difference of 1.914095 hours
   hr         hd is.cover90.hr is.cover95.hr is.cover90.hd is.cover95.hd
2 0.1 0.09718839             1             1         0.975             1
   SCB90.hr  SCB95.hr  SCB90.hd  SCB95.hd
2 0.5246172 0.5801382 0.4750563 0.5254916
Time difference of 2.046453 hours
    hr        hd is.cover90.hr is.cover95.hr is.cover90.hd is.cover95.hd
3 0.15 0.1457826             1             1         0.925             1
   SCB90.hr  SCB95.hr  SCB90.hd  SCB95.hd
3 0.4836965 0.5312867 0.4499337 0.4964463
Time difference of 2.104014 hours
   hr        hd is.cover90.hr is.cover95.hr is.cover90.hd is.cover95.hd
4 0.2 0.1943768         0.925         0.975          0.85         0.975
   SCB90.hr  SCB95.hr  SCB90.hd  SCB95.hd
4 0.4284828 0.4699011 0.3995617 0.4411889
Time difference of 2.189951 hours
    hr        hd is.cover90.hr is.cover95.hr is.cover90.hd is.cover95.hd
5 0.25 0.2371262           0.9         0.975         0.775          0.95
   SCB90.hr  SCB95.hr  SCB90.hd  SCB95.hd
5 0.3796627 0.4168561 0.3582435 0.3959275
Time difference of 2.105974 hours
   hr        hd is.cover90.hr is.cover95.hr is.cover90.hd is.cover95.hd
6 0.3 0.2231443           0.8          0.95           0.8         0.925
   SCB90.hr  SCB95.hr  SCB90.hd  SCB95.hd
6 0.3533296 0.3865537 0.3462669 0.3800294
Time difference of 2.140167 hours
    hr        hd is.cover90.hr is.cover95.hr is.cover90.hd is.cover95.hd
7 0.35 0.2466555           0.8           0.9           0.8         0.925
   SCB90.hr  SCB95.hr  SCB90.hd  SCB95.hd
7 0.3179205 0.3491333 0.3188444 0.3501561
