
Due to MODULEPATH changes, the following have been reloaded:
  1) mii/1.1.2

The following have been reloaded with a version change:
  1) StdEnv/2023 => StdEnv/2020           5) libfabric/1.18.0 => libfabric/1.10.1
  2) gcccore/.12.3 => gcccore/.9.3.0      6) openmpi/4.1.5 => openmpi/4.0.3
  3) gentoo/2023 => gentoo/2020           7) ucx/1.14.1 => ucx/1.8.0
  4) imkl/2023.2.0 => imkl/2020.1.217

Batch index: 5
Model: a
Sample size: 300
Dimension: 27
Candidate vector: 10:100
Bandwidth: 0.05 0.1 0.15 0.2 0.25 0.3 0.35
GCV: FALSE
Simulation: 40
Loading required package: iterators
Loading required package: parallel

Attaching package: ‘expm’

The following object is masked from ‘package:Matrix’:

    expm

Time difference of 1.906114 hours
    hr        hd is.cover90.hr is.cover95.hr is.cover90.hd is.cover95.hd
1 0.05 0.0485942         0.975             1             1             1
   SCB90.hr  SCB95.hr  SCB90.hd  SCB95.hd
1 0.7944242 0.8899625 0.6013117 0.6691759
Time difference of 2.038862 hours
   hr         hd is.cover90.hr is.cover95.hr is.cover90.hd is.cover95.hd
2 0.1 0.09718839             1             1         0.975             1
   SCB90.hr  SCB95.hr  SCB90.hd  SCB95.hd
2 0.5156842 0.5687608 0.4632991 0.5110747
Time difference of 2.144539 hours
    hr        hd is.cover90.hr is.cover95.hr is.cover90.hd is.cover95.hd
3 0.15 0.1457826         0.975         0.975         0.975         0.975
   SCB90.hr SCB95.hr  SCB90.hd SCB95.hd
3 0.4786112 0.526435 0.4404719 0.485613
Time difference of 2.145837 hours
   hr        hd is.cover90.hr is.cover95.hr is.cover90.hd is.cover95.hd
4 0.2 0.1943768         0.925             1          0.95         0.975
   SCB90.hr  SCB95.hr  SCB90.hd  SCB95.hd
4 0.4280942 0.4712592 0.3994629 0.4430859
Time difference of 2.23882 hours
    hr        hd is.cover90.hr is.cover95.hr is.cover90.hd is.cover95.hd
5 0.25 0.2371262         0.975         0.975          0.95          0.95
   SCB90.hr  SCB95.hr SCB90.hd  SCB95.hd
5 0.3795906 0.4171131 0.357696 0.3947417
Time difference of 2.208469 hours
   hr        hd is.cover90.hr is.cover95.hr is.cover90.hd is.cover95.hd
6 0.3 0.2231443         0.925         0.975         0.925         0.975
   SCB90.hr  SCB95.hr  SCB90.hd SCB95.hd
6 0.3529399 0.3872569 0.3456257 0.380048
Time difference of 2.195169 hours
    hr        hd is.cover90.hr is.cover95.hr is.cover90.hd is.cover95.hd
7 0.35 0.2466555         0.925          0.95         0.925          0.95
  SCB90.hr  SCB95.hr  SCB90.hd  SCB95.hd
7 0.317203 0.3482225 0.3181232 0.3490441
