
Due to MODULEPATH changes, the following have been reloaded:
  1) mii/1.1.2

The following have been reloaded with a version change:
  1) StdEnv/2023 => StdEnv/2020           5) libfabric/1.18.0 => libfabric/1.10.1
  2) gcccore/.12.3 => gcccore/.9.3.0      6) openmpi/4.1.5 => openmpi/4.0.3
  3) gentoo/2023 => gentoo/2020           7) ucx/1.14.1 => ucx/1.8.0
  4) imkl/2023.2.0 => imkl/2020.1.217

Batch index: 2
Model: a
Sample size: 300
Dimension: 27
Candidate vector: 10:100
Bandwidth: 0.05 0.1 0.15 0.2 0.25 0.3 0.35
GCV: FALSE
Simulation: 40
Loading required package: iterators
Loading required package: parallel

Attaching package: ‘expm’

The following object is masked from ‘package:Matrix’:

    expm

Time difference of 1.732219 hours
    hr        hd is.cover90.hr is.cover95.hr is.cover90.hd is.cover95.hd
1 0.05 0.0485942             1             1             1             1
   SCB90.hr  SCB95.hr  SCB90.hd  SCB95.hd
1 0.8466113 0.9563365 0.6212603 0.6959267
Time difference of 1.847406 hours
   hr         hd is.cover90.hr is.cover95.hr is.cover90.hd is.cover95.hd
2 0.1 0.09718839             1             1         0.975         0.975
   SCB90.hr  SCB95.hr  SCB90.hd  SCB95.hd
2 0.5261452 0.5790558 0.4683026 0.5159213
Time difference of 1.9639 hours
    hr        hd is.cover90.hr is.cover95.hr is.cover90.hd is.cover95.hd
3 0.15 0.1457826         0.975             1          0.95         0.975
  SCB90.hr  SCB95.hr SCB90.hd  SCB95.hd
3 0.473136 0.5169451 0.438573 0.4840897
Time difference of 1.979813 hours
   hr        hd is.cover90.hr is.cover95.hr is.cover90.hd is.cover95.hd
4 0.2 0.1943768         0.925         0.975         0.875         0.925
   SCB90.hr  SCB95.hr  SCB90.hd  SCB95.hd
4 0.4221394 0.4626196 0.3954682 0.4362559
Time difference of 2.059799 hours
    hr        hd is.cover90.hr is.cover95.hr is.cover90.hd is.cover95.hd
5 0.25 0.2371262          0.95          0.95          0.85          0.95
   SCB90.hr  SCB95.hr  SCB90.hd  SCB95.hd
5 0.3801555 0.4180825 0.3627309 0.4005959
Time difference of 2.000154 hours
   hr        hd is.cover90.hr is.cover95.hr is.cover90.hd is.cover95.hd
6 0.3 0.2231443           0.9          0.95         0.875         0.925
   SCB90.hr  SCB95.hr  SCB90.hd  SCB95.hd
6 0.3550902 0.3899616 0.3492873 0.3846415
Time difference of 2.023087 hours
    hr        hd is.cover90.hr is.cover95.hr is.cover90.hd is.cover95.hd
7 0.35 0.2466555          0.85         0.925          0.85         0.925
   SCB90.hr  SCB95.hr  SCB90.hd  SCB95.hd
7 0.3205991 0.3531979 0.3212673 0.3541989
