
Due to MODULEPATH changes, the following have been reloaded:
  1) mii/1.1.2

The following have been reloaded with a version change:
  1) StdEnv/2023 => StdEnv/2020           5) libfabric/1.18.0 => libfabric/1.10.1
  2) gcccore/.12.3 => gcccore/.9.3.0      6) openmpi/4.1.5 => openmpi/4.0.3
  3) gentoo/2023 => gentoo/2020           7) ucx/1.14.1 => ucx/1.8.0
  4) imkl/2023.2.0 => imkl/2020.1.217

Batch index: 1
Model: a
Sample size: 300
Dimension: 27
Candidate vector: 10:100
Bandwidth: 0.05 0.1 0.15 0.2 0.25 0.3 0.35
GCV: FALSE
Simulation: 40
Loading required package: iterators
Loading required package: parallel

Attaching package: ‘expm’

The following object is masked from ‘package:Matrix’:

    expm

Time difference of 1.689524 hours
    hr        hd is.cover90.hr is.cover95.hr is.cover90.hd is.cover95.hd
1 0.05 0.0485942             1             1             1             1
   SCB90.hr  SCB95.hr  SCB90.hd  SCB95.hd
1 0.8018623 0.9006228 0.6349298 0.7096577
Time difference of 1.743362 hours
   hr         hd is.cover90.hr is.cover95.hr is.cover90.hd is.cover95.hd
2 0.1 0.09718839             1             1             1             1
   SCB90.hr  SCB95.hr  SCB90.hd  SCB95.hd
2 0.5233779 0.5772514 0.4689419 0.5184635
Time difference of 1.885327 hours
    hr        hd is.cover90.hr is.cover95.hr is.cover90.hd is.cover95.hd
3 0.15 0.1457826             1             1             1             1
   SCB90.hr SCB95.hr  SCB90.hd  SCB95.hd
3 0.4786112 0.526445 0.4423462 0.4885786
Time difference of 1.859767 hours
   hr        hd is.cover90.hr is.cover95.hr is.cover90.hd is.cover95.hd
4 0.2 0.1943768             1             1         0.975             1
   SCB90.hr SCB95.hr  SCB90.hd  SCB95.hd
4 0.4308343 0.473571 0.4026993 0.4456467
Time difference of 1.957102 hours
    hr        hd is.cover90.hr is.cover95.hr is.cover90.hd is.cover95.hd
5 0.25 0.2371262         0.975             1          0.95             1
   SCB90.hr  SCB95.hr  SCB90.hd  SCB95.hd
5 0.3847235 0.4238074 0.3658105 0.4044212
Time difference of 1.935471 hours
   hr        hd is.cover90.hr is.cover95.hr is.cover90.hd is.cover95.hd
6 0.3 0.2231443         0.925             1          0.95             1
   SCB90.hr  SCB95.hr  SCB90.hd  SCB95.hd
6 0.3573194 0.3936463 0.3507967 0.3875398
Time difference of 1.891627 hours
    hr        hd is.cover90.hr is.cover95.hr is.cover90.hd is.cover95.hd
7 0.35 0.2466555         0.925             1          0.95             1
   SCB90.hr  SCB95.hr  SCB90.hd  SCB95.hd
7 0.3215806 0.3547929 0.3224579 0.3555189
