
Due to MODULEPATH changes, the following have been reloaded:
  1) mii/1.1.2

The following have been reloaded with a version change:
  1) StdEnv/2023 => StdEnv/2020           5) libfabric/1.18.0 => libfabric/1.10.1
  2) gcccore/.12.3 => gcccore/.9.3.0      6) openmpi/4.1.5 => openmpi/4.0.3
  3) gentoo/2023 => gentoo/2020           7) ucx/1.14.1 => ucx/1.8.0
  4) imkl/2023.2.0 => imkl/2020.1.217

Batch index: 9
Model: a
Sample size: 300
Dimension: 27
Candidate vector: 10:100
Bandwidth: 0.05 0.1 0.15 0.2 0.25 0.3 0.35
GCV: FALSE
Simulation: 40
Loading required package: iterators
Loading required package: parallel

Attaching package: ‘expm’

The following object is masked from ‘package:Matrix’:

    expm

Time difference of 1.927021 hours
    hr        hd is.cover90.hr is.cover95.hr is.cover90.hd is.cover95.hd
1 0.05 0.0485942             1             1             1             1
   SCB90.hr  SCB95.hr  SCB90.hd  SCB95.hd
1 0.7944847 0.8894701 0.6205352 0.6956729
Time difference of 2.034915 hours
   hr         hd is.cover90.hr is.cover95.hr is.cover90.hd is.cover95.hd
2 0.1 0.09718839             1             1         0.975         0.975
   SCB90.hr  SCB95.hr  SCB90.hd  SCB95.hd
2 0.5269858 0.5829972 0.4671226 0.5154191
Time difference of 2.118775 hours
    hr        hd is.cover90.hr is.cover95.hr is.cover90.hd is.cover95.hd
3 0.15 0.1457826             1             1          0.95         0.975
   SCB90.hr  SCB95.hr  SCB90.hd  SCB95.hd
3 0.4904617 0.5396796 0.4494671 0.4973077
Time difference of 2.203495 hours
   hr        hd is.cover90.hr is.cover95.hr is.cover90.hd is.cover95.hd
4 0.2 0.1943768             1             1         0.925         0.975
   SCB90.hr  SCB95.hr SCB90.hd  SCB95.hd
4 0.4396378 0.4844566 0.410231 0.4544682
Time difference of 2.224864 hours
    hr        hd is.cover90.hr is.cover95.hr is.cover90.hd is.cover95.hd
5 0.25 0.2371262         0.975             1           0.9             1
   SCB90.hr  SCB95.hr  SCB90.hd  SCB95.hd
5 0.3908687 0.4305098 0.3702141 0.4094596
Time difference of 2.171127 hours
   hr        hd is.cover90.hr is.cover95.hr is.cover90.hd is.cover95.hd
6 0.3 0.2231443           0.9             1         0.875             1
   SCB90.hr  SCB95.hr  SCB90.hd  SCB95.hd
6 0.3584678 0.3950677 0.3522622 0.3880077
Time difference of 2.161515 hours
    hr        hd is.cover90.hr is.cover95.hr is.cover90.hd is.cover95.hd
7 0.35 0.2466555          0.85          0.95          0.85         0.975
   SCB90.hr  SCB95.hr SCB90.hd  SCB95.hd
7 0.3225586 0.3550847  0.32349 0.3559041
