
Due to MODULEPATH changes, the following have been reloaded:
  1) mii/1.1.2

The following have been reloaded with a version change:
  1) StdEnv/2023 => StdEnv/2020           5) libfabric/1.18.0 => libfabric/1.10.1
  2) gcccore/.12.3 => gcccore/.9.3.0      6) openmpi/4.1.5 => openmpi/4.0.3
  3) gentoo/2023 => gentoo/2020           7) ucx/1.14.1 => ucx/1.8.0
  4) imkl/2023.2.0 => imkl/2020.1.217

Loading required package: iterators
Loading required package: parallel
Loading required package: Matrix

Attaching package: ‘expm’

The following object is masked from ‘package:Matrix’:

    expm

Time difference of 21.52809 mins
    hr         hd coverage90 coverage95  width90  width95
1 0.05 0.00264674      0.925      0.975 1.813714 2.086197
Time difference of 21.16954 mins
   hr         hd coverage90 coverage95   width90   width95
2 0.1 0.01058696      0.925       0.95 0.7043875 0.7938451
Time difference of 21.84907 mins
    hr         hd coverage90 coverage95   width90   width95
3 0.15 0.02382066       0.95      0.975 0.5445118 0.6089585
Time difference of 21.5344 mins
   hr         hd coverage90 coverage95  width90   width95
4 0.2 0.04234783       0.95      0.975 0.476492 0.5354134
Time difference of 21.86738 mins
    hr         hd coverage90 coverage95   width90  width95
5 0.25 0.06616849      0.825       0.95 0.4318491 0.485668
Time difference of 21.97786 mins
   hr         hd coverage90 coverage95   width90   width95
6 0.3 0.09528263      0.775        0.9 0.3900602 0.4404414
Time difference of 21.92559 mins
    hr        hd coverage90 coverage95   width90   width95
7 0.35 0.1296902      0.775      0.825 0.3491019 0.3964377
