
Due to MODULEPATH changes, the following have been reloaded:
  1) mii/1.1.2

The following have been reloaded with a version change:
  1) StdEnv/2023 => StdEnv/2020           5) libfabric/1.18.0 => libfabric/1.10.1
  2) gcccore/.12.3 => gcccore/.9.3.0      6) openmpi/4.1.5 => openmpi/4.0.3
  3) gentoo/2023 => gentoo/2020           7) ucx/1.14.1 => ucx/1.8.0
  4) imkl/2023.2.0 => imkl/2020.1.217

Loading required package: iterators
Loading required package: parallel
Loading required package: Matrix

Attaching package: ‘expm’

The following object is masked from ‘package:Matrix’:

    expm

Time difference of 21.21878 mins
    hr         hd coverage90 coverage95  width90  width95
1 0.05 0.00264674      0.925       0.95 2.041346 2.369653
Time difference of 20.72017 mins
   hr         hd coverage90 coverage95   width90   width95
2 0.1 0.01058696      0.975      0.975 0.7363403 0.8361556
Time difference of 21.2019 mins
    hr         hd coverage90 coverage95   width90   width95
3 0.15 0.02382066       0.95       0.95 0.5633286 0.6321453
Time difference of 21.26973 mins
   hr         hd coverage90 coverage95   width90   width95
4 0.2 0.04234783      0.925       0.95 0.4966645 0.5570802
Time difference of 21.34071 mins
    hr         hd coverage90 coverage95   width90   width95
5 0.25 0.06616849        0.9       0.95 0.4391246 0.4931233
Time difference of 21.22882 mins
   hr         hd coverage90 coverage95   width90   width95
6 0.3 0.09528263        0.9       0.95 0.3908023 0.4403852
Time difference of 21.56926 mins
    hr        hd coverage90 coverage95   width90   width95
7 0.35 0.1296902      0.875       0.95 0.3501817 0.3966624
