
Due to MODULEPATH changes, the following have been reloaded:
  1) mii/1.1.2

The following have been reloaded with a version change:
  1) StdEnv/2023 => StdEnv/2020           5) libfabric/1.18.0 => libfabric/1.10.1
  2) gcccore/.12.3 => gcccore/.9.3.0      6) openmpi/4.1.5 => openmpi/4.0.3
  3) gentoo/2023 => gentoo/2020           7) ucx/1.14.1 => ucx/1.8.0
  4) imkl/2023.2.0 => imkl/2020.1.217

Loading required package: iterators
Loading required package: parallel
Loading required package: Matrix

Attaching package: ‘expm’

The following object is masked from ‘package:Matrix’:

    expm

Time difference of 21.37461 mins
    hr         hd coverage90 coverage95  width90  width95
1 0.05 0.00264674      0.975      0.975 2.337616 2.730238
Time difference of 21.01057 mins
   hr         hd coverage90 coverage95   width90  width95
2 0.1 0.01058696          1          1 0.6903183 0.776653
Time difference of 21.08732 mins
    hr         hd coverage90 coverage95   width90 width95
3 0.15 0.02382066      0.925      0.975 0.5453678 0.61273
Time difference of 21.11826 mins
   hr         hd coverage90 coverage95   width90   width95
4 0.2 0.04234783      0.875      0.925 0.4810212 0.5396352
Time difference of 21.25882 mins
    hr         hd coverage90 coverage95   width90   width95
5 0.25 0.06616849        0.9        0.9 0.4328233 0.4870106
Time difference of 21.34823 mins
   hr         hd coverage90 coverage95   width90   width95
6 0.3 0.09528263        0.8        0.9 0.3895648 0.4373745
Time difference of 21.3971 mins
    hr        hd coverage90 coverage95   width90  width95
7 0.35 0.1296902      0.875        0.9 0.3517136 0.397463
