
Due to MODULEPATH changes, the following have been reloaded:
  1) mii/1.1.2

The following have been reloaded with a version change:
  1) StdEnv/2023 => StdEnv/2020           5) libfabric/1.18.0 => libfabric/1.10.1
  2) gcccore/.12.3 => gcccore/.9.3.0      6) openmpi/4.1.5 => openmpi/4.0.3
  3) gentoo/2023 => gentoo/2020           7) ucx/1.14.1 => ucx/1.8.0
  4) imkl/2023.2.0 => imkl/2020.1.217

Loading required package: iterators
Loading required package: parallel

Attaching package: ‘expm’

The following object is masked from ‘package:Matrix’:

    expm

Time difference of 1.466829 hours
   is.cover90 is.cover95     SCB90     SCB95   hr.lower    hr.opt  hr.upper
1           1          1 0.2736440 0.3186483 0.08891397 0.2108185 0.2108185
2           1          1 0.2512378 0.2885062 0.08891397 0.2108185 0.2108185
3           0          0 0.2069638 0.2316408 0.08891397 0.2108185 0.2108185
4           0          0 0.2384717 0.2696061 0.08891397 0.2108185 0.2108185
5           1          1 0.2409409 0.2813687 0.08891397 0.2108185 0.2108185
6           1          1 0.2781773 0.3163416 0.08891397 0.2108185 0.2108185
7           1          1 0.2680129 0.3077841 0.08891397 0.2108185 0.2108185
8           1          1 0.2361796 0.2674203 0.08891397 0.2108185 0.2108185
9           1          1 0.2349416 0.2590834 0.08891397 0.2108185 0.2108185
10          1          1 0.2572624 0.2906590 0.08891397 0.2108185 0.2108185
11          1          1 0.3396585 0.3965443 0.08891397 0.2108185 0.2108185
12          1          1 0.2236440 0.2522103 0.08891397 0.1295488 0.2108185
13          1          1 0.2777076 0.3109142 0.08891397 0.2108185 0.2108185
14          1          1 0.2502290 0.2737653 0.08891397 0.2108185 0.2108185
15          1          1 0.2210697 0.2460595 0.08891397 0.1837286 0.2108185
16          1          1 0.3380872 0.3887805 0.08891397 0.1972736 0.2108185
17          1          1 0.3080695 0.3543997 0.08891397 0.2108185 0.2108185
18          0          1 0.1999880 0.2240896 0.08891397 0.2108185 0.2108185
19          1          1 0.3343014 0.3846431 0.08891397 0.2108185 0.2108185
20          1          1 0.2815046 0.3242698 0.08891397 0.2108185 0.2108185
21          1          1 0.2872250 0.3284415 0.08891397 0.2108185 0.2108185
22          1          1 0.2121136 0.2352237 0.08891397 0.2108185 0.2108185
23          1          1 0.2800186 0.3151630 0.08891397 0.2108185 0.2108185
24          1          1 0.2960118 0.3529862 0.08891397 0.2108185 0.2108185
25          1          1 0.2337058 0.2638514 0.08891397 0.2108185 0.2108185
26          1          1 0.2821417 0.3153535 0.08891397 0.1837286 0.2108185
27          1          1 0.3376962 0.4000101 0.08891397 0.1701837 0.2108185
28          1          1 0.2531753 0.2819790 0.08891397 0.2108185 0.2108185
29          1          1 0.2659316 0.3043761 0.08891397 0.2108185 0.2108185
30          1          1 0.2052466 0.2293509 0.08891397 0.2108185 0.2108185
31          1          1 0.2044199 0.2294277 0.08891397 0.2108185 0.2108185
32          1          1 0.2707933 0.3077596 0.08891397 0.2108185 0.2108185
33          1          1 0.2834420 0.3283556 0.08891397 0.1972736 0.2108185
34          1          1 0.3101928 0.3428318 0.08891397 0.2108185 0.2108185
35          1          1 0.2787057 0.3067843 0.08891397 0.2108185 0.2108185
36          0          1 0.2114021 0.2355250 0.08891397 0.2108185 0.2108185
37          1          1 0.3007079 0.3471518 0.08891397 0.2108185 0.2108185
38          1          1 0.2184087 0.2485198 0.08891397 0.2108185 0.2108185
39          1          1 0.3154291 0.3568013 0.08891397 0.2108185 0.2108185
40          1          1 0.3480749 0.4085823 0.08891397 0.2108185 0.2108185
