
Due to MODULEPATH changes, the following have been reloaded:
  1) mii/1.1.2

The following have been reloaded with a version change:
  1) StdEnv/2023 => StdEnv/2020           5) libfabric/1.18.0 => libfabric/1.10.1
  2) gcccore/.12.3 => gcccore/.9.3.0      6) openmpi/4.1.5 => openmpi/4.0.3
  3) gentoo/2023 => gentoo/2020           7) ucx/1.14.1 => ucx/1.8.0
  4) imkl/2023.2.0 => imkl/2020.1.217

Loading required package: iterators
Loading required package: parallel

Attaching package: ‘expm’

The following object is masked from ‘package:Matrix’:

    expm

Time difference of 1.483389 hours
   is.cover90 is.cover95     SCB90     SCB95   hr.lower    hr.opt  hr.upper
1           1          1 0.2168617 0.2492167 0.08891397 0.2108185 0.2108185
2           1          1 0.2760110 0.3106435 0.08891397 0.2108185 0.2108185
3           0          0 0.1981315 0.2203429 0.08891397 0.2108185 0.2108185
4           1          1 0.2617904 0.3022861 0.08891397 0.2108185 0.2108185
5           1          1 0.3104065 0.3502539 0.08891397 0.1837286 0.2108185
6           1          1 0.2134648 0.2365618 0.08891397 0.1837286 0.2108185
7           1          1 0.2806766 0.3176474 0.08891397 0.2108185 0.2108185
8           1          1 0.2695639 0.3006234 0.08891397 0.2108185 0.2108185
9           1          1 0.1726712 0.1953773 0.08891397 0.2108185 0.2108185
10          1          1 0.2111752 0.2433830 0.08891397 0.2108185 0.2108185
11          1          1 0.2143609 0.2399418 0.08891397 0.2108185 0.2108185
12          0          0 0.2018520 0.2217775 0.08891397 0.2108185 0.2108185
13          1          1 0.2302406 0.2578551 0.08891397 0.2108185 0.2108185
14          0          1 0.2082278 0.2385952 0.08891397 0.2108185 0.2108185
15          1          1 0.2712763 0.3020015 0.08891397 0.2108185 0.2108185
16          1          1 0.2410780 0.2814973 0.08891397 0.2108185 0.2108185
17          1          1 0.2273272 0.2589382 0.08891397 0.2108185 0.2108185
18          1          1 0.2295590 0.2600476 0.08891397 0.2108185 0.2108185
19          1          1 0.2364380 0.2789879 0.08891397 0.2108185 0.2108185
20          1          1 0.2430126 0.2754228 0.08891397 0.2108185 0.2108185
21          1          1 0.2508054 0.2958086 0.08891397 0.2108185 0.2108185
22          1          1 0.2464458 0.2833884 0.08891397 0.2108185 0.2108185
23          1          1 0.2647854 0.2976994 0.08891397 0.2108185 0.2108185
24          1          1 0.2924728 0.3348002 0.08891397 0.2108185 0.2108185
25          1          1 0.2808236 0.3126699 0.08891397 0.1295488 0.2108185
26          1          1 0.2413637 0.2669109 0.08891397 0.2108185 0.2108185
27          1          1 0.2349005 0.2684693 0.08891397 0.2108185 0.2108185
28          1          1 0.2762459 0.3105403 0.08891397 0.2108185 0.2108185
29          1          1 0.2385458 0.2750298 0.08891397 0.1837286 0.2108185
30          1          1 0.2605245 0.3055997 0.08891397 0.2108185 0.2108185
31          1          1 0.2685632 0.2994064 0.08891397 0.2108185 0.2108185
32          1          1 0.2493176 0.2766592 0.08891397 0.2108185 0.2108185
33          1          1 0.2791245 0.3260514 0.08891397 0.2108185 0.2108185
34          1          1 0.2949141 0.3349102 0.08891397 0.2108185 0.2108185
35          1          1 0.2394859 0.2656025 0.08891397 0.2108185 0.2108185
36          1          1 0.2284679 0.2585557 0.08891397 0.1701837 0.2108185
37          1          1 0.3065690 0.3520698 0.08891397 0.1566387 0.2108185
38          1          1 0.2277821 0.2541893 0.08891397 0.1972736 0.2108185
39          1          1 0.2780680 0.3110878 0.08891397 0.2108185 0.2108185
40          1          1 0.3167181 0.3521102 0.08891397 0.1295488 0.2108185
