
Due to MODULEPATH changes, the following have been reloaded:
  1) mii/1.1.2

The following have been reloaded with a version change:
  1) StdEnv/2023 => StdEnv/2020           5) libfabric/1.18.0 => libfabric/1.10.1
  2) gcccore/.12.3 => gcccore/.9.3.0      6) openmpi/4.1.5 => openmpi/4.0.3
  3) gentoo/2023 => gentoo/2020           7) ucx/1.14.1 => ucx/1.8.0
  4) imkl/2023.2.0 => imkl/2020.1.217

Loading required package: iterators
Loading required package: parallel

Attaching package: ‘expm’

The following object is masked from ‘package:Matrix’:

    expm

Time difference of 1.502752 hours
   is.cover90 is.cover95     SCB90     SCB95   hr.lower    hr.opt  hr.upper
1           0          0 0.2019358 0.2252232 0.08891397 0.2108185 0.2108185
2           0          0 0.1698900 0.1940638 0.08891397 0.2108185 0.2108185
3           1          1 0.2704850 0.3045238 0.08891397 0.2108185 0.2108185
4           1          1 0.2217524 0.2481377 0.08891397 0.2108185 0.2108185
5           1          1 0.2376229 0.2687082 0.08891397 0.2108185 0.2108185
6           1          1 0.2055033 0.2325861 0.08891397 0.2108185 0.2108185
7           0          0 0.1569276 0.1747062 0.08891397 0.2108185 0.2108185
8           1          1 0.2917956 0.3410778 0.08891397 0.2108185 0.2108185
9           1          1 0.2770808 0.3137027 0.08891397 0.2108185 0.2108185
10          1          1 0.2470156 0.2838741 0.08891397 0.2108185 0.2108185
11          1          1 0.2586119 0.2894421 0.08891397 0.2108185 0.2108185
12          1          1 0.3000758 0.3647912 0.08891397 0.2108185 0.2108185
13          1          1 0.2320680 0.2722027 0.08891397 0.2108185 0.2108185
14          1          1 0.2351452 0.2684263 0.08891397 0.2108185 0.2108185
15          1          1 0.2803429 0.3197964 0.08891397 0.1972736 0.2108185
16          1          1 0.2867452 0.3343538 0.08891397 0.2108185 0.2108185
17          1          1 0.2014545 0.2252718 0.08891397 0.2108185 0.2108185
18          1          1 0.2477454 0.2752427 0.08891397 0.1701837 0.2108185
19          1          1 0.2449206 0.2735833 0.08891397 0.1837286 0.2108185
20          1          1 0.2922268 0.3250495 0.08891397 0.2108185 0.2108185
21          1          1 0.2535402 0.2847079 0.08891397 0.1701837 0.2108185
22          1          1 0.2504602 0.2785521 0.08891397 0.2108185 0.2108185
23          1          1 0.2209997 0.2520856 0.08891397 0.2108185 0.2108185
24          1          1 0.3217066 0.3638401 0.08891397 0.2108185 0.2108185
25          1          1 0.2859604 0.3370845 0.08891397 0.2108185 0.2108185
26          1          1 0.2400395 0.2763637 0.08891397 0.2108185 0.2108185
27          1          1 0.2169864 0.2466124 0.08891397 0.2108185 0.2108185
28          1          1 0.2688070 0.2966222 0.08891397 0.2108185 0.2108185
29          1          1 0.1978246 0.2227555 0.08891397 0.2108185 0.2108185
30          1          1 0.2087409 0.2354948 0.08891397 0.2108185 0.2108185
31          1          1 0.2608324 0.3004023 0.08891397 0.2108185 0.2108185
32          1          1 0.2072317 0.2376962 0.08891397 0.2108185 0.2108185
33          1          1 0.2059260 0.2320934 0.08891397 0.2108185 0.2108185
34          1          1 0.2907095 0.3268660 0.08891397 0.2108185 0.2108185
35          1          1 0.3097365 0.3576099 0.08891397 0.2108185 0.2108185
36          1          1 0.2865836 0.3261687 0.08891397 0.1837286 0.2108185
37          1          1 0.2471157 0.2837844 0.08891397 0.2108185 0.2108185
38          1          1 0.2216653 0.2589627 0.08891397 0.2108185 0.2108185
39          1          1 0.2715356 0.3057061 0.08891397 0.2108185 0.2108185
40          1          1 0.2170356 0.2446133 0.08891397 0.2108185 0.2108185
