
Due to MODULEPATH changes, the following have been reloaded:
  1) mii/1.1.2

The following have been reloaded with a version change:
  1) StdEnv/2023 => StdEnv/2020           5) libfabric/1.18.0 => libfabric/1.10.1
  2) gcccore/.12.3 => gcccore/.9.3.0      6) openmpi/4.1.5 => openmpi/4.0.3
  3) gentoo/2023 => gentoo/2020           7) ucx/1.14.1 => ucx/1.8.0
  4) imkl/2023.2.0 => imkl/2020.1.217

Loading required package: iterators
Loading required package: parallel

Attaching package: ‘expm’

The following object is masked from ‘package:Matrix’:

    expm

Time difference of 1.603907 hours
   is.cover90 is.cover95     SCB90     SCB95   hr.lower    hr.opt  hr.upper
1           1          1 0.2953975 0.3368070 0.08891397 0.2108185 0.2108185
2           1          1 0.2498642 0.2757361 0.08891397 0.2108185 0.2108185
3           0          0 0.2402479 0.2763267 0.08891397 0.2108185 0.2108185
4           1          1 0.2427199 0.2746795 0.08891397 0.2108185 0.2108185
5           1          1 0.2571172 0.2892433 0.08891397 0.2108185 0.2108185
6           1          1 0.2729623 0.3062313 0.08891397 0.1972736 0.2108185
7           1          1 0.2858152 0.3296035 0.08891397 0.2108185 0.2108185
8           1          1 0.2383649 0.2681903 0.08891397 0.2108185 0.2108185
9           1          1 0.2255858 0.2503055 0.08891397 0.2108185 0.2108185
10          1          1 0.2316056 0.2576999 0.08891397 0.2108185 0.2108185
11          1          1 0.2857950 0.3149518 0.08891397 0.2108185 0.2108185
12          0          0 0.2354687 0.2624048 0.08891397 0.2108185 0.2108185
13          1          1 0.2630910 0.2968852 0.08891397 0.2108185 0.2108185
14          1          1 0.2004074 0.2256904 0.08891397 0.2108185 0.2108185
15          1          1 0.2584372 0.2968759 0.08891397 0.2108185 0.2108185
16          1          1 0.2214750 0.2548241 0.08891397 0.2108185 0.2108185
17          1          1 0.2030836 0.2322671 0.08891397 0.2108185 0.2108185
18          1          1 0.2497494 0.2793459 0.08891397 0.2108185 0.2108185
19          1          1 0.2597138 0.3013592 0.08891397 0.2108185 0.2108185
20          0          1 0.2175447 0.2440710 0.08891397 0.2108185 0.2108185
21          1          1 0.2356621 0.2681305 0.08891397 0.2108185 0.2108185
22          1          1 0.2338471 0.2602049 0.08891397 0.2108185 0.2108185
23          1          1 0.2888116 0.3266632 0.08891397 0.2108185 0.2108185
24          1          1 0.2247967 0.2734002 0.08891397 0.2108185 0.2108185
25          1          1 0.2678723 0.3051844 0.08891397 0.2108185 0.2108185
26          1          1 0.2546250 0.2868161 0.08891397 0.1837286 0.2108185
27          1          1 0.2599463 0.2925994 0.08891397 0.2108185 0.2108185
28          1          1 0.2198512 0.2564865 0.08891397 0.2108185 0.2108185
29          0          1 0.2074310 0.2321504 0.08891397 0.2108185 0.2108185
30          1          1 0.2747815 0.3158154 0.08891397 0.2108185 0.2108185
31          1          1 0.1932409 0.2168373 0.08891397 0.2108185 0.2108185
32          1          1 0.2749144 0.3212478 0.08891397 0.2108185 0.2108185
33          1          1 0.2450231 0.2753866 0.08891397 0.2108185 0.2108185
34          1          1 0.2503494 0.2824276 0.08891397 0.2108185 0.2108185
35          1          1 0.2323962 0.2604808 0.08891397 0.2108185 0.2108185
36          1          1 0.2479753 0.2790775 0.08891397 0.2108185 0.2108185
37          1          1 0.3275814 0.3768709 0.08891397 0.2108185 0.2108185
38          1          1 0.3032905 0.3488157 0.08891397 0.2108185 0.2108185
39          1          1 0.2466857 0.2735140 0.08891397 0.2108185 0.2108185
40          1          1 0.2773080 0.3131291 0.08891397 0.2108185 0.2108185
