
Due to MODULEPATH changes, the following have been reloaded:
  1) mii/1.1.2

The following have been reloaded with a version change:
  1) StdEnv/2023 => StdEnv/2020           5) libfabric/1.18.0 => libfabric/1.10.1
  2) gcccore/.12.3 => gcccore/.9.3.0      6) openmpi/4.1.5 => openmpi/4.0.3
  3) gentoo/2023 => gentoo/2020           7) ucx/1.14.1 => ucx/1.8.0
  4) imkl/2023.2.0 => imkl/2020.1.217

Loading required package: iterators
Loading required package: parallel

Attaching package: ‘expm’

The following object is masked from ‘package:Matrix’:

    expm

Time difference of 1.650785 hours
   is.cover90 is.cover95     SCB90     SCB95   hr.lower    hr.opt  hr.upper
1           1          1 0.2091559 0.2348596 0.08891397 0.2108185 0.2108185
2           1          1 0.3685544 0.4362710 0.08891397 0.2108185 0.2108185
3           1          1 0.3145933 0.3533625 0.08891397 0.2108185 0.2108185
4           0          1 0.2288986 0.2596443 0.08891397 0.2108185 0.2108185
5           1          1 0.2431482 0.2737764 0.08891397 0.2108185 0.2108185
6           1          1 0.1856473 0.2046234 0.08891397 0.2108185 0.2108185
7           1          1 0.2696154 0.3071651 0.08891397 0.2108185 0.2108185
8           1          1 0.3447866 0.4128037 0.08891397 0.2108185 0.2108185
9           1          1 0.2669374 0.3018606 0.08891397 0.1701837 0.2108185
10          0          0 0.2114075 0.2386108 0.08891397 0.2108185 0.2108185
11          1          1 0.2181374 0.2422467 0.08891397 0.2108185 0.2108185
12          1          1 0.2525246 0.2912998 0.08891397 0.2108185 0.2108185
13          1          1 0.2495216 0.2925097 0.08891397 0.2108185 0.2108185
14          1          1 0.1870136 0.2145564 0.08891397 0.2108185 0.2108185
15          1          1 0.2429455 0.2756477 0.08891397 0.2108185 0.2108185
16          1          1 0.2542591 0.2921097 0.08891397 0.2108185 0.2108185
17          1          1 0.2850166 0.3360649 0.08891397 0.2108185 0.2108185
18          1          1 0.3061761 0.3399975 0.08891397 0.2108185 0.2108185
19          0          1 0.2754475 0.3081677 0.08891397 0.2108185 0.2108185
20          1          1 0.2225869 0.2507068 0.08891397 0.2108185 0.2108185
21          1          1 0.2267262 0.2565332 0.08891397 0.2108185 0.2108185
22          1          1 0.3075564 0.3458636 0.08891397 0.2108185 0.2108185
23          1          1 0.2230110 0.2483043 0.08891397 0.1566387 0.2108185
24          1          1 0.3403626 0.3857163 0.08891397 0.2108185 0.2108185
25          1          1 0.3738821 0.4447579 0.08891397 0.1024589 0.2108185
26          1          1 0.3016122 0.3384932 0.08891397 0.2108185 0.2108185
27          1          1 0.2455386 0.2760155 0.08891397 0.2108185 0.2108185
28          1          1 0.1827330 0.2052668 0.08891397 0.2108185 0.2108185
29          0          0 0.1915379 0.2107355 0.08891397 0.2108185 0.2108185
30          0          1 0.2761301 0.3055415 0.08891397 0.2108185 0.2108185
31          0          1 0.2453285 0.2808518 0.08891397 0.1430938 0.2108185
32          1          1 0.2644334 0.3079193 0.08891397 0.2108185 0.2108185
33          1          1 0.2014454 0.2219915 0.08891397 0.2108185 0.2108185
34          1          1 0.2315025 0.2591085 0.08891397 0.2108185 0.2108185
35          1          1 0.2475522 0.2780394 0.08891397 0.2108185 0.2108185
36          1          1 0.2306675 0.2600531 0.08891397 0.2108185 0.2108185
37          1          1 0.2991903 0.3387592 0.08891397 0.2108185 0.2108185
38          1          1 0.2211525 0.2486268 0.08891397 0.2108185 0.2108185
39          1          1 0.3517268 0.4146626 0.08891397 0.2108185 0.2108185
40          1          1 0.2218607 0.2518114 0.08891397 0.1972736 0.2108185
