
Due to MODULEPATH changes, the following have been reloaded:
  1) mii/1.1.2

The following have been reloaded with a version change:
  1) StdEnv/2023 => StdEnv/2020           5) libfabric/1.18.0 => libfabric/1.10.1
  2) gcccore/.12.3 => gcccore/.9.3.0      6) openmpi/4.1.5 => openmpi/4.0.3
  3) gentoo/2023 => gentoo/2020           7) ucx/1.14.1 => ucx/1.8.0
  4) imkl/2023.2.0 => imkl/2020.1.217

Loading required package: iterators
Loading required package: parallel

Attaching package: ‘expm’

The following object is masked from ‘package:Matrix’:

    expm

Time difference of 1.691111 hours
   is.cover90 is.cover95     SCB90     SCB95   hr.lower    hr.opt  hr.upper
1           1          1 0.2143744 0.2369656 0.08891397 0.1972736 0.2108185
2           1          1 0.3384509 0.3974736 0.08891397 0.1566387 0.2108185
3           1          1 0.3045377 0.3458692 0.08891397 0.1837286 0.2108185
4           1          1 0.2894148 0.3292126 0.08891397 0.2108185 0.2108185
5           1          1 0.2861724 0.3244038 0.08891397 0.2108185 0.2108185
6           1          1 0.2499096 0.2760909 0.08891397 0.2108185 0.2108185
7           1          1 0.2313919 0.2658335 0.08891397 0.2108185 0.2108185
8           0          0 0.2209347 0.2428882 0.08891397 0.2108185 0.2108185
9           0          1 0.2257915 0.2565389 0.08891397 0.2108185 0.2108185
10          1          1 0.2158831 0.2434117 0.08891397 0.2108185 0.2108185
11          0          0 0.2953193 0.3332168 0.08891397 0.2108185 0.2108185
12          1          1 0.1920983 0.2167820 0.08891397 0.2108185 0.2108185
13          1          1 0.2611361 0.3099112 0.08891397 0.2108185 0.2108185
14          1          1 0.2587015 0.2878620 0.08891397 0.2108185 0.2108185
15          1          1 0.2232109 0.2523649 0.08891397 0.2108185 0.2108185
16          1          1 0.2917167 0.3320940 0.08891397 0.2108185 0.2108185
17          1          1 0.2831162 0.3249896 0.08891397 0.2108185 0.2108185
18          1          1 0.2230797 0.2569542 0.08891397 0.2108185 0.2108185
19          1          1 0.2690319 0.3076076 0.08891397 0.2108185 0.2108185
20          1          1 0.1999793 0.2222760 0.08891397 0.2108185 0.2108185
21          1          1 0.2218674 0.2509526 0.08891397 0.2108185 0.2108185
22          1          1 0.2143505 0.2495924 0.08891397 0.2108185 0.2108185
23          1          1 0.2807737 0.3115044 0.08891397 0.2108185 0.2108185
24          1          1 0.2971156 0.3397408 0.08891397 0.2108185 0.2108185
25          1          1 0.2048334 0.2353358 0.08891397 0.2108185 0.2108185
26          1          1 0.2936302 0.3419261 0.08891397 0.2108185 0.2108185
27          1          1 0.2344470 0.2644750 0.08891397 0.2108185 0.2108185
28          1          1 0.2585673 0.2822530 0.08891397 0.2108185 0.2108185
29          1          1 0.2072728 0.2336572 0.08891397 0.2108185 0.2108185
30          1          1 0.3029140 0.3473139 0.08891397 0.2108185 0.2108185
31          1          1 0.2939196 0.3321386 0.08891397 0.2108185 0.2108185
32          1          1 0.1963010 0.2180855 0.08891397 0.2108185 0.2108185
33          1          1 0.2355616 0.2736297 0.08891397 0.2108185 0.2108185
34          1          1 0.2113623 0.2370752 0.08891397 0.2108185 0.2108185
35          1          1 0.2287638 0.2561627 0.08891397 0.2108185 0.2108185
36          1          1 0.2861277 0.3326801 0.08891397 0.2108185 0.2108185
37          1          1 0.2720725 0.2983386 0.08891397 0.2108185 0.2108185
38          1          1 0.2681312 0.2993880 0.08891397 0.1837286 0.2108185
39          0          0 0.2611494 0.3010580 0.08891397 0.1837286 0.2108185
40          1          1 0.2515570 0.2907945 0.08891397 0.1701837 0.2108185
