
Due to MODULEPATH changes, the following have been reloaded:
  1) mii/1.1.2

The following have been reloaded with a version change:
  1) StdEnv/2023 => StdEnv/2020           5) libfabric/1.18.0 => libfabric/1.10.1
  2) gcccore/.12.3 => gcccore/.9.3.0      6) openmpi/4.1.5 => openmpi/4.0.3
  3) gentoo/2023 => gentoo/2020           7) ucx/1.14.1 => ucx/1.8.0
  4) imkl/2023.2.0 => imkl/2020.1.217

Loading required package: iterators
Loading required package: parallel

Attaching package: ‘expm’

The following object is masked from ‘package:Matrix’:

    expm

Time difference of 1.455704 hours
   is.cover90 is.cover95     SCB90     SCB95   hr.lower    hr.opt  hr.upper
1           1          1 0.2057609 0.2323351 0.08891397 0.2108185 0.2108185
2           1          1 0.2873328 0.3193929 0.08891397 0.2108185 0.2108185
3           1          1 0.2534472 0.2864705 0.08891397 0.2108185 0.2108185
4           1          1 0.2359907 0.2665238 0.08891397 0.2108185 0.2108185
5           1          1 0.2841285 0.3235258 0.08891397 0.2108185 0.2108185
6           1          1 0.2469195 0.2821278 0.08891397 0.2108185 0.2108185
7           1          1 0.2916734 0.3383455 0.08891397 0.2108185 0.2108185
8           1          1 0.2558330 0.2832780 0.08891397 0.2108185 0.2108185
9           1          1 0.2307898 0.2713003 0.08891397 0.2108185 0.2108185
10          1          1 0.2734325 0.3108287 0.08891397 0.2108185 0.2108185
11          1          1 0.2399204 0.2710153 0.08891397 0.2108185 0.2108185
12          1          1 0.2467517 0.2761552 0.08891397 0.2108185 0.2108185
13          1          1 0.2417949 0.2760105 0.08891397 0.2108185 0.2108185
14          1          1 0.2810502 0.3128694 0.08891397 0.1837286 0.2108185
15          1          1 0.2479948 0.2777085 0.08891397 0.2108185 0.2108185
16          1          1 0.2266717 0.2528576 0.08891397 0.2108185 0.2108185
17          1          1 0.3145036 0.3553153 0.08891397 0.2108185 0.2108185
18          1          1 0.2615472 0.2958181 0.08891397 0.2108185 0.2108185
19          1          1 0.2142041 0.2417450 0.08891397 0.2108185 0.2108185
20          1          1 0.3320214 0.3901362 0.08891397 0.2108185 0.2108185
21          1          1 0.3070488 0.3487767 0.08891397 0.2108185 0.2108185
22          1          1 0.2420810 0.2746252 0.08891397 0.2108185 0.2108185
23          1          1 0.2553014 0.2933556 0.08891397 0.2108185 0.2108185
24          1          1 0.1956965 0.2258054 0.08891397 0.2108185 0.2108185
25          1          1 0.2924159 0.3334336 0.08891397 0.1295488 0.2108185
26          1          1 0.2607796 0.3019074 0.08891397 0.2108185 0.2108185
27          1          1 0.2381985 0.2749513 0.08891397 0.2108185 0.2108185
28          1          1 0.2089140 0.2298011 0.08891397 0.1295488 0.2108185
29          1          1 0.1982327 0.2254610 0.08891397 0.2108185 0.2108185
30          1          1 0.2353203 0.2699124 0.08891397 0.2108185 0.2108185
31          1          1 0.1812473 0.2052536 0.08891397 0.1837286 0.2108185
32          1          1 0.2267356 0.2537242 0.08891397 0.2108185 0.2108185
33          1          1 0.2955729 0.3352378 0.08891397 0.2108185 0.2108185
34          1          1 0.2210307 0.2489658 0.08891397 0.2108185 0.2108185
35          1          1 0.2710992 0.3137867 0.08891397 0.2108185 0.2108185
36          1          1 0.2488620 0.2802725 0.08891397 0.2108185 0.2108185
37          0          1 0.2300199 0.2592984 0.08891397 0.2108185 0.2108185
38          1          1 0.3058630 0.3414544 0.08891397 0.2108185 0.2108185
39          0          0 0.1555865 0.1717486 0.08891397 0.2108185 0.2108185
40          1          1 0.2840243 0.3242060 0.08891397 0.2108185 0.2108185
