
Due to MODULEPATH changes, the following have been reloaded:
  1) mii/1.1.2

The following have been reloaded with a version change:
  1) StdEnv/2023 => StdEnv/2020           5) libfabric/1.18.0 => libfabric/1.10.1
  2) gcccore/.12.3 => gcccore/.9.3.0      6) openmpi/4.1.5 => openmpi/4.0.3
  3) gentoo/2023 => gentoo/2020           7) ucx/1.14.1 => ucx/1.8.0
  4) imkl/2023.2.0 => imkl/2020.1.217

Loading required package: iterators
Loading required package: parallel

Attaching package: ‘expm’

The following object is masked from ‘package:Matrix’:

    expm

Time difference of 1.473441 hours
   is.cover90 is.cover95     SCB90     SCB95   hr.lower    hr.opt  hr.upper
1           1          1 0.1918459 0.2123472 0.08891397 0.2108185 0.2108185
2           1          1 0.3077810 0.3560943 0.08891397 0.2108185 0.2108185
3           1          1 0.3007419 0.3360238 0.08891397 0.1837286 0.2108185
4           1          1 0.3138081 0.3534243 0.08891397 0.2108185 0.2108185
5           1          1 0.2364143 0.2662650 0.08891397 0.2108185 0.2108185
6           1          1 0.2127206 0.2427523 0.08891397 0.2108185 0.2108185
7           1          1 0.2583814 0.2935686 0.08891397 0.2108185 0.2108185
8           1          1 0.2637860 0.2959541 0.08891397 0.2108185 0.2108185
9           1          1 0.2601865 0.2915448 0.08891397 0.2108185 0.2108185
10          1          1 0.2893831 0.3281050 0.08891397 0.2108185 0.2108185
11          1          1 0.2709409 0.3077181 0.08891397 0.2108185 0.2108185
12          1          1 0.2552364 0.2844251 0.08891397 0.2108185 0.2108185
13          1          1 0.2413705 0.2682425 0.08891397 0.2108185 0.2108185
14          1          1 0.2649080 0.3007039 0.08891397 0.2108185 0.2108185
15          1          1 0.3085298 0.3580992 0.08891397 0.2108185 0.2108185
16          1          1 0.2301703 0.2578413 0.08891397 0.1701837 0.2108185
17          1          1 0.2156473 0.2430633 0.08891397 0.2108185 0.2108185
18          1          1 0.2174920 0.2442806 0.08891397 0.2108185 0.2108185
19          1          1 0.2449625 0.2756557 0.08891397 0.2108185 0.2108185
20          1          1 0.2243292 0.2526827 0.08891397 0.2108185 0.2108185
21          1          1 0.2501557 0.2778420 0.08891397 0.1837286 0.2108185
22          1          1 0.1943361 0.2166047 0.08891397 0.2108185 0.2108185
23          1          1 0.2400199 0.2711556 0.08891397 0.2108185 0.2108185
24          1          1 0.2516113 0.2859752 0.08891397 0.2108185 0.2108185
25          1          1 0.2414479 0.2757461 0.08891397 0.2108185 0.2108185
26          1          1 0.2397161 0.2765166 0.08891397 0.2108185 0.2108185
27          1          1 0.2462959 0.2774588 0.08891397 0.2108185 0.2108185
28          1          1 0.2559535 0.2904102 0.08891397 0.2108185 0.2108185
29          1          1 0.2668248 0.3011889 0.08891397 0.2108185 0.2108185
30          1          1 0.2785636 0.3203082 0.08891397 0.2108185 0.2108185
31          0          0 0.2476570 0.2812889 0.08891397 0.2108185 0.2108185
32          1          1 0.2442524 0.2791967 0.08891397 0.1837286 0.2108185
33          1          1 0.3163911 0.3600118 0.08891397 0.2108185 0.2108185
34          1          1 0.2308709 0.2577200 0.08891397 0.2108185 0.2108185
35          1          1 0.1925568 0.2187126 0.08891397 0.1972736 0.2108185
36          1          1 0.2295824 0.2542128 0.08891397 0.2108185 0.2108185
37          1          1 0.2151495 0.2440308 0.08891397 0.2108185 0.2108185
38          1          1 0.1972415 0.2157967 0.08891397 0.1701837 0.2108185
39          1          1 0.2372227 0.2687964 0.08891397 0.2108185 0.2108185
40          1          1 0.4346327 0.5030642 0.08891397 0.1701837 0.2108185
