
Due to MODULEPATH changes, the following have been reloaded:
  1) mii/1.1.2

The following have been reloaded with a version change:
  1) StdEnv/2023 => StdEnv/2020           5) libfabric/1.18.0 => libfabric/1.10.1
  2) gcccore/.12.3 => gcccore/.9.3.0      6) openmpi/4.1.5 => openmpi/4.0.3
  3) gentoo/2023 => gentoo/2020           7) ucx/1.14.1 => ucx/1.8.0
  4) imkl/2023.2.0 => imkl/2020.1.217

Loading required package: iterators
Loading required package: parallel

Attaching package: ‘expm’

The following object is masked from ‘package:Matrix’:

    expm

Time difference of 1.461175 hours
   is.cover90 is.cover95     SCB90     SCB95   hr.lower    hr.opt  hr.upper
1           1          1 0.2712109 0.3050232 0.08891397 0.2108185 0.2108185
2           1          1 0.2899125 0.3241028 0.08891397 0.2108185 0.2108185
3           1          1 0.2506279 0.2787564 0.08891397 0.2108185 0.2108185
4           1          1 0.2203667 0.2483727 0.08891397 0.2108185 0.2108185
5           1          1 0.3496266 0.4011081 0.08891397 0.2108185 0.2108185
6           1          1 0.2436877 0.2706395 0.08891397 0.2108185 0.2108185
7           1          1 0.1979200 0.2204691 0.08891397 0.2108185 0.2108185
8           0          0 0.2713586 0.3114445 0.08891397 0.2108185 0.2108185
9           1          1 0.3051203 0.3421123 0.08891397 0.2108185 0.2108185
10          1          1 0.3241385 0.3774504 0.08891397 0.1566387 0.2108185
11          0          0 0.2026208 0.2239391 0.08891397 0.2108185 0.2108185
12          1          1 0.2727823 0.3092169 0.08891397 0.2108185 0.2108185
13          1          1 0.2314687 0.2623877 0.08891397 0.1972736 0.2108185
14          0          0 0.1812705 0.2015559 0.08891397 0.1837286 0.2108185
15          1          1 0.2381268 0.2677762 0.08891397 0.2108185 0.2108185
16          1          1 0.2774781 0.3142425 0.08891397 0.2108185 0.2108185
17          0          0 0.2008866 0.2211917 0.08891397 0.2108185 0.2108185
18          1          1 0.2907798 0.3273404 0.08891397 0.2108185 0.2108185
19          1          1 0.2691856 0.2981319 0.08891397 0.2108185 0.2108185
20          0          0 0.2339830 0.2625238 0.08891397 0.2108185 0.2108185
21          1          1 0.2815270 0.3239277 0.08891397 0.1972736 0.2108185
22          0          1 0.2489636 0.2874643 0.08891397 0.2108185 0.2108185
23          0          1 0.2072420 0.2376085 0.08891397 0.2108185 0.2108185
24          1          1 0.1941036 0.2213439 0.08891397 0.2108185 0.2108185
25          1          1 0.3159970 0.3649640 0.08891397 0.1566387 0.2108185
26          1          1 0.2192640 0.2560436 0.08891397 0.2108185 0.2108185
27          1          1 0.3046813 0.3483082 0.08891397 0.2108185 0.2108185
28          1          1 0.2577433 0.2967502 0.08891397 0.2108185 0.2108185
29          1          1 0.2507483 0.2780099 0.08891397 0.2108185 0.2108185
30          0          0 0.2279843 0.2618770 0.08891397 0.2108185 0.2108185
31          1          1 0.2603321 0.2972004 0.08891397 0.2108185 0.2108185
32          1          1 0.2489706 0.2828356 0.08891397 0.1837286 0.2108185
33          1          1 0.2482179 0.2839117 0.08891397 0.2108185 0.2108185
34          0          0 0.1795888 0.1995644 0.08891397 0.2108185 0.2108185
35          1          1 0.2788957 0.3197484 0.08891397 0.2108185 0.2108185
36          1          1 0.2341730 0.2631226 0.08891397 0.2108185 0.2108185
37          1          1 0.3274797 0.3807229 0.08891397 0.2108185 0.2108185
38          1          1 0.2547327 0.2913982 0.08891397 0.2108185 0.2108185
39          1          1 0.2196905 0.2492756 0.08891397 0.2108185 0.2108185
40          1          1 0.2171802 0.2404234 0.08891397 0.1837286 0.2108185
