
Due to MODULEPATH changes, the following have been reloaded:
  1) mii/1.1.2

The following have been reloaded with a version change:
  1) StdEnv/2023 => StdEnv/2020           5) libfabric/1.18.0 => libfabric/1.10.1
  2) gcccore/.12.3 => gcccore/.9.3.0      6) openmpi/4.1.5 => openmpi/4.0.3
  3) gentoo/2023 => gentoo/2020           7) ucx/1.14.1 => ucx/1.8.0
  4) imkl/2023.2.0 => imkl/2020.1.217

Loading required package: iterators
Loading required package: parallel

Attaching package: ‘expm’

The following object is masked from ‘package:Matrix’:

    expm

Time difference of 1.485316 hours
   is.cover90 is.cover95     SCB90     SCB95   hr.lower    hr.opt  hr.upper
1           1          1 0.2198268 0.2594070 0.08891397 0.2108185 0.2108185
2           1          1 0.2459162 0.2744136 0.08891397 0.2108185 0.2108185
3           0          1 0.2695843 0.3133670 0.08891397 0.2108185 0.2108185
4           1          1 0.2589714 0.2938102 0.08891397 0.2108185 0.2108185
5           1          1 0.2283315 0.2550045 0.08891397 0.2108185 0.2108185
6           1          1 0.1815320 0.2017253 0.08891397 0.2108185 0.2108185
7           1          1 0.2925499 0.3420563 0.08891397 0.2108185 0.2108185
8           1          1 0.3411244 0.3794649 0.08891397 0.2108185 0.2108185
9           1          1 0.2488257 0.2798475 0.08891397 0.2108185 0.2108185
10          1          1 0.2161358 0.2482324 0.08891397 0.2108185 0.2108185
11          0          1 0.2786126 0.3075537 0.08891397 0.1430938 0.2108185
12          1          1 0.2851025 0.3252211 0.08891397 0.2108185 0.2108185
13          1          1 0.2773195 0.3276257 0.08891397 0.2108185 0.2108185
14          1          1 0.2539435 0.2915492 0.08891397 0.2108185 0.2108185
15          1          1 0.2622739 0.3018929 0.08891397 0.2108185 0.2108185
16          1          1 0.2981881 0.3426477 0.08891397 0.2108185 0.2108185
17          1          1 0.2756385 0.3129271 0.08891397 0.2108185 0.2108185
18          1          1 0.2461150 0.2774320 0.08891397 0.2108185 0.2108185
19          1          1 0.2350107 0.2652693 0.08891397 0.1972736 0.2108185
20          1          1 0.1925089 0.2265935 0.08891397 0.2108185 0.2108185
21          1          1 0.2109515 0.2376915 0.08891397 0.2108185 0.2108185
22          1          1 0.3054795 0.3391448 0.08891397 0.2108185 0.2108185
23          1          1 0.2171808 0.2434154 0.08891397 0.2108185 0.2108185
24          1          1 0.2108185 0.2399241 0.08891397 0.2108185 0.2108185
25          0          0 0.2351381 0.2639104 0.08891397 0.1295488 0.2108185
26          0          1 0.2473411 0.2785450 0.08891397 0.2108185 0.2108185
27          1          1 0.2080534 0.2377612 0.08891397 0.2108185 0.2108185
28          1          1 0.2513839 0.2942935 0.08891397 0.2108185 0.2108185
29          1          1 0.2525535 0.2902566 0.08891397 0.1837286 0.2108185
30          1          1 0.2400936 0.2646472 0.08891397 0.2108185 0.2108185
31          1          1 0.2131563 0.2364581 0.08891397 0.1972736 0.2108185
32          1          1 0.2363234 0.2625930 0.08891397 0.2108185 0.2108185
33          1          1 0.3163285 0.3649691 0.08891397 0.2108185 0.2108185
34          0          1 0.1822095 0.2061719 0.08891397 0.2108185 0.2108185
35          1          1 0.2529545 0.2796458 0.08891397 0.2108185 0.2108185
36          1          1 0.2382859 0.2713827 0.08891397 0.2108185 0.2108185
37          1          1 0.2554714 0.2942046 0.08891397 0.2108185 0.2108185
38          1          1 0.2472569 0.2838665 0.08891397 0.2108185 0.2108185
39          1          1 0.2772027 0.3215248 0.08891397 0.2108185 0.2108185
40          1          1 0.2367468 0.2641129 0.08891397 0.2108185 0.2108185
