
Due to MODULEPATH changes, the following have been reloaded:
  1) mii/1.1.2

The following have been reloaded with a version change:
  1) StdEnv/2023 => StdEnv/2020           5) libfabric/1.18.0 => libfabric/1.10.1
  2) gcccore/.12.3 => gcccore/.9.3.0      6) openmpi/4.1.5 => openmpi/4.0.3
  3) gentoo/2023 => gentoo/2020           7) ucx/1.14.1 => ucx/1.8.0
  4) imkl/2023.2.0 => imkl/2020.1.217

Batch index: 4
Model: b
Sample size: 500
Dimension: 9
Candidate vector: 20:100
Bandwidth: 0.05 0.1 0.15 0.2 0.25 0.3 0.35
GCV: FALSE
Simulation: 40
Loading required package: iterators
Loading required package: parallel

Attaching package: ‘expm’

The following object is masked from ‘package:Matrix’:

    expm

Time difference of 1.17389 hours
    hr         hd is.cover90.hr is.cover95.hr is.cover90.hd is.cover95.hd
1 0.05 0.04847024         0.075         0.175           0.3           0.5
   SCB90.hr  SCB95.hr  SCB90.hd  SCB95.hd
1 0.2649928 0.2924176 0.2358468 0.2614138
Time difference of 1.217788 hours
   hr         hd is.cover90.hr is.cover95.hr is.cover90.hd is.cover95.hd
2 0.1 0.09694048         0.825         0.875          0.95          0.95
   SCB90.hr  SCB95.hr SCB90.hd  SCB95.hd
2 0.3463092 0.3815458 0.320965 0.3552564
Time difference of 1.313605 hours
    hr        hd is.cover90.hr is.cover95.hr is.cover90.hd is.cover95.hd
3 0.15 0.1454107         0.875         0.975         0.875         0.925
  SCB90.hr  SCB95.hr  SCB90.hd SCB95.hd
3 0.353429 0.3909068 0.3269204 0.363617
Time difference of 1.407621 hours
   hr       hd is.cover90.hr is.cover95.hr is.cover90.hd is.cover95.hd
4 0.2 0.193881           0.9          0.95         0.875          0.95
   SCB90.hr  SCB95.hr  SCB90.hd  SCB95.hd
4 0.3194053 0.3529324 0.2971699 0.3303516
Time difference of 1.433516 hours
    hr  hd is.cover90.hr is.cover95.hr is.cover90.hd is.cover95.hd  SCB90.hr
5 0.25 0.2         0.875             1          0.85             1 0.2979317
   SCB95.hr  SCB90.hd  SCB95.hd
5 0.3295672 0.2857594 0.3169948
Time difference of 1.387005 hours
   hr        hd is.cover90.hr is.cover95.hr is.cover90.hd is.cover95.hd
6 0.3 0.2008299         0.925             1         0.875             1
   SCB90.hr  SCB95.hr  SCB90.hd  SCB95.hd
6 0.2729862 0.3024589 0.2696437 0.2989482
Time difference of 1.400401 hours
    hr        hd is.cover90.hr is.cover95.hr is.cover90.hd is.cover95.hd
7 0.35 0.2466555         0.875         0.975           0.9         0.975
   SCB90.hr SCB95.hr  SCB90.hd  SCB95.hd
7 0.2410673 0.267852 0.2417129 0.2685737
