
Due to MODULEPATH changes, the following have been reloaded:
  1) mii/1.1.2

The following have been reloaded with a version change:
  1) StdEnv/2023 => StdEnv/2020           5) libfabric/1.18.0 => libfabric/1.10.1
  2) gcccore/.12.3 => gcccore/.9.3.0      6) openmpi/4.1.5 => openmpi/4.0.3
  3) gentoo/2023 => gentoo/2020           7) ucx/1.14.1 => ucx/1.8.0
  4) imkl/2023.2.0 => imkl/2020.1.217

Batch index: 8
Model: b
Sample size: 500
Dimension: 9
Candidate vector: 20:100
Bandwidth: 0.05 0.1 0.15 0.2 0.25 0.3 0.35
GCV: FALSE
Simulation: 40
Loading required package: iterators
Loading required package: parallel

Attaching package: ‘expm’

The following object is masked from ‘package:Matrix’:

    expm

Time difference of 57.42859 mins
    hr         hd is.cover90.hr is.cover95.hr is.cover90.hd is.cover95.hd
1 0.05 0.04847024          0.15         0.275         0.375          0.55
   SCB90.hr  SCB95.hr  SCB90.hd  SCB95.hd
1 0.2627925 0.2914898 0.2354173 0.2610763
Time difference of 58.68363 mins
   hr         hd is.cover90.hr is.cover95.hr is.cover90.hd is.cover95.hd
2 0.1 0.09694048          0.75         0.875           0.8           0.9
   SCB90.hr  SCB95.hr  SCB90.hd  SCB95.hd
2 0.3440388 0.3800572 0.3215115 0.3577479
Time difference of 1.083085 hours
    hr        hd is.cover90.hr is.cover95.hr is.cover90.hd is.cover95.hd
3 0.15 0.1454107         0.875         0.975          0.85         0.875
   SCB90.hr  SCB95.hr  SCB90.hd  SCB95.hd
3 0.3606063 0.3999291 0.3331995 0.3703204
Time difference of 1.252331 hours
   hr       hd is.cover90.hr is.cover95.hr is.cover90.hd is.cover95.hd SCB90.hr
4 0.2 0.193881         0.875         0.975         0.875         0.925 0.329026
   SCB95.hr SCB90.hd  SCB95.hd
4 0.3647134 0.305115 0.3409283
Time difference of 1.265127 hours
    hr  hd is.cover90.hr is.cover95.hr is.cover90.hd is.cover95.hd  SCB90.hr
5 0.25 0.2         0.875          0.95         0.875         0.925 0.3018133
  SCB95.hr  SCB90.hd  SCB95.hd
5 0.334858 0.2892059 0.3225819
Time difference of 1.279425 hours
   hr        hd is.cover90.hr is.cover95.hr is.cover90.hd is.cover95.hd
6 0.3 0.2008299         0.875           0.9          0.85           0.9
   SCB90.hr  SCB95.hr  SCB90.hd  SCB95.hd
6 0.2767143 0.3073007 0.2732799 0.3037316
Time difference of 1.282888 hours
    hr        hd is.cover90.hr is.cover95.hr is.cover90.hd is.cover95.hd
7 0.35 0.2466555          0.85         0.925         0.825         0.925
   SCB90.hr  SCB95.hr SCB90.hd  SCB95.hd
7 0.2459227 0.2735431 0.246769 0.2742064
