
Due to MODULEPATH changes, the following have been reloaded:
  1) mii/1.1.2

The following have been reloaded with a version change:
  1) StdEnv/2023 => StdEnv/2020           5) libfabric/1.18.0 => libfabric/1.10.1
  2) gcccore/.12.3 => gcccore/.9.3.0      6) openmpi/4.1.5 => openmpi/4.0.3
  3) gentoo/2023 => gentoo/2020           7) ucx/1.14.1 => ucx/1.8.0
  4) imkl/2023.2.0 => imkl/2020.1.217

Batch index: 1
Model: b
Sample size: 500
Dimension: 9
Candidate vector: 20:100
Bandwidth: 0.05 0.1 0.15 0.2 0.25 0.3 0.35
GCV: FALSE
Simulation: 40
Loading required package: iterators
Loading required package: parallel

Attaching package: ‘expm’

The following object is masked from ‘package:Matrix’:

    expm

Time difference of 1.04464 hours
    hr         hd is.cover90.hr is.cover95.hr is.cover90.hd is.cover95.hd
1 0.05 0.04847024         0.075          0.15           0.3           0.5
   SCB90.hr  SCB95.hr  SCB90.hd  SCB95.hd
1 0.2636306 0.2915608 0.2268776 0.2506922
Time difference of 1.10311 hours
   hr         hd is.cover90.hr is.cover95.hr is.cover90.hd is.cover95.hd
2 0.1 0.09694048         0.675          0.75          0.75         0.875
   SCB90.hr  SCB95.hr  SCB90.hd  SCB95.hd
2 0.3423487 0.3778226 0.3157583 0.3499089
Time difference of 1.153327 hours
    hr        hd is.cover90.hr is.cover95.hr is.cover90.hd is.cover95.hd
3 0.15 0.1454107          0.85          0.95         0.875          0.95
  SCB90.hr  SCB95.hr  SCB90.hd SCB95.hd
3 0.357354 0.3955469 0.3254585 0.360314
Time difference of 1.177319 hours
   hr       hd is.cover90.hr is.cover95.hr is.cover90.hd is.cover95.hd
4 0.2 0.193881         0.875          0.95         0.925          0.95
   SCB90.hr  SCB95.hr  SCB90.hd  SCB95.hd
4 0.3263036 0.3605951 0.2979653 0.3320601
Time difference of 1.167786 hours
    hr  hd is.cover90.hr is.cover95.hr is.cover90.hd is.cover95.hd  SCB90.hr
5 0.25 0.2          0.95          0.95           0.9          0.95 0.3007174
   SCB95.hr  SCB90.hd  SCB95.hd
5 0.3332309 0.2863477 0.3189745
Time difference of 1.153985 hours
   hr        hd is.cover90.hr is.cover95.hr is.cover90.hd is.cover95.hd
6 0.3 0.2008299          0.95         0.975         0.925         0.975
   SCB90.hr  SCB95.hr  SCB90.hd  SCB95.hd
6 0.2739399 0.3036823 0.2697874 0.3004498
Time difference of 1.183835 hours
    hr        hd is.cover90.hr is.cover95.hr is.cover90.hd is.cover95.hd
7 0.35 0.2466555          0.95             1          0.95             1
   SCB90.hr  SCB95.hr  SCB90.hd  SCB95.hd
7 0.2414854 0.2684877 0.2422775 0.2693477
