
Due to MODULEPATH changes, the following have been reloaded:
  1) mii/1.1.2

The following have been reloaded with a version change:
  1) StdEnv/2023 => StdEnv/2020           5) libfabric/1.18.0 => libfabric/1.10.1
  2) gcccore/.12.3 => gcccore/.9.3.0      6) openmpi/4.1.5 => openmpi/4.0.3
  3) gentoo/2023 => gentoo/2020           7) ucx/1.14.1 => ucx/1.8.0
  4) imkl/2023.2.0 => imkl/2020.1.217

Batch index: 10
Model: b
Sample size: 500
Dimension: 9
Candidate vector: 20:100
Bandwidth: 0.05 0.1 0.15 0.2 0.25 0.3 0.35
GCV: FALSE
Simulation: 40
Loading required package: iterators
Loading required package: parallel

Attaching package: ‘expm’

The following object is masked from ‘package:Matrix’:

    expm

Time difference of 1.185469 hours
    hr         hd is.cover90.hr is.cover95.hr is.cover90.hd is.cover95.hd
1 0.05 0.04847024         0.025           0.1         0.325         0.525
   SCB90.hr  SCB95.hr SCB90.hd  SCB95.hd
1 0.2590698 0.2855976 0.229534 0.2523628
Time difference of 1.269565 hours
   hr         hd is.cover90.hr is.cover95.hr is.cover90.hd is.cover95.hd
2 0.1 0.09694048         0.825          0.95         0.775          0.85
   SCB90.hr SCB95.hr  SCB90.hd SCB95.hd
2 0.3502466 0.386379 0.3277727 0.362716
Time difference of 1.378683 hours
    hr        hd is.cover90.hr is.cover95.hr is.cover90.hd is.cover95.hd
3 0.15 0.1454107         0.875          0.95           0.9           0.9
   SCB90.hr  SCB95.hr  SCB90.hd  SCB95.hd
3 0.3705332 0.4104265 0.3497222 0.3889549
Time difference of 1.42769 hours
   hr       hd is.cover90.hr is.cover95.hr is.cover90.hd is.cover95.hd
4 0.2 0.193881          0.85         0.925         0.925         0.975
   SCB90.hr  SCB95.hr  SCB90.hd  SCB95.hd
4 0.3400986 0.3784577 0.3211857 0.3588935
Time difference of 1.380878 hours
    hr  hd is.cover90.hr is.cover95.hr is.cover90.hd is.cover95.hd  SCB90.hr
5 0.25 0.2         0.875         0.925          0.95         0.975 0.3118446
   SCB95.hr  SCB90.hd  SCB95.hd
5 0.3462596 0.2996925 0.3337828
Time difference of 1.407482 hours
   hr        hd is.cover90.hr is.cover95.hr is.cover90.hd is.cover95.hd
6 0.3 0.2008299           0.9         0.975           0.9         0.975
   SCB90.hr SCB95.hr  SCB90.hd  SCB95.hd
6 0.2834693 0.313852 0.2793897 0.3102066
Time difference of 1.427287 hours
    hr        hd is.cover90.hr is.cover95.hr is.cover90.hd is.cover95.hd
7 0.35 0.2466555         0.825          0.95         0.825          0.95
   SCB90.hr  SCB95.hr  SCB90.hd SCB95.hd
7 0.2496743 0.2770624 0.2504915 0.277859
