
Due to MODULEPATH changes, the following have been reloaded:
  1) mii/1.1.2

The following have been reloaded with a version change:
  1) StdEnv/2023 => StdEnv/2020           5) libfabric/1.18.0 => libfabric/1.10.1
  2) gcccore/.12.3 => gcccore/.9.3.0      6) openmpi/4.1.5 => openmpi/4.0.3
  3) gentoo/2023 => gentoo/2020           7) ucx/1.14.1 => ucx/1.8.0
  4) imkl/2023.2.0 => imkl/2020.1.217

Batch index: 7
Model: b
Sample size: 500
Dimension: 9
Candidate vector: 20:100
Bandwidth: 0.05 0.1 0.15 0.2 0.25 0.3 0.35
GCV: FALSE
Simulation: 40
Loading required package: iterators
Loading required package: parallel

Attaching package: ‘expm’

The following object is masked from ‘package:Matrix’:

    expm

Time difference of 55.79823 mins
    hr         hd is.cover90.hr is.cover95.hr is.cover90.hd is.cover95.hd
1 0.05 0.04847024         0.075         0.225         0.475         0.675
   SCB90.hr  SCB95.hr  SCB90.hd  SCB95.hd
1 0.2570305 0.2830928 0.2303035 0.2540809
Time difference of 58.25691 mins
   hr         hd is.cover90.hr is.cover95.hr is.cover90.hd is.cover95.hd
2 0.1 0.09694048           0.8         0.925         0.925         0.925
   SCB90.hr  SCB95.hr  SCB90.hd  SCB95.hd
2 0.3460285 0.3821473 0.3247932 0.3602568
Time difference of 1.09378 hours
    hr        hd is.cover90.hr is.cover95.hr is.cover90.hd is.cover95.hd
3 0.15 0.1454107           0.9          0.95         0.925         0.925
   SCB90.hr  SCB95.hr  SCB90.hd  SCB95.hd
3 0.3638276 0.4026984 0.3400948 0.3783629
Time difference of 1.064916 hours
   hr       hd is.cover90.hr is.cover95.hr is.cover90.hd is.cover95.hd
4 0.2 0.193881         0.925          0.95         0.975         0.975
   SCB90.hr  SCB95.hr  SCB90.hd  SCB95.hd
4 0.3278711 0.3630129 0.3057313 0.3400819
Time difference of 1.101851 hours
    hr  hd is.cover90.hr is.cover95.hr is.cover90.hd is.cover95.hd  SCB90.hr
5 0.25 0.2          0.95          0.95          0.95         0.975 0.3037732
   SCB95.hr  SCB90.hd  SCB95.hd
5 0.3364207 0.2919307 0.3245034
Time difference of 1.066678 hours
   hr        hd is.cover90.hr is.cover95.hr is.cover90.hd is.cover95.hd
6 0.3 0.2008299         0.925          0.95         0.925         0.975
   SCB90.hr  SCB95.hr  SCB90.hd  SCB95.hd
6 0.2795584 0.3106044 0.2759244 0.3063865
Time difference of 1.077696 hours
    hr        hd is.cover90.hr is.cover95.hr is.cover90.hd is.cover95.hd
7 0.35 0.2466555         0.925         0.975         0.925         0.975
   SCB90.hr  SCB95.hr SCB90.hd SCB95.hd
7 0.2478948 0.2756489 0.248783 0.276647
