
Due to MODULEPATH changes, the following have been reloaded:
  1) mii/1.1.2

The following have been reloaded with a version change:
  1) StdEnv/2023 => StdEnv/2020           5) libfabric/1.18.0 => libfabric/1.10.1
  2) gcccore/.12.3 => gcccore/.9.3.0      6) openmpi/4.1.5 => openmpi/4.0.3
  3) gentoo/2023 => gentoo/2020           7) ucx/1.14.1 => ucx/1.8.0
  4) imkl/2023.2.0 => imkl/2020.1.217

Batch index: 6
Model: b
Sample size: 500
Dimension: 9
Candidate vector: 20:100
Bandwidth: 0.05 0.1 0.15 0.2 0.25 0.3 0.35
GCV: FALSE
Simulation: 40
Loading required package: iterators
Loading required package: parallel

Attaching package: ‘expm’

The following object is masked from ‘package:Matrix’:

    expm

Time difference of 1.09737 hours
    hr         hd is.cover90.hr is.cover95.hr is.cover90.hd is.cover95.hd
1 0.05 0.04847024         0.075           0.2           0.3         0.475
   SCB90.hr  SCB95.hr  SCB90.hd  SCB95.hd
1 0.2701446 0.2995407 0.2469328 0.2754124
Time difference of 1.14773 hours
   hr         hd is.cover90.hr is.cover95.hr is.cover90.hd is.cover95.hd
2 0.1 0.09694048         0.775         0.925           0.8         0.925
   SCB90.hr  SCB95.hr  SCB90.hd  SCB95.hd
2 0.3501814 0.3872473 0.3259179 0.3616507
Time difference of 1.246985 hours
    hr        hd is.cover90.hr is.cover95.hr is.cover90.hd is.cover95.hd
3 0.15 0.1454107           0.9             1         0.925         0.975
   SCB90.hr  SCB95.hr  SCB90.hd  SCB95.hd
3 0.3646204 0.4038814 0.3420889 0.3822261
Time difference of 1.350287 hours
   hr       hd is.cover90.hr is.cover95.hr is.cover90.hd is.cover95.hd
4 0.2 0.193881          0.95             1         0.925         0.975
   SCB90.hr  SCB95.hr  SCB90.hd  SCB95.hd
4 0.3346645 0.3707767 0.3116462 0.3483197
Time difference of 1.369075 hours
    hr  hd is.cover90.hr is.cover95.hr is.cover90.hd is.cover95.hd  SCB90.hr
5 0.25 0.2         0.925         0.975         0.925          0.95 0.3082929
   SCB95.hr  SCB90.hd  SCB95.hd
5 0.3418803 0.2955911 0.3284424
Time difference of 1.365203 hours
   hr        hd is.cover90.hr is.cover95.hr is.cover90.hd is.cover95.hd
6 0.3 0.2008299         0.925         0.925         0.925         0.925
   SCB90.hr  SCB95.hr  SCB90.hd  SCB95.hd
6 0.2819025 0.3127869 0.2777507 0.3091045
Time difference of 1.405578 hours
    hr        hd is.cover90.hr is.cover95.hr is.cover90.hd is.cover95.hd
7 0.35 0.2466555         0.925         0.925         0.925         0.925
  SCB90.hr SCB95.hr  SCB90.hd  SCB95.hd
7 0.249132 0.276868 0.2498929 0.2775078
