
Due to MODULEPATH changes, the following have been reloaded:
  1) mii/1.1.2

The following have been reloaded with a version change:
  1) StdEnv/2023 => StdEnv/2020           5) libfabric/1.18.0 => libfabric/1.10.1
  2) gcccore/.12.3 => gcccore/.9.3.0      6) openmpi/4.1.5 => openmpi/4.0.3
  3) gentoo/2023 => gentoo/2020           7) ucx/1.14.1 => ucx/1.8.0
  4) imkl/2023.2.0 => imkl/2020.1.217

Batch index: 2
Model: b
Sample size: 500
Dimension: 9
Candidate vector: 20:100
Bandwidth: 0.05 0.1 0.15 0.2 0.25 0.3 0.35
GCV: FALSE
Simulation: 40
Loading required package: iterators
Loading required package: parallel

Attaching package: ‘expm’

The following object is masked from ‘package:Matrix’:

    expm

Time difference of 1.004065 hours
    hr         hd is.cover90.hr is.cover95.hr is.cover90.hd is.cover95.hd
1 0.05 0.04847024          0.05         0.175           0.2         0.475
   SCB90.hr  SCB95.hr SCB90.hd SCB95.hd
1 0.2630029 0.2905837 0.237538 0.262367
Time difference of 1.036401 hours
   hr         hd is.cover90.hr is.cover95.hr is.cover90.hd is.cover95.hd
2 0.1 0.09694048           0.7         0.875         0.775         0.925
   SCB90.hr SCB95.hr SCB90.hd SCB95.hd
2 0.3407372  0.37518 0.319938 0.354145
Time difference of 1.106556 hours
    hr        hd is.cover90.hr is.cover95.hr is.cover90.hd is.cover95.hd
3 0.15 0.1454107          0.85         0.925         0.875          0.95
  SCB90.hr  SCB95.hr  SCB90.hd  SCB95.hd
3 0.357562 0.3960642 0.3330905 0.3715553
Time difference of 1.147561 hours
   hr       hd is.cover90.hr is.cover95.hr is.cover90.hd is.cover95.hd
4 0.2 0.193881         0.825          0.95         0.825           0.9
   SCB90.hr  SCB95.hr  SCB90.hd  SCB95.hd
4 0.3231946 0.3587093 0.2981202 0.3319136
Time difference of 1.154829 hours
    hr  hd is.cover90.hr is.cover95.hr is.cover90.hd is.cover95.hd SCB90.hr
5 0.25 0.2          0.85         0.925           0.8          0.95 0.299937
   SCB95.hr  SCB90.hd  SCB95.hd
5 0.3319159 0.2866645 0.3188023
Time difference of 1.161702 hours
   hr        hd is.cover90.hr is.cover95.hr is.cover90.hd is.cover95.hd
6 0.3 0.2008299           0.8           0.9           0.8         0.925
   SCB90.hr  SCB95.hr  SCB90.hd  SCB95.hd
6 0.2759446 0.3053226 0.2724039 0.3017539
Time difference of 1.162473 hours
    hr        hd is.cover90.hr is.cover95.hr is.cover90.hd is.cover95.hd
7 0.35 0.2466555         0.825          0.95         0.825          0.95
   SCB90.hr  SCB95.hr  SCB90.hd  SCB95.hd
7 0.2440339 0.2715061 0.2447958 0.2721572
