
Due to MODULEPATH changes, the following have been reloaded:
  1) mii/1.1.2

The following have been reloaded with a version change:
  1) StdEnv/2023 => StdEnv/2020           5) libfabric/1.18.0 => libfabric/1.10.1
  2) gcccore/.12.3 => gcccore/.9.3.0      6) openmpi/4.1.5 => openmpi/4.0.3
  3) gentoo/2023 => gentoo/2020           7) ucx/1.14.1 => ucx/1.8.0
  4) imkl/2023.2.0 => imkl/2020.1.217

Batch index: 9
Model: b
Sample size: 500
Dimension: 9
Candidate vector: 20:100
Bandwidth: 0.05 0.1 0.15 0.2 0.25 0.3 0.35
GCV: FALSE
Simulation: 40
Loading required package: iterators
Loading required package: parallel

Attaching package: ‘expm’

The following object is masked from ‘package:Matrix’:

    expm

Time difference of 1.205709 hours
    hr         hd is.cover90.hr is.cover95.hr is.cover90.hd is.cover95.hd
1 0.05 0.04847024         0.075         0.225          0.35           0.5
  SCB90.hr  SCB95.hr  SCB90.hd  SCB95.hd
1  0.26372 0.2907777 0.2370909 0.2635306
Time difference of 1.251271 hours
   hr         hd is.cover90.hr is.cover95.hr is.cover90.hd is.cover95.hd
2 0.1 0.09694048         0.675           0.9           0.8         0.875
  SCB90.hr  SCB95.hr  SCB90.hd  SCB95.hd
2 0.344638 0.3815733 0.3194515 0.3549247
Time difference of 1.401317 hours
    hr        hd is.cover90.hr is.cover95.hr is.cover90.hd is.cover95.hd
3 0.15 0.1454107          0.85          0.95         0.875          0.95
   SCB90.hr  SCB95.hr  SCB90.hd  SCB95.hd
3 0.3549996 0.3929431 0.3266615 0.3626995
Time difference of 1.43962 hours
   hr       hd is.cover90.hr is.cover95.hr is.cover90.hd is.cover95.hd
4 0.2 0.193881         0.925          0.95         0.875         0.975
   SCB90.hr  SCB95.hr  SCB90.hd  SCB95.hd
4 0.3229445 0.3574822 0.2977837 0.3323281
Time difference of 1.421189 hours
    hr  hd is.cover90.hr is.cover95.hr is.cover90.hd is.cover95.hd  SCB90.hr
5 0.25 0.2         0.875         0.925          0.85         0.925 0.3022465
   SCB95.hr  SCB90.hd  SCB95.hd
5 0.3343521 0.2897744 0.3223468
Time difference of 1.425302 hours
   hr        hd is.cover90.hr is.cover95.hr is.cover90.hd is.cover95.hd
6 0.3 0.2008299         0.825         0.875         0.825         0.875
   SCB90.hr  SCB95.hr  SCB90.hd  SCB95.hd
6 0.2768448 0.3069678 0.2740317 0.3039022
Time difference of 1.431178 hours
    hr        hd is.cover90.hr is.cover95.hr is.cover90.hd is.cover95.hd
7 0.35 0.2466555         0.825         0.875         0.825         0.875
   SCB90.hr  SCB95.hr  SCB90.hd  SCB95.hd
7 0.2451575 0.2728733 0.2458085 0.2734193
