
Due to MODULEPATH changes, the following have been reloaded:
  1) mii/1.1.2

The following have been reloaded with a version change:
  1) StdEnv/2023 => StdEnv/2020           5) libfabric/1.18.0 => libfabric/1.10.1
  2) gcccore/.12.3 => gcccore/.9.3.0      6) openmpi/4.1.5 => openmpi/4.0.3
  3) gentoo/2023 => gentoo/2020           7) ucx/1.14.1 => ucx/1.8.0
  4) imkl/2023.2.0 => imkl/2020.1.217

Batch index: 7
Model: b
Sample size: 500
Dimension: 18
Candidate vector: 20:100
Bandwidth: 0.05 0.1 0.15 0.2 0.25 0.3 0.35
GCV: FALSE
Simulation: 40
Loading required package: iterators
Loading required package: parallel

Attaching package: ‘expm’

The following object is masked from ‘package:Matrix’:

    expm

Time difference of 1.835572 hours
    hr         hd is.cover90.hr is.cover95.hr is.cover90.hd is.cover95.hd
1 0.05 0.04847024             0         0.025           0.1           0.4
   SCB90.hr  SCB95.hr  SCB90.hd  SCB95.hd
1 0.2819376 0.3094999 0.2512214 0.2754636
Time difference of 1.996616 hours
   hr         hd is.cover90.hr is.cover95.hr is.cover90.hd is.cover95.hd
2 0.1 0.09694048           0.9          0.95          0.85         0.975
  SCB90.hr  SCB95.hr  SCB90.hd  SCB95.hd
2 0.384245 0.4236707 0.3553686 0.3927251
Time difference of 2.077088 hours
    hr        hd is.cover90.hr is.cover95.hr is.cover90.hd is.cover95.hd
3 0.15 0.1454107         0.975             1          0.95             1
   SCB90.hr  SCB95.hr  SCB90.hd  SCB95.hd
3 0.3962163 0.4382939 0.3679745 0.4093647
Time difference of 2.109048 hours
   hr       hd is.cover90.hr is.cover95.hr is.cover90.hd is.cover95.hd
4 0.2 0.193881         0.975         0.975         0.875         0.975
   SCB90.hr  SCB95.hr  SCB90.hd  SCB95.hd
4 0.3581838 0.3948855 0.3349123 0.3712686
Time difference of 2.106043 hours
    hr  hd is.cover90.hr is.cover95.hr is.cover90.hd is.cover95.hd  SCB90.hr
5 0.25 0.2         0.925         0.975         0.875         0.925 0.3299109
   SCB95.hr  SCB90.hd  SCB95.hd
5 0.3634324 0.3165966 0.3503087
Time difference of 2.149489 hours
   hr        hd is.cover90.hr is.cover95.hr is.cover90.hd is.cover95.hd
6 0.3 0.2008299           0.9          0.95           0.9         0.925
   SCB90.hr  SCB95.hr  SCB90.hd  SCB95.hd
6 0.2989743 0.3305137 0.2952337 0.3266752
Time difference of 2.097042 hours
    hr        hd is.cover90.hr is.cover95.hr is.cover90.hd is.cover95.hd
7 0.35 0.2466555         0.875          0.95         0.875          0.95
   SCB90.hr  SCB95.hr SCB90.hd  SCB95.hd
7 0.2658987 0.2932126 0.266597 0.2940738
