
Due to MODULEPATH changes, the following have been reloaded:
  1) mii/1.1.2

The following have been reloaded with a version change:
  1) StdEnv/2023 => StdEnv/2020           5) libfabric/1.18.0 => libfabric/1.10.1
  2) gcccore/.12.3 => gcccore/.9.3.0      6) openmpi/4.1.5 => openmpi/4.0.3
  3) gentoo/2023 => gentoo/2020           7) ucx/1.14.1 => ucx/1.8.0
  4) imkl/2023.2.0 => imkl/2020.1.217

Batch index: 4
Model: b
Sample size: 500
Dimension: 18
Candidate vector: 20:100
Bandwidth: 0.05 0.1 0.15 0.2 0.25 0.3 0.35
GCV: FALSE
Simulation: 40
Loading required package: iterators
Loading required package: parallel

Attaching package: ‘expm’

The following object is masked from ‘package:Matrix’:

    expm

Time difference of 1.814938 hours
    hr         hd is.cover90.hr is.cover95.hr is.cover90.hd is.cover95.hd
1 0.05 0.04847024             0         0.125           0.3          0.55
   SCB90.hr  SCB95.hr  SCB90.hd  SCB95.hd
1 0.2826679 0.3109353 0.2558859 0.2810318
Time difference of 1.930938 hours
   hr         hd is.cover90.hr is.cover95.hr is.cover90.hd is.cover95.hd
2 0.1 0.09694048         0.925         0.925         0.875          0.95
   SCB90.hr  SCB95.hr  SCB90.hd  SCB95.hd
2 0.3851815 0.4227597 0.3556252 0.3921355
Time difference of 2.083305 hours
    hr        hd is.cover90.hr is.cover95.hr is.cover90.hd is.cover95.hd
3 0.15 0.1454107         0.975         0.975         0.925          0.95
   SCB90.hr  SCB95.hr SCB90.hd  SCB95.hd
3 0.3965186 0.4372611 0.367797 0.4081778
Time difference of 2.217468 hours
   hr       hd is.cover90.hr is.cover95.hr is.cover90.hd is.cover95.hd
4 0.2 0.193881         0.975         0.975             1             1
   SCB90.hr  SCB95.hr  SCB90.hd  SCB95.hd
4 0.3584719 0.3958131 0.3355874 0.3734638
Time difference of 2.486638 hours
    hr  hd is.cover90.hr is.cover95.hr is.cover90.hd is.cover95.hd  SCB90.hr
5 0.25 0.2         0.975         0.975         0.975             1 0.3282369
   SCB95.hr  SCB90.hd SCB95.hd
5 0.3627173 0.3162095 0.350252
Time difference of 2.443616 hours
   hr        hd is.cover90.hr is.cover95.hr is.cover90.hd is.cover95.hd
6 0.3 0.2008299         0.925             1         0.925             1
  SCB90.hr  SCB95.hr SCB90.hd  SCB95.hd
6 0.297667 0.3288856 0.293797 0.3251658
Time difference of 2.866854 hours
    hr        hd is.cover90.hr is.cover95.hr is.cover90.hd is.cover95.hd
7 0.35 0.2466555           0.9         0.975           0.9         0.975
   SCB90.hr  SCB95.hr SCB90.hd  SCB95.hd
7 0.2630986 0.2908107 0.263787 0.2916964
