
Due to MODULEPATH changes, the following have been reloaded:
  1) mii/1.1.2

The following have been reloaded with a version change:
  1) StdEnv/2023 => StdEnv/2020           5) libfabric/1.18.0 => libfabric/1.10.1
  2) gcccore/.12.3 => gcccore/.9.3.0      6) openmpi/4.1.5 => openmpi/4.0.3
  3) gentoo/2023 => gentoo/2020           7) ucx/1.14.1 => ucx/1.8.0
  4) imkl/2023.2.0 => imkl/2020.1.217

Batch index: 6
Model: b
Sample size: 500
Dimension: 18
Candidate vector: 20:100
Bandwidth: 0.05 0.1 0.15 0.2 0.25 0.3 0.35
GCV: FALSE
Simulation: 40
Loading required package: iterators
Loading required package: parallel

Attaching package: ‘expm’

The following object is masked from ‘package:Matrix’:

    expm

Time difference of 1.847884 hours
    hr         hd is.cover90.hr is.cover95.hr is.cover90.hd is.cover95.hd
1 0.05 0.04847024         0.075           0.1         0.325          0.55
   SCB90.hr  SCB95.hr  SCB90.hd  SCB95.hd
1 0.2810696 0.3081581 0.2512479 0.2755852
Time difference of 1.987929 hours
   hr         hd is.cover90.hr is.cover95.hr is.cover90.hd is.cover95.hd
2 0.1 0.09694048         0.825         0.975          0.85         0.925
  SCB90.hr  SCB95.hr  SCB90.hd  SCB95.hd
2 0.386301 0.4257728 0.3588943 0.3958218
Time difference of 2.087116 hours
    hr        hd is.cover90.hr is.cover95.hr is.cover90.hd is.cover95.hd
3 0.15 0.1454107             1             1          0.95             1
   SCB90.hr SCB95.hr  SCB90.hd  SCB95.hd
3 0.4024505 0.444734 0.3715007 0.4124218
Time difference of 2.170368 hours
   hr       hd is.cover90.hr is.cover95.hr is.cover90.hd is.cover95.hd
4 0.2 0.193881         0.925          0.95         0.925          0.95
   SCB90.hr  SCB95.hr  SCB90.hd  SCB95.hd
4 0.3593693 0.3958142 0.3371143 0.3733377
Time difference of 2.12889 hours
    hr  hd is.cover90.hr is.cover95.hr is.cover90.hd is.cover95.hd  SCB90.hr
5 0.25 0.2           0.9          0.95         0.875         0.975 0.3306465
   SCB95.hr  SCB90.hd SCB95.hd
5 0.3641942 0.3191935 0.352493
Time difference of 2.123629 hours
   hr        hd is.cover90.hr is.cover95.hr is.cover90.hd is.cover95.hd
6 0.3 0.2008299         0.875             1           0.9             1
   SCB90.hr  SCB95.hr  SCB90.hd  SCB95.hd
6 0.3047361 0.3365039 0.3012833 0.3331857
Time difference of 2.098425 hours
    hr        hd is.cover90.hr is.cover95.hr is.cover90.hd is.cover95.hd
7 0.35 0.2466555         0.925         0.975         0.925         0.975
   SCB90.hr  SCB95.hr  SCB90.hd  SCB95.hd
7 0.2703029 0.2983956 0.2709493 0.2990179
