
Due to MODULEPATH changes, the following have been reloaded:
  1) mii/1.1.2

The following have been reloaded with a version change:
  1) StdEnv/2023 => StdEnv/2020           5) libfabric/1.18.0 => libfabric/1.10.1
  2) gcccore/.12.3 => gcccore/.9.3.0      6) openmpi/4.1.5 => openmpi/4.0.3
  3) gentoo/2023 => gentoo/2020           7) ucx/1.14.1 => ucx/1.8.0
  4) imkl/2023.2.0 => imkl/2020.1.217

Batch index: 2
Model: b
Sample size: 500
Dimension: 18
Candidate vector: 20:100
Bandwidth: 0.05 0.1 0.15 0.2 0.25 0.3 0.35
GCV: FALSE
Simulation: 40
Loading required package: iterators
Loading required package: parallel

Attaching package: ‘expm’

The following object is masked from ‘package:Matrix’:

    expm

Time difference of 1.783895 hours
    hr         hd is.cover90.hr is.cover95.hr is.cover90.hd is.cover95.hd
1 0.05 0.04847024          0.05          0.05          0.25         0.475
   SCB90.hr  SCB95.hr SCB90.hd  SCB95.hd
1 0.2858273 0.3139141 0.256075 0.2819255
Time difference of 1.891006 hours
   hr         hd is.cover90.hr is.cover95.hr is.cover90.hd is.cover95.hd
2 0.1 0.09694048         0.775          0.85          0.85           0.9
   SCB90.hr  SCB95.hr  SCB90.hd  SCB95.hd
2 0.3785139 0.4157072 0.3536653 0.3890631
Time difference of 2.000526 hours
    hr        hd is.cover90.hr is.cover95.hr is.cover90.hd is.cover95.hd
3 0.15 0.1454107         0.925         0.975         0.925          0.95
   SCB90.hr  SCB95.hr  SCB90.hd  SCB95.hd
3 0.3955498 0.4356117 0.3693125 0.4082727
Time difference of 2.018812 hours
   hr       hd is.cover90.hr is.cover95.hr is.cover90.hd is.cover95.hd
4 0.2 0.193881         0.975             1           0.9         0.975
   SCB90.hr  SCB95.hr  SCB90.hd  SCB95.hd
4 0.3569423 0.3948778 0.3317057 0.3689406
Time difference of 2.02292 hours
    hr  hd is.cover90.hr is.cover95.hr is.cover90.hd is.cover95.hd  SCB90.hr
5 0.25 0.2         0.925         0.975         0.925         0.975 0.3252981
   SCB95.hr  SCB90.hd  SCB95.hd
5 0.3590559 0.3119855 0.3447933
Time difference of 1.992026 hours
   hr        hd is.cover90.hr is.cover95.hr is.cover90.hd is.cover95.hd
6 0.3 0.2008299         0.875         0.975         0.875          0.95
   SCB90.hr  SCB95.hr  SCB90.hd  SCB95.hd
6 0.2958275 0.3254128 0.2922914 0.3212647
Time difference of 2.1072 hours
    hr        hd is.cover90.hr is.cover95.hr is.cover90.hd is.cover95.hd
7 0.35 0.2466555          0.85          0.95          0.85          0.95
   SCB90.hr  SCB95.hr  SCB90.hd  SCB95.hd
7 0.2626096 0.2894814 0.2635293 0.2901185
