
Due to MODULEPATH changes, the following have been reloaded:
  1) mii/1.1.2

The following have been reloaded with a version change:
  1) StdEnv/2023 => StdEnv/2020           5) libfabric/1.18.0 => libfabric/1.10.1
  2) gcccore/.12.3 => gcccore/.9.3.0      6) openmpi/4.1.5 => openmpi/4.0.3
  3) gentoo/2023 => gentoo/2020           7) ucx/1.14.1 => ucx/1.8.0
  4) imkl/2023.2.0 => imkl/2020.1.217

Batch index: 10
Model: b
Sample size: 500
Dimension: 18
Candidate vector: 20:100
Bandwidth: 0.05 0.1 0.15 0.2 0.25 0.3 0.35
GCV: FALSE
Simulation: 40
Loading required package: iterators
Loading required package: parallel

Attaching package: ‘expm’

The following object is masked from ‘package:Matrix’:

    expm

Time difference of 2.141412 hours
    hr         hd is.cover90.hr is.cover95.hr is.cover90.hd is.cover95.hd
1 0.05 0.04847024           0.1          0.25         0.175         0.425
   SCB90.hr  SCB95.hr  SCB90.hd  SCB95.hd
1 0.2892249 0.3192271 0.2592553 0.2861505
Time difference of 2.2677 hours
   hr         hd is.cover90.hr is.cover95.hr is.cover90.hd is.cover95.hd
2 0.1 0.09694048         0.825           0.9          0.85          0.95
   SCB90.hr  SCB95.hr  SCB90.hd  SCB95.hd
2 0.3864163 0.4260085 0.3613391 0.3999134
Time difference of 2.260135 hours
    hr        hd is.cover90.hr is.cover95.hr is.cover90.hd is.cover95.hd
3 0.15 0.1454107           0.9          0.95          0.95          0.95
   SCB90.hr SCB95.hr  SCB90.hd  SCB95.hd
3 0.4091682 0.452944 0.3818291 0.4253947
Time difference of 2.124046 hours
   hr       hd is.cover90.hr is.cover95.hr is.cover90.hd is.cover95.hd SCB90.hr
4 0.2 0.193881           0.9         0.925         0.975         0.975 0.361927
   SCB95.hr  SCB90.hd  SCB95.hd
4 0.3990434 0.3377024 0.3746195
Time difference of 2.100857 hours
    hr  hd is.cover90.hr is.cover95.hr is.cover90.hd is.cover95.hd  SCB90.hr
5 0.25 0.2           0.9         0.975         0.925         0.975 0.3290485
   SCB95.hr  SCB90.hd  SCB95.hd
5 0.3630638 0.3151634 0.3487014
Time difference of 2.079994 hours
   hr        hd is.cover90.hr is.cover95.hr is.cover90.hd is.cover95.hd
6 0.3 0.2008299           0.9          0.95           0.9          0.95
   SCB90.hr SCB95.hr  SCB90.hd  SCB95.hd
6 0.3005249 0.330253 0.2968401 0.3265283
Time difference of 2.117682 hours
    hr        hd is.cover90.hr is.cover95.hr is.cover90.hd is.cover95.hd
7 0.35 0.2466555           0.9         0.975         0.875         0.975
   SCB90.hr SCB95.hr  SCB90.hd  SCB95.hd
7 0.2671523 0.294432 0.2678998 0.2951703
