
Due to MODULEPATH changes, the following have been reloaded:
  1) mii/1.1.2

The following have been reloaded with a version change:
  1) StdEnv/2023 => StdEnv/2020           5) libfabric/1.18.0 => libfabric/1.10.1
  2) gcccore/.12.3 => gcccore/.9.3.0      6) openmpi/4.1.5 => openmpi/4.0.3
  3) gentoo/2023 => gentoo/2020           7) ucx/1.14.1 => ucx/1.8.0
  4) imkl/2023.2.0 => imkl/2020.1.217

Batch index: 3
Model: b
Sample size: 500
Dimension: 18
Candidate vector: 20:100
Bandwidth: 0.05 0.1 0.15 0.2 0.25 0.3 0.35
GCV: FALSE
Simulation: 40
Loading required package: iterators
Loading required package: parallel

Attaching package: ‘expm’

The following object is masked from ‘package:Matrix’:

    expm

Time difference of 1.91 hours
    hr         hd is.cover90.hr is.cover95.hr is.cover90.hd is.cover95.hd
1 0.05 0.04847024           0.1         0.375          0.25          0.45
   SCB90.hr  SCB95.hr  SCB90.hd  SCB95.hd
1 0.2922672 0.3223537 0.2562009 0.2805047
Time difference of 2.027444 hours
   hr         hd is.cover90.hr is.cover95.hr is.cover90.hd is.cover95.hd
2 0.1 0.09694048         0.825         0.925         0.825           0.9
   SCB90.hr  SCB95.hr  SCB90.hd  SCB95.hd
2 0.3836517 0.4237883 0.3625947 0.4010992
Time difference of 2.125272 hours
    hr        hd is.cover90.hr is.cover95.hr is.cover90.hd is.cover95.hd
3 0.15 0.1454107          0.95             1          0.95         0.975
   SCB90.hr  SCB95.hr  SCB90.hd  SCB95.hd
3 0.4013435 0.4440032 0.3733898 0.4154921
Time difference of 2.218891 hours
   hr       hd is.cover90.hr is.cover95.hr is.cover90.hd is.cover95.hd
4 0.2 0.193881         0.925         0.975         0.925         0.975
   SCB90.hr  SCB95.hr  SCB90.hd  SCB95.hd
4 0.3617571 0.4000532 0.3356026 0.3740329
Time difference of 2.137896 hours
    hr  hd is.cover90.hr is.cover95.hr is.cover90.hd is.cover95.hd  SCB90.hr
5 0.25 0.2           0.9          0.95          0.85         0.975 0.3305622
   SCB95.hr SCB90.hd  SCB95.hd
5 0.3649881 0.318304 0.3520308
Time difference of 2.082727 hours
   hr        hd is.cover90.hr is.cover95.hr is.cover90.hd is.cover95.hd
6 0.3 0.2008299         0.825          0.95         0.825         0.925
   SCB90.hr  SCB95.hr  SCB90.hd  SCB95.hd
6 0.3033735 0.3342554 0.2999594 0.3308291
Time difference of 2.143174 hours
    hr        hd is.cover90.hr is.cover95.hr is.cover90.hd is.cover95.hd
7 0.35 0.2466555         0.875         0.925         0.875         0.925
   SCB90.hr SCB95.hr  SCB90.hd  SCB95.hd
7 0.2698209 0.297509 0.2705395 0.2981505
