
Due to MODULEPATH changes, the following have been reloaded:
  1) mii/1.1.2

The following have been reloaded with a version change:
  1) StdEnv/2023 => StdEnv/2020           5) libfabric/1.18.0 => libfabric/1.10.1
  2) gcccore/.12.3 => gcccore/.9.3.0      6) openmpi/4.1.5 => openmpi/4.0.3
  3) gentoo/2023 => gentoo/2020           7) ucx/1.14.1 => ucx/1.8.0
  4) imkl/2023.2.0 => imkl/2020.1.217

Batch index: 8
Model: b
Sample size: 500
Dimension: 18
Candidate vector: 20:100
Bandwidth: 0.05 0.1 0.15 0.2 0.25 0.3 0.35
GCV: FALSE
Simulation: 40
Loading required package: iterators
Loading required package: parallel

Attaching package: ‘expm’

The following object is masked from ‘package:Matrix’:

    expm

Time difference of 2.037223 hours
    hr         hd is.cover90.hr is.cover95.hr is.cover90.hd is.cover95.hd
1 0.05 0.04847024           0.1         0.275           0.3         0.475
   SCB90.hr  SCB95.hr  SCB90.hd  SCB95.hd
1 0.2935315 0.3231042 0.2696316 0.2984734
Time difference of 2.210437 hours
   hr         hd is.cover90.hr is.cover95.hr is.cover90.hd is.cover95.hd
2 0.1 0.09694048           0.9         0.975          0.95         0.975
   SCB90.hr SCB95.hr  SCB90.hd  SCB95.hd
2 0.3846371 0.424058 0.3623673 0.4006319
Time difference of 2.45151 hours
    hr        hd is.cover90.hr is.cover95.hr is.cover90.hd is.cover95.hd
3 0.15 0.1454107         0.975             1           0.9         0.975
   SCB90.hr  SCB95.hr  SCB90.hd  SCB95.hd
3 0.3949589 0.4351305 0.3629062 0.4012509
Time difference of 2.631677 hours
   hr       hd is.cover90.hr is.cover95.hr is.cover90.hd is.cover95.hd
4 0.2 0.193881          0.95         0.975         0.875          0.95
   SCB90.hr  SCB95.hr  SCB90.hd SCB95.hd
4 0.3558106 0.3925957 0.3289316 0.363933
Time difference of 2.603884 hours
    hr  hd is.cover90.hr is.cover95.hr is.cover90.hd is.cover95.hd SCB90.hr
5 0.25 0.2         0.925         0.975         0.875         0.975  0.32823
   SCB95.hr  SCB90.hd  SCB95.hd
5 0.3610158 0.3142674 0.3471568
Time difference of 2.589125 hours
   hr        hd is.cover90.hr is.cover95.hr is.cover90.hd is.cover95.hd
6 0.3 0.2008299          0.95         0.975           0.9         0.975
   SCB90.hr  SCB95.hr SCB90.hd  SCB95.hd
6 0.3011115 0.3324558 0.296845 0.3283228
Time difference of 2.677723 hours
    hr        hd is.cover90.hr is.cover95.hr is.cover90.hd is.cover95.hd
7 0.35 0.2466555         0.925          0.95         0.925          0.95
   SCB90.hr  SCB95.hr  SCB90.hd  SCB95.hd
7 0.2668801 0.2957197 0.2677463 0.2964563
