
Due to MODULEPATH changes, the following have been reloaded:
  1) mii/1.1.2

The following have been reloaded with a version change:
  1) StdEnv/2023 => StdEnv/2020           5) libfabric/1.18.0 => libfabric/1.10.1
  2) gcccore/.12.3 => gcccore/.9.3.0      6) openmpi/4.1.5 => openmpi/4.0.3
  3) gentoo/2023 => gentoo/2020           7) ucx/1.14.1 => ucx/1.8.0
  4) imkl/2023.2.0 => imkl/2020.1.217

Batch index: 9
Model: b
Sample size: 500
Dimension: 18
Candidate vector: 20:100
Bandwidth: 0.05 0.1 0.15 0.2 0.25 0.3 0.35
GCV: FALSE
Simulation: 40
Loading required package: iterators
Loading required package: parallel

Attaching package: ‘expm’

The following object is masked from ‘package:Matrix’:

    expm

Time difference of 2.088043 hours
    hr         hd is.cover90.hr is.cover95.hr is.cover90.hd is.cover95.hd
1 0.05 0.04847024         0.075         0.225         0.375         0.675
   SCB90.hr  SCB95.hr  SCB90.hd  SCB95.hd
1 0.2871236 0.3156724 0.2566811 0.2818477
Time difference of 2.278771 hours
   hr         hd is.cover90.hr is.cover95.hr is.cover90.hd is.cover95.hd
2 0.1 0.09694048         0.875          0.95          0.85         0.925
   SCB90.hr  SCB95.hr  SCB90.hd  SCB95.hd
2 0.3765313 0.4130826 0.3569723 0.3940027
Time difference of 2.529577 hours
    hr        hd is.cover90.hr is.cover95.hr is.cover90.hd is.cover95.hd
3 0.15 0.1454107          0.95             1         0.975             1
   SCB90.hr  SCB95.hr  SCB90.hd  SCB95.hd
3 0.3953813 0.4350029 0.3714548 0.4116748
Time difference of 2.717221 hours
   hr       hd is.cover90.hr is.cover95.hr is.cover90.hd is.cover95.hd SCB90.hr
4 0.2 0.193881          0.95         0.975          0.95             1 0.357389
  SCB95.hr  SCB90.hd  SCB95.hd
4 0.394138 0.3361469 0.3726354
Time difference of 2.659513 hours
    hr  hd is.cover90.hr is.cover95.hr is.cover90.hd is.cover95.hd  SCB90.hr
5 0.25 0.2          0.95             1          0.95             1 0.3295227
   SCB95.hr  SCB90.hd  SCB95.hd
5 0.3641642 0.3177736 0.3523479
Time difference of 2.62886 hours
   hr        hd is.cover90.hr is.cover95.hr is.cover90.hd is.cover95.hd
6 0.3 0.2008299         0.925         0.975           0.9         0.975
   SCB90.hr  SCB95.hr  SCB90.hd  SCB95.hd
6 0.3037119 0.3347337 0.2999404 0.3310735
Time difference of 2.66239 hours
    hr        hd is.cover90.hr is.cover95.hr is.cover90.hd is.cover95.hd
7 0.35 0.2466555           0.9         0.975           0.9         0.975
   SCB90.hr  SCB95.hr  SCB90.hd  SCB95.hd
7 0.2693299 0.2969863 0.2700314 0.2976817
