
Due to MODULEPATH changes, the following have been reloaded:
  1) mii/1.1.2

The following have been reloaded with a version change:
  1) StdEnv/2023 => StdEnv/2020           5) libfabric/1.18.0 => libfabric/1.10.1
  2) gcccore/.12.3 => gcccore/.9.3.0      6) openmpi/4.1.5 => openmpi/4.0.3
  3) gentoo/2023 => gentoo/2020           7) ucx/1.14.1 => ucx/1.8.0
  4) imkl/2023.2.0 => imkl/2020.1.217

Batch index: 4
Model: b
Sample size: 1000
Dimension: 9
Candidate vector: 40:200
Bandwidth: 0.05 0.1 0.15 0.2 0.25 0.3 0.35
GCV: FALSE
Simulation: 40
Loading required package: iterators
Loading required package: parallel

Attaching package: ‘expm’

The following object is masked from ‘package:Matrix’:

    expm

Time difference of 2.235401 hours
    hr         hd is.cover90.hr is.cover95.hr is.cover90.hd is.cover95.hd
1 0.05 0.04830254          0.15           0.3         0.175         0.375
   SCB90.hr  SCB95.hr  SCB90.hd  SCB95.hd
1 0.2079655 0.2287186 0.1873497 0.2055831
Time difference of 2.347076 hours
   hr         hd is.cover90.hr is.cover95.hr is.cover90.hd is.cover95.hd
2 0.1 0.09660509          0.85         0.925         0.875          0.95
   SCB90.hr  SCB95.hr  SCB90.hd  SCB95.hd
2 0.2853734 0.3147616 0.2691055 0.2976951
Time difference of 2.442675 hours
    hr        hd is.cover90.hr is.cover95.hr is.cover90.hd is.cover95.hd
3 0.15 0.1449076           0.9         0.925         0.875          0.95
   SCB90.hr  SCB95.hr SCB90.hd  SCB95.hd
3 0.2727098 0.3012101 0.254449 0.2826591
Time difference of 2.443677 hours
   hr        hd is.cover90.hr is.cover95.hr is.cover90.hd is.cover95.hd
4 0.2 0.1709976          0.85           0.9         0.875         0.925
   SCB90.hr SCB95.hr  SCB90.hd  SCB95.hd
4 0.2465558 0.272366 0.2332924 0.2586086
Time difference of 2.40952 hours
    hr        hd is.cover90.hr is.cover95.hr is.cover90.hd is.cover95.hd
5 0.25 0.1587401         0.875         0.925          0.85         0.925
   SCB90.hr  SCB95.hr  SCB90.hd SCB95.hd
5 0.2297141 0.2533472 0.2248752 0.248355
Time difference of 2.433371 hours
   hr        hd is.cover90.hr is.cover95.hr is.cover90.hd is.cover95.hd
6 0.3 0.2008299         0.875          0.95           0.9          0.95
   SCB90.hr  SCB95.hr  SCB90.hd  SCB95.hd
6 0.2020179 0.2235356 0.1993891 0.2208901
Time difference of 2.386132 hours
    hr        hd is.cover90.hr is.cover95.hr is.cover90.hd is.cover95.hd
7 0.35 0.2466555           0.9          0.95           0.9          0.95
   SCB90.hr  SCB95.hr  SCB90.hd  SCB95.hd
7 0.1780071 0.1973941 0.1787325 0.1979624
