
Due to MODULEPATH changes, the following have been reloaded:
  1) mii/1.1.2

The following have been reloaded with a version change:
  1) StdEnv/2023 => StdEnv/2020           5) libfabric/1.18.0 => libfabric/1.10.1
  2) gcccore/.12.3 => gcccore/.9.3.0      6) openmpi/4.1.5 => openmpi/4.0.3
  3) gentoo/2023 => gentoo/2020           7) ucx/1.14.1 => ucx/1.8.0
  4) imkl/2023.2.0 => imkl/2020.1.217

Batch index: 10
Model: b
Sample size: 1000
Dimension: 9
Candidate vector: 40:200
Bandwidth: 0.05 0.1 0.15 0.2 0.25 0.3 0.35
GCV: FALSE
Simulation: 40
Loading required package: iterators
Loading required package: parallel

Attaching package: ‘expm’

The following object is masked from ‘package:Matrix’:

    expm

Time difference of 2.013181 hours
    hr         hd is.cover90.hr is.cover95.hr is.cover90.hd is.cover95.hd
1 0.05 0.04830254         0.125         0.275           0.3         0.425
   SCB90.hr  SCB95.hr SCB90.hd  SCB95.hd
1 0.2085263 0.2305995 0.191013 0.2108663
Time difference of 2.090008 hours
   hr         hd is.cover90.hr is.cover95.hr is.cover90.hd is.cover95.hd
2 0.1 0.09660509         0.825           0.9          0.85         0.975
   SCB90.hr  SCB95.hr  SCB90.hd  SCB95.hd
2 0.2830646 0.3118875 0.2642383 0.2919792
Time difference of 2.140528 hours
    hr        hd is.cover90.hr is.cover95.hr is.cover90.hd is.cover95.hd
3 0.15 0.1449076           0.9          0.95         0.925          0.95
   SCB90.hr  SCB95.hr  SCB90.hd SCB95.hd
3 0.2772984 0.3064534 0.2572034 0.285967
Time difference of 2.17787 hours
   hr        hd is.cover90.hr is.cover95.hr is.cover90.hd is.cover95.hd
4 0.2 0.1709976         0.925          0.95          0.95          0.95
  SCB90.hr  SCB95.hr  SCB90.hd  SCB95.hd
4 0.248652 0.2743031 0.2355471 0.2613128
Time difference of 2.119984 hours
    hr        hd is.cover90.hr is.cover95.hr is.cover90.hd is.cover95.hd
5 0.25 0.1587401         0.925         0.975         0.825         0.975
   SCB90.hr  SCB95.hr  SCB90.hd  SCB95.hd
5 0.2273594 0.2504929 0.2221772 0.2456576
Time difference of 2.120711 hours
   hr        hd is.cover90.hr is.cover95.hr is.cover90.hd is.cover95.hd
6 0.3 0.2008299           0.8           0.9           0.8         0.925
   SCB90.hr  SCB95.hr  SCB90.hd  SCB95.hd
6 0.1992855 0.2201336 0.1968197 0.2176419
Time difference of 2.14092 hours
    hr        hd is.cover90.hr is.cover95.hr is.cover90.hd is.cover95.hd
7 0.35 0.2466555           0.8           0.9           0.8           0.9
   SCB90.hr  SCB95.hr  SCB90.hd  SCB95.hd
7 0.1753208 0.1943542 0.1757968 0.1947989
