
Due to MODULEPATH changes, the following have been reloaded:
  1) mii/1.1.2

The following have been reloaded with a version change:
  1) StdEnv/2023 => StdEnv/2020           5) libfabric/1.18.0 => libfabric/1.10.1
  2) gcccore/.12.3 => gcccore/.9.3.0      6) openmpi/4.1.5 => openmpi/4.0.3
  3) gentoo/2023 => gentoo/2020           7) ucx/1.14.1 => ucx/1.8.0
  4) imkl/2023.2.0 => imkl/2020.1.217

Batch index: 8
Model: b
Sample size: 1000
Dimension: 9
Candidate vector: 40:200
Bandwidth: 0.05 0.1 0.15 0.2 0.25 0.3 0.35
GCV: FALSE
Simulation: 40
Loading required package: iterators
Loading required package: parallel

Attaching package: ‘expm’

The following object is masked from ‘package:Matrix’:

    expm

Time difference of 2.106298 hours
    hr         hd is.cover90.hr is.cover95.hr is.cover90.hd is.cover95.hd
1 0.05 0.04830254         0.175         0.225         0.275         0.375
   SCB90.hr  SCB95.hr  SCB90.hd  SCB95.hd
1 0.2056805 0.2278626 0.1919561 0.2125442
Time difference of 2.215546 hours
   hr         hd is.cover90.hr is.cover95.hr is.cover90.hd is.cover95.hd
2 0.1 0.09660509         0.725           0.9          0.75          0.85
   SCB90.hr  SCB95.hr  SCB90.hd  SCB95.hd
2 0.2791996 0.3064459 0.2618043 0.2886681
Time difference of 2.305007 hours
    hr        hd is.cover90.hr is.cover95.hr is.cover90.hd is.cover95.hd
3 0.15 0.1449076          0.85         0.925         0.825         0.925
   SCB90.hr  SCB95.hr  SCB90.hd  SCB95.hd
3 0.2725636 0.3013881 0.2566825 0.2859038
Time difference of 2.293226 hours
   hr        hd is.cover90.hr is.cover95.hr is.cover90.hd is.cover95.hd
4 0.2 0.1709976          0.85          0.95           0.8         0.975
   SCB90.hr  SCB95.hr  SCB90.hd  SCB95.hd
4 0.2489492 0.2741686 0.2371169 0.2633126
Time difference of 2.279118 hours
    hr        hd is.cover90.hr is.cover95.hr is.cover90.hd is.cover95.hd
5 0.25 0.1587401           0.8         0.925           0.8         0.925
   SCB90.hr  SCB95.hr  SCB90.hd  SCB95.hd
5 0.2285395 0.2520624 0.2238063 0.2473943
Time difference of 2.303763 hours
   hr        hd is.cover90.hr is.cover95.hr is.cover90.hd is.cover95.hd
6 0.3 0.2008299         0.875         0.925         0.875          0.95
   SCB90.hr  SCB95.hr  SCB90.hd  SCB95.hd
6 0.1988585 0.2200397 0.1963091 0.2171245
Time difference of 2.266808 hours
    hr        hd is.cover90.hr is.cover95.hr is.cover90.hd is.cover95.hd
7 0.35 0.2466555         0.875          0.95         0.875          0.95
   SCB90.hr  SCB95.hr SCB90.hd  SCB95.hd
7 0.1745339 0.1933873 0.175029 0.1939133
