
Due to MODULEPATH changes, the following have been reloaded:
  1) mii/1.1.2

The following have been reloaded with a version change:
  1) StdEnv/2023 => StdEnv/2020           5) libfabric/1.18.0 => libfabric/1.10.1
  2) gcccore/.12.3 => gcccore/.9.3.0      6) openmpi/4.1.5 => openmpi/4.0.3
  3) gentoo/2023 => gentoo/2020           7) ucx/1.14.1 => ucx/1.8.0
  4) imkl/2023.2.0 => imkl/2020.1.217

Batch index: 7
Model: b
Sample size: 1000
Dimension: 9
Candidate vector: 40:200
Bandwidth: 0.05 0.1 0.15 0.2 0.25 0.3 0.35
GCV: FALSE
Simulation: 40
Loading required package: iterators
Loading required package: parallel

Attaching package: ‘expm’

The following object is masked from ‘package:Matrix’:

    expm

Time difference of 1.709829 hours
    hr         hd is.cover90.hr is.cover95.hr is.cover90.hd is.cover95.hd
1 0.05 0.04830254         0.075           0.2         0.225          0.45
   SCB90.hr  SCB95.hr  SCB90.hd  SCB95.hd
1 0.2083119 0.2296426 0.1910551 0.2106428
Time difference of 1.814475 hours
   hr         hd is.cover90.hr is.cover95.hr is.cover90.hd is.cover95.hd
2 0.1 0.09660509         0.825         0.975         0.875           0.9
   SCB90.hr SCB95.hr  SCB90.hd  SCB95.hd
2 0.2902796 0.320427 0.2705753 0.2999424
Time difference of 1.921109 hours
    hr        hd is.cover90.hr is.cover95.hr is.cover90.hd is.cover95.hd
3 0.15 0.1449076          0.85         0.925           0.9         0.925
  SCB90.hr  SCB95.hr  SCB90.hd  SCB95.hd
3 0.272292 0.3008153 0.2525931 0.2804583
Time difference of 1.959545 hours
   hr        hd is.cover90.hr is.cover95.hr is.cover90.hd is.cover95.hd
4 0.2 0.1709976         0.875          0.95           0.9          0.95
   SCB90.hr  SCB95.hr  SCB90.hd  SCB95.hd
4 0.2446337 0.2692878 0.2308141 0.2561943
Time difference of 1.913287 hours
    hr        hd is.cover90.hr is.cover95.hr is.cover90.hd is.cover95.hd
5 0.25 0.1587401         0.925         0.975         0.925         0.975
   SCB90.hr  SCB95.hr  SCB90.hd  SCB95.hd
5 0.2260427 0.2489588 0.2210875 0.2439862
Time difference of 1.924143 hours
   hr        hd is.cover90.hr is.cover95.hr is.cover90.hd is.cover95.hd
6 0.3 0.2008299         0.925             1         0.925             1
   SCB90.hr  SCB95.hr  SCB90.hd  SCB95.hd
6 0.1983147 0.2188699 0.1954969 0.2165849
Time difference of 1.896228 hours
    hr        hd is.cover90.hr is.cover95.hr is.cover90.hd is.cover95.hd
7 0.35 0.2466555         0.925             1         0.925             1
   SCB90.hr SCB95.hr SCB90.hd  SCB95.hd
7 0.1741524 0.193261 0.174699 0.1937923
