
Due to MODULEPATH changes, the following have been reloaded:
  1) mii/1.1.2

The following have been reloaded with a version change:
  1) StdEnv/2023 => StdEnv/2020           5) libfabric/1.18.0 => libfabric/1.10.1
  2) gcccore/.12.3 => gcccore/.9.3.0      6) openmpi/4.1.5 => openmpi/4.0.3
  3) gentoo/2023 => gentoo/2020           7) ucx/1.14.1 => ucx/1.8.0
  4) imkl/2023.2.0 => imkl/2020.1.217

Batch index: 9
Model: b
Sample size: 1000
Dimension: 9
Candidate vector: 40:200
Bandwidth: 0.05 0.1 0.15 0.2 0.25 0.3 0.35
GCV: FALSE
Simulation: 40
Loading required package: iterators
Loading required package: parallel

Attaching package: ‘expm’

The following object is masked from ‘package:Matrix’:

    expm

Time difference of 2.115555 hours
    hr         hd is.cover90.hr is.cover95.hr is.cover90.hd is.cover95.hd
1 0.05 0.04830254         0.175         0.275         0.225         0.425
   SCB90.hr  SCB95.hr  SCB90.hd  SCB95.hd
1 0.2070238 0.2298801 0.1874903 0.2070374
Time difference of 2.207836 hours
   hr         hd is.cover90.hr is.cover95.hr is.cover90.hd is.cover95.hd
2 0.1 0.09660509           0.8          0.95         0.775         0.975
  SCB90.hr  SCB95.hr  SCB90.hd  SCB95.hd
2 0.283491 0.3125615 0.2685222 0.2970976
Time difference of 2.290707 hours
    hr        hd is.cover90.hr is.cover95.hr is.cover90.hd is.cover95.hd
3 0.15 0.1449076           0.9         0.975           0.9         0.975
  SCB90.hr  SCB95.hr  SCB90.hd  SCB95.hd
3 0.276076 0.3049008 0.2575457 0.2866984
Time difference of 2.315043 hours
   hr        hd is.cover90.hr is.cover95.hr is.cover90.hd is.cover95.hd
4 0.2 0.1709976         0.875           0.9          0.85           0.9
   SCB90.hr  SCB95.hr  SCB90.hd  SCB95.hd
4 0.2504868 0.2777153 0.2352822 0.2617352
Time difference of 2.291779 hours
    hr        hd is.cover90.hr is.cover95.hr is.cover90.hd is.cover95.hd
5 0.25 0.1587401          0.85           0.9          0.85           0.9
   SCB90.hr  SCB95.hr  SCB90.hd  SCB95.hd
5 0.2277644 0.2521155 0.2220076 0.2456543
Time difference of 2.288312 hours
   hr        hd is.cover90.hr is.cover95.hr is.cover90.hd is.cover95.hd
6 0.3 0.2008299         0.875           0.9          0.85         0.925
  SCB90.hr  SCB95.hr  SCB90.hd SCB95.hd
6 0.199916 0.2209736 0.1972777 0.218233
Time difference of 2.261429 hours
    hr        hd is.cover90.hr is.cover95.hr is.cover90.hd is.cover95.hd
7 0.35 0.2466555           0.9         0.925           0.9         0.925
   SCB90.hr  SCB95.hr  SCB90.hd  SCB95.hd
7 0.1766752 0.1965837 0.1772715 0.1971563
