
Due to MODULEPATH changes, the following have been reloaded:
  1) mii/1.1.2

The following have been reloaded with a version change:
  1) StdEnv/2023 => StdEnv/2020           5) libfabric/1.18.0 => libfabric/1.10.1
  2) gcccore/.12.3 => gcccore/.9.3.0      6) openmpi/4.1.5 => openmpi/4.0.3
  3) gentoo/2023 => gentoo/2020           7) ucx/1.14.1 => ucx/1.8.0
  4) imkl/2023.2.0 => imkl/2020.1.217

Batch index: 1
Model: b
Sample size: 500
Dimension: 27
Candidate vector: 20:100
Bandwidth: 0.05 0.1 0.15 0.2 0.25 0.3 0.35
GCV: FALSE
Simulation: 40
Loading required package: iterators
Loading required package: parallel

Attaching package: ‘expm’

The following object is masked from ‘package:Matrix’:

    expm

Time difference of 2.633607 hours
    hr         hd is.cover90.hr is.cover95.hr is.cover90.hd is.cover95.hd
1 0.05 0.04847024         0.075          0.15         0.525           0.7
   SCB90.hr  SCB95.hr  SCB90.hd  SCB95.hd
1 0.3052988 0.3357603 0.2703182 0.2959033
Time difference of 2.731446 hours
   hr         hd is.cover90.hr is.cover95.hr is.cover90.hd is.cover95.hd
2 0.1 0.09694048           0.9          0.95         0.925          0.95
   SCB90.hr  SCB95.hr  SCB90.hd  SCB95.hd
2 0.4028872 0.4414101 0.3732468 0.4086708
Time difference of 2.889791 hours
    hr        hd is.cover90.hr is.cover95.hr is.cover90.hd is.cover95.hd
3 0.15 0.1454107             1             1          0.95             1
  SCB90.hr  SCB95.hr  SCB90.hd  SCB95.hd
3 0.417192 0.4580857 0.3915871 0.4328013
Time difference of 2.932736 hours
   hr       hd is.cover90.hr is.cover95.hr is.cover90.hd is.cover95.hd
4 0.2 0.193881         0.975             1          0.95         0.975
   SCB90.hr  SCB95.hr  SCB90.hd  SCB95.hd
4 0.3752973 0.4121256 0.3543297 0.3901893
Time difference of 2.979177 hours
    hr  hd is.cover90.hr is.cover95.hr is.cover90.hd is.cover95.hd  SCB90.hr
5 0.25 0.2         0.925             1         0.925             1 0.3462447
   SCB95.hr SCB90.hd  SCB95.hd
5 0.3794213 0.334024 0.3676741
Time difference of 2.941237 hours
   hr        hd is.cover90.hr is.cover95.hr is.cover90.hd is.cover95.hd
6 0.3 0.2008299         0.875         0.975         0.875         0.975
   SCB90.hr  SCB95.hr  SCB90.hd  SCB95.hd
6 0.3178232 0.3488744 0.3140826 0.3455203
Time difference of 3.031066 hours
    hr        hd is.cover90.hr is.cover95.hr is.cover90.hd is.cover95.hd
7 0.35 0.2466555           0.9          0.95           0.9         0.975
   SCB90.hr  SCB95.hr  SCB90.hd  SCB95.hd
7 0.2809587 0.3091642 0.2816942 0.3098315
