
Due to MODULEPATH changes, the following have been reloaded:
  1) mii/1.1.2

The following have been reloaded with a version change:
  1) StdEnv/2023 => StdEnv/2020           5) libfabric/1.18.0 => libfabric/1.10.1
  2) gcccore/.12.3 => gcccore/.9.3.0      6) openmpi/4.1.5 => openmpi/4.0.3
  3) gentoo/2023 => gentoo/2020           7) ucx/1.14.1 => ucx/1.8.0
  4) imkl/2023.2.0 => imkl/2020.1.217

Batch index: 3
Model: b
Sample size: 500
Dimension: 27
Candidate vector: 20:100
Bandwidth: 0.05 0.1 0.15 0.2 0.25 0.3 0.35
GCV: FALSE
Simulation: 40
Loading required package: iterators
Loading required package: parallel

Attaching package: ‘expm’

The following object is masked from ‘package:Matrix’:

    expm

Time difference of 2.610013 hours
    hr         hd is.cover90.hr is.cover95.hr is.cover90.hd is.cover95.hd
1 0.05 0.04847024             0          0.05          0.25          0.45
   SCB90.hr  SCB95.hr  SCB90.hd  SCB95.hd
1 0.3056087 0.3362187 0.2711886 0.2976345
Time difference of 2.787371 hours
   hr         hd is.cover90.hr is.cover95.hr is.cover90.hd is.cover95.hd
2 0.1 0.09694048         0.925             1          0.85             1
   SCB90.hr  SCB95.hr  SCB90.hd  SCB95.hd
2 0.3986823 0.4368669 0.3773064 0.4157311
Time difference of 2.852053 hours
    hr        hd is.cover90.hr is.cover95.hr is.cover90.hd is.cover95.hd
3 0.15 0.1454107         0.975         0.975         0.925             1
   SCB90.hr  SCB95.hr  SCB90.hd  SCB95.hd
3 0.4175176 0.4588904 0.3943373 0.4359634
Time difference of 2.995362 hours
   hr       hd is.cover90.hr is.cover95.hr is.cover90.hd is.cover95.hd
4 0.2 0.193881          0.95          0.95          0.85             1
   SCB90.hr SCB95.hr  SCB90.hd SCB95.hd
4 0.3774442 0.414614 0.3554318  0.39238
Time difference of 3.025239 hours
    hr  hd is.cover90.hr is.cover95.hr is.cover90.hd is.cover95.hd  SCB90.hr
5 0.25 0.2          0.85         0.975          0.85             1 0.3485147
   SCB95.hr  SCB90.hd  SCB95.hd
5 0.3831997 0.3361694 0.3706066
Time difference of 3.074921 hours
   hr        hd is.cover90.hr is.cover95.hr is.cover90.hd is.cover95.hd
6 0.3 0.2008299         0.925         0.975         0.925             1
   SCB90.hr  SCB95.hr  SCB90.hd  SCB95.hd
6 0.3214353 0.3524984 0.3182642 0.3495934
Time difference of 3.188617 hours
    hr        hd is.cover90.hr is.cover95.hr is.cover90.hd is.cover95.hd
7 0.35 0.2466555           0.9         0.975           0.9         0.975
   SCB90.hr  SCB95.hr  SCB90.hd SCB95.hd
7 0.2856677 0.3139118 0.2863076  0.31476
