
Due to MODULEPATH changes, the following have been reloaded:
  1) mii/1.1.2

The following have been reloaded with a version change:
  1) StdEnv/2023 => StdEnv/2020           5) libfabric/1.18.0 => libfabric/1.10.1
  2) gcccore/.12.3 => gcccore/.9.3.0      6) openmpi/4.1.5 => openmpi/4.0.3
  3) gentoo/2023 => gentoo/2020           7) ucx/1.14.1 => ucx/1.8.0
  4) imkl/2023.2.0 => imkl/2020.1.217

Batch index: 2
Model: b
Sample size: 500
Dimension: 27
Candidate vector: 20:100
Bandwidth: 0.05 0.1 0.15 0.2 0.25 0.3 0.35
GCV: FALSE
Simulation: 40
Loading required package: iterators
Loading required package: parallel

Attaching package: ‘expm’

The following object is masked from ‘package:Matrix’:

    expm

Time difference of 2.435432 hours
    hr         hd is.cover90.hr is.cover95.hr is.cover90.hd is.cover95.hd
1 0.05 0.04847024             0           0.1         0.225         0.575
  SCB90.hr  SCB95.hr  SCB90.hd  SCB95.hd
1 0.295145 0.3226743 0.2677211 0.2940347
Time difference of 2.653706 hours
   hr         hd is.cover90.hr is.cover95.hr is.cover90.hd is.cover95.hd
2 0.1 0.09694048          0.85         0.875         0.825           0.9
   SCB90.hr  SCB95.hr  SCB90.hd  SCB95.hd
2 0.4040504 0.4430306 0.3781252 0.4163315
Time difference of 2.946685 hours
    hr        hd is.cover90.hr is.cover95.hr is.cover90.hd is.cover95.hd
3 0.15 0.1454107          0.95             1          0.95          0.95
   SCB90.hr  SCB95.hr  SCB90.hd SCB95.hd
3 0.4223182 0.4663934 0.3889988  0.43119
Time difference of 3.011263 hours
   hr       hd is.cover90.hr is.cover95.hr is.cover90.hd is.cover95.hd
4 0.2 0.193881         0.925         0.975         0.925         0.975
   SCB90.hr  SCB95.hr  SCB90.hd  SCB95.hd
4 0.3815666 0.4211323 0.3527975 0.3908408
Time difference of 2.997688 hours
    hr  hd is.cover90.hr is.cover95.hr is.cover90.hd is.cover95.hd  SCB90.hr
5 0.25 0.2          0.95          0.95         0.925          0.95 0.3477611
   SCB95.hr  SCB90.hd  SCB95.hd
5 0.3819825 0.3346587 0.3684558
Time difference of 2.828313 hours
   hr        hd is.cover90.hr is.cover95.hr is.cover90.hd is.cover95.hd
6 0.3 0.2008299          0.95          0.95         0.925          0.95
   SCB90.hr  SCB95.hr  SCB90.hd  SCB95.hd
6 0.3182977 0.3489245 0.3146806 0.3456271
Time difference of 2.848054 hours
    hr        hd is.cover90.hr is.cover95.hr is.cover90.hd is.cover95.hd
7 0.35 0.2466555         0.925          0.95         0.925          0.95
   SCB90.hr  SCB95.hr  SCB90.hd  SCB95.hd
7 0.2827935 0.3110764 0.2835036 0.3118355
