
Due to MODULEPATH changes, the following have been reloaded:
  1) mii/1.1.2

The following have been reloaded with a version change:
  1) StdEnv/2023 => StdEnv/2020           5) libfabric/1.18.0 => libfabric/1.10.1
  2) gcccore/.12.3 => gcccore/.9.3.0      6) openmpi/4.1.5 => openmpi/4.0.3
  3) gentoo/2023 => gentoo/2020           7) ucx/1.14.1 => ucx/1.8.0
  4) imkl/2023.2.0 => imkl/2020.1.217

Batch index: 7
Model: b
Sample size: 500
Dimension: 27
Candidate vector: 20:100
Bandwidth: 0.05 0.1 0.15 0.2 0.25 0.3 0.35
GCV: FALSE
Simulation: 40
Loading required package: iterators
Loading required package: parallel

Attaching package: ‘expm’

The following object is masked from ‘package:Matrix’:

    expm

Time difference of 2.398099 hours
    hr         hd is.cover90.hr is.cover95.hr is.cover90.hd is.cover95.hd
1 0.05 0.04847024         0.075           0.1          0.35         0.525
   SCB90.hr SCB95.hr  SCB90.hd  SCB95.hd
1 0.3015872 0.331451 0.2694859 0.2946441
Time difference of 2.592912 hours
   hr         hd is.cover90.hr is.cover95.hr is.cover90.hd is.cover95.hd
2 0.1 0.09694048           0.9          0.95          0.85         0.925
   SCB90.hr  SCB95.hr SCB90.hd  SCB95.hd
2 0.4034966 0.4420894 0.376144 0.4140426
Time difference of 2.734157 hours
    hr        hd is.cover90.hr is.cover95.hr is.cover90.hd is.cover95.hd
3 0.15 0.1454107         0.925         0.975          0.85           0.9
   SCB90.hr  SCB95.hr  SCB90.hd  SCB95.hd
3 0.4138504 0.4542528 0.3825007 0.4216929
Time difference of 2.721428 hours
   hr       hd is.cover90.hr is.cover95.hr is.cover90.hd is.cover95.hd
4 0.2 0.193881           0.9         0.975         0.925         0.975
   SCB90.hr  SCB95.hr  SCB90.hd  SCB95.hd
4 0.3745878 0.4109321 0.3487014 0.3846268
Time difference of 2.744878 hours
    hr  hd is.cover90.hr is.cover95.hr is.cover90.hd is.cover95.hd  SCB90.hr
5 0.25 0.2           0.9         0.975         0.925         0.975 0.3443813
   SCB95.hr  SCB90.hd  SCB95.hd
5 0.3770963 0.3322084 0.3653717
Time difference of 2.71761 hours
   hr        hd is.cover90.hr is.cover95.hr is.cover90.hd is.cover95.hd
6 0.3 0.2008299           0.9         0.975           0.9         0.975
   SCB90.hr  SCB95.hr  SCB90.hd  SCB95.hd
6 0.3160914 0.3480373 0.3124155 0.3444438
Time difference of 2.803133 hours
    hr        hd is.cover90.hr is.cover95.hr is.cover90.hd is.cover95.hd
7 0.35 0.2466555           0.9         0.975           0.9         0.975
   SCB90.hr  SCB95.hr  SCB90.hd  SCB95.hd
7 0.2807708 0.3090085 0.2815071 0.3098852
