
Due to MODULEPATH changes, the following have been reloaded:
  1) mii/1.1.2

The following have been reloaded with a version change:
  1) StdEnv/2023 => StdEnv/2020           5) libfabric/1.18.0 => libfabric/1.10.1
  2) gcccore/.12.3 => gcccore/.9.3.0      6) openmpi/4.1.5 => openmpi/4.0.3
  3) gentoo/2023 => gentoo/2020           7) ucx/1.14.1 => ucx/1.8.0
  4) imkl/2023.2.0 => imkl/2020.1.217

Batch index: 9
Model: b
Sample size: 500
Dimension: 27
Candidate vector: 20:100
Bandwidth: 0.05 0.1 0.15 0.2 0.25 0.3 0.35
GCV: FALSE
Simulation: 40
Loading required package: iterators
Loading required package: parallel

Attaching package: ‘expm’

The following object is masked from ‘package:Matrix’:

    expm

Time difference of 2.577447 hours
    hr         hd is.cover90.hr is.cover95.hr is.cover90.hd is.cover95.hd
1 0.05 0.04847024          0.05          0.15         0.175           0.4
   SCB90.hr  SCB95.hr  SCB90.hd  SCB95.hd
1 0.3132073 0.3469677 0.2681758 0.2942986
Time difference of 2.728781 hours
   hr         hd is.cover90.hr is.cover95.hr is.cover90.hd is.cover95.hd
2 0.1 0.09694048         0.875             1          0.85         0.975
   SCB90.hr  SCB95.hr  SCB90.hd  SCB95.hd
2 0.3954468 0.4342037 0.3689627 0.4060554
Time difference of 2.878146 hours
    hr        hd is.cover90.hr is.cover95.hr is.cover90.hd is.cover95.hd
3 0.15 0.1454107          0.95             1         0.975         0.975
   SCB90.hr  SCB95.hr  SCB90.hd  SCB95.hd
3 0.4219569 0.4647402 0.3957517 0.4387511
Time difference of 2.981743 hours
   hr       hd is.cover90.hr is.cover95.hr is.cover90.hd is.cover95.hd
4 0.2 0.193881         0.975         0.975         0.975             1
   SCB90.hr  SCB95.hr  SCB90.hd SCB95.hd
4 0.3852973 0.4234785 0.3620387 0.400912
Time difference of 2.950749 hours
    hr  hd is.cover90.hr is.cover95.hr is.cover90.hd is.cover95.hd  SCB90.hr
5 0.25 0.2          0.95         0.975          0.95          0.95 0.3551208
   SCB95.hr  SCB90.hd SCB95.hd
5 0.3916667 0.3414004 0.377637
Time difference of 2.97497 hours
   hr        hd is.cover90.hr is.cover95.hr is.cover90.hd is.cover95.hd
6 0.3 0.2008299          0.95          0.95         0.925          0.95
  SCB90.hr  SCB95.hr  SCB90.hd  SCB95.hd
6 0.323639 0.3556211 0.3200057 0.3516044
Time difference of 2.948516 hours
    hr        hd is.cover90.hr is.cover95.hr is.cover90.hd is.cover95.hd
7 0.35 0.2466555           0.9          0.95           0.9          0.95
   SCB90.hr  SCB95.hr  SCB90.hd  SCB95.hd
7 0.2865728 0.3151497 0.2873606 0.3160156
