
Due to MODULEPATH changes, the following have been reloaded:
  1) mii/1.1.2

The following have been reloaded with a version change:
  1) StdEnv/2023 => StdEnv/2020           5) libfabric/1.18.0 => libfabric/1.10.1
  2) gcccore/.12.3 => gcccore/.9.3.0      6) openmpi/4.1.5 => openmpi/4.0.3
  3) gentoo/2023 => gentoo/2020           7) ucx/1.14.1 => ucx/1.8.0
  4) imkl/2023.2.0 => imkl/2020.1.217

Batch index: 6
Model: b
Sample size: 500
Dimension: 27
Candidate vector: 20:100
Bandwidth: 0.05 0.1 0.15 0.2 0.25 0.3 0.35
GCV: FALSE
Simulation: 40
Loading required package: iterators
Loading required package: parallel

Attaching package: ‘expm’

The following object is masked from ‘package:Matrix’:

    expm

Time difference of 2.410292 hours
    hr         hd is.cover90.hr is.cover95.hr is.cover90.hd is.cover95.hd
1 0.05 0.04847024          0.05          0.15          0.25           0.5
   SCB90.hr  SCB95.hr  SCB90.hd SCB95.hd
1 0.3013047 0.3317957 0.2669322 0.293347
Time difference of 2.508526 hours
   hr         hd is.cover90.hr is.cover95.hr is.cover90.hd is.cover95.hd
2 0.1 0.09694048          0.85           0.9         0.875          0.95
   SCB90.hr  SCB95.hr SCB90.hd  SCB95.hd
2 0.4107714 0.4491691 0.384142 0.4213639
Time difference of 2.668907 hours
    hr        hd is.cover90.hr is.cover95.hr is.cover90.hd is.cover95.hd
3 0.15 0.1454107         0.975         0.975          0.95             1
   SCB90.hr  SCB95.hr  SCB90.hd  SCB95.hd
3 0.4302485 0.4725403 0.4012563 0.4441034
Time difference of 2.778445 hours
   hr       hd is.cover90.hr is.cover95.hr is.cover90.hd is.cover95.hd
4 0.2 0.193881         0.975         0.975             1             1
   SCB90.hr  SCB95.hr  SCB90.hd SCB95.hd
4 0.3845603 0.4213273 0.3626126 0.400436
Time difference of 2.846724 hours
    hr  hd is.cover90.hr is.cover95.hr is.cover90.hd is.cover95.hd  SCB90.hr
5 0.25 0.2             1             1             1             1 0.3542396
   SCB95.hr  SCB90.hd  SCB95.hd
5 0.3886181 0.3417554 0.3755442
Time difference of 2.790631 hours
   hr        hd is.cover90.hr is.cover95.hr is.cover90.hd is.cover95.hd
6 0.3 0.2008299             1             1         0.975             1
   SCB90.hr  SCB95.hr  SCB90.hd  SCB95.hd
6 0.3256308 0.3566221 0.3215139 0.3529022
Time difference of 2.86859 hours
    hr        hd is.cover90.hr is.cover95.hr is.cover90.hd is.cover95.hd
7 0.35 0.2466555         0.975             1         0.975             1
   SCB90.hr  SCB95.hr  SCB90.hd  SCB95.hd
7 0.2884674 0.3170257 0.2892848 0.3179161
