
Due to MODULEPATH changes, the following have been reloaded:
  1) mii/1.1.2

The following have been reloaded with a version change:
  1) StdEnv/2023 => StdEnv/2020           5) libfabric/1.18.0 => libfabric/1.10.1
  2) gcccore/.12.3 => gcccore/.9.3.0      6) openmpi/4.1.5 => openmpi/4.0.3
  3) gentoo/2023 => gentoo/2020           7) ucx/1.14.1 => ucx/1.8.0
  4) imkl/2023.2.0 => imkl/2020.1.217

Batch index: 4
Model: b
Sample size: 500
Dimension: 27
Candidate vector: 20:100
Bandwidth: 0.05 0.1 0.15 0.2 0.25 0.3 0.35
GCV: FALSE
Simulation: 40
Loading required package: iterators
Loading required package: parallel

Attaching package: ‘expm’

The following object is masked from ‘package:Matrix’:

    expm

Time difference of 3.487964 hours
    hr         hd is.cover90.hr is.cover95.hr is.cover90.hd is.cover95.hd
1 0.05 0.04847024          0.05           0.1         0.175          0.35
   SCB90.hr  SCB95.hr  SCB90.hd SCB95.hd
1 0.3035263 0.3341259 0.2685781 0.295012
Time difference of 3.416196 hours
   hr         hd is.cover90.hr is.cover95.hr is.cover90.hd is.cover95.hd
2 0.1 0.09694048           0.9             1          0.85          0.95
   SCB90.hr  SCB95.hr  SCB90.hd  SCB95.hd
2 0.4037088 0.4418829 0.3783363 0.4166707
Time difference of 3.015124 hours
    hr        hd is.cover90.hr is.cover95.hr is.cover90.hd is.cover95.hd
3 0.15 0.1454107         0.975         0.975          0.95         0.975
  SCB90.hr  SCB95.hr  SCB90.hd  SCB95.hd
3 0.418504 0.4601195 0.3946676 0.4377612
Time difference of 2.755021 hours
   hr       hd is.cover90.hr is.cover95.hr is.cover90.hd is.cover95.hd
4 0.2 0.193881         0.975         0.975          0.95         0.975
   SCB90.hr  SCB95.hr  SCB90.hd  SCB95.hd
4 0.3800632 0.4185132 0.3532183 0.3919123
Time difference of 2.784545 hours
    hr  hd is.cover90.hr is.cover95.hr is.cover90.hd is.cover95.hd  SCB90.hr
5 0.25 0.2          0.95         0.975          0.95             1 0.3466363
   SCB95.hr  SCB90.hd  SCB95.hd
5 0.3814616 0.3325462 0.3674877
Time difference of 2.759498 hours
   hr        hd is.cover90.hr is.cover95.hr is.cover90.hd is.cover95.hd
6 0.3 0.2008299         0.925         0.975           0.9         0.975
   SCB90.hr  SCB95.hr  SCB90.hd  SCB95.hd
6 0.3158975 0.3476969 0.3118807 0.3430975
Time difference of 2.806127 hours
    hr        hd is.cover90.hr is.cover95.hr is.cover90.hd is.cover95.hd
7 0.35 0.2466555         0.875          0.95         0.875          0.95
  SCB90.hr  SCB95.hr  SCB90.hd SCB95.hd
7 0.278821 0.3067873 0.2797985 0.307732
