
Due to MODULEPATH changes, the following have been reloaded:
  1) mii/1.1.2

The following have been reloaded with a version change:
  1) StdEnv/2023 => StdEnv/2020           5) libfabric/1.18.0 => libfabric/1.10.1
  2) gcccore/.12.3 => gcccore/.9.3.0      6) openmpi/4.1.5 => openmpi/4.0.3
  3) gentoo/2023 => gentoo/2020           7) ucx/1.14.1 => ucx/1.8.0
  4) imkl/2023.2.0 => imkl/2020.1.217

Batch index: 1
Model: a
Sample size: 1000
Dimension: 27
Candidate vector: 40:200
Bandwidth: 0.05 0.1
GCV: FALSE
Simulation: 40
Loading required package: iterators
Loading required package: parallel

Attaching package: ‘expm’

The following object is masked from ‘package:Matrix’:

    expm

Time difference of 4.550647 hours
    hr         hd is.cover90.hr is.cover95.hr is.cover90.hd is.cover95.hd
1 0.05 0.04830254          0.05          0.15         0.225           0.4
  SCB90.hr  SCB95.hr  SCB90.hd  SCB95.hd
1 0.217696 0.2383794 0.2005378 0.2192266
Time difference of 5.145429 hours
   hr         hd is.cover90.hr is.cover95.hr is.cover90.hd is.cover95.hd
2 0.1 0.09660509         0.875         0.975         0.875         0.975
   SCB90.hr  SCB95.hr  SCB90.hd  SCB95.hd
2 0.2891144 0.3158331 0.2730052 0.2998331
