
Due to MODULEPATH changes, the following have been reloaded:
  1) mii/1.1.2

The following have been reloaded with a version change:
  1) StdEnv/2023 => StdEnv/2020           5) libfabric/1.18.0 => libfabric/1.10.1
  2) gcccore/.12.3 => gcccore/.9.3.0      6) openmpi/4.1.5 => openmpi/4.0.3
  3) gentoo/2023 => gentoo/2020           7) ucx/1.14.1 => ucx/1.8.0
  4) imkl/2023.2.0 => imkl/2020.1.217

Batch index: 9
Model: a
Sample size: 300
Dimension: 27
Candidate vector: 10:100
Bandwidth: 0.05 0.1 0.15 0.2 0.25 0.3 0.35
Simulation: 40
Loading required package: iterators
Loading required package: parallel

Attaching package: ‘expm’

The following object is masked from ‘package:Matrix’:

    expm

Time difference of 1.095534 hours
    hr max_width90.zhou max_width95.zhou max_width90.zhou.m max_width95.zhou.m
1 0.05        0.5492281        0.5902768          0.5492281          0.5902768
  max_width90.zhou.iso max_width95.zhou.iso
1            0.5492281            0.5902768
Time difference of 1.091801 hours
   hr max_width90.zhou max_width95.zhou max_width90.zhou.m max_width95.zhou.m
2 0.1        0.6008115        0.6504468          0.6008115          0.6504468
  max_width90.zhou.iso max_width95.zhou.iso
2            0.6008115            0.6504468
Time difference of 1.102461 hours
    hr max_width90.zhou max_width95.zhou max_width90.zhou.m max_width95.zhou.m
3 0.15        0.5913302        0.6447059          0.5913302          0.6447059
  max_width90.zhou.iso max_width95.zhou.iso
3            0.5913302            0.6447059
Time difference of 1.090224 hours
   hr max_width90.zhou max_width95.zhou max_width90.zhou.m max_width95.zhou.m
4 0.2        0.5210622        0.5689317          0.5210622          0.5689317
  max_width90.zhou.iso max_width95.zhou.iso
4            0.5210622            0.5689317
Time difference of 1.102134 hours
    hr max_width90.zhou max_width95.zhou max_width90.zhou.m max_width95.zhou.m
5 0.25         0.456245        0.4993987           0.456245          0.4993987
  max_width90.zhou.iso max_width95.zhou.iso
5             0.456245            0.4993987
Time difference of 1.089968 hours
   hr max_width90.zhou max_width95.zhou max_width90.zhou.m max_width95.zhou.m
6 0.3        0.4016823        0.4395303          0.4016823          0.4395303
  max_width90.zhou.iso max_width95.zhou.iso
6            0.4016823            0.4395303
Time difference of 1.112289 hours
    hr max_width90.zhou max_width95.zhou max_width90.zhou.m max_width95.zhou.m
7 0.35        0.3580623        0.3935156          0.3580623          0.3935156
  max_width90.zhou.iso max_width95.zhou.iso
7            0.3580623            0.3935156
