
Due to MODULEPATH changes, the following have been reloaded:
  1) mii/1.1.2

The following have been reloaded with a version change:
  1) StdEnv/2023 => StdEnv/2020           5) libfabric/1.18.0 => libfabric/1.10.1
  2) gcccore/.12.3 => gcccore/.9.3.0      6) openmpi/4.1.5 => openmpi/4.0.3
  3) gentoo/2023 => gentoo/2020           7) ucx/1.14.1 => ucx/1.8.0
  4) imkl/2023.2.0 => imkl/2020.1.217

Batch index: 8
Model: a
Sample size: 300
Dimension: 27
Candidate vector: 10:100
Bandwidth: 0.05 0.1 0.15 0.2 0.25 0.3 0.35
Simulation: 40
Loading required package: iterators
Loading required package: parallel

Attaching package: ‘expm’

The following object is masked from ‘package:Matrix’:

    expm

Time difference of 1.12506 hours
    hr max_width90.zhou max_width95.zhou max_width90.zhou.m max_width95.zhou.m
1 0.05        0.5471442        0.5882284          0.5471442          0.5882284
  max_width90.zhou.iso max_width95.zhou.iso
1            0.5471442            0.5882284
Time difference of 1.138679 hours
   hr max_width90.zhou max_width95.zhou max_width90.zhou.m max_width95.zhou.m
2 0.1         0.592687        0.6415621           0.592687          0.6415621
  max_width90.zhou.iso max_width95.zhou.iso
2             0.592687            0.6415621
Time difference of 1.110925 hours
    hr max_width90.zhou max_width95.zhou max_width90.zhou.m max_width95.zhou.m
3 0.15        0.5771307        0.6281918          0.5771307          0.6281918
  max_width90.zhou.iso max_width95.zhou.iso
3            0.5771307            0.6281918
Time difference of 1.137983 hours
   hr max_width90.zhou max_width95.zhou max_width90.zhou.m max_width95.zhou.m
4 0.2        0.5146654        0.5623777          0.5146654          0.5623777
  max_width90.zhou.iso max_width95.zhou.iso
4            0.5146654            0.5623777
Time difference of 1.123593 hours
    hr max_width90.zhou max_width95.zhou max_width90.zhou.m max_width95.zhou.m
5 0.25        0.4500245         0.492677          0.4500245           0.492677
  max_width90.zhou.iso max_width95.zhou.iso
5            0.4500245             0.492677
Time difference of 1.126039 hours
   hr max_width90.zhou max_width95.zhou max_width90.zhou.m max_width95.zhou.m
6 0.3        0.3971735        0.4327494          0.3971735          0.4327494
  max_width90.zhou.iso max_width95.zhou.iso
6            0.3971735            0.4327494
Time difference of 1.12674 hours
    hr max_width90.zhou max_width95.zhou max_width90.zhou.m max_width95.zhou.m
7 0.35        0.3534292        0.3861301          0.3534292          0.3861301
  max_width90.zhou.iso max_width95.zhou.iso
7            0.3534292            0.3861301
