
Due to MODULEPATH changes, the following have been reloaded:
  1) mii/1.1.2

The following have been reloaded with a version change:
  1) StdEnv/2023 => StdEnv/2020           5) libfabric/1.18.0 => libfabric/1.10.1
  2) gcccore/.12.3 => gcccore/.9.3.0      6) openmpi/4.1.5 => openmpi/4.0.3
  3) gentoo/2023 => gentoo/2020           7) ucx/1.14.1 => ucx/1.8.0
  4) imkl/2023.2.0 => imkl/2020.1.217

Batch index: 6
Model: a
Sample size: 300
Dimension: 27
Candidate vector: 10:100
Bandwidth: 0.05 0.1 0.15 0.2 0.25 0.3 0.35
Simulation: 40
Loading required package: iterators
Loading required package: parallel

Attaching package: ‘expm’

The following object is masked from ‘package:Matrix’:

    expm

Time difference of 1.131501 hours
    hr max_width90.zhou max_width95.zhou max_width90.zhou.m max_width95.zhou.m
1 0.05        0.5508372        0.5911698          0.5508372          0.5911698
  max_width90.zhou.iso max_width95.zhou.iso
1            0.5508372            0.5911698
Time difference of 1.101247 hours
   hr max_width90.zhou max_width95.zhou max_width90.zhou.m max_width95.zhou.m
2 0.1        0.6002242        0.6504934          0.6002242          0.6504934
  max_width90.zhou.iso max_width95.zhou.iso
2            0.6002242            0.6504934
Time difference of 1.119065 hours
    hr max_width90.zhou max_width95.zhou max_width90.zhou.m max_width95.zhou.m
3 0.15        0.5858518        0.6377112          0.5858518          0.6377112
  max_width90.zhou.iso max_width95.zhou.iso
3            0.5858518            0.6377112
Time difference of 1.124259 hours
   hr max_width90.zhou max_width95.zhou max_width90.zhou.m max_width95.zhou.m
4 0.2        0.5215882        0.5695269          0.5215882          0.5695269
  max_width90.zhou.iso max_width95.zhou.iso
4            0.5215882            0.5695269
Time difference of 1.119216 hours
    hr max_width90.zhou max_width95.zhou max_width90.zhou.m max_width95.zhou.m
5 0.25        0.4576177        0.5020707          0.4576177          0.5020707
  max_width90.zhou.iso max_width95.zhou.iso
5            0.4576177            0.5020707
Time difference of 1.107772 hours
   hr max_width90.zhou max_width95.zhou max_width90.zhou.m max_width95.zhou.m
6 0.3         0.404454        0.4432875           0.404454          0.4432875
  max_width90.zhou.iso max_width95.zhou.iso
6             0.404454            0.4432875
Time difference of 1.133417 hours
    hr max_width90.zhou max_width95.zhou max_width90.zhou.m max_width95.zhou.m
7 0.35        0.3595747        0.3938533          0.3595747          0.3938533
  max_width90.zhou.iso max_width95.zhou.iso
7            0.3595747            0.3938533
