
Due to MODULEPATH changes, the following have been reloaded:
  1) mii/1.1.2

The following have been reloaded with a version change:
  1) StdEnv/2023 => StdEnv/2020           5) libfabric/1.18.0 => libfabric/1.10.1
  2) gcccore/.12.3 => gcccore/.9.3.0      6) openmpi/4.1.5 => openmpi/4.0.3
  3) gentoo/2023 => gentoo/2020           7) ucx/1.14.1 => ucx/1.8.0
  4) imkl/2023.2.0 => imkl/2020.1.217

Batch index: 2
Model: a
Sample size: 300
Dimension: 27
Candidate vector: 10:100
Bandwidth: 0.05 0.1 0.15 0.2 0.25 0.3 0.35
Simulation: 40
Loading required package: iterators
Loading required package: parallel

Attaching package: ‘expm’

The following object is masked from ‘package:Matrix’:

    expm

Time difference of 1.101219 hours
    hr max_width90.zhou max_width95.zhou max_width90.zhou.m max_width95.zhou.m
1 0.05        0.5536664        0.5960555          0.5536664          0.5960555
  max_width90.zhou.iso max_width95.zhou.iso
1            0.5536664            0.5960555
Time difference of 1.106398 hours
   hr max_width90.zhou max_width95.zhou max_width90.zhou.m max_width95.zhou.m
2 0.1        0.6157487        0.6671744          0.6157487          0.6671744
  max_width90.zhou.iso max_width95.zhou.iso
2            0.6157487            0.6671744
Time difference of 1.112245 hours
    hr max_width90.zhou max_width95.zhou max_width90.zhou.m max_width95.zhou.m
3 0.15        0.5841313        0.6363373          0.5841313          0.6363373
  max_width90.zhou.iso max_width95.zhou.iso
3            0.5841313            0.6363373
Time difference of 1.114163 hours
   hr max_width90.zhou max_width95.zhou max_width90.zhou.m max_width95.zhou.m
4 0.2        0.5147525        0.5615077          0.5147525          0.5615077
  max_width90.zhou.iso max_width95.zhou.iso
4            0.5147525            0.5615077
Time difference of 1.112221 hours
    hr max_width90.zhou max_width95.zhou max_width90.zhou.m max_width95.zhou.m
5 0.25        0.4517095        0.4936525          0.4517095          0.4936525
  max_width90.zhou.iso max_width95.zhou.iso
5            0.4517095            0.4936525
Time difference of 1.20628 hours
   hr max_width90.zhou max_width95.zhou max_width90.zhou.m max_width95.zhou.m
6 0.3         0.401039        0.4388988           0.401039          0.4388988
  max_width90.zhou.iso max_width95.zhou.iso
6             0.401039            0.4388988
Time difference of 1.105846 hours
    hr max_width90.zhou max_width95.zhou max_width90.zhou.m max_width95.zhou.m
7 0.35        0.3580469        0.3934217          0.3580469          0.3934217
  max_width90.zhou.iso max_width95.zhou.iso
7            0.3580469            0.3934217
