
Due to MODULEPATH changes, the following have been reloaded:
  1) mii/1.1.2

The following have been reloaded with a version change:
  1) StdEnv/2023 => StdEnv/2020           5) libfabric/1.18.0 => libfabric/1.10.1
  2) gcccore/.12.3 => gcccore/.9.3.0      6) openmpi/4.1.5 => openmpi/4.0.3
  3) gentoo/2023 => gentoo/2020           7) ucx/1.14.1 => ucx/1.8.0
  4) imkl/2023.2.0 => imkl/2020.1.217

Batch index: 5
Model: a
Sample size: 300
Dimension: 27
Candidate vector: 10:100
Bandwidth: 0.05 0.1 0.15 0.2 0.25 0.3 0.35
Simulation: 40
Loading required package: iterators
Loading required package: parallel

Attaching package: ‘expm’

The following object is masked from ‘package:Matrix’:

    expm

Time difference of 1.133491 hours
    hr max_width90.zhou max_width95.zhou max_width90.zhou.m max_width95.zhou.m
1 0.05        0.5456442         0.585631          0.5456442           0.585631
  max_width90.zhou.iso max_width95.zhou.iso
1            0.5456442             0.585631
Time difference of 1.137675 hours
   hr max_width90.zhou max_width95.zhou max_width90.zhou.m max_width95.zhou.m
2 0.1        0.5991714        0.6497111          0.5991714          0.6497111
  max_width90.zhou.iso max_width95.zhou.iso
2            0.5991714            0.6497111
Time difference of 1.12594 hours
    hr max_width90.zhou max_width95.zhou max_width90.zhou.m max_width95.zhou.m
3 0.15        0.5875212         0.639611          0.5875212           0.639611
  max_width90.zhou.iso max_width95.zhou.iso
3            0.5875212             0.639611
Time difference of 1.129488 hours
   hr max_width90.zhou max_width95.zhou max_width90.zhou.m max_width95.zhou.m
4 0.2         0.513551        0.5624321           0.513551          0.5624321
  max_width90.zhou.iso max_width95.zhou.iso
4             0.513551            0.5624321
Time difference of 1.136609 hours
    hr max_width90.zhou max_width95.zhou max_width90.zhou.m max_width95.zhou.m
5 0.25        0.4489331        0.4898445          0.4489331          0.4898445
  max_width90.zhou.iso max_width95.zhou.iso
5            0.4489331            0.4898445
Time difference of 1.163868 hours
   hr max_width90.zhou max_width95.zhou max_width90.zhou.m max_width95.zhou.m
6 0.3        0.3970137        0.4345494          0.3970137          0.4345494
  max_width90.zhou.iso max_width95.zhou.iso
6            0.3970137            0.4345494
Time difference of 1.159679 hours
    hr max_width90.zhou max_width95.zhou max_width90.zhou.m max_width95.zhou.m
7 0.35         0.353966        0.3877034           0.353966          0.3877034
  max_width90.zhou.iso max_width95.zhou.iso
7             0.353966            0.3877034
