
Due to MODULEPATH changes, the following have been reloaded:
  1) mii/1.1.2

The following have been reloaded with a version change:
  1) StdEnv/2023 => StdEnv/2020           5) libfabric/1.18.0 => libfabric/1.10.1
  2) gcccore/.12.3 => gcccore/.9.3.0      6) openmpi/4.1.5 => openmpi/4.0.3
  3) gentoo/2023 => gentoo/2020           7) ucx/1.14.1 => ucx/1.8.0
  4) imkl/2023.2.0 => imkl/2020.1.217

Batch index: 1
Model: a
Sample size: 300
Dimension: 27
Candidate vector: 10:100
Bandwidth: 0.05 0.1 0.15 0.2 0.25 0.3 0.35
Simulation: 40
Loading required package: iterators
Loading required package: parallel

Attaching package: ‘expm’

The following object is masked from ‘package:Matrix’:

    expm

Time difference of 1.112458 hours
    hr max_width90.zhou max_width95.zhou max_width90.zhou.m max_width95.zhou.m
1 0.05        0.5486942        0.5899211          0.5486942          0.5899211
  max_width90.zhou.iso max_width95.zhou.iso
1            0.5486942            0.5899211
Time difference of 1.105137 hours
   hr max_width90.zhou max_width95.zhou max_width90.zhou.m max_width95.zhou.m
2 0.1        0.6026022        0.6528003          0.6026022          0.6528003
  max_width90.zhou.iso max_width95.zhou.iso
2            0.6026022            0.6528003
Time difference of 1.133366 hours
    hr max_width90.zhou max_width95.zhou max_width90.zhou.m max_width95.zhou.m
3 0.15        0.5863771        0.6382989          0.5863771          0.6382989
  max_width90.zhou.iso max_width95.zhou.iso
3            0.5863771            0.6382989
Time difference of 1.110524 hours
   hr max_width90.zhou max_width95.zhou max_width90.zhou.m max_width95.zhou.m
4 0.2        0.5137799        0.5610616          0.5137799          0.5610616
  max_width90.zhou.iso max_width95.zhou.iso
4            0.5137799            0.5610616
Time difference of 1.114999 hours
    hr max_width90.zhou max_width95.zhou max_width90.zhou.m max_width95.zhou.m
5 0.25        0.4535621        0.4950961          0.4535621          0.4950961
  max_width90.zhou.iso max_width95.zhou.iso
5            0.4535621            0.4950961
Time difference of 1.170451 hours
   hr max_width90.zhou max_width95.zhou max_width90.zhou.m max_width95.zhou.m
6 0.3        0.4022532        0.4402619          0.4022532          0.4402619
  max_width90.zhou.iso max_width95.zhou.iso
6            0.4022532            0.4402619
Time difference of 1.192332 hours
    hr max_width90.zhou max_width95.zhou max_width90.zhou.m max_width95.zhou.m
7 0.35        0.3566691        0.3916373          0.3566691          0.3916373
  max_width90.zhou.iso max_width95.zhou.iso
7            0.3566691            0.3916373
