
Due to MODULEPATH changes, the following have been reloaded:
  1) mii/1.1.2

The following have been reloaded with a version change:
  1) StdEnv/2023 => StdEnv/2020           5) libfabric/1.18.0 => libfabric/1.10.1
  2) gcccore/.12.3 => gcccore/.9.3.0      6) openmpi/4.1.5 => openmpi/4.0.3
  3) gentoo/2023 => gentoo/2020           7) ucx/1.14.1 => ucx/1.8.0
  4) imkl/2023.2.0 => imkl/2020.1.217

Batch index: 4
Model: a
Sample size: 300
Dimension: 27
Candidate vector: 10:100
Bandwidth: 0.05 0.1 0.15 0.2 0.25 0.3 0.35
Simulation: 40
Loading required package: iterators
Loading required package: parallel

Attaching package: ‘expm’

The following object is masked from ‘package:Matrix’:

    expm

Time difference of 1.104863 hours
    hr max_width90.zhou max_width95.zhou max_width90.zhou.m max_width95.zhou.m
1 0.05        0.5536595        0.5958983          0.5536595          0.5958983
  max_width90.zhou.iso max_width95.zhou.iso
1            0.5536595            0.5958983
Time difference of 1.078425 hours
   hr max_width90.zhou max_width95.zhou max_width90.zhou.m max_width95.zhou.m
2 0.1        0.6022836        0.6502303          0.6022836          0.6502303
  max_width90.zhou.iso max_width95.zhou.iso
2            0.6022836            0.6502303
Time difference of 1.058507 hours
    hr max_width90.zhou max_width95.zhou max_width90.zhou.m max_width95.zhou.m
3 0.15        0.5797473        0.6319192          0.5797473          0.6319192
  max_width90.zhou.iso max_width95.zhou.iso
3            0.5797473            0.6319192
Time difference of 1.048412 hours
   hr max_width90.zhou max_width95.zhou max_width90.zhou.m max_width95.zhou.m
4 0.2        0.5090463        0.5563397          0.5090463          0.5563397
  max_width90.zhou.iso max_width95.zhou.iso
4            0.5090463            0.5563397
Time difference of 1.069682 hours
    hr max_width90.zhou max_width95.zhou max_width90.zhou.m max_width95.zhou.m
5 0.25        0.4483334        0.4900567          0.4483334          0.4900567
  max_width90.zhou.iso max_width95.zhou.iso
5            0.4483334            0.4900567
Time difference of 1.054527 hours
   hr max_width90.zhou max_width95.zhou max_width90.zhou.m max_width95.zhou.m
6 0.3        0.3965253        0.4339162          0.3965253          0.4339162
  max_width90.zhou.iso max_width95.zhou.iso
6            0.3965253            0.4339162
Time difference of 1.068077 hours
    hr max_width90.zhou max_width95.zhou max_width90.zhou.m max_width95.zhou.m
7 0.35        0.3540698        0.3889496          0.3540698          0.3889496
  max_width90.zhou.iso max_width95.zhou.iso
7            0.3540698            0.3889496
