
Due to MODULEPATH changes, the following have been reloaded:
  1) mii/1.1.2

The following have been reloaded with a version change:
  1) StdEnv/2023 => StdEnv/2020           5) libfabric/1.18.0 => libfabric/1.10.1
  2) gcccore/.12.3 => gcccore/.9.3.0      6) openmpi/4.1.5 => openmpi/4.0.3
  3) gentoo/2023 => gentoo/2020           7) ucx/1.14.1 => ucx/1.8.0
  4) imkl/2023.2.0 => imkl/2020.1.217

Batch index: 3
Model: a
Sample size: 300
Dimension: 27
Candidate vector: 10:100
Bandwidth: 0.05 0.1 0.15 0.2 0.25 0.3 0.35
Simulation: 40
Loading required package: iterators
Loading required package: parallel

Attaching package: ‘expm’

The following object is masked from ‘package:Matrix’:

    expm

Time difference of 1.054913 hours
    hr max_width90.zhou max_width95.zhou max_width90.zhou.m max_width95.zhou.m
1 0.05        0.5497027        0.5915273          0.5497027          0.5915273
  max_width90.zhou.iso max_width95.zhou.iso
1            0.5497027            0.5915273
Time difference of 1.05281 hours
   hr max_width90.zhou max_width95.zhou max_width90.zhou.m max_width95.zhou.m
2 0.1        0.5960213        0.6449101          0.5960213          0.6449101
  max_width90.zhou.iso max_width95.zhou.iso
2            0.5960213            0.6449101
Time difference of 1.060924 hours
    hr max_width90.zhou max_width95.zhou max_width90.zhou.m max_width95.zhou.m
3 0.15        0.5903931        0.6446745          0.5903931          0.6446745
  max_width90.zhou.iso max_width95.zhou.iso
3            0.5903931            0.6446745
Time difference of 1.052802 hours
   hr max_width90.zhou max_width95.zhou max_width90.zhou.m max_width95.zhou.m
4 0.2        0.5148364        0.5630073          0.5148364          0.5630073
  max_width90.zhou.iso max_width95.zhou.iso
4            0.5148364            0.5630073
Time difference of 1.05513 hours
    hr max_width90.zhou max_width95.zhou max_width90.zhou.m max_width95.zhou.m
5 0.25        0.4500931        0.4921953          0.4500931          0.4921953
  max_width90.zhou.iso max_width95.zhou.iso
5            0.4500931            0.4921953
Time difference of 1.094675 hours
   hr max_width90.zhou max_width95.zhou max_width90.zhou.m max_width95.zhou.m
6 0.3        0.3965032        0.4337512          0.3965032          0.4337512
  max_width90.zhou.iso max_width95.zhou.iso
6            0.3965032            0.4337512
Time difference of 1.04772 hours
    hr max_width90.zhou max_width95.zhou max_width90.zhou.m max_width95.zhou.m
7 0.35        0.3538834        0.3866794          0.3538834          0.3866794
  max_width90.zhou.iso max_width95.zhou.iso
7            0.3538834            0.3866794
