
Due to MODULEPATH changes, the following have been reloaded:
  1) mii/1.1.2

The following have been reloaded with a version change:
  1) StdEnv/2023 => StdEnv/2020           5) libfabric/1.18.0 => libfabric/1.10.1
  2) gcccore/.12.3 => gcccore/.9.3.0      6) openmpi/4.1.5 => openmpi/4.0.3
  3) gentoo/2023 => gentoo/2020           7) ucx/1.14.1 => ucx/1.8.0
  4) imkl/2023.2.0 => imkl/2020.1.217

Batch index: 10
Model: b
Sample size: 300
Dimension: 27
Candidate vector: 10:100
Bandwidth: 0.05 0.1 0.15 0.2 0.25 0.3 0.35
GCV: FALSE
Simulation: 40
Loading required package: iterators
Loading required package: parallel

Attaching package: ‘expm’

The following object is masked from ‘package:Matrix’:

    expm

Time difference of 1.743702 hours
    hr        hd is.cover90.hr is.cover95.hr is.cover90.hd is.cover95.hd
1 0.05 0.0485942         0.975             1             1             1
   SCB90.hr SCB95.hr  SCB90.hd  SCB95.hd
1 0.9050119 1.019793 0.6469662 0.7216648
Time difference of 1.815262 hours
   hr         hd is.cover90.hr is.cover95.hr is.cover90.hd is.cover95.hd
2 0.1 0.09718839             1             1         0.975             1
   SCB90.hr  SCB95.hr  SCB90.hd  SCB95.hd
2 0.5834996 0.6423355 0.5291034 0.5840935
Time difference of 1.899534 hours
    hr        hd is.cover90.hr is.cover95.hr is.cover90.hd is.cover95.hd
3 0.15 0.1457826             1             1         0.975             1
   SCB90.hr  SCB95.hr  SCB90.hd  SCB95.hd
3 0.5442174 0.5998517 0.5006056 0.5536629
Time difference of 1.974375 hours
   hr        hd is.cover90.hr is.cover95.hr is.cover90.hd is.cover95.hd
4 0.2 0.1943768         0.975             1         0.925         0.975
   SCB90.hr  SCB95.hr  SCB90.hd  SCB95.hd
4 0.4895193 0.5409287 0.4520455 0.5029324
Time difference of 2.056513 hours
    hr        hd is.cover90.hr is.cover95.hr is.cover90.hd is.cover95.hd
5 0.25 0.2371262          0.95         0.975           0.9          0.95
   SCB90.hr  SCB95.hr  SCB90.hd  SCB95.hd
5 0.4361793 0.4816637 0.4119724 0.4576723
Time difference of 2.024798 hours
   hr        hd is.cover90.hr is.cover95.hr is.cover90.hd is.cover95.hd
6 0.3 0.2231443           0.9         0.975         0.875         0.925
   SCB90.hr  SCB95.hr  SCB90.hd  SCB95.hd
6 0.4044852 0.4448025 0.3963077 0.4364897
Time difference of 2.027665 hours
    hr        hd is.cover90.hr is.cover95.hr is.cover90.hd is.cover95.hd
7 0.35 0.2466555         0.875         0.925         0.875         0.925
   SCB90.hr  SCB95.hr SCB90.hd  SCB95.hd
7 0.3632496 0.4001691  0.36447 0.4013475
