
Due to MODULEPATH changes, the following have been reloaded:
  1) mii/1.1.2

The following have been reloaded with a version change:
  1) StdEnv/2023 => StdEnv/2020           5) libfabric/1.18.0 => libfabric/1.10.1
  2) gcccore/.12.3 => gcccore/.9.3.0      6) openmpi/4.1.5 => openmpi/4.0.3
  3) gentoo/2023 => gentoo/2020           7) ucx/1.14.1 => ucx/1.8.0
  4) imkl/2023.2.0 => imkl/2020.1.217

Batch index: 4
Model: b
Sample size: 300
Dimension: 27
Candidate vector: 10:100
Bandwidth: 0.05 0.1 0.15 0.2 0.25 0.3 0.35
GCV: FALSE
Simulation: 40
Loading required package: iterators
Loading required package: parallel

Attaching package: ‘expm’

The following object is masked from ‘package:Matrix’:

    expm

Time difference of 1.705962 hours
    hr        hd is.cover90.hr is.cover95.hr is.cover90.hd is.cover95.hd
1 0.05 0.0485942             1             1             1             1
   SCB90.hr SCB95.hr  SCB90.hd  SCB95.hd
1 0.9172052 1.036323 0.7077791 0.7950953
Time difference of 1.717473 hours
   hr         hd is.cover90.hr is.cover95.hr is.cover90.hd is.cover95.hd
2 0.1 0.09718839             1             1         0.975         0.975
   SCB90.hr  SCB95.hr  SCB90.hd  SCB95.hd
2 0.5825969 0.6409312 0.5225247 0.5785505
Time difference of 1.895092 hours
    hr        hd is.cover90.hr is.cover95.hr is.cover90.hd is.cover95.hd
3 0.15 0.1457826             1             1             1             1
   SCB90.hr  SCB95.hr  SCB90.hd  SCB95.hd
3 0.5392244 0.5931151 0.5038314 0.5570804
Time difference of 1.860039 hours
   hr        hd is.cover90.hr is.cover95.hr is.cover90.hd is.cover95.hd
4 0.2 0.1943768             1             1             1             1
   SCB90.hr  SCB95.hr  SCB90.hd  SCB95.hd
4 0.4869169 0.5354622 0.4591864 0.5092402
Time difference of 1.901558 hours
    hr        hd is.cover90.hr is.cover95.hr is.cover90.hd is.cover95.hd
5 0.25 0.2371262         0.975             1         0.975             1
   SCB90.hr SCB95.hr  SCB90.hd  SCB95.hd
5 0.4367608 0.481102 0.4150616 0.4600037
Time difference of 1.853697 hours
   hr        hd is.cover90.hr is.cover95.hr is.cover90.hd is.cover95.hd
6 0.3 0.2231443         0.925         0.975         0.925          0.95
   SCB90.hr  SCB95.hr SCB90.hd  SCB95.hd
6 0.4038929 0.4459761 0.395837 0.4378864
Time difference of 1.882742 hours
    hr        hd is.cover90.hr is.cover95.hr is.cover90.hd is.cover95.hd
7 0.35 0.2466555         0.925         0.975         0.925         0.975
   SCB90.hr  SCB95.hr  SCB90.hd  SCB95.hd
7 0.3652181 0.4033575 0.3661667 0.4043341
