
Due to MODULEPATH changes, the following have been reloaded:
  1) mii/1.1.2

The following have been reloaded with a version change:
  1) StdEnv/2023 => StdEnv/2020           5) libfabric/1.18.0 => libfabric/1.10.1
  2) gcccore/.12.3 => gcccore/.9.3.0      6) openmpi/4.1.5 => openmpi/4.0.3
  3) gentoo/2023 => gentoo/2020           7) ucx/1.14.1 => ucx/1.8.0
  4) imkl/2023.2.0 => imkl/2020.1.217

Batch index: 5
Model: b
Sample size: 300
Dimension: 27
Candidate vector: 10:100
Bandwidth: 0.05 0.1 0.15 0.2 0.25 0.3 0.35
GCV: FALSE
Simulation: 40
Loading required package: iterators
Loading required package: parallel

Attaching package: ‘expm’

The following object is masked from ‘package:Matrix’:

    expm

Time difference of 1.509213 hours
    hr        hd is.cover90.hr is.cover95.hr is.cover90.hd is.cover95.hd
1 0.05 0.0485942             1             1             1             1
   SCB90.hr SCB95.hr  SCB90.hd  SCB95.hd
1 0.9169428 1.024838 0.6828263 0.7634856
Time difference of 1.577247 hours
   hr         hd is.cover90.hr is.cover95.hr is.cover90.hd is.cover95.hd
2 0.1 0.09718839          0.95             1             1             1
   SCB90.hr  SCB95.hr  SCB90.hd  SCB95.hd
2 0.5869349 0.6471621 0.5200859 0.5746123
Time difference of 1.633923 hours
    hr        hd is.cover90.hr is.cover95.hr is.cover90.hd is.cover95.hd
3 0.15 0.1457826         0.975             1             1             1
   SCB90.hr  SCB95.hr  SCB90.hd  SCB95.hd
3 0.5509395 0.6088362 0.5037159 0.5571299
Time difference of 1.691022 hours
   hr        hd is.cover90.hr is.cover95.hr is.cover90.hd is.cover95.hd
4 0.2 0.1943768             1             1         0.975             1
   SCB90.hr  SCB95.hr  SCB90.hd  SCB95.hd
4 0.4921846 0.5438465 0.4588643 0.5091082
Time difference of 1.731139 hours
    hr        hd is.cover90.hr is.cover95.hr is.cover90.hd is.cover95.hd
5 0.25 0.2371262         0.975             1          0.95             1
   SCB90.hr  SCB95.hr  SCB90.hd  SCB95.hd
5 0.4373197 0.4830306 0.4146221 0.4598235
Time difference of 1.678561 hours
   hr        hd is.cover90.hr is.cover95.hr is.cover90.hd is.cover95.hd
6 0.3 0.2231443         0.925         0.975         0.925         0.975
  SCB90.hr  SCB95.hr  SCB90.hd  SCB95.hd
6 0.407611 0.4481728 0.3998839 0.4402126
Time difference of 1.683718 hours
    hr        hd is.cover90.hr is.cover95.hr is.cover90.hd is.cover95.hd
7 0.35 0.2466555         0.925          0.95         0.925          0.95
   SCB90.hr  SCB95.hr SCB90.hd  SCB95.hd
7 0.3683984 0.4064002 0.369543 0.4073637
