
Due to MODULEPATH changes, the following have been reloaded:
  1) mii/1.1.2

The following have been reloaded with a version change:
  1) StdEnv/2023 => StdEnv/2020           5) libfabric/1.18.0 => libfabric/1.10.1
  2) gcccore/.12.3 => gcccore/.9.3.0      6) openmpi/4.1.5 => openmpi/4.0.3
  3) gentoo/2023 => gentoo/2020           7) ucx/1.14.1 => ucx/1.8.0
  4) imkl/2023.2.0 => imkl/2020.1.217

Batch index: 3
Model: b
Sample size: 300
Dimension: 27
Candidate vector: 10:100
Bandwidth: 0.05 0.1 0.15 0.2 0.25 0.3 0.35
GCV: FALSE
Simulation: 40
Loading required package: iterators
Loading required package: parallel

Attaching package: ‘expm’

The following object is masked from ‘package:Matrix’:

    expm

Time difference of 1.759929 hours
    hr        hd is.cover90.hr is.cover95.hr is.cover90.hd is.cover95.hd
1 0.05 0.0485942             1             1             1             1
   SCB90.hr SCB95.hr  SCB90.hd  SCB95.hd
1 0.9363428 1.057369 0.6589637 0.7371013
Time difference of 1.815954 hours
   hr         hd is.cover90.hr is.cover95.hr is.cover90.hd is.cover95.hd
2 0.1 0.09718839         0.975             1          0.95             1
   SCB90.hr  SCB95.hr  SCB90.hd  SCB95.hd
2 0.5820159 0.6429842 0.5162581 0.5710219
Time difference of 1.869625 hours
    hr        hd is.cover90.hr is.cover95.hr is.cover90.hd is.cover95.hd
3 0.15 0.1457826             1             1          0.95             1
   SCB90.hr  SCB95.hr  SCB90.hd  SCB95.hd
3 0.5410389 0.5953084 0.4934954 0.5457351
Time difference of 1.93868 hours
   hr        hd is.cover90.hr is.cover95.hr is.cover90.hd is.cover95.hd
4 0.2 0.1943768         0.975             1         0.925             1
   SCB90.hr  SCB95.hr  SCB90.hd  SCB95.hd
4 0.4798069 0.5274331 0.4462189 0.4934356
Time difference of 2.038247 hours
    hr        hd is.cover90.hr is.cover95.hr is.cover90.hd is.cover95.hd
5 0.25 0.2371262         0.925         0.975         0.875         0.975
   SCB90.hr  SCB95.hr  SCB90.hd  SCB95.hd
5 0.4261647 0.4704862 0.4022741 0.4461891
Time difference of 2.00384 hours
   hr        hd is.cover90.hr is.cover95.hr is.cover90.hd is.cover95.hd
6 0.3 0.2231443           0.9         0.975         0.875         0.975
   SCB90.hr  SCB95.hr  SCB90.hd  SCB95.hd
6 0.3961608 0.4358047 0.3889423 0.4277201
Time difference of 1.896656 hours
    hr        hd is.cover90.hr is.cover95.hr is.cover90.hd is.cover95.hd
7 0.35 0.2466555         0.875          0.95         0.875          0.95
   SCB90.hr  SCB95.hr  SCB90.hd  SCB95.hd
7 0.3594016 0.3947721 0.3604793 0.3958314
