
Due to MODULEPATH changes, the following have been reloaded:
  1) mii/1.1.2

The following have been reloaded with a version change:
  1) StdEnv/2023 => StdEnv/2020           5) libfabric/1.18.0 => libfabric/1.10.1
  2) gcccore/.12.3 => gcccore/.9.3.0      6) openmpi/4.1.5 => openmpi/4.0.3
  3) gentoo/2023 => gentoo/2020           7) ucx/1.14.1 => ucx/1.8.0
  4) imkl/2023.2.0 => imkl/2020.1.217

Batch index: 9
Model: b
Sample size: 300
Dimension: 27
Candidate vector: 10:100
Bandwidth: 0.05 0.1 0.15 0.2 0.25 0.3 0.35
GCV: FALSE
Simulation: 40
Loading required package: iterators
Loading required package: parallel

Attaching package: ‘expm’

The following object is masked from ‘package:Matrix’:

    expm

Time difference of 1.572086 hours
    hr        hd is.cover90.hr is.cover95.hr is.cover90.hd is.cover95.hd
1 0.05 0.0485942             1             1             1             1
   SCB90.hr  SCB95.hr  SCB90.hd  SCB95.hd
1 0.8844789 0.9889748 0.6325235 0.7023273
Time difference of 1.551984 hours
   hr         hd is.cover90.hr is.cover95.hr is.cover90.hd is.cover95.hd
2 0.1 0.09718839             1             1             1             1
   SCB90.hr  SCB95.hr  SCB90.hd  SCB95.hd
2 0.5947172 0.6594971 0.5226194 0.5789615
Time difference of 1.623483 hours
    hr        hd is.cover90.hr is.cover95.hr is.cover90.hd is.cover95.hd
3 0.15 0.1457826             1             1         0.975             1
   SCB90.hr  SCB95.hr  SCB90.hd  SCB95.hd
3 0.5395832 0.5923398 0.4942938 0.5454619
Time difference of 1.672011 hours
   hr        hd is.cover90.hr is.cover95.hr is.cover90.hd is.cover95.hd
4 0.2 0.1943768             1             1         0.975             1
   SCB90.hr  SCB95.hr  SCB90.hd  SCB95.hd
4 0.4846484 0.5344937 0.4530382 0.5012041
Time difference of 1.717772 hours
    hr        hd is.cover90.hr is.cover95.hr is.cover90.hd is.cover95.hd
5 0.25 0.2371262          0.95             1          0.95             1
   SCB90.hr  SCB95.hr  SCB90.hd  SCB95.hd
5 0.4311019 0.4748515 0.4075663 0.4512853
Time difference of 1.695838 hours
   hr        hd is.cover90.hr is.cover95.hr is.cover90.hd is.cover95.hd
6 0.3 0.2231443         0.875         0.975           0.9          0.95
   SCB90.hr  SCB95.hr  SCB90.hd  SCB95.hd
6 0.3997862 0.4397918 0.3916842 0.4311439
Time difference of 1.692044 hours
    hr        hd is.cover90.hr is.cover95.hr is.cover90.hd is.cover95.hd
7 0.35 0.2466555          0.85         0.925          0.85         0.925
   SCB90.hr  SCB95.hr  SCB90.hd  SCB95.hd
7 0.3602995 0.3954274 0.3613659 0.3965768
