
Due to MODULEPATH changes, the following have been reloaded:
  1) mii/1.1.2

The following have been reloaded with a version change:
  1) StdEnv/2023 => StdEnv/2020           5) libfabric/1.18.0 => libfabric/1.10.1
  2) gcccore/.12.3 => gcccore/.9.3.0      6) openmpi/4.1.5 => openmpi/4.0.3
  3) gentoo/2023 => gentoo/2020           7) ucx/1.14.1 => ucx/1.8.0
  4) imkl/2023.2.0 => imkl/2020.1.217

Batch index: 8
Model: b
Sample size: 300
Dimension: 27
Candidate vector: 10:100
Bandwidth: 0.05 0.1 0.15 0.2 0.25 0.3 0.35
GCV: FALSE
Simulation: 40
Loading required package: iterators
Loading required package: parallel

Attaching package: ‘expm’

The following object is masked from ‘package:Matrix’:

    expm

Time difference of 1.664355 hours
    hr        hd is.cover90.hr is.cover95.hr is.cover90.hd is.cover95.hd
1 0.05 0.0485942             1             1             1             1
   SCB90.hr SCB95.hr  SCB90.hd  SCB95.hd
1 0.9042648 1.018262 0.6576719 0.7349112
Time difference of 1.749068 hours
   hr         hd is.cover90.hr is.cover95.hr is.cover90.hd is.cover95.hd
2 0.1 0.09718839         0.975             1         0.975             1
   SCB90.hr  SCB95.hr  SCB90.hd  SCB95.hd
2 0.5721338 0.6306037 0.5040159 0.5549885
Time difference of 1.931508 hours
    hr        hd is.cover90.hr is.cover95.hr is.cover90.hd is.cover95.hd
3 0.15 0.1457826             1             1             1             1
   SCB90.hr  SCB95.hr  SCB90.hd  SCB95.hd
3 0.5310037 0.5839593 0.4931884 0.5442704
Time difference of 1.725107 hours
   hr        hd is.cover90.hr is.cover95.hr is.cover90.hd is.cover95.hd
4 0.2 0.1943768         0.975         0.975          0.95         0.975
   SCB90.hr  SCB95.hr SCB90.hd  SCB95.hd
4 0.4850394 0.5338851 0.448742 0.4962821
Time difference of 1.925684 hours
    hr        hd is.cover90.hr is.cover95.hr is.cover90.hd is.cover95.hd
5 0.25 0.2371262         0.975         0.975         0.925             1
   SCB90.hr  SCB95.hr  SCB90.hd  SCB95.hd
5 0.4330805 0.4764339 0.4071326 0.4507521
Time difference of 1.744055 hours
   hr        hd is.cover90.hr is.cover95.hr is.cover90.hd is.cover95.hd
6 0.3 0.2231443         0.975         0.975         0.975         0.975
   SCB90.hr  SCB95.hr  SCB90.hd  SCB95.hd
6 0.4025149 0.4424248 0.3933173 0.4330837
Time difference of 1.856752 hours
    hr        hd is.cover90.hr is.cover95.hr is.cover90.hd is.cover95.hd
7 0.35 0.2466555         0.975         0.975         0.975         0.975
   SCB90.hr  SCB95.hr  SCB90.hd  SCB95.hd
7 0.3637917 0.4009618 0.3648245 0.4020065
