
Due to MODULEPATH changes, the following have been reloaded:
  1) mii/1.1.2

The following have been reloaded with a version change:
  1) StdEnv/2023 => StdEnv/2020           5) libfabric/1.18.0 => libfabric/1.10.1
  2) gcccore/.12.3 => gcccore/.9.3.0      6) openmpi/4.1.5 => openmpi/4.0.3
  3) gentoo/2023 => gentoo/2020           7) ucx/1.14.1 => ucx/1.8.0
  4) imkl/2023.2.0 => imkl/2020.1.217

Loading required package: iterators
Loading required package: parallel

Attaching package: ‘expm’

The following object is masked from ‘package:Matrix’:

    expm

Time difference of 5.240873 mins
             [,1]       [,2]
  [1,] 0.16183019 0.19926283
  [2,] 0.07427327 0.07739785
  [3,] 0.15099194 0.15784732
  [4,] 0.12383097 0.17289743
  [5,] 0.06952962 0.05215205
  [6,] 0.22004615 0.16358465
  [7,] 0.21990429 0.21683155
  [8,] 0.05108994 0.08817503
  [9,] 0.26395256 0.20762504
 [10,] 0.14608690 0.13780747
 [11,] 0.12526580 0.14707929
 [12,] 0.29038441 0.22554209
 [13,] 0.08948858 0.15915671
 [14,] 0.20576005 0.22487034
 [15,] 0.16948984 0.15682957
 [16,] 0.16862168 0.15704612
 [17,] 0.08867039 0.07780102
 [18,] 0.25249977 0.27756115
 [19,] 0.04565353 0.05803339
 [20,] 0.16452366 0.16620672
 [21,] 0.14240324 0.14797598
 [22,] 0.22649080 0.20557391
 [23,] 0.19487127 0.17927835
 [24,] 0.23323330 0.20334806
 [25,] 0.12579731 0.13682549
 [26,] 0.17204007 0.20089900
 [27,] 0.08652375 0.12905096
 [28,] 0.21308034 0.23956070
 [29,] 0.16071963 0.13943251
 [30,] 0.15869584 0.13688120
 [31,] 0.12445022 0.13653822
 [32,] 0.11497256 0.07479901
 [33,] 0.21028334 0.25831800
 [34,] 0.19898709 0.14734883
 [35,] 0.19786174 0.17848886
 [36,] 0.12100621 0.11464852
 [37,] 0.22390751 0.21591533
 [38,] 0.10180560 0.13008791
 [39,] 0.08319381 0.08669856
 [40,] 0.09756999 0.08579883
 [41,] 0.15768241 0.15591290
 [42,] 0.21947233 0.26617084
 [43,] 0.13799317 0.07366033
 [44,] 0.11574227 0.13932423
 [45,] 0.11121258 0.11823880
 [46,] 0.11294490 0.14603429
 [47,] 0.14060843 0.10880562
 [48,] 0.15872140 0.20072422
 [49,] 0.17944665 0.16112042
 [50,] 0.09595101 0.09574489
 [51,] 0.06059371 0.06045842
 [52,] 0.15828787 0.17066089
 [53,] 0.22877731 0.14339509
 [54,] 0.13637576 0.12089359
 [55,] 0.13296646 0.11873762
 [56,] 0.37725736 0.40144784
 [57,] 0.13576842 0.12305374
 [58,] 0.21597335 0.21936086
 [59,] 0.13561020 0.15475512
 [60,] 0.17524224 0.14376876
 [61,] 0.14032317 0.16541663
 [62,] 0.11744457 0.10239512
 [63,] 0.09825370 0.14362466
 [64,] 0.05317256 0.08106598
 [65,] 0.12625038 0.07495160
 [66,] 0.06977406 0.07257632
 [67,] 0.14064806 0.11226085
 [68,] 0.10074207 0.09074421
 [69,] 0.21471543 0.22723575
 [70,] 0.25829550 0.27091609
 [71,] 0.13347475 0.13023347
 [72,] 0.10431697 0.10880931
 [73,] 0.12514635 0.14352397
 [74,] 0.10352713 0.13945062
 [75,] 0.09893889 0.15284385
 [76,] 0.11959470 0.12527082
 [77,] 0.11430734 0.07738449
 [78,] 0.16727766 0.19097503
 [79,] 0.12807060 0.14945789
 [80,] 0.13998210 0.18861790
 [81,] 0.10789512 0.11690569
 [82,] 0.05836468 0.05707258
 [83,] 0.18579506 0.16262052
 [84,] 0.07968263 0.10689127
 [85,] 0.21639104 0.22077533
 [86,] 0.15292606 0.10590239
 [87,] 0.21507376 0.19484655
 [88,] 0.14533380 0.14990888
 [89,] 0.15757969 0.16628739
 [90,] 0.13438449 0.17251587
 [91,] 0.09699627 0.06147463
 [92,] 0.18215569 0.16963266
 [93,] 0.12987747 0.15447661
 [94,] 0.06669414 0.05582695
 [95,] 0.14789459 0.14373963
 [96,] 0.18388286 0.15326117
 [97,] 0.17517188 0.13978476
 [98,] 0.06719082 0.08758041
 [99,] 0.19199066 0.22182918
[100,] 0.25959758 0.25678766
[101,] 0.19511248 0.18831741
[102,] 0.13162387 0.17060745
[103,] 0.09419569 0.10158759
[104,] 0.21602406 0.23405279
[105,] 0.22436085 0.22526995
[106,] 0.31783810 0.26278192
[107,] 0.28080663 0.25692011
[108,] 0.08931470 0.10854723
[109,] 0.12303803 0.10575676
[110,] 0.15990721 0.11725040
[111,] 0.10914735 0.17625750
[112,] 0.07312955 0.09497158
[113,] 0.18227421 0.20003432
[114,] 0.18533597 0.19111869
[115,] 0.09518544 0.07333191
[116,] 0.18234049 0.15841177
[117,] 0.18860512 0.18068461
[118,] 0.34141281 0.30927001
[119,] 0.11130699 0.13434502
[120,] 0.26610042 0.25479604
[121,] 0.14230376 0.11426570
[122,] 0.18303128 0.14694661
[123,] 0.21542478 0.18506241
[124,] 0.24864975 0.26609505
[125,] 0.08581017 0.09963182
[126,] 0.20532864 0.19637419
[127,] 0.17527818 0.22808075
[128,] 0.13184180 0.15151140
[129,] 0.10071648 0.15005222
[130,] 0.10623564 0.07629150
[131,] 0.28910534 0.31135704
[132,] 0.10748370 0.21755069
[133,] 0.11003394 0.09150467
[134,] 0.20310783 0.24083099
[135,] 0.22138627 0.23350838
[136,] 0.07532700 0.07524429
[137,] 0.22615160 0.24482974
[138,] 0.25423970 0.20747061
[139,] 0.14039897 0.13969216
[140,] 0.06896900 0.07208570
[141,] 0.24748621 0.25975688
[142,] 0.11433963 0.12145160
[143,] 0.11806053 0.07993373
[144,] 0.13171069 0.12659377
[145,] 0.25239623 0.23363983
[146,] 0.14504432 0.15866063
[147,] 0.18045319 0.14575337
[148,] 0.18296379 0.15647257
[149,] 0.12431131 0.11760142
[150,] 0.13016691 0.15527926
[151,] 0.08302008 0.05145897
[152,] 0.10642711 0.10827635
[153,] 0.10838205 0.08355024
[154,] 0.14556213 0.10033307
[155,] 0.18939451 0.22703083
[156,] 0.20541947 0.20935848
[157,] 0.09463282 0.09916286
[158,] 0.08931020 0.08568078
[159,] 0.15920691 0.12055162
[160,] 0.20868303 0.22520715
[161,] 0.11496704 0.13303394
[162,] 0.17366170 0.16254956
[163,] 0.15073316 0.13388244
[164,] 0.34043479 0.33148276
[165,] 0.17145450 0.14502475
[166,] 0.15412559 0.09483605
[167,] 0.10246083 0.08638436
[168,] 0.18447333 0.18689391
[169,] 0.21993144 0.19805801
[170,] 0.15859629 0.11231268
[171,] 0.10458057 0.08134579
[172,] 0.19010180 0.16583936
[173,] 0.14496377 0.14896064
[174,] 0.17171907 0.21205220
[175,] 0.12937047 0.17848009
[176,] 0.24456837 0.23165551
[177,] 0.22604276 0.20554427
[178,] 0.13617260 0.14337420
[179,] 0.17316407 0.14047878
[180,] 0.29270322 0.24461602
[181,] 0.15278625 0.11881400
[182,] 0.18767501 0.19896096
[183,] 0.14710472 0.13419830
[184,] 0.04815999 0.08669912
[185,] 0.21976820 0.27865373
[186,] 0.17588633 0.17626759
[187,] 0.25120397 0.23150251
[188,] 0.22397968 0.27331548
[189,] 0.13687910 0.14634560
[190,] 0.16335471 0.16884957
[191,] 0.09874685 0.11206199
[192,] 0.20576411 0.25445159
[193,] 0.14178477 0.14340658
[194,] 0.10816880 0.14394973
[195,] 0.05138062 0.07814163
[196,] 0.22239742 0.20433435
[197,] 0.22937745 0.23172557
[198,] 0.17912821 0.12442252
[199,] 0.16545361 0.14105647
[200,] 0.08443263 0.14979270
[201,] 0.16135450 0.13974595
[202,] 0.14630061 0.15918369
[203,] 0.05655311 0.10343546
[204,] 0.13680527 0.14822047
[205,] 0.25375847 0.27877387
[206,] 0.17002576 0.11967497
[207,] 0.17276761 0.15869135
[208,] 0.12636317 0.17494884
[209,] 0.19710806 0.18233183
[210,] 0.08952987 0.14025740
[211,] 0.13043789 0.16363015
[212,] 0.13054467 0.16110042
[213,] 0.18736544 0.16486333
[214,] 0.12074750 0.17580254
[215,] 0.14334603 0.13037828
[216,] 0.05198112 0.09995125
[217,] 0.28439159 0.28918954
[218,] 0.05936846 0.05844857
[219,] 0.17373842 0.15170566
[220,] 0.26666551 0.23604195
[221,] 0.10872729 0.12740223
[222,] 0.07421833 0.04492887
[223,] 0.26490141 0.25556298
[224,] 0.28542644 0.26471228
[225,] 0.18169524 0.15328843
[226,] 0.09128412 0.14298180
[227,] 0.18763706 0.15171070
[228,] 0.15216519 0.16175144
[229,] 0.12822756 0.17562664
[230,] 0.20789843 0.18389750
[231,] 0.25257105 0.30762734
[232,] 0.05781848 0.08062079
[233,] 0.27796417 0.27274026
[234,] 0.19023625 0.17343056
[235,] 0.18197187 0.24509765
[236,] 0.15727304 0.14071722
[237,] 0.06362410 0.07716564
[238,] 0.15408021 0.20570936
[239,] 0.06645048 0.13420915
[240,] 0.11159466 0.12884529
[241,] 0.20597405 0.18171818
[242,] 0.16704711 0.15144770
[243,] 0.17180620 0.11681712
[244,] 0.11757799 0.14099427
[245,] 0.13502937 0.09887116
[246,] 0.19242602 0.10318154
[247,] 0.25286473 0.24080649
[248,] 0.14555785 0.09810581
[249,] 0.17108113 0.13426622
[250,] 0.15198940 0.15447050
[251,] 0.16176608 0.11565946
[252,] 0.17170096 0.15414317
[253,] 0.10956048 0.11758856
[254,] 0.18606506 0.18847722
[255,] 0.23483662 0.25214001
[256,] 0.09233990 0.07180639
[257,] 0.23246310 0.28894448
[258,] 0.16833074 0.11914980
[259,] 0.09874384 0.11538075
[260,] 0.24442902 0.28514192
[261,] 0.20303735 0.15641465
[262,] 0.22260149 0.14412549
[263,] 0.09087837 0.13926366
[264,] 0.11196286 0.14609278
[265,] 0.13493849 0.13208651
[266,] 0.19386929 0.19648803
[267,] 0.17839904 0.18629834
[268,] 0.21592489 0.18955838
[269,] 0.13153840 0.14925111
[270,] 0.14894917 0.09084625
[271,] 0.22439736 0.20904475
[272,] 0.21104198 0.22430543
[273,] 0.19241974 0.17487743
[274,] 0.14600813 0.15211020
[275,] 0.10371731 0.08232839
[276,] 0.17195553 0.15675317
[277,] 0.15843692 0.14770829
[278,] 0.03956205 0.06946764
[279,] 0.14925637 0.16777347
[280,] 0.12369912 0.13292275
[281,] 0.21348557 0.16749856
[282,] 0.09589971 0.12744700
[283,] 0.18711971 0.16165684
[284,] 0.19903264 0.20705701
[285,] 0.14926069 0.16071163
[286,] 0.14173753 0.18750270
[287,] 0.12831046 0.14066016
[288,] 0.09630128 0.08613230
[289,] 0.10112764 0.03935839
[290,] 0.12584018 0.11985093
[291,] 0.05765672 0.10958516
[292,] 0.07527319 0.08941709
[293,] 0.21871985 0.25175802
[294,] 0.12687675 0.17631665
[295,] 0.19539450 0.17000191
[296,] 0.14235851 0.11023349
[297,] 0.12529611 0.13369902
[298,] 0.09959868 0.09731759
[299,] 0.10836667 0.14210053
[300,] 0.10275573 0.06739816
[301,] 0.31815318 0.31096305
[302,] 0.14741388 0.19686350
[303,] 0.27149087 0.27514549
[304,] 0.16771498 0.17471008
[305,] 0.14469253 0.11966768
[306,] 0.16849149 0.15361859
[307,] 0.20949686 0.21437907
[308,] 0.25235923 0.22087123
[309,] 0.10936493 0.15172228
[310,] 0.21914840 0.22080187
[311,] 0.22063009 0.22681416
[312,] 0.13147800 0.13633506
[313,] 0.33066086 0.27896785
[314,] 0.18118482 0.15273537
[315,] 0.14894025 0.10733030
[316,] 0.13822541 0.08724782
[317,] 0.24463343 0.28799061
[318,] 0.14837051 0.15638738
[319,] 0.16091635 0.14545389
[320,] 0.10562295 0.12940547
[321,] 0.10055072 0.09103598
[322,] 0.17838904 0.19898630
[323,] 0.15008583 0.11308994
[324,] 0.14916548 0.17046974
[325,] 0.31374401 0.30426810
[326,] 0.20501869 0.21121424
[327,] 0.19000938 0.20725086
[328,] 0.21370535 0.26407483
[329,] 0.16575081 0.13779303
[330,] 0.10788179 0.17838763
[331,] 0.08802387 0.07109716
[332,] 0.17201200 0.19306932
[333,] 0.29182186 0.31089602
[334,] 0.21396330 0.18258633
[335,] 0.16706523 0.18391147
[336,] 0.21957718 0.19749344
[337,] 0.21080584 0.18515016
[338,] 0.11328895 0.10896315
[339,] 0.11626191 0.11571997
[340,] 0.21894631 0.27840991
[341,] 0.21780956 0.26488496
[342,] 0.16330372 0.11359104
[343,] 0.16959008 0.10485992
[344,] 0.11805031 0.10500019
[345,] 0.17857174 0.16797060
[346,] 0.11842289 0.15734132
[347,] 0.11558068 0.11043571
[348,] 0.12160804 0.15035927
[349,] 0.12974158 0.13938474
[350,] 0.11320281 0.07431013
[351,] 0.09358659 0.12326522
[352,] 0.14950430 0.21028750
[353,] 0.13721195 0.08628019
[354,] 0.08799269 0.13395415
[355,] 0.22977865 0.14978026
[356,] 0.18005568 0.22736832
[357,] 0.12924469 0.11391946
[358,] 0.10137716 0.05193660
[359,] 0.17916724 0.14897690
[360,] 0.19107732 0.19293997
[361,] 0.02920320 0.05570654
[362,] 0.18168615 0.20373849
[363,] 0.14496096 0.11346833
[364,] 0.15252121 0.18394604
[365,] 0.08985350 0.13175467
[366,] 0.15394163 0.11863638
[367,] 0.12199216 0.12934093
[368,] 0.04879163 0.06212526
[369,] 0.13920313 0.09418361
[370,] 0.19973849 0.20653007
[371,] 0.10745520 0.16085163
[372,] 0.17005575 0.13745973
[373,] 0.24833181 0.17266406
[374,] 0.11824751 0.09412218
[375,] 0.06519199 0.07482217
[376,] 0.04771470 0.07201273
[377,] 0.25390651 0.28679816
[378,] 0.23050037 0.19443197
[379,] 0.18899851 0.23428682
[380,] 0.10753701 0.11972136
[381,] 0.08334108 0.14365376
[382,] 0.10858758 0.09224635
[383,] 0.17435103 0.10740097
[384,] 0.17794041 0.16133737
[385,] 0.15197946 0.14648824
[386,] 0.14376438 0.12838408
[387,] 0.19685511 0.18205561
[388,] 0.11066268 0.13911856
[389,] 0.08766158 0.12418229
[390,] 0.13092085 0.10807376
[391,] 0.24287022 0.23412503
[392,] 0.26638476 0.28150314
[393,] 0.13852052 0.11981209
[394,] 0.19782998 0.19901398
[395,] 0.20562058 0.19137117
[396,] 0.14608343 0.12582574
[397,] 0.07295719 0.07705886
[398,] 0.19059870 0.21053963
[399,] 0.20904933 0.18513900
[400,] 0.15566072 0.10358472
