
Due to MODULEPATH changes, the following have been reloaded:
  1) mii/1.1.2

The following have been reloaded with a version change:
  1) StdEnv/2023 => StdEnv/2020           5) libfabric/1.18.0 => libfabric/1.10.1
  2) gcccore/.12.3 => gcccore/.9.3.0      6) openmpi/4.1.5 => openmpi/4.0.3
  3) gentoo/2023 => gentoo/2020           7) ucx/1.14.1 => ucx/1.8.0
  4) imkl/2023.2.0 => imkl/2020.1.217

Batch index: 8
Model: a
Sample size: 500
Dimension: 27
Candidate vector: 20:100
Bandwidth: 0.05 0.1 0.15 0.2 0.25 0.3 0.35
Simulation: 40
Loading required package: iterators
Loading required package: parallel

Attaching package: ‘expm’

The following object is masked from ‘package:Matrix’:

    expm

Time difference of 2.458121 hours
    hr max_width90.zhou max_width95.zhou max_width90.zhou.m max_width95.zhou.m
1 0.05        0.4235354         0.455051          0.4235354           0.455051
  max_width90.zhou.iso max_width95.zhou.iso
1            0.4235354             0.455051
Time difference of 2.467677 hours
   hr max_width90.zhou max_width95.zhou max_width90.zhou.m max_width95.zhou.m
2 0.1        0.4720362        0.5116612          0.4720362          0.5116612
  max_width90.zhou.iso max_width95.zhou.iso
2            0.4720362            0.5116612
Time difference of 2.376763 hours
    hr max_width90.zhou max_width95.zhou max_width90.zhou.m max_width95.zhou.m
3 0.15         0.454919        0.4961468           0.454919          0.4961468
  max_width90.zhou.iso max_width95.zhou.iso
3             0.454919            0.4961468
Time difference of 2.349254 hours
   hr max_width90.zhou max_width95.zhou max_width90.zhou.m max_width95.zhou.m
4 0.2        0.3949258        0.4302058          0.3949258          0.4302058
  max_width90.zhou.iso max_width95.zhou.iso
4            0.3949258            0.4302058
Time difference of 2.360515 hours
    hr max_width90.zhou max_width95.zhou max_width90.zhou.m max_width95.zhou.m
5 0.25        0.3460351          0.37653          0.3460351            0.37653
  max_width90.zhou.iso max_width95.zhou.iso
5            0.3460351              0.37653
Time difference of 2.328146 hours
   hr max_width90.zhou max_width95.zhou max_width90.zhou.m max_width95.zhou.m
6 0.3        0.3073922        0.3349931          0.3073922          0.3349931
  max_width90.zhou.iso max_width95.zhou.iso
6            0.3073922            0.3349931
Time difference of 2.491121 hours
    hr max_width90.zhou max_width95.zhou max_width90.zhou.m max_width95.zhou.m
7 0.35        0.2744327        0.3002046          0.2744327          0.3002046
  max_width90.zhou.iso max_width95.zhou.iso
7            0.2744327            0.3002046
