
Due to MODULEPATH changes, the following have been reloaded:
  1) mii/1.1.2

The following have been reloaded with a version change:
  1) StdEnv/2023 => StdEnv/2020           5) libfabric/1.18.0 => libfabric/1.10.1
  2) gcccore/.12.3 => gcccore/.9.3.0      6) openmpi/4.1.5 => openmpi/4.0.3
  3) gentoo/2023 => gentoo/2020           7) ucx/1.14.1 => ucx/1.8.0
  4) imkl/2023.2.0 => imkl/2020.1.217

Batch index: 2
Model: a
Sample size: 500
Dimension: 27
Candidate vector: 20:100
Bandwidth: 0.05 0.1 0.15 0.2 0.25 0.3 0.35
Simulation: 40
Loading required package: iterators
Loading required package: parallel

Attaching package: ‘expm’

The following object is masked from ‘package:Matrix’:

    expm

Time difference of 2.372447 hours
    hr max_width90.zhou max_width95.zhou max_width90.zhou.m max_width95.zhou.m
1 0.05        0.4230649        0.4549475          0.4230649          0.4549475
  max_width90.zhou.iso max_width95.zhou.iso
1            0.4230649            0.4549475
Time difference of 2.433473 hours
   hr max_width90.zhou max_width95.zhou max_width90.zhou.m max_width95.zhou.m
2 0.1        0.4652617        0.5040621          0.4652617          0.5040621
  max_width90.zhou.iso max_width95.zhou.iso
2            0.4652617            0.5040621
Time difference of 2.385373 hours
    hr max_width90.zhou max_width95.zhou max_width90.zhou.m max_width95.zhou.m
3 0.15        0.4555637        0.4975048          0.4555637          0.4975048
  max_width90.zhou.iso max_width95.zhou.iso
3            0.4555637            0.4975048
Time difference of 2.442888 hours
   hr max_width90.zhou max_width95.zhou max_width90.zhou.m max_width95.zhou.m
4 0.2        0.4011969        0.4381894          0.4011969          0.4381894
  max_width90.zhou.iso max_width95.zhou.iso
4            0.4011969            0.4381894
Time difference of 2.384307 hours
    hr max_width90.zhou max_width95.zhou max_width90.zhou.m max_width95.zhou.m
5 0.25        0.3485137        0.3804551          0.3485137          0.3804551
  max_width90.zhou.iso max_width95.zhou.iso
5            0.3485137            0.3804551
Time difference of 2.427316 hours
   hr max_width90.zhou max_width95.zhou max_width90.zhou.m max_width95.zhou.m
6 0.3        0.3064272        0.3345011          0.3064272          0.3345011
  max_width90.zhou.iso max_width95.zhou.iso
6            0.3064272            0.3345011
Time difference of 2.384196 hours
    hr max_width90.zhou max_width95.zhou max_width90.zhou.m max_width95.zhou.m
7 0.35        0.2731596        0.2985342          0.2731596          0.2985342
  max_width90.zhou.iso max_width95.zhou.iso
7            0.2731596            0.2985342
