
Due to MODULEPATH changes, the following have been reloaded:
  1) mii/1.1.2

The following have been reloaded with a version change:
  1) StdEnv/2023 => StdEnv/2020           5) libfabric/1.18.0 => libfabric/1.10.1
  2) gcccore/.12.3 => gcccore/.9.3.0      6) openmpi/4.1.5 => openmpi/4.0.3
  3) gentoo/2023 => gentoo/2020           7) ucx/1.14.1 => ucx/1.8.0
  4) imkl/2023.2.0 => imkl/2020.1.217

Batch index: 3
Model: a
Sample size: 500
Dimension: 27
Candidate vector: 20:100
Bandwidth: 0.05 0.1 0.15 0.2 0.25 0.3 0.35
Simulation: 40
Loading required package: iterators
Loading required package: parallel

Attaching package: ‘expm’

The following object is masked from ‘package:Matrix’:

    expm

Time difference of 2.197988 hours
    hr max_width90.zhou max_width95.zhou max_width90.zhou.m max_width95.zhou.m
1 0.05        0.4222485        0.4528455          0.4222485          0.4528455
  max_width90.zhou.iso max_width95.zhou.iso
1            0.4222485            0.4528455
Time difference of 2.183693 hours
   hr max_width90.zhou max_width95.zhou max_width90.zhou.m max_width95.zhou.m
2 0.1        0.4706801        0.5100471          0.4706801          0.5100471
  max_width90.zhou.iso max_width95.zhou.iso
2            0.4706801            0.5100471
Time difference of 2.147934 hours
    hr max_width90.zhou max_width95.zhou max_width90.zhou.m max_width95.zhou.m
3 0.15        0.4538973        0.4947741          0.4538973          0.4947741
  max_width90.zhou.iso max_width95.zhou.iso
3            0.4538973            0.4947741
Time difference of 2.143942 hours
   hr max_width90.zhou max_width95.zhou max_width90.zhou.m max_width95.zhou.m
4 0.2        0.3959068        0.4318154          0.3959068          0.4318154
  max_width90.zhou.iso max_width95.zhou.iso
4            0.3959068            0.4318154
Time difference of 2.161392 hours
    hr max_width90.zhou max_width95.zhou max_width90.zhou.m max_width95.zhou.m
5 0.25        0.3497506        0.3820697          0.3497506          0.3820697
  max_width90.zhou.iso max_width95.zhou.iso
5            0.3497506            0.3820697
Time difference of 2.088794 hours
   hr max_width90.zhou max_width95.zhou max_width90.zhou.m max_width95.zhou.m
6 0.3        0.3105485        0.3398865          0.3105485          0.3398865
  max_width90.zhou.iso max_width95.zhou.iso
6            0.3105485            0.3398865
Time difference of 2.1077 hours
    hr max_width90.zhou max_width95.zhou max_width90.zhou.m max_width95.zhou.m
7 0.35        0.2767785        0.3031917          0.2767785          0.3031917
  max_width90.zhou.iso max_width95.zhou.iso
7            0.2767785            0.3031917
