
Due to MODULEPATH changes, the following have been reloaded:
  1) mii/1.1.2

The following have been reloaded with a version change:
  1) StdEnv/2023 => StdEnv/2020           5) libfabric/1.18.0 => libfabric/1.10.1
  2) gcccore/.12.3 => gcccore/.9.3.0      6) openmpi/4.1.5 => openmpi/4.0.3
  3) gentoo/2023 => gentoo/2020           7) ucx/1.14.1 => ucx/1.8.0
  4) imkl/2023.2.0 => imkl/2020.1.217

Batch index: 4
Model: a
Sample size: 500
Dimension: 27
Candidate vector: 20:100
Bandwidth: 0.05 0.1 0.15 0.2 0.25 0.3 0.35
Simulation: 40
Loading required package: iterators
Loading required package: parallel

Attaching package: ‘expm’

The following object is masked from ‘package:Matrix’:

    expm

Time difference of 2.140017 hours
    hr max_width90.zhou max_width95.zhou max_width90.zhou.m max_width95.zhou.m
1 0.05        0.4217382        0.4538989          0.4217382          0.4538989
  max_width90.zhou.iso max_width95.zhou.iso
1            0.4217382            0.4538989
Time difference of 2.131716 hours
   hr max_width90.zhou max_width95.zhou max_width90.zhou.m max_width95.zhou.m
2 0.1         0.462029        0.4994116           0.462029          0.4994116
  max_width90.zhou.iso max_width95.zhou.iso
2             0.462029            0.4994116
Time difference of 2.17553 hours
    hr max_width90.zhou max_width95.zhou max_width90.zhou.m max_width95.zhou.m
3 0.15        0.4496827        0.4910845          0.4496827          0.4910845
  max_width90.zhou.iso max_width95.zhou.iso
3            0.4496827            0.4910845
Time difference of 2.126602 hours
   hr max_width90.zhou max_width95.zhou max_width90.zhou.m max_width95.zhou.m
4 0.2        0.3952079        0.4315655          0.3952079          0.4315655
  max_width90.zhou.iso max_width95.zhou.iso
4            0.3952079            0.4315655
Time difference of 2.150903 hours
    hr max_width90.zhou max_width95.zhou max_width90.zhou.m max_width95.zhou.m
5 0.25        0.3459417         0.377366          0.3459417           0.377366
  max_width90.zhou.iso max_width95.zhou.iso
5            0.3459417             0.377366
Time difference of 2.153544 hours
   hr max_width90.zhou max_width95.zhou max_width90.zhou.m max_width95.zhou.m
6 0.3        0.3053808        0.3340369          0.3053808          0.3340369
  max_width90.zhou.iso max_width95.zhou.iso
6            0.3053808            0.3340369
Time difference of 2.147047 hours
    hr max_width90.zhou max_width95.zhou max_width90.zhou.m max_width95.zhou.m
7 0.35        0.2719013        0.2970073          0.2719013          0.2970073
  max_width90.zhou.iso max_width95.zhou.iso
7            0.2719013            0.2970073
