
Due to MODULEPATH changes, the following have been reloaded:
  1) mii/1.1.2

The following have been reloaded with a version change:
  1) StdEnv/2023 => StdEnv/2020           5) libfabric/1.18.0 => libfabric/1.10.1
  2) gcccore/.12.3 => gcccore/.9.3.0      6) openmpi/4.1.5 => openmpi/4.0.3
  3) gentoo/2023 => gentoo/2020           7) ucx/1.14.1 => ucx/1.8.0
  4) imkl/2023.2.0 => imkl/2020.1.217

Batch index: 10
Model: a
Sample size: 500
Dimension: 27
Candidate vector: 20:100
Bandwidth: 0.05 0.1 0.15 0.2 0.25 0.3 0.35
Simulation: 40
Loading required package: iterators
Loading required package: parallel

Attaching package: ‘expm’

The following object is masked from ‘package:Matrix’:

    expm

Time difference of 2.066864 hours
    hr max_width90.zhou max_width95.zhou max_width90.zhou.m max_width95.zhou.m
1 0.05        0.4267451        0.4575764          0.4267451          0.4575764
  max_width90.zhou.iso max_width95.zhou.iso
1            0.4267451            0.4575764
Time difference of 2.117634 hours
   hr max_width90.zhou max_width95.zhou max_width90.zhou.m max_width95.zhou.m
2 0.1        0.4747528        0.5137928          0.4747528          0.5137928
  max_width90.zhou.iso max_width95.zhou.iso
2            0.4747528            0.5137928
Time difference of 2.115235 hours
    hr max_width90.zhou max_width95.zhou max_width90.zhou.m max_width95.zhou.m
3 0.15        0.4600786        0.5021973          0.4600786          0.5021973
  max_width90.zhou.iso max_width95.zhou.iso
3            0.4600786            0.5021973
Time difference of 2.135209 hours
   hr max_width90.zhou max_width95.zhou max_width90.zhou.m max_width95.zhou.m
4 0.2        0.4009061        0.4378012          0.4009061          0.4378012
  max_width90.zhou.iso max_width95.zhou.iso
4            0.4009061            0.4378012
Time difference of 2.111297 hours
    hr max_width90.zhou max_width95.zhou max_width90.zhou.m max_width95.zhou.m
5 0.25        0.3516777        0.3840469          0.3516777          0.3840469
  max_width90.zhou.iso max_width95.zhou.iso
5            0.3516777            0.3840469
Time difference of 2.106437 hours
   hr max_width90.zhou max_width95.zhou max_width90.zhou.m max_width95.zhou.m
6 0.3        0.3102587        0.3393277          0.3102587          0.3393277
  max_width90.zhou.iso max_width95.zhou.iso
6            0.3102587            0.3393277
Time difference of 2.228656 hours
    hr max_width90.zhou max_width95.zhou max_width90.zhou.m max_width95.zhou.m
7 0.35        0.2764329        0.3028819          0.2764329          0.3028819
  max_width90.zhou.iso max_width95.zhou.iso
7            0.2764329            0.3028819
