
Due to MODULEPATH changes, the following have been reloaded:
  1) mii/1.1.2

The following have been reloaded with a version change:
  1) StdEnv/2023 => StdEnv/2020           5) libfabric/1.18.0 => libfabric/1.10.1
  2) gcccore/.12.3 => gcccore/.9.3.0      6) openmpi/4.1.5 => openmpi/4.0.3
  3) gentoo/2023 => gentoo/2020           7) ucx/1.14.1 => ucx/1.8.0
  4) imkl/2023.2.0 => imkl/2020.1.217

Batch index: 5
Model: a
Sample size: 500
Dimension: 27
Candidate vector: 20:100
Bandwidth: 0.05 0.1 0.15 0.2 0.25 0.3 0.35
Simulation: 40
Loading required package: iterators
Loading required package: parallel

Attaching package: ‘expm’

The following object is masked from ‘package:Matrix’:

    expm

Time difference of 2.355923 hours
    hr max_width90.zhou max_width95.zhou max_width90.zhou.m max_width95.zhou.m
1 0.05        0.4263039        0.4579454          0.4263039          0.4579454
  max_width90.zhou.iso max_width95.zhou.iso
1            0.4263039            0.4579454
Time difference of 2.394509 hours
   hr max_width90.zhou max_width95.zhou max_width90.zhou.m max_width95.zhou.m
2 0.1        0.4683139        0.5063681          0.4683139          0.5063681
  max_width90.zhou.iso max_width95.zhou.iso
2            0.4683139            0.5063681
Time difference of 2.402697 hours
    hr max_width90.zhou max_width95.zhou max_width90.zhou.m max_width95.zhou.m
3 0.15        0.4529938        0.4929207          0.4529938          0.4929207
  max_width90.zhou.iso max_width95.zhou.iso
3            0.4529938            0.4929207
Time difference of 2.404794 hours
   hr max_width90.zhou max_width95.zhou max_width90.zhou.m max_width95.zhou.m
4 0.2        0.3986543        0.4356673          0.3986543          0.4356673
  max_width90.zhou.iso max_width95.zhou.iso
4            0.3986543            0.4356673
Time difference of 2.315991 hours
    hr max_width90.zhou max_width95.zhou max_width90.zhou.m max_width95.zhou.m
5 0.25        0.3495107         0.382363          0.3495107           0.382363
  max_width90.zhou.iso max_width95.zhou.iso
5            0.3495107             0.382363
Time difference of 2.376453 hours
   hr max_width90.zhou max_width95.zhou max_width90.zhou.m max_width95.zhou.m
6 0.3        0.3096091        0.3390379          0.3096091          0.3390379
  max_width90.zhou.iso max_width95.zhou.iso
6            0.3096091            0.3390379
Time difference of 2.323807 hours
    hr max_width90.zhou max_width95.zhou max_width90.zhou.m max_width95.zhou.m
7 0.35        0.2766821          0.30382          0.2766821            0.30382
  max_width90.zhou.iso max_width95.zhou.iso
7            0.2766821              0.30382
