
Due to MODULEPATH changes, the following have been reloaded:
  1) mii/1.1.2

The following have been reloaded with a version change:
  1) StdEnv/2023 => StdEnv/2020           5) libfabric/1.18.0 => libfabric/1.10.1
  2) gcccore/.12.3 => gcccore/.9.3.0      6) openmpi/4.1.5 => openmpi/4.0.3
  3) gentoo/2023 => gentoo/2020           7) ucx/1.14.1 => ucx/1.8.0
  4) imkl/2023.2.0 => imkl/2020.1.217

Batch index: 7
Model: a
Sample size: 500
Dimension: 27
Candidate vector: 20:100
Bandwidth: 0.05 0.1 0.15 0.2 0.25 0.3 0.35
Simulation: 40
Loading required package: iterators
Loading required package: parallel

Attaching package: ‘expm’

The following object is masked from ‘package:Matrix’:

    expm

Time difference of 2.085424 hours
    hr max_width90.zhou max_width95.zhou max_width90.zhou.m max_width95.zhou.m
1 0.05        0.4268416        0.4594543          0.4268416          0.4594543
  max_width90.zhou.iso max_width95.zhou.iso
1            0.4268416            0.4594543
Time difference of 2.07193 hours
   hr max_width90.zhou max_width95.zhou max_width90.zhou.m max_width95.zhou.m
2 0.1        0.4687525        0.5067033          0.4687525          0.5067033
  max_width90.zhou.iso max_width95.zhou.iso
2            0.4687525            0.5067033
Time difference of 2.107113 hours
    hr max_width90.zhou max_width95.zhou max_width90.zhou.m max_width95.zhou.m
3 0.15        0.4479974        0.4872973          0.4479974          0.4872973
  max_width90.zhou.iso max_width95.zhou.iso
3            0.4479974            0.4872973
Time difference of 2.098753 hours
   hr max_width90.zhou max_width95.zhou max_width90.zhou.m max_width95.zhou.m
4 0.2        0.3892268        0.4244684          0.3892268          0.4244684
  max_width90.zhou.iso max_width95.zhou.iso
4            0.3892268            0.4244684
Time difference of 2.183569 hours
    hr max_width90.zhou max_width95.zhou max_width90.zhou.m max_width95.zhou.m
5 0.25        0.3410068        0.3719678          0.3410068          0.3719678
  max_width90.zhou.iso max_width95.zhou.iso
5            0.3410068            0.3719678
Time difference of 2.140663 hours
   hr max_width90.zhou max_width95.zhou max_width90.zhou.m max_width95.zhou.m
6 0.3        0.3033079        0.3314613          0.3033079          0.3314613
  max_width90.zhou.iso max_width95.zhou.iso
6            0.3033079            0.3314613
Time difference of 2.113543 hours
    hr max_width90.zhou max_width95.zhou max_width90.zhou.m max_width95.zhou.m
7 0.35         0.271988        0.2974423           0.271988          0.2974423
  max_width90.zhou.iso max_width95.zhou.iso
7             0.271988            0.2974423
