
Due to MODULEPATH changes, the following have been reloaded:
  1) mii/1.1.2

The following have been reloaded with a version change:
  1) StdEnv/2023 => StdEnv/2020           5) libfabric/1.18.0 => libfabric/1.10.1
  2) gcccore/.12.3 => gcccore/.9.3.0      6) openmpi/4.1.5 => openmpi/4.0.3
  3) gentoo/2023 => gentoo/2020           7) ucx/1.14.1 => ucx/1.8.0
  4) imkl/2023.2.0 => imkl/2020.1.217

Batch index: 1
Model: a
Sample size: 500
Dimension: 27
Candidate vector: 20:100
Bandwidth: 0.05 0.1 0.15 0.2 0.25 0.3 0.35
Simulation: 40
Loading required package: iterators
Loading required package: parallel

Attaching package: ‘expm’

The following object is masked from ‘package:Matrix’:

    expm

Time difference of 2.237223 hours
    hr max_width90.zhou max_width95.zhou max_width90.zhou.m max_width95.zhou.m
1 0.05        0.4254312        0.4564778          0.4254312          0.4564778
  max_width90.zhou.iso max_width95.zhou.iso
1            0.4254312            0.4564778
Time difference of 2.204231 hours
   hr max_width90.zhou max_width95.zhou max_width90.zhou.m max_width95.zhou.m
2 0.1        0.4642573        0.5025871          0.4642573          0.5025871
  max_width90.zhou.iso max_width95.zhou.iso
2            0.4642573            0.5025871
Time difference of 2.278197 hours
    hr max_width90.zhou max_width95.zhou max_width90.zhou.m max_width95.zhou.m
3 0.15        0.4551652        0.4950217          0.4551652          0.4950217
  max_width90.zhou.iso max_width95.zhou.iso
3            0.4551652            0.4950217
Time difference of 2.273103 hours
   hr max_width90.zhou max_width95.zhou max_width90.zhou.m max_width95.zhou.m
4 0.2        0.3934989        0.4302413          0.3934989          0.4302413
  max_width90.zhou.iso max_width95.zhou.iso
4            0.3934989            0.4302413
Time difference of 2.246824 hours
    hr max_width90.zhou max_width95.zhou max_width90.zhou.m max_width95.zhou.m
5 0.25        0.3430815        0.3749543          0.3430815          0.3749543
  max_width90.zhou.iso max_width95.zhou.iso
5            0.3430815            0.3749543
Time difference of 2.300027 hours
   hr max_width90.zhou max_width95.zhou max_width90.zhou.m max_width95.zhou.m
6 0.3        0.3058095        0.3339735          0.3058095          0.3339735
  max_width90.zhou.iso max_width95.zhou.iso
6            0.3058095            0.3339735
Time difference of 2.241506 hours
    hr max_width90.zhou max_width95.zhou max_width90.zhou.m max_width95.zhou.m
7 0.35        0.2721331        0.2980004          0.2721331          0.2980004
  max_width90.zhou.iso max_width95.zhou.iso
7            0.2721331            0.2980004
