
Due to MODULEPATH changes, the following have been reloaded:
  1) mii/1.1.2

The following have been reloaded with a version change:
  1) StdEnv/2023 => StdEnv/2020           5) libfabric/1.18.0 => libfabric/1.10.1
  2) gcccore/.12.3 => gcccore/.9.3.0      6) openmpi/4.1.5 => openmpi/4.0.3
  3) gentoo/2023 => gentoo/2020           7) ucx/1.14.1 => ucx/1.8.0
  4) imkl/2023.2.0 => imkl/2020.1.217

Batch index: 6
Model: a
Sample size: 500
Dimension: 27
Candidate vector: 20:100
Bandwidth: 0.05 0.1 0.15 0.2 0.25 0.3 0.35
Simulation: 40
Loading required package: iterators
Loading required package: parallel

Attaching package: ‘expm’

The following object is masked from ‘package:Matrix’:

    expm

Time difference of 2.124362 hours
    hr max_width90.zhou max_width95.zhou max_width90.zhou.m max_width95.zhou.m
1 0.05        0.4222058        0.4532594          0.4222058          0.4532594
  max_width90.zhou.iso max_width95.zhou.iso
1            0.4222058            0.4532594
Time difference of 2.10631 hours
   hr max_width90.zhou max_width95.zhou max_width90.zhou.m max_width95.zhou.m
2 0.1        0.4743735        0.5149701          0.4743735          0.5149701
  max_width90.zhou.iso max_width95.zhou.iso
2            0.4743735            0.5149701
Time difference of 2.101882 hours
    hr max_width90.zhou max_width95.zhou max_width90.zhou.m max_width95.zhou.m
3 0.15        0.4662269        0.5093173          0.4662269          0.5093173
  max_width90.zhou.iso max_width95.zhou.iso
3            0.4662269            0.5093173
Time difference of 2.144689 hours
   hr max_width90.zhou max_width95.zhou max_width90.zhou.m max_width95.zhou.m
4 0.2         0.408145        0.4456978           0.408145          0.4456978
  max_width90.zhou.iso max_width95.zhou.iso
4             0.408145            0.4456978
Time difference of 2.125325 hours
    hr max_width90.zhou max_width95.zhou max_width90.zhou.m max_width95.zhou.m
5 0.25        0.3544879        0.3880803          0.3544879          0.3880803
  max_width90.zhou.iso max_width95.zhou.iso
5            0.3544879            0.3880803
Time difference of 2.087835 hours
   hr max_width90.zhou max_width95.zhou max_width90.zhou.m max_width95.zhou.m
6 0.3        0.3125997        0.3423863          0.3125997          0.3423863
  max_width90.zhou.iso max_width95.zhou.iso
6            0.3125997            0.3423863
Time difference of 2.115153 hours
    hr max_width90.zhou max_width95.zhou max_width90.zhou.m max_width95.zhou.m
7 0.35        0.2796937        0.3064587          0.2796937          0.3064587
  max_width90.zhou.iso max_width95.zhou.iso
7            0.2796937            0.3064587
