
Due to MODULEPATH changes, the following have been reloaded:
  1) mii/1.1.2

The following have been reloaded with a version change:
  1) StdEnv/2023 => StdEnv/2020           5) libfabric/1.18.0 => libfabric/1.10.1
  2) gcccore/.12.3 => gcccore/.9.3.0      6) openmpi/4.1.5 => openmpi/4.0.3
  3) gentoo/2023 => gentoo/2020           7) ucx/1.14.1 => ucx/1.8.0
  4) imkl/2023.2.0 => imkl/2020.1.217

Batch index: 7
Model: a
Sample size: 500
Dimension: 9
Candidate vector: 20:100
Bandwidth: 0.05 0.1 0.15 0.2 0.25 0.3 0.35
Simulation: 40
Loading required package: iterators
Loading required package: parallel

Attaching package: ‘expm’

The following object is masked from ‘package:Matrix’:

    expm

Time difference of 1.016746 hours
    hr max_width90.zhou max_width95.zhou max_width90.zhou.m max_width95.zhou.m
1 0.05        0.3871344        0.4181386          0.3871344          0.4181386
  max_width90.zhou.iso max_width95.zhou.iso
1            0.3871344            0.4181386
Time difference of 1.016529 hours
   hr max_width90.zhou max_width95.zhou max_width90.zhou.m max_width95.zhou.m
2 0.1        0.4117518        0.4471362          0.4117518          0.4471362
  max_width90.zhou.iso max_width95.zhou.iso
2            0.4117518            0.4471362
Time difference of 1.019107 hours
    hr max_width90.zhou max_width95.zhou max_width90.zhou.m max_width95.zhou.m
3 0.15         0.401272        0.4392191           0.401272          0.4392191
  max_width90.zhou.iso max_width95.zhou.iso
3             0.401272            0.4392191
Time difference of 1.009987 hours
   hr max_width90.zhou max_width95.zhou max_width90.zhou.m max_width95.zhou.m
4 0.2        0.3571901        0.3935213          0.3571901          0.3935213
  max_width90.zhou.iso max_width95.zhou.iso
4            0.3571901            0.3935213
Time difference of 1.021162 hours
    hr max_width90.zhou max_width95.zhou max_width90.zhou.m max_width95.zhou.m
5 0.25        0.3129109         0.346096          0.3129109           0.346096
  max_width90.zhou.iso max_width95.zhou.iso
5            0.3129109             0.346096
Time difference of 1.029025 hours
   hr max_width90.zhou max_width95.zhou max_width90.zhou.m max_width95.zhou.m
6 0.3        0.2761415        0.3066014          0.2761415          0.3066014
  max_width90.zhou.iso max_width95.zhou.iso
6            0.2761415            0.3066014
Time difference of 1.031216 hours
    hr max_width90.zhou max_width95.zhou max_width90.zhou.m max_width95.zhou.m
7 0.35        0.2460684        0.2724255          0.2460684          0.2724255
  max_width90.zhou.iso max_width95.zhou.iso
7            0.2460684            0.2724255
