
Due to MODULEPATH changes, the following have been reloaded:
  1) mii/1.1.2

The following have been reloaded with a version change:
  1) StdEnv/2023 => StdEnv/2020           5) libfabric/1.18.0 => libfabric/1.10.1
  2) gcccore/.12.3 => gcccore/.9.3.0      6) openmpi/4.1.5 => openmpi/4.0.3
  3) gentoo/2023 => gentoo/2020           7) ucx/1.14.1 => ucx/1.8.0
  4) imkl/2023.2.0 => imkl/2020.1.217

Batch index: 6
Model: a
Sample size: 500
Dimension: 9
Candidate vector: 20:100
Bandwidth: 0.05 0.1 0.15 0.2 0.25 0.3 0.35
Simulation: 40
Loading required package: iterators
Loading required package: parallel

Attaching package: ‘expm’

The following object is masked from ‘package:Matrix’:

    expm

Time difference of 1.067664 hours
    hr max_width90.zhou max_width95.zhou max_width90.zhou.m max_width95.zhou.m
1 0.05        0.3867494        0.4183112          0.3867494          0.4183112
  max_width90.zhou.iso max_width95.zhou.iso
1            0.3867494            0.4183112
Time difference of 1.077334 hours
   hr max_width90.zhou max_width95.zhou max_width90.zhou.m max_width95.zhou.m
2 0.1        0.4259326        0.4634638          0.4259326          0.4634638
  max_width90.zhou.iso max_width95.zhou.iso
2            0.4259326            0.4634638
Time difference of 1.075426 hours
    hr max_width90.zhou max_width95.zhou max_width90.zhou.m max_width95.zhou.m
3 0.15         0.408056        0.4478628           0.408056          0.4478628
  max_width90.zhou.iso max_width95.zhou.iso
3             0.408056            0.4478628
Time difference of 1.05519 hours
   hr max_width90.zhou max_width95.zhou max_width90.zhou.m max_width95.zhou.m
4 0.2        0.3549417        0.3910864          0.3549417          0.3910864
  max_width90.zhou.iso max_width95.zhou.iso
4            0.3549417            0.3910864
Time difference of 1.055814 hours
    hr max_width90.zhou max_width95.zhou max_width90.zhou.m max_width95.zhou.m
5 0.25        0.3088283        0.3399899          0.3088283          0.3399899
  max_width90.zhou.iso max_width95.zhou.iso
5            0.3088283            0.3399899
Time difference of 1.01984 hours
   hr max_width90.zhou max_width95.zhou max_width90.zhou.m max_width95.zhou.m
6 0.3        0.2728586        0.3008963          0.2728586          0.3008963
  max_width90.zhou.iso max_width95.zhou.iso
6            0.2728586            0.3008963
Time difference of 1.012729 hours
    hr max_width90.zhou max_width95.zhou max_width90.zhou.m max_width95.zhou.m
7 0.35        0.2433231        0.2677111          0.2433231          0.2677111
  max_width90.zhou.iso max_width95.zhou.iso
7            0.2433231            0.2677111
