
Due to MODULEPATH changes, the following have been reloaded:
  1) mii/1.1.2

The following have been reloaded with a version change:
  1) StdEnv/2023 => StdEnv/2020           5) libfabric/1.18.0 => libfabric/1.10.1
  2) gcccore/.12.3 => gcccore/.9.3.0      6) openmpi/4.1.5 => openmpi/4.0.3
  3) gentoo/2023 => gentoo/2020           7) ucx/1.14.1 => ucx/1.8.0
  4) imkl/2023.2.0 => imkl/2020.1.217

Batch index: 8
Model: a
Sample size: 500
Dimension: 9
Candidate vector: 20:100
Bandwidth: 0.05 0.1 0.15 0.2 0.25 0.3 0.35
Simulation: 40
Loading required package: iterators
Loading required package: parallel

Attaching package: ‘expm’

The following object is masked from ‘package:Matrix’:

    expm

Time difference of 55.89262 mins
    hr max_width90.zhou max_width95.zhou max_width90.zhou.m max_width95.zhou.m
1 0.05        0.3799969        0.4091408          0.3799969          0.4091408
  max_width90.zhou.iso max_width95.zhou.iso
1            0.3799969            0.4091408
Time difference of 56.17574 mins
   hr max_width90.zhou max_width95.zhou max_width90.zhou.m max_width95.zhou.m
2 0.1        0.4079421        0.4437637          0.4079421          0.4437637
  max_width90.zhou.iso max_width95.zhou.iso
2            0.4079421            0.4437637
Time difference of 56.25064 mins
    hr max_width90.zhou max_width95.zhou max_width90.zhou.m max_width95.zhou.m
3 0.15        0.3956775         0.432644          0.3956775           0.432644
  max_width90.zhou.iso max_width95.zhou.iso
3            0.3956775             0.432644
Time difference of 56.06232 mins
   hr max_width90.zhou max_width95.zhou max_width90.zhou.m max_width95.zhou.m
4 0.2        0.3516778        0.3870782          0.3516778          0.3870782
  max_width90.zhou.iso max_width95.zhou.iso
4            0.3516778            0.3870782
Time difference of 55.31804 mins
    hr max_width90.zhou max_width95.zhou max_width90.zhou.m max_width95.zhou.m
5 0.25        0.3080612        0.3402852          0.3080612          0.3402852
  max_width90.zhou.iso max_width95.zhou.iso
5            0.3080612            0.3402852
Time difference of 55.96479 mins
   hr max_width90.zhou max_width95.zhou max_width90.zhou.m max_width95.zhou.m
6 0.3        0.2719122        0.3002894          0.2719122          0.3002894
  max_width90.zhou.iso max_width95.zhou.iso
6            0.2719122            0.3002894
Time difference of 56.0207 mins
    hr max_width90.zhou max_width95.zhou max_width90.zhou.m max_width95.zhou.m
7 0.35        0.2415509        0.2682154          0.2415509          0.2682154
  max_width90.zhou.iso max_width95.zhou.iso
7            0.2415509            0.2682154
