
Due to MODULEPATH changes, the following have been reloaded:
  1) mii/1.1.2

The following have been reloaded with a version change:
  1) StdEnv/2023 => StdEnv/2020           5) libfabric/1.18.0 => libfabric/1.10.1
  2) gcccore/.12.3 => gcccore/.9.3.0      6) openmpi/4.1.5 => openmpi/4.0.3
  3) gentoo/2023 => gentoo/2020           7) ucx/1.14.1 => ucx/1.8.0
  4) imkl/2023.2.0 => imkl/2020.1.217

Batch index: 1
Model: a
Sample size: 500
Dimension: 9
Candidate vector: 20:100
Bandwidth: 0.05 0.1 0.15 0.2 0.25 0.3 0.35
Simulation: 40
Loading required package: iterators
Loading required package: parallel

Attaching package: ‘expm’

The following object is masked from ‘package:Matrix’:

    expm

Time difference of 57.00851 mins
    hr max_width90.zhou max_width95.zhou max_width90.zhou.m max_width95.zhou.m
1 0.05        0.3810422        0.4111153          0.3810422          0.4111153
  max_width90.zhou.iso max_width95.zhou.iso
1            0.3810422            0.4111153
Time difference of 56.75158 mins
   hr max_width90.zhou max_width95.zhou max_width90.zhou.m max_width95.zhou.m
2 0.1        0.4138275        0.4501583          0.4138275          0.4501583
  max_width90.zhou.iso max_width95.zhou.iso
2            0.4138275            0.4501583
Time difference of 56.51499 mins
    hr max_width90.zhou max_width95.zhou max_width90.zhou.m max_width95.zhou.m
3 0.15        0.4007983        0.4400816          0.4007983          0.4400816
  max_width90.zhou.iso max_width95.zhou.iso
3            0.4007983            0.4400816
Time difference of 56.75196 mins
   hr max_width90.zhou max_width95.zhou max_width90.zhou.m max_width95.zhou.m
4 0.2        0.3508075        0.3860454          0.3508075          0.3860454
  max_width90.zhou.iso max_width95.zhou.iso
4            0.3508075            0.3860454
Time difference of 56.18238 mins
    hr max_width90.zhou max_width95.zhou max_width90.zhou.m max_width95.zhou.m
5 0.25        0.3085043        0.3394297          0.3085043          0.3394297
  max_width90.zhou.iso max_width95.zhou.iso
5            0.3085043            0.3394297
Time difference of 54.28183 mins
   hr max_width90.zhou max_width95.zhou max_width90.zhou.m max_width95.zhou.m
6 0.3        0.2714915         0.300108          0.2714915           0.300108
  max_width90.zhou.iso max_width95.zhou.iso
6            0.2714915             0.300108
Time difference of 54.88007 mins
    hr max_width90.zhou max_width95.zhou max_width90.zhou.m max_width95.zhou.m
7 0.35        0.2404203        0.2655094          0.2404203          0.2655094
  max_width90.zhou.iso max_width95.zhou.iso
7            0.2404203            0.2655094
