
Due to MODULEPATH changes, the following have been reloaded:
  1) mii/1.1.2

The following have been reloaded with a version change:
  1) StdEnv/2023 => StdEnv/2020           5) libfabric/1.18.0 => libfabric/1.10.1
  2) gcccore/.12.3 => gcccore/.9.3.0      6) openmpi/4.1.5 => openmpi/4.0.3
  3) gentoo/2023 => gentoo/2020           7) ucx/1.14.1 => ucx/1.8.0
  4) imkl/2023.2.0 => imkl/2020.1.217

Batch index: 9
Model: a
Sample size: 500
Dimension: 9
Candidate vector: 20:100
Bandwidth: 0.05 0.1 0.15 0.2 0.25 0.3 0.35
Simulation: 40
Loading required package: iterators
Loading required package: parallel

Attaching package: ‘expm’

The following object is masked from ‘package:Matrix’:

    expm

Time difference of 55.5104 mins
    hr max_width90.zhou max_width95.zhou max_width90.zhou.m max_width95.zhou.m
1 0.05        0.3822348        0.4135564          0.3822348          0.4135564
  max_width90.zhou.iso max_width95.zhou.iso
1            0.3822348            0.4135564
Time difference of 55.00958 mins
   hr max_width90.zhou max_width95.zhou max_width90.zhou.m max_width95.zhou.m
2 0.1        0.4150869        0.4514955          0.4150869          0.4514955
  max_width90.zhou.iso max_width95.zhou.iso
2            0.4150869            0.4514955
Time difference of 54.41557 mins
    hr max_width90.zhou max_width95.zhou max_width90.zhou.m max_width95.zhou.m
3 0.15        0.4005817        0.4392416          0.4005817          0.4392416
  max_width90.zhou.iso max_width95.zhou.iso
3            0.4005817            0.4392416
Time difference of 55.11073 mins
   hr max_width90.zhou max_width95.zhou max_width90.zhou.m max_width95.zhou.m
4 0.2        0.3521668        0.3874951          0.3521668          0.3874951
  max_width90.zhou.iso max_width95.zhou.iso
4            0.3521668            0.3874951
Time difference of 54.85642 mins
    hr max_width90.zhou max_width95.zhou max_width90.zhou.m max_width95.zhou.m
5 0.25        0.3084201        0.3400666          0.3084201          0.3400666
  max_width90.zhou.iso max_width95.zhou.iso
5            0.3084201            0.3400666
Time difference of 54.45312 mins
   hr max_width90.zhou max_width95.zhou max_width90.zhou.m max_width95.zhou.m
6 0.3        0.2732774        0.3020074          0.2732774          0.3020074
  max_width90.zhou.iso max_width95.zhou.iso
6            0.2732774            0.3020074
Time difference of 53.48837 mins
    hr max_width90.zhou max_width95.zhou max_width90.zhou.m max_width95.zhou.m
7 0.35        0.2448289        0.2705376          0.2448289          0.2705376
  max_width90.zhou.iso max_width95.zhou.iso
7            0.2448289            0.2705376
