
Due to MODULEPATH changes, the following have been reloaded:
  1) mii/1.1.2

The following have been reloaded with a version change:
  1) StdEnv/2023 => StdEnv/2020           5) libfabric/1.18.0 => libfabric/1.10.1
  2) gcccore/.12.3 => gcccore/.9.3.0      6) openmpi/4.1.5 => openmpi/4.0.3
  3) gentoo/2023 => gentoo/2020           7) ucx/1.14.1 => ucx/1.8.0
  4) imkl/2023.2.0 => imkl/2020.1.217

Batch index: 5
Model: a
Sample size: 500
Dimension: 9
Candidate vector: 20:100
Bandwidth: 0.05 0.1 0.15 0.2 0.25 0.3 0.35
Simulation: 40
Loading required package: iterators
Loading required package: parallel

Attaching package: ‘expm’

The following object is masked from ‘package:Matrix’:

    expm

Time difference of 1.027168 hours
    hr max_width90.zhou max_width95.zhou max_width90.zhou.m max_width95.zhou.m
1 0.05        0.3778344        0.4087065          0.3778344          0.4087065
  max_width90.zhou.iso max_width95.zhou.iso
1            0.3778344            0.4087065
Time difference of 1.022046 hours
   hr max_width90.zhou max_width95.zhou max_width90.zhou.m max_width95.zhou.m
2 0.1         0.418184         0.455385           0.418184           0.455385
  max_width90.zhou.iso max_width95.zhou.iso
2             0.418184             0.455385
Time difference of 1.017884 hours
    hr max_width90.zhou max_width95.zhou max_width90.zhou.m max_width95.zhou.m
3 0.15        0.4056609        0.4436391          0.4056609          0.4436391
  max_width90.zhou.iso max_width95.zhou.iso
3            0.4056609            0.4436391
Time difference of 1.02102 hours
   hr max_width90.zhou max_width95.zhou max_width90.zhou.m max_width95.zhou.m
4 0.2        0.3541401        0.3895443          0.3541401          0.3895443
  max_width90.zhou.iso max_width95.zhou.iso
4            0.3541401            0.3895443
Time difference of 1.040144 hours
    hr max_width90.zhou max_width95.zhou max_width90.zhou.m max_width95.zhou.m
5 0.25        0.3095475        0.3399584          0.3095475          0.3399584
  max_width90.zhou.iso max_width95.zhou.iso
5            0.3095475            0.3399584
Time difference of 1.027882 hours
   hr max_width90.zhou max_width95.zhou max_width90.zhou.m max_width95.zhou.m
6 0.3        0.2736002        0.3015134          0.2736002          0.3015134
  max_width90.zhou.iso max_width95.zhou.iso
6            0.2736002            0.3015134
Time difference of 1.007626 hours
    hr max_width90.zhou max_width95.zhou max_width90.zhou.m max_width95.zhou.m
7 0.35        0.2425292        0.2681686          0.2425292          0.2681686
  max_width90.zhou.iso max_width95.zhou.iso
7            0.2425292            0.2681686
