
Due to MODULEPATH changes, the following have been reloaded:
  1) mii/1.1.2

The following have been reloaded with a version change:
  1) StdEnv/2023 => StdEnv/2020           5) libfabric/1.18.0 => libfabric/1.10.1
  2) gcccore/.12.3 => gcccore/.9.3.0      6) openmpi/4.1.5 => openmpi/4.0.3
  3) gentoo/2023 => gentoo/2020           7) ucx/1.14.1 => ucx/1.8.0
  4) imkl/2023.2.0 => imkl/2020.1.217

Batch index: 3
Model: a
Sample size: 500
Dimension: 9
Candidate vector: 20:100
Bandwidth: 0.05 0.1 0.15 0.2 0.25 0.3 0.35
Simulation: 40
Loading required package: iterators
Loading required package: parallel

Attaching package: ‘expm’

The following object is masked from ‘package:Matrix’:

    expm

Time difference of 57.2972 mins
    hr max_width90.zhou max_width95.zhou max_width90.zhou.m max_width95.zhou.m
1 0.05        0.3839333        0.4158663          0.3839333          0.4158663
  max_width90.zhou.iso max_width95.zhou.iso
1            0.3839333            0.4158663
Time difference of 56.88269 mins
   hr max_width90.zhou max_width95.zhou max_width90.zhou.m max_width95.zhou.m
2 0.1         0.422513        0.4603978           0.422513          0.4603978
  max_width90.zhou.iso max_width95.zhou.iso
2             0.422513            0.4603978
Time difference of 56.54412 mins
    hr max_width90.zhou max_width95.zhou max_width90.zhou.m max_width95.zhou.m
3 0.15        0.4096348         0.449769          0.4096348           0.449769
  max_width90.zhou.iso max_width95.zhou.iso
3            0.4096348             0.449769
Time difference of 58.13116 mins
   hr max_width90.zhou max_width95.zhou max_width90.zhou.m max_width95.zhou.m
4 0.2        0.3603669        0.3960223          0.3603669          0.3960223
  max_width90.zhou.iso max_width95.zhou.iso
4            0.3603669            0.3960223
Time difference of 57.90979 mins
    hr max_width90.zhou max_width95.zhou max_width90.zhou.m max_width95.zhou.m
5 0.25        0.3138884        0.3472296          0.3138884          0.3472296
  max_width90.zhou.iso max_width95.zhou.iso
5            0.3138884            0.3472296
Time difference of 58.23263 mins
   hr max_width90.zhou max_width95.zhou max_width90.zhou.m max_width95.zhou.m
6 0.3        0.2749298        0.3032942          0.2749298          0.3032942
  max_width90.zhou.iso max_width95.zhou.iso
6            0.2749298            0.3032942
Time difference of 57.44175 mins
    hr max_width90.zhou max_width95.zhou max_width90.zhou.m max_width95.zhou.m
7 0.35        0.2427675        0.2681636          0.2427675          0.2681636
  max_width90.zhou.iso max_width95.zhou.iso
7            0.2427675            0.2681636
