
Due to MODULEPATH changes, the following have been reloaded:
  1) mii/1.1.2

The following have been reloaded with a version change:
  1) StdEnv/2023 => StdEnv/2020           5) libfabric/1.18.0 => libfabric/1.10.1
  2) gcccore/.12.3 => gcccore/.9.3.0      6) openmpi/4.1.5 => openmpi/4.0.3
  3) gentoo/2023 => gentoo/2020           7) ucx/1.14.1 => ucx/1.8.0
  4) imkl/2023.2.0 => imkl/2020.1.217

Batch index: 2
Model: a
Sample size: 500
Dimension: 9
Candidate vector: 20:100
Bandwidth: 0.05 0.1 0.15 0.2 0.25 0.3 0.35
Simulation: 40
Loading required package: iterators
Loading required package: parallel

Attaching package: ‘expm’

The following object is masked from ‘package:Matrix’:

    expm

Time difference of 1.030753 hours
    hr max_width90.zhou max_width95.zhou max_width90.zhou.m max_width95.zhou.m
1 0.05        0.3845256        0.4148648          0.3845256          0.4148648
  max_width90.zhou.iso max_width95.zhou.iso
1            0.3845256            0.4148648
Time difference of 1.039218 hours
   hr max_width90.zhou max_width95.zhou max_width90.zhou.m max_width95.zhou.m
2 0.1        0.4153025        0.4532016          0.4153025          0.4532016
  max_width90.zhou.iso max_width95.zhou.iso
2            0.4153025            0.4532016
Time difference of 1.03242 hours
    hr max_width90.zhou max_width95.zhou max_width90.zhou.m max_width95.zhou.m
3 0.15        0.3987369        0.4361131          0.3987369          0.4361131
  max_width90.zhou.iso max_width95.zhou.iso
3            0.3987369            0.4361131
Time difference of 1.026953 hours
   hr max_width90.zhou max_width95.zhou max_width90.zhou.m max_width95.zhou.m
4 0.2        0.3478411        0.3815341          0.3478411          0.3815341
  max_width90.zhou.iso max_width95.zhou.iso
4            0.3478411            0.3815341
Time difference of 1.039298 hours
    hr max_width90.zhou max_width95.zhou max_width90.zhou.m max_width95.zhou.m
5 0.25        0.3050781        0.3347629          0.3050781          0.3347629
  max_width90.zhou.iso max_width95.zhou.iso
5            0.3050781            0.3347629
Time difference of 1.03149 hours
   hr max_width90.zhou max_width95.zhou max_width90.zhou.m max_width95.zhou.m
6 0.3        0.2715312        0.2989783          0.2715312          0.2989783
  max_width90.zhou.iso max_width95.zhou.iso
6            0.2715312            0.2989783
Time difference of 1.013824 hours
    hr max_width90.zhou max_width95.zhou max_width90.zhou.m max_width95.zhou.m
7 0.35        0.2418977        0.2674341          0.2418977          0.2674341
  max_width90.zhou.iso max_width95.zhou.iso
7            0.2418977            0.2674341
