
Due to MODULEPATH changes, the following have been reloaded:
  1) mii/1.1.2

The following have been reloaded with a version change:
  1) StdEnv/2023 => StdEnv/2020           5) libfabric/1.18.0 => libfabric/1.10.1
  2) gcccore/.12.3 => gcccore/.9.3.0      6) openmpi/4.1.5 => openmpi/4.0.3
  3) gentoo/2023 => gentoo/2020           7) ucx/1.14.1 => ucx/1.8.0
  4) imkl/2023.2.0 => imkl/2020.1.217

Batch index: 10
Model: a
Sample size: 500
Dimension: 9
Candidate vector: 20:100
Bandwidth: 0.05 0.1 0.15 0.2 0.25 0.3 0.35
Simulation: 40
Loading required package: iterators
Loading required package: parallel

Attaching package: ‘expm’

The following object is masked from ‘package:Matrix’:

    expm

Time difference of 1.013155 hours
    hr max_width90.zhou max_width95.zhou max_width90.zhou.m max_width95.zhou.m
1 0.05        0.3805679        0.4099087          0.3805679          0.4099087
  max_width90.zhou.iso max_width95.zhou.iso
1            0.3805679            0.4099087
Time difference of 1.036865 hours
   hr max_width90.zhou max_width95.zhou max_width90.zhou.m max_width95.zhou.m
2 0.1          0.41592        0.4536984            0.41592          0.4536984
  max_width90.zhou.iso max_width95.zhou.iso
2              0.41592            0.4536984
Time difference of 1.089715 hours
    hr max_width90.zhou max_width95.zhou max_width90.zhou.m max_width95.zhou.m
3 0.15        0.3986509        0.4376573          0.3986509          0.4376573
  max_width90.zhou.iso max_width95.zhou.iso
3            0.3986509            0.4376573
Time difference of 1.07641 hours
   hr max_width90.zhou max_width95.zhou max_width90.zhou.m max_width95.zhou.m
4 0.2        0.3531648         0.388449          0.3531648           0.388449
  max_width90.zhou.iso max_width95.zhou.iso
4            0.3531648             0.388449
Time difference of 1.0252 hours
    hr max_width90.zhou max_width95.zhou max_width90.zhou.m max_width95.zhou.m
5 0.25          0.31027        0.3416735            0.31027          0.3416735
  max_width90.zhou.iso max_width95.zhou.iso
5              0.31027            0.3416735
Time difference of 1.039262 hours
   hr max_width90.zhou max_width95.zhou max_width90.zhou.m max_width95.zhou.m
6 0.3        0.2727271        0.3016281          0.2727271          0.3016281
  max_width90.zhou.iso max_width95.zhou.iso
6            0.2727271            0.3016281
Time difference of 1.043633 hours
    hr max_width90.zhou max_width95.zhou max_width90.zhou.m max_width95.zhou.m
7 0.35        0.2419132        0.2685986          0.2419132          0.2685986
  max_width90.zhou.iso max_width95.zhou.iso
7            0.2419132            0.2685986
