
Due to MODULEPATH changes, the following have been reloaded:
  1) mii/1.1.2

The following have been reloaded with a version change:
  1) StdEnv/2023 => StdEnv/2020           5) libfabric/1.18.0 => libfabric/1.10.1
  2) gcccore/.12.3 => gcccore/.9.3.0      6) openmpi/4.1.5 => openmpi/4.0.3
  3) gentoo/2023 => gentoo/2020           7) ucx/1.14.1 => ucx/1.8.0
  4) imkl/2023.2.0 => imkl/2020.1.217

Batch index: 1
Model: b
Sample size: 300
Dimension: 18
Candidate vector: 10:100
Bandwidth: 0.05 0.1 0.15 0.2 0.25 0.3 0.35
GCV: FALSE
Simulation: 40
Loading required package: iterators
Loading required package: parallel

Attaching package: ‘expm’

The following object is masked from ‘package:Matrix’:

    expm

Time difference of 1.062425 hours
    hr        hd is.cover90.hr is.cover95.hr is.cover90.hd is.cover95.hd
1 0.05 0.0485942             1             1             1             1
   SCB90.hr  SCB95.hr  SCB90.hd  SCB95.hd
1 0.8815048 0.9919687 0.6355562 0.7079795
Time difference of 1.063916 hours
   hr         hd is.cover90.hr is.cover95.hr is.cover90.hd is.cover95.hd
2 0.1 0.09718839             1             1             1             1
   SCB90.hr  SCB95.hr SCB90.hd  SCB95.hd
2 0.5666267 0.6287697 0.497418 0.5542797
Time difference of 1.116073 hours
    hr        hd is.cover90.hr is.cover95.hr is.cover90.hd is.cover95.hd
3 0.15 0.1457826         0.975             1          0.95             1
   SCB90.hr SCB95.hr  SCB90.hd  SCB95.hd
3 0.5111609 0.564935 0.4673615 0.5180592
Time difference of 1.131251 hours
   hr        hd is.cover90.hr is.cover95.hr is.cover90.hd is.cover95.hd
4 0.2 0.1943768          0.95             1           0.9             1
   SCB90.hr  SCB95.hr  SCB90.hd  SCB95.hd
4 0.4549364 0.5024939 0.4197652 0.4664622
Time difference of 1.154518 hours
    hr        hd is.cover90.hr is.cover95.hr is.cover90.hd is.cover95.hd
5 0.25 0.2371262          0.95             1         0.925             1
   SCB90.hr  SCB95.hr  SCB90.hd  SCB95.hd
5 0.4049515 0.4471213 0.3786736 0.4190897
Time difference of 1.146567 hours
   hr        hd is.cover90.hr is.cover95.hr is.cover90.hd is.cover95.hd
6 0.3 0.2231443          0.95             1         0.925             1
   SCB90.hr  SCB95.hr  SCB90.hd  SCB95.hd
6 0.3778459 0.4169711 0.3686513 0.4078629
Time difference of 1.177277 hours
    hr        hd is.cover90.hr is.cover95.hr is.cover90.hd is.cover95.hd
7 0.35 0.2466555           0.9             1           0.9             1
  SCB90.hr  SCB95.hr  SCB90.hd  SCB95.hd
7  0.34058 0.3767691 0.3415976 0.3782231
