
Due to MODULEPATH changes, the following have been reloaded:
  1) mii/1.1.2

The following have been reloaded with a version change:
  1) StdEnv/2023 => StdEnv/2020           5) libfabric/1.18.0 => libfabric/1.10.1
  2) gcccore/.12.3 => gcccore/.9.3.0      6) openmpi/4.1.5 => openmpi/4.0.3
  3) gentoo/2023 => gentoo/2020           7) ucx/1.14.1 => ucx/1.8.0
  4) imkl/2023.2.0 => imkl/2020.1.217

Batch index: 5
Model: b
Sample size: 300
Dimension: 18
Candidate vector: 10:100
Bandwidth: 0.05 0.1 0.15 0.2 0.25 0.3 0.35
GCV: FALSE
Simulation: 40
Loading required package: iterators
Loading required package: parallel

Attaching package: ‘expm’

The following object is masked from ‘package:Matrix’:

    expm

Time difference of 1.316063 hours
    hr        hd is.cover90.hr is.cover95.hr is.cover90.hd is.cover95.hd
1 0.05 0.0485942          0.95             1             1             1
  SCB90.hr  SCB95.hr  SCB90.hd  SCB95.hd
1 0.835341 0.9365971 0.6527555 0.7339668
Time difference of 1.352692 hours
   hr         hd is.cover90.hr is.cover95.hr is.cover90.hd is.cover95.hd
2 0.1 0.09718839         0.975             1          0.95             1
   SCB90.hr  SCB95.hr  SCB90.hd  SCB95.hd
2 0.5644414 0.6260451 0.4991831 0.5537878
Time difference of 1.399198 hours
    hr        hd is.cover90.hr is.cover95.hr is.cover90.hd is.cover95.hd
3 0.15 0.1457826         0.975             1         0.975             1
   SCB90.hr  SCB95.hr  SCB90.hd  SCB95.hd
3 0.5176991 0.5703822 0.4727336 0.5224162
Time difference of 1.424797 hours
   hr        hd is.cover90.hr is.cover95.hr is.cover90.hd is.cover95.hd
4 0.2 0.1943768         0.975         0.975          0.95         0.975
   SCB90.hr  SCB95.hr  SCB90.hd  SCB95.hd
4 0.4647498 0.5119363 0.4285318 0.4756021
Time difference of 1.442349 hours
    hr        hd is.cover90.hr is.cover95.hr is.cover90.hd is.cover95.hd
5 0.25 0.2371262         0.975         0.975         0.925          0.95
  SCB90.hr  SCB95.hr SCB90.hd  SCB95.hd
5 0.415977 0.4612667 0.390834 0.4358741
Time difference of 1.457339 hours
   hr        hd is.cover90.hr is.cover95.hr is.cover90.hd is.cover95.hd
6 0.3 0.2231443          0.95         0.975          0.95         0.975
   SCB90.hr  SCB95.hr  SCB90.hd  SCB95.hd
6 0.3877469 0.4284816 0.3787902 0.4203254
Time difference of 1.45827 hours
    hr        hd is.cover90.hr is.cover95.hr is.cover90.hd is.cover95.hd
7 0.35 0.2466555         0.925         0.975         0.925         0.975
   SCB90.hr SCB95.hr  SCB90.hd  SCB95.hd
7 0.3493093 0.387515 0.3502367 0.3884972
