
Due to MODULEPATH changes, the following have been reloaded:
  1) mii/1.1.2

The following have been reloaded with a version change:
  1) StdEnv/2023 => StdEnv/2020           5) libfabric/1.18.0 => libfabric/1.10.1
  2) gcccore/.12.3 => gcccore/.9.3.0      6) openmpi/4.1.5 => openmpi/4.0.3
  3) gentoo/2023 => gentoo/2020           7) ucx/1.14.1 => ucx/1.8.0
  4) imkl/2023.2.0 => imkl/2020.1.217

Batch index: 10
Model: b
Sample size: 300
Dimension: 18
Candidate vector: 10:100
Bandwidth: 0.05 0.1 0.15 0.2 0.25 0.3 0.35
GCV: FALSE
Simulation: 40
Loading required package: iterators
Loading required package: parallel

Attaching package: ‘expm’

The following object is masked from ‘package:Matrix’:

    expm

Time difference of 1.445268 hours
    hr        hd is.cover90.hr is.cover95.hr is.cover90.hd is.cover95.hd
1 0.05 0.0485942         0.975         0.975             1             1
   SCB90.hr  SCB95.hr  SCB90.hd  SCB95.hd
1 0.8601659 0.9724718 0.6322645 0.7039056
Time difference of 1.437957 hours
   hr         hd is.cover90.hr is.cover95.hr is.cover90.hd is.cover95.hd
2 0.1 0.09718839         0.975             1          0.95             1
   SCB90.hr  SCB95.hr  SCB90.hd  SCB95.hd
2 0.5521852 0.6102822 0.4865694 0.5387587
Time difference of 1.499108 hours
    hr        hd is.cover90.hr is.cover95.hr is.cover90.hd is.cover95.hd
3 0.15 0.1457826         0.975             1         0.925         0.975
   SCB90.hr  SCB95.hr  SCB90.hd  SCB95.hd
3 0.5139715 0.5665596 0.4692509 0.5192553
Time difference of 1.537678 hours
   hr        hd is.cover90.hr is.cover95.hr is.cover90.hd is.cover95.hd
4 0.2 0.1943768         0.925         0.975         0.925          0.95
   SCB90.hr  SCB95.hr  SCB90.hd  SCB95.hd
4 0.4707858 0.5200362 0.4367345 0.4845678
Time difference of 1.579883 hours
    hr        hd is.cover90.hr is.cover95.hr is.cover90.hd is.cover95.hd
5 0.25 0.2371262         0.925          0.95         0.925          0.95
  SCB90.hr  SCB95.hr SCB90.hd  SCB95.hd
5 0.423462 0.4688184 0.397891 0.4424373
Time difference of 1.549282 hours
   hr        hd is.cover90.hr is.cover95.hr is.cover90.hd is.cover95.hd
6 0.3 0.2231443         0.925          0.95         0.925         0.925
   SCB90.hr  SCB95.hr  SCB90.hd  SCB95.hd
6 0.3907943 0.4320945 0.3825506 0.4243554
Time difference of 1.555196 hours
    hr        hd is.cover90.hr is.cover95.hr is.cover90.hd is.cover95.hd
7 0.35 0.2466555         0.925          0.95         0.925          0.95
   SCB90.hr  SCB95.hr SCB90.hd SCB95.hd
7 0.3501169 0.3863164 0.351137 0.387272
