
Due to MODULEPATH changes, the following have been reloaded:
  1) mii/1.1.2

The following have been reloaded with a version change:
  1) StdEnv/2023 => StdEnv/2020           5) libfabric/1.18.0 => libfabric/1.10.1
  2) gcccore/.12.3 => gcccore/.9.3.0      6) openmpi/4.1.5 => openmpi/4.0.3
  3) gentoo/2023 => gentoo/2020           7) ucx/1.14.1 => ucx/1.8.0
  4) imkl/2023.2.0 => imkl/2020.1.217

Batch index: 3
Model: b
Sample size: 300
Dimension: 18
Candidate vector: 10:100
Bandwidth: 0.05 0.1 0.15 0.2 0.25 0.3 0.35
GCV: FALSE
Simulation: 40
Loading required package: iterators
Loading required package: parallel

Attaching package: ‘expm’

The following object is masked from ‘package:Matrix’:

    expm

Time difference of 1.044936 hours
    hr        hd is.cover90.hr is.cover95.hr is.cover90.hd is.cover95.hd
1 0.05 0.0485942             1             1             1             1
   SCB90.hr SCB95.hr  SCB90.hd  SCB95.hd
1 0.8841918 1.001384 0.6631239 0.7524204
Time difference of 1.071716 hours
   hr         hd is.cover90.hr is.cover95.hr is.cover90.hd is.cover95.hd
2 0.1 0.09718839             1             1         0.975             1
   SCB90.hr  SCB95.hr  SCB90.hd  SCB95.hd
2 0.5467032 0.6072972 0.4919172 0.5454145
Time difference of 1.116394 hours
    hr        hd is.cover90.hr is.cover95.hr is.cover90.hd is.cover95.hd
3 0.15 0.1457826             1             1         0.975             1
   SCB90.hr  SCB95.hr SCB90.hd  SCB95.hd
3 0.5146529 0.5675596  0.47409 0.5261581
Time difference of 1.1364 hours
   hr        hd is.cover90.hr is.cover95.hr is.cover90.hd is.cover95.hd
4 0.2 0.1943768             1             1             1             1
   SCB90.hr  SCB95.hr  SCB90.hd  SCB95.hd
4 0.4605886 0.5088976 0.4293564 0.4770103
Time difference of 1.155359 hours
    hr        hd is.cover90.hr is.cover95.hr is.cover90.hd is.cover95.hd
5 0.25 0.2371262             1             1          0.95             1
   SCB90.hr  SCB95.hr SCB90.hd  SCB95.hd
5 0.4106335 0.4535326 0.387745 0.4297083
Time difference of 1.14392 hours
   hr        hd is.cover90.hr is.cover95.hr is.cover90.hd is.cover95.hd
6 0.3 0.2231443          0.95             1          0.95             1
   SCB90.hr SCB95.hr  SCB90.hd  SCB95.hd
6 0.3817857 0.421508 0.3744624 0.4139774
Time difference of 1.114206 hours
    hr        hd is.cover90.hr is.cover95.hr is.cover90.hd is.cover95.hd
7 0.35 0.2466555          0.95         0.975          0.95         0.975
   SCB90.hr  SCB95.hr  SCB90.hd SCB95.hd
7 0.3438905 0.3789049 0.3448085 0.379871
