
Due to MODULEPATH changes, the following have been reloaded:
  1) mii/1.1.2

The following have been reloaded with a version change:
  1) StdEnv/2023 => StdEnv/2020           5) libfabric/1.18.0 => libfabric/1.10.1
  2) gcccore/.12.3 => gcccore/.9.3.0      6) openmpi/4.1.5 => openmpi/4.0.3
  3) gentoo/2023 => gentoo/2020           7) ucx/1.14.1 => ucx/1.8.0
  4) imkl/2023.2.0 => imkl/2020.1.217

Batch index: 8
Model: b
Sample size: 300
Dimension: 18
Candidate vector: 10:100
Bandwidth: 0.05 0.1 0.15 0.2 0.25 0.3 0.35
GCV: FALSE
Simulation: 40
Loading required package: iterators
Loading required package: parallel

Attaching package: ‘expm’

The following object is masked from ‘package:Matrix’:

    expm

Time difference of 1.276844 hours
    hr        hd is.cover90.hr is.cover95.hr is.cover90.hd is.cover95.hd
1 0.05 0.0485942             1             1             1             1
   SCB90.hr  SCB95.hr  SCB90.hd  SCB95.hd
1 0.7872639 0.8815385 0.5918651 0.6589404
Time difference of 1.298171 hours
   hr         hd is.cover90.hr is.cover95.hr is.cover90.hd is.cover95.hd
2 0.1 0.09718839             1             1         0.975             1
  SCB90.hr  SCB95.hr  SCB90.hd  SCB95.hd
2  0.54567 0.6003928 0.4933906 0.5458685
Time difference of 1.366673 hours
    hr        hd is.cover90.hr is.cover95.hr is.cover90.hd is.cover95.hd
3 0.15 0.1457826             1             1             1             1
   SCB90.hr  SCB95.hr  SCB90.hd  SCB95.hd
3 0.5169751 0.5708762 0.4872948 0.5407312
Time difference of 1.414323 hours
   hr        hd is.cover90.hr is.cover95.hr is.cover90.hd is.cover95.hd
4 0.2 0.1943768         0.975             1             1             1
   SCB90.hr  SCB95.hr  SCB90.hd  SCB95.hd
4 0.4693594 0.5184825 0.4445083 0.4936463
Time difference of 1.436994 hours
    hr        hd is.cover90.hr is.cover95.hr is.cover90.hd is.cover95.hd
5 0.25 0.2371262         0.975             1             1             1
   SCB90.hr  SCB95.hr  SCB90.hd SCB95.hd
5 0.4201062 0.4644346 0.4014946 0.446567
Time difference of 1.443966 hours
   hr        hd is.cover90.hr is.cover95.hr is.cover90.hd is.cover95.hd
6 0.3 0.2231443             1             1             1             1
   SCB90.hr  SCB95.hr  SCB90.hd  SCB95.hd
6 0.3906824 0.4320041 0.3848951 0.4266408
Time difference of 1.422025 hours
    hr        hd is.cover90.hr is.cover95.hr is.cover90.hd is.cover95.hd
7 0.35 0.2466555          0.95             1          0.95             1
   SCB90.hr  SCB95.hr  SCB90.hd  SCB95.hd
7 0.3526023 0.3897208 0.3532597 0.3905626
