
Due to MODULEPATH changes, the following have been reloaded:
  1) mii/1.1.2

The following have been reloaded with a version change:
  1) StdEnv/2023 => StdEnv/2020           5) libfabric/1.18.0 => libfabric/1.10.1
  2) gcccore/.12.3 => gcccore/.9.3.0      6) openmpi/4.1.5 => openmpi/4.0.3
  3) gentoo/2023 => gentoo/2020           7) ucx/1.14.1 => ucx/1.8.0
  4) imkl/2023.2.0 => imkl/2020.1.217

Batch index: 7
Model: b
Sample size: 300
Dimension: 18
Candidate vector: 10:100
Bandwidth: 0.05 0.1 0.15 0.2 0.25 0.3 0.35
GCV: FALSE
Simulation: 40
Loading required package: iterators
Loading required package: parallel

Attaching package: ‘expm’

The following object is masked from ‘package:Matrix’:

    expm

Time difference of 1.278718 hours
    hr        hd is.cover90.hr is.cover95.hr is.cover90.hd is.cover95.hd
1 0.05 0.0485942         0.975             1             1             1
  SCB90.hr  SCB95.hr  SCB90.hd SCB95.hd
1  0.85431 0.9583223 0.6439413 0.718165
Time difference of 1.300477 hours
   hr         hd is.cover90.hr is.cover95.hr is.cover90.hd is.cover95.hd
2 0.1 0.09718839         0.975         0.975             1             1
   SCB90.hr  SCB95.hr  SCB90.hd SCB95.hd
2 0.5637699 0.6270984 0.5086495 0.569018
Time difference of 1.372928 hours
    hr        hd is.cover90.hr is.cover95.hr is.cover90.hd is.cover95.hd
3 0.15 0.1457826             1             1         0.975             1
   SCB90.hr  SCB95.hr  SCB90.hd  SCB95.hd
3 0.5158484 0.5674271 0.4819311 0.5337767
Time difference of 1.402579 hours
   hr        hd is.cover90.hr is.cover95.hr is.cover90.hd is.cover95.hd
4 0.2 0.1943768          0.95             1         0.925          0.95
   SCB90.hr  SCB95.hr  SCB90.hd  SCB95.hd
4 0.4596492 0.5064495 0.4295304 0.4736692
Time difference of 1.437861 hours
    hr        hd is.cover90.hr is.cover95.hr is.cover90.hd is.cover95.hd
5 0.25 0.2371262         0.925          0.95          0.95          0.95
   SCB90.hr  SCB95.hr  SCB90.hd  SCB95.hd
5 0.4114568 0.4537295 0.3894601 0.4299644
Time difference of 1.426191 hours
   hr        hd is.cover90.hr is.cover95.hr is.cover90.hd is.cover95.hd
6 0.3 0.2231443         0.925          0.95           0.9          0.95
   SCB90.hr  SCB95.hr  SCB90.hd  SCB95.hd
6 0.3817883 0.4212304 0.3740664 0.4128353
Time difference of 1.412673 hours
    hr        hd is.cover90.hr is.cover95.hr is.cover90.hd is.cover95.hd
7 0.35 0.2466555           0.9          0.95           0.9          0.95
   SCB90.hr  SCB95.hr  SCB90.hd  SCB95.hd
7 0.3443387 0.3787935 0.3456256 0.3801072
