
Due to MODULEPATH changes, the following have been reloaded:
  1) mii/1.1.2

The following have been reloaded with a version change:
  1) StdEnv/2023 => StdEnv/2020           5) libfabric/1.18.0 => libfabric/1.10.1
  2) gcccore/.12.3 => gcccore/.9.3.0      6) openmpi/4.1.5 => openmpi/4.0.3
  3) gentoo/2023 => gentoo/2020           7) ucx/1.14.1 => ucx/1.8.0
  4) imkl/2023.2.0 => imkl/2020.1.217

Batch index: 9
Model: b
Sample size: 300
Dimension: 18
Candidate vector: 10:100
Bandwidth: 0.05 0.1 0.15 0.2 0.25 0.3 0.35
GCV: FALSE
Simulation: 40
Loading required package: iterators
Loading required package: parallel

Attaching package: ‘expm’

The following object is masked from ‘package:Matrix’:

    expm

Time difference of 1.276993 hours
    hr        hd is.cover90.hr is.cover95.hr is.cover90.hd is.cover95.hd
1 0.05 0.0485942         0.975             1             1             1
   SCB90.hr  SCB95.hr SCB90.hd  SCB95.hd
1 0.8407365 0.9450317 0.662081 0.7502092
Time difference of 1.227517 hours
   hr         hd is.cover90.hr is.cover95.hr is.cover90.hd is.cover95.hd
2 0.1 0.09718839             1             1             1             1
  SCB90.hr  SCB95.hr  SCB90.hd  SCB95.hd
2 0.534748 0.5907931 0.4779207 0.5294666
Time difference of 1.285825 hours
    hr        hd is.cover90.hr is.cover95.hr is.cover90.hd is.cover95.hd
3 0.15 0.1457826          0.95         0.975          0.95         0.975
   SCB90.hr  SCB95.hr  SCB90.hd  SCB95.hd
3 0.4994222 0.5488269 0.4591296 0.5067089
Time difference of 1.348481 hours
   hr        hd is.cover90.hr is.cover95.hr is.cover90.hd is.cover95.hd
4 0.2 0.1943768         0.975         0.975         0.975         0.975
   SCB90.hr  SCB95.hr  SCB90.hd  SCB95.hd
4 0.4491028 0.4940041 0.4171038 0.4611963
Time difference of 1.431354 hours
    hr        hd is.cover90.hr is.cover95.hr is.cover90.hd is.cover95.hd
5 0.25 0.2371262           0.9         0.975          0.95             1
   SCB90.hr  SCB95.hr  SCB90.hd  SCB95.hd
5 0.4055096 0.4466221 0.3805127 0.4196927
Time difference of 1.372148 hours
   hr        hd is.cover90.hr is.cover95.hr is.cover90.hd is.cover95.hd
6 0.3 0.2231443          0.95             1         0.925             1
   SCB90.hr  SCB95.hr  SCB90.hd  SCB95.hd
6 0.3767815 0.4145847 0.3686422 0.4060594
Time difference of 1.335289 hours
    hr        hd is.cover90.hr is.cover95.hr is.cover90.hd is.cover95.hd
7 0.35 0.2466555          0.95             1          0.95             1
   SCB90.hr  SCB95.hr  SCB90.hd  SCB95.hd
7 0.3403873 0.3754447 0.3416276 0.3765107
