
Due to MODULEPATH changes, the following have been reloaded:
  1) mii/1.1.2

The following have been reloaded with a version change:
  1) StdEnv/2023 => StdEnv/2020           5) libfabric/1.18.0 => libfabric/1.10.1
  2) gcccore/.12.3 => gcccore/.9.3.0      6) openmpi/4.1.5 => openmpi/4.0.3
  3) gentoo/2023 => gentoo/2020           7) ucx/1.14.1 => ucx/1.8.0
  4) imkl/2023.2.0 => imkl/2020.1.217

Batch index: 7
Model: b
Sample size: 1000
Dimension: 9
Candidate vector: 40:200
Bandwidth: 0.05 0.1 0.15 0.2 0.25 0.3 0.35
Simulation: 40
Loading required package: iterators
Loading required package: parallel

Attaching package: ‘expm’

The following object is masked from ‘package:Matrix’:

    expm

Time difference of 3.041027 hours
    hr max_width90.zhou max_width95.zhou max_width90.zhou.m max_width95.zhou.m
1 0.05        0.3122994        0.3380094          0.3122994          0.3380094
  max_width90.zhou.iso max_width95.zhou.iso
1            0.3122994            0.3380094
Time difference of 3.121655 hours
   hr max_width90.zhou max_width95.zhou max_width90.zhou.m max_width95.zhou.m
2 0.1         0.371886        0.4060174           0.371886          0.4060174
  max_width90.zhou.iso max_width95.zhou.iso
2             0.371886            0.4060174
Time difference of 3.085339 hours
    hr max_width90.zhou max_width95.zhou max_width90.zhou.m max_width95.zhou.m
3 0.15        0.3351858        0.3680093          0.3351858          0.3680093
  max_width90.zhou.iso max_width95.zhou.iso
3            0.3351858            0.3680093
Time difference of 3.038633 hours
   hr max_width90.zhou max_width95.zhou max_width90.zhou.m max_width95.zhou.m
4 0.2        0.2881596         0.317252          0.2881596           0.317252
  max_width90.zhou.iso max_width95.zhou.iso
4            0.2881596             0.317252
Time difference of 3.035109 hours
    hr max_width90.zhou max_width95.zhou max_width90.zhou.m max_width95.zhou.m
5 0.25        0.2507517         0.276042          0.2507517           0.276042
  max_width90.zhou.iso max_width95.zhou.iso
5            0.2507517             0.276042
Time difference of 3.028054 hours
   hr max_width90.zhou max_width95.zhou max_width90.zhou.m max_width95.zhou.m
6 0.3        0.2210142        0.2442375          0.2210142          0.2442375
  max_width90.zhou.iso max_width95.zhou.iso
6            0.2210142            0.2442375
Time difference of 3.116975 hours
    hr max_width90.zhou max_width95.zhou max_width90.zhou.m max_width95.zhou.m
7 0.35         0.195875        0.2167895           0.195875          0.2167895
  max_width90.zhou.iso max_width95.zhou.iso
7             0.195875            0.2167895
