
Due to MODULEPATH changes, the following have been reloaded:
  1) mii/1.1.2

The following have been reloaded with a version change:
  1) StdEnv/2023 => StdEnv/2020           5) libfabric/1.18.0 => libfabric/1.10.1
  2) gcccore/.12.3 => gcccore/.9.3.0      6) openmpi/4.1.5 => openmpi/4.0.3
  3) gentoo/2023 => gentoo/2020           7) ucx/1.14.1 => ucx/1.8.0
  4) imkl/2023.2.0 => imkl/2020.1.217

Batch index: 3
Model: b
Sample size: 1000
Dimension: 9
Candidate vector: 40:200
Bandwidth: 0.05 0.1 0.15 0.2 0.25 0.3 0.35
Simulation: 40
Loading required package: iterators
Loading required package: parallel

Attaching package: ‘expm’

The following object is masked from ‘package:Matrix’:

    expm

Time difference of 2.791604 hours
    hr max_width90.zhou max_width95.zhou max_width90.zhou.m max_width95.zhou.m
1 0.05        0.3100683        0.3340956          0.3100683          0.3340956
  max_width90.zhou.iso max_width95.zhou.iso
1            0.3100683            0.3340956
Time difference of 2.80308 hours
   hr max_width90.zhou max_width95.zhou max_width90.zhou.m max_width95.zhou.m
2 0.1        0.3655629        0.3990785          0.3655629          0.3990785
  max_width90.zhou.iso max_width95.zhou.iso
2            0.3655629            0.3990785
Time difference of 2.697517 hours
    hr max_width90.zhou max_width95.zhou max_width90.zhou.m max_width95.zhou.m
3 0.15        0.3314686        0.3639038          0.3314686          0.3639038
  max_width90.zhou.iso max_width95.zhou.iso
3            0.3314686            0.3639038
Time difference of 2.74524 hours
   hr max_width90.zhou max_width95.zhou max_width90.zhou.m max_width95.zhou.m
4 0.2        0.2825208        0.3097525          0.2825208          0.3097525
  max_width90.zhou.iso max_width95.zhou.iso
4            0.2825208            0.3097525
Time difference of 2.678707 hours
    hr max_width90.zhou max_width95.zhou max_width90.zhou.m max_width95.zhou.m
5 0.25        0.2466154        0.2706201          0.2466154          0.2706201
  max_width90.zhou.iso max_width95.zhou.iso
5            0.2466154            0.2706201
Time difference of 2.674312 hours
   hr max_width90.zhou max_width95.zhou max_width90.zhou.m max_width95.zhou.m
6 0.3        0.2178087        0.2394366          0.2178087          0.2394366
  max_width90.zhou.iso max_width95.zhou.iso
6            0.2178087            0.2394366
Time difference of 2.688581 hours
    hr max_width90.zhou max_width95.zhou max_width90.zhou.m max_width95.zhou.m
7 0.35        0.1925085        0.2125692          0.1925085          0.2125692
  max_width90.zhou.iso max_width95.zhou.iso
7            0.1925085            0.2125692
