
Due to MODULEPATH changes, the following have been reloaded:
  1) mii/1.1.2

The following have been reloaded with a version change:
  1) StdEnv/2023 => StdEnv/2020           5) libfabric/1.18.0 => libfabric/1.10.1
  2) gcccore/.12.3 => gcccore/.9.3.0      6) openmpi/4.1.5 => openmpi/4.0.3
  3) gentoo/2023 => gentoo/2020           7) ucx/1.14.1 => ucx/1.8.0
  4) imkl/2023.2.0 => imkl/2020.1.217

Batch index: 6
Model: b
Sample size: 1000
Dimension: 9
Candidate vector: 40:200
Bandwidth: 0.05 0.1 0.15 0.2 0.25 0.3 0.35
Simulation: 40
Loading required package: iterators
Loading required package: parallel

Attaching package: ‘expm’

The following object is masked from ‘package:Matrix’:

    expm

Time difference of 3.175721 hours
    hr max_width90.zhou max_width95.zhou max_width90.zhou.m max_width95.zhou.m
1 0.05         0.314421        0.3399558           0.314421          0.3399558
  max_width90.zhou.iso max_width95.zhou.iso
1             0.314421            0.3399558
Time difference of 3.174895 hours
   hr max_width90.zhou max_width95.zhou max_width90.zhou.m max_width95.zhou.m
2 0.1        0.3655703        0.3978592          0.3655703          0.3978592
  max_width90.zhou.iso max_width95.zhou.iso
2            0.3655703            0.3978592
Time difference of 3.082998 hours
    hr max_width90.zhou max_width95.zhou max_width90.zhou.m max_width95.zhou.m
3 0.15        0.3349966        0.3667113          0.3349966          0.3667113
  max_width90.zhou.iso max_width95.zhou.iso
3            0.3349966            0.3667113
Time difference of 3.086687 hours
   hr max_width90.zhou max_width95.zhou max_width90.zhou.m max_width95.zhou.m
4 0.2        0.2902997        0.3181108          0.2902997          0.3181108
  max_width90.zhou.iso max_width95.zhou.iso
4            0.2902997            0.3181108
Time difference of 3.053638 hours
    hr max_width90.zhou max_width95.zhou max_width90.zhou.m max_width95.zhou.m
5 0.25        0.2528348        0.2776065          0.2528348          0.2776065
  max_width90.zhou.iso max_width95.zhou.iso
5            0.2528348            0.2776065
Time difference of 2.972788 hours
   hr max_width90.zhou max_width95.zhou max_width90.zhou.m max_width95.zhou.m
6 0.3        0.2229203        0.2456787          0.2229203          0.2456787
  max_width90.zhou.iso max_width95.zhou.iso
6            0.2229203            0.2456787
Time difference of 3.037739 hours
    hr max_width90.zhou max_width95.zhou max_width90.zhou.m max_width95.zhou.m
7 0.35        0.1985211        0.2191402          0.1985211          0.2191402
  max_width90.zhou.iso max_width95.zhou.iso
7            0.1985211            0.2191402
