
Due to MODULEPATH changes, the following have been reloaded:
  1) mii/1.1.2

The following have been reloaded with a version change:
  1) StdEnv/2023 => StdEnv/2020           5) libfabric/1.18.0 => libfabric/1.10.1
  2) gcccore/.12.3 => gcccore/.9.3.0      6) openmpi/4.1.5 => openmpi/4.0.3
  3) gentoo/2023 => gentoo/2020           7) ucx/1.14.1 => ucx/1.8.0
  4) imkl/2023.2.0 => imkl/2020.1.217

Batch index: 4
Model: b
Sample size: 1000
Dimension: 9
Candidate vector: 40:200
Bandwidth: 0.05 0.1 0.15 0.2 0.25 0.3 0.35
Simulation: 40
Loading required package: iterators
Loading required package: parallel

Attaching package: ‘expm’

The following object is masked from ‘package:Matrix’:

    expm

Time difference of 3.223435 hours
    hr max_width90.zhou max_width95.zhou max_width90.zhou.m max_width95.zhou.m
1 0.05        0.3095897        0.3334013          0.3095897          0.3334013
  max_width90.zhou.iso max_width95.zhou.iso
1            0.3095897            0.3334013
Time difference of 3.365699 hours
   hr max_width90.zhou max_width95.zhou max_width90.zhou.m max_width95.zhou.m
2 0.1        0.3644394        0.3965557          0.3644394          0.3965557
  max_width90.zhou.iso max_width95.zhou.iso
2            0.3644394            0.3965557
Time difference of 3.047196 hours
    hr max_width90.zhou max_width95.zhou max_width90.zhou.m max_width95.zhou.m
3 0.15        0.3327151        0.3645982          0.3327151          0.3645982
  max_width90.zhou.iso max_width95.zhou.iso
3            0.3327151            0.3645982
Time difference of 3.036383 hours
   hr max_width90.zhou max_width95.zhou max_width90.zhou.m max_width95.zhou.m
4 0.2        0.2879304        0.3155071          0.2879304          0.3155071
  max_width90.zhou.iso max_width95.zhou.iso
4            0.2879304            0.3155071
Time difference of 3.145208 hours
    hr max_width90.zhou max_width95.zhou max_width90.zhou.m max_width95.zhou.m
5 0.25        0.2535409        0.2786654          0.2535409          0.2786654
  max_width90.zhou.iso max_width95.zhou.iso
5            0.2535409            0.2786654
Time difference of 3.066255 hours
   hr max_width90.zhou max_width95.zhou max_width90.zhou.m max_width95.zhou.m
6 0.3        0.2239265        0.2468365          0.2239265          0.2468365
  max_width90.zhou.iso max_width95.zhou.iso
6            0.2239265            0.2468365
Time difference of 3.034004 hours
    hr max_width90.zhou max_width95.zhou max_width90.zhou.m max_width95.zhou.m
7 0.35        0.1995726        0.2199575          0.1995726          0.2199575
  max_width90.zhou.iso max_width95.zhou.iso
7            0.1995726            0.2199575
