
Due to MODULEPATH changes, the following have been reloaded:
  1) mii/1.1.2

The following have been reloaded with a version change:
  1) StdEnv/2023 => StdEnv/2020           5) libfabric/1.18.0 => libfabric/1.10.1
  2) gcccore/.12.3 => gcccore/.9.3.0      6) openmpi/4.1.5 => openmpi/4.0.3
  3) gentoo/2023 => gentoo/2020           7) ucx/1.14.1 => ucx/1.8.0
  4) imkl/2023.2.0 => imkl/2020.1.217

Batch index: 5
Model: b
Sample size: 1000
Dimension: 9
Candidate vector: 40:200
Bandwidth: 0.05 0.1 0.15 0.2 0.25 0.3 0.35
Simulation: 40
Loading required package: iterators
Loading required package: parallel

Attaching package: ‘expm’

The following object is masked from ‘package:Matrix’:

    expm

Time difference of 2.720835 hours
    hr max_width90.zhou max_width95.zhou max_width90.zhou.m max_width95.zhou.m
1 0.05        0.3114276        0.3354845          0.3114276          0.3354845
  max_width90.zhou.iso max_width95.zhou.iso
1            0.3114276            0.3354845
Time difference of 2.74741 hours
   hr max_width90.zhou max_width95.zhou max_width90.zhou.m max_width95.zhou.m
2 0.1        0.3667604        0.3998617          0.3667604          0.3998617
  max_width90.zhou.iso max_width95.zhou.iso
2            0.3667604            0.3998617
Time difference of 2.669676 hours
    hr max_width90.zhou max_width95.zhou max_width90.zhou.m max_width95.zhou.m
3 0.15        0.3308495        0.3620669          0.3308495          0.3620669
  max_width90.zhou.iso max_width95.zhou.iso
3            0.3308495            0.3620669
Time difference of 2.63498 hours
   hr max_width90.zhou max_width95.zhou max_width90.zhou.m max_width95.zhou.m
4 0.2         0.284881        0.3125558           0.284881          0.3125558
  max_width90.zhou.iso max_width95.zhou.iso
4             0.284881            0.3125558
Time difference of 2.655445 hours
    hr max_width90.zhou max_width95.zhou max_width90.zhou.m max_width95.zhou.m
5 0.25        0.2474182        0.2709983          0.2474182          0.2709983
  max_width90.zhou.iso max_width95.zhou.iso
5            0.2474182            0.2709983
Time difference of 2.649065 hours
   hr max_width90.zhou max_width95.zhou max_width90.zhou.m max_width95.zhou.m
6 0.3        0.2186904        0.2404367          0.2186904          0.2404367
  max_width90.zhou.iso max_width95.zhou.iso
6            0.2186904            0.2404367
Time difference of 2.617708 hours
    hr max_width90.zhou max_width95.zhou max_width90.zhou.m max_width95.zhou.m
7 0.35        0.1951523        0.2149425          0.1951523          0.2149425
  max_width90.zhou.iso max_width95.zhou.iso
7            0.1951523            0.2149425
