
Due to MODULEPATH changes, the following have been reloaded:
  1) mii/1.1.2

The following have been reloaded with a version change:
  1) StdEnv/2023 => StdEnv/2020           5) libfabric/1.18.0 => libfabric/1.10.1
  2) gcccore/.12.3 => gcccore/.9.3.0      6) openmpi/4.1.5 => openmpi/4.0.3
  3) gentoo/2023 => gentoo/2020           7) ucx/1.14.1 => ucx/1.8.0
  4) imkl/2023.2.0 => imkl/2020.1.217

Batch index: 8
Model: b
Sample size: 1000
Dimension: 9
Candidate vector: 40:200
Bandwidth: 0.05 0.1 0.15 0.2 0.25 0.3 0.35
Simulation: 40
Loading required package: iterators
Loading required package: parallel

Attaching package: ‘expm’

The following object is masked from ‘package:Matrix’:

    expm

Time difference of 2.992213 hours
    hr max_width90.zhou max_width95.zhou max_width90.zhou.m max_width95.zhou.m
1 0.05        0.3116305        0.3382053          0.3116305          0.3382053
  max_width90.zhou.iso max_width95.zhou.iso
1            0.3116305            0.3382053
Time difference of 3.020459 hours
   hr max_width90.zhou max_width95.zhou max_width90.zhou.m max_width95.zhou.m
2 0.1        0.3650531        0.3985832          0.3650531          0.3985832
  max_width90.zhou.iso max_width95.zhou.iso
2            0.3650531            0.3985832
Time difference of 3.031798 hours
    hr max_width90.zhou max_width95.zhou max_width90.zhou.m max_width95.zhou.m
3 0.15        0.3360561        0.3698446          0.3360561          0.3698446
  max_width90.zhou.iso max_width95.zhou.iso
3            0.3360561            0.3698446
Time difference of 2.931165 hours
   hr max_width90.zhou max_width95.zhou max_width90.zhou.m max_width95.zhou.m
4 0.2        0.2908156        0.3188982          0.2908156          0.3188982
  max_width90.zhou.iso max_width95.zhou.iso
4            0.2908156            0.3188982
Time difference of 3.066785 hours
    hr max_width90.zhou max_width95.zhou max_width90.zhou.m max_width95.zhou.m
5 0.25        0.2516762        0.2769797          0.2516762          0.2769797
  max_width90.zhou.iso max_width95.zhou.iso
5            0.2516762            0.2769797
Time difference of 2.973648 hours
   hr max_width90.zhou max_width95.zhou max_width90.zhou.m max_width95.zhou.m
6 0.3        0.2210444         0.242935          0.2210444           0.242935
  max_width90.zhou.iso max_width95.zhou.iso
6            0.2210444             0.242935
Time difference of 3.114512 hours
    hr max_width90.zhou max_width95.zhou max_width90.zhou.m max_width95.zhou.m
7 0.35        0.1957437        0.2157205          0.1957437          0.2157205
  max_width90.zhou.iso max_width95.zhou.iso
7            0.1957437            0.2157205
