
Due to MODULEPATH changes, the following have been reloaded:
  1) mii/1.1.2

The following have been reloaded with a version change:
  1) StdEnv/2023 => StdEnv/2020           5) libfabric/1.18.0 => libfabric/1.10.1
  2) gcccore/.12.3 => gcccore/.9.3.0      6) openmpi/4.1.5 => openmpi/4.0.3
  3) gentoo/2023 => gentoo/2020           7) ucx/1.14.1 => ucx/1.8.0
  4) imkl/2023.2.0 => imkl/2020.1.217

Batch index: 2
Model: b
Sample size: 1000
Dimension: 9
Candidate vector: 40:200
Bandwidth: 0.05 0.1 0.15 0.2 0.25 0.3 0.35
Simulation: 40
Loading required package: iterators
Loading required package: parallel

Attaching package: ‘expm’

The following object is masked from ‘package:Matrix’:

    expm

Time difference of 2.984156 hours
    hr max_width90.zhou max_width95.zhou max_width90.zhou.m max_width95.zhou.m
1 0.05        0.3103512        0.3346869          0.3103512          0.3346869
  max_width90.zhou.iso max_width95.zhou.iso
1            0.3103512            0.3346869
Time difference of 3.043374 hours
   hr max_width90.zhou max_width95.zhou max_width90.zhou.m max_width95.zhou.m
2 0.1        0.3625846        0.3956318          0.3625846          0.3956318
  max_width90.zhou.iso max_width95.zhou.iso
2            0.3625846            0.3956318
Time difference of 3.076114 hours
    hr max_width90.zhou max_width95.zhou max_width90.zhou.m max_width95.zhou.m
3 0.15        0.3339904        0.3668788          0.3339904          0.3668788
  max_width90.zhou.iso max_width95.zhou.iso
3            0.3339904            0.3668788
Time difference of 3.114058 hours
   hr max_width90.zhou max_width95.zhou max_width90.zhou.m max_width95.zhou.m
4 0.2         0.288276        0.3168362           0.288276          0.3168362
  max_width90.zhou.iso max_width95.zhou.iso
4             0.288276            0.3168362
Time difference of 3.307145 hours
    hr max_width90.zhou max_width95.zhou max_width90.zhou.m max_width95.zhou.m
5 0.25         0.251495        0.2764594           0.251495          0.2764594
  max_width90.zhou.iso max_width95.zhou.iso
5             0.251495            0.2764594
Time difference of 3.03371 hours
   hr max_width90.zhou max_width95.zhou max_width90.zhou.m max_width95.zhou.m
6 0.3        0.2225737        0.2442937          0.2225737          0.2442937
  max_width90.zhou.iso max_width95.zhou.iso
6            0.2225737            0.2442937
Time difference of 2.939557 hours
    hr max_width90.zhou max_width95.zhou max_width90.zhou.m max_width95.zhou.m
7 0.35        0.1975391        0.2182526          0.1975391          0.2182526
  max_width90.zhou.iso max_width95.zhou.iso
7            0.1975391            0.2182526
