
Due to MODULEPATH changes, the following have been reloaded:
  1) mii/1.1.2

The following have been reloaded with a version change:
  1) StdEnv/2023 => StdEnv/2020           5) libfabric/1.18.0 => libfabric/1.10.1
  2) gcccore/.12.3 => gcccore/.9.3.0      6) openmpi/4.1.5 => openmpi/4.0.3
  3) gentoo/2023 => gentoo/2020           7) ucx/1.14.1 => ucx/1.8.0
  4) imkl/2023.2.0 => imkl/2020.1.217

Batch index: 1
Model: b
Sample size: 500
Dimension: 9
Candidate vector: 20:100
Bandwidth: 0.05 0.1 0.15 0.2 0.25 0.3 0.35
Simulation: 40
Loading required package: iterators
Loading required package: parallel

Attaching package: ‘expm’

The following object is masked from ‘package:Matrix’:

    expm

Time difference of 56.22137 mins
    hr max_width90.zhou max_width95.zhou max_width90.zhou.m max_width95.zhou.m
1 0.05        0.4350659         0.468211          0.4350659           0.468211
  max_width90.zhou.iso max_width95.zhou.iso
1            0.4350659             0.468211
Time difference of 55.57941 mins
   hr max_width90.zhou max_width95.zhou max_width90.zhou.m max_width95.zhou.m
2 0.1        0.4649454        0.5066028          0.4649454          0.5066028
  max_width90.zhou.iso max_width95.zhou.iso
2            0.4649454            0.5066028
Time difference of 56.14696 mins
    hr max_width90.zhou max_width95.zhou max_width90.zhou.m max_width95.zhou.m
3 0.15         0.450351        0.4928386           0.450351          0.4928386
  max_width90.zhou.iso max_width95.zhou.iso
3             0.450351            0.4928386
Time difference of 56.02124 mins
   hr max_width90.zhou max_width95.zhou max_width90.zhou.m max_width95.zhou.m
4 0.2        0.3997456        0.4405806          0.3997456          0.4405806
  max_width90.zhou.iso max_width95.zhou.iso
4            0.3997456            0.4405806
Time difference of 55.61824 mins
    hr max_width90.zhou max_width95.zhou max_width90.zhou.m max_width95.zhou.m
5 0.25        0.3498783        0.3858965          0.3498783          0.3858965
  max_width90.zhou.iso max_width95.zhou.iso
5            0.3498783            0.3858965
Time difference of 54.90947 mins
   hr max_width90.zhou max_width95.zhou max_width90.zhou.m max_width95.zhou.m
6 0.3        0.3080229        0.3396199          0.3080229          0.3396199
  max_width90.zhou.iso max_width95.zhou.iso
6            0.3080229            0.3396199
Time difference of 55.1742 mins
    hr max_width90.zhou max_width95.zhou max_width90.zhou.m max_width95.zhou.m
7 0.35        0.2728258        0.3012429          0.2728258          0.3012429
  max_width90.zhou.iso max_width95.zhou.iso
7            0.2728258            0.3012429
