
Due to MODULEPATH changes, the following have been reloaded:
  1) mii/1.1.2

The following have been reloaded with a version change:
  1) StdEnv/2023 => StdEnv/2020           5) libfabric/1.18.0 => libfabric/1.10.1
  2) gcccore/.12.3 => gcccore/.9.3.0      6) openmpi/4.1.5 => openmpi/4.0.3
  3) gentoo/2023 => gentoo/2020           7) ucx/1.14.1 => ucx/1.8.0
  4) imkl/2023.2.0 => imkl/2020.1.217

Batch index: 6
Model: b
Sample size: 500
Dimension: 9
Candidate vector: 20:100
Bandwidth: 0.05 0.1 0.15 0.2 0.25 0.3 0.35
Simulation: 40
Loading required package: iterators
Loading required package: parallel

Attaching package: ‘expm’

The following object is masked from ‘package:Matrix’:

    expm

Time difference of 56.54392 mins
    hr max_width90.zhou max_width95.zhou max_width90.zhou.m max_width95.zhou.m
1 0.05        0.4373311         0.472055          0.4373311           0.472055
  max_width90.zhou.iso max_width95.zhou.iso
1            0.4373311             0.472055
Time difference of 55.04156 mins
   hr max_width90.zhou max_width95.zhou max_width90.zhou.m max_width95.zhou.m
2 0.1        0.4822215        0.5256115          0.4822215          0.5256115
  max_width90.zhou.iso max_width95.zhou.iso
2            0.4822215            0.5256115
Time difference of 54.1891 mins
    hr max_width90.zhou max_width95.zhou max_width90.zhou.m max_width95.zhou.m
3 0.15         0.464067         0.509282           0.464067           0.509282
  max_width90.zhou.iso max_width95.zhou.iso
3             0.464067             0.509282
Time difference of 55.74519 mins
   hr max_width90.zhou max_width95.zhou max_width90.zhou.m max_width95.zhou.m
4 0.2        0.4071731        0.4479416          0.4071731          0.4479416
  max_width90.zhou.iso max_width95.zhou.iso
4            0.4071731            0.4479416
Time difference of 54.77224 mins
    hr max_width90.zhou max_width95.zhou max_width90.zhou.m max_width95.zhou.m
5 0.25        0.3559546         0.392877          0.3559546           0.392877
  max_width90.zhou.iso max_width95.zhou.iso
5            0.3559546             0.392877
Time difference of 54.92811 mins
   hr max_width90.zhou max_width95.zhou max_width90.zhou.m max_width95.zhou.m
6 0.3         0.314749        0.3478498           0.314749          0.3478498
  max_width90.zhou.iso max_width95.zhou.iso
6             0.314749            0.3478498
Time difference of 54.92727 mins
    hr max_width90.zhou max_width95.zhou max_width90.zhou.m max_width95.zhou.m
7 0.35        0.2795877        0.3093223          0.2795877          0.3093223
  max_width90.zhou.iso max_width95.zhou.iso
7            0.2795877            0.3093223
