
Due to MODULEPATH changes, the following have been reloaded:
  1) mii/1.1.2

The following have been reloaded with a version change:
  1) StdEnv/2023 => StdEnv/2020           5) libfabric/1.18.0 => libfabric/1.10.1
  2) gcccore/.12.3 => gcccore/.9.3.0      6) openmpi/4.1.5 => openmpi/4.0.3
  3) gentoo/2023 => gentoo/2020           7) ucx/1.14.1 => ucx/1.8.0
  4) imkl/2023.2.0 => imkl/2020.1.217

Batch index: 9
Model: b
Sample size: 500
Dimension: 9
Candidate vector: 20:100
Bandwidth: 0.05 0.1 0.15 0.2 0.25 0.3 0.35
Simulation: 40
Loading required package: iterators
Loading required package: parallel

Attaching package: ‘expm’

The following object is masked from ‘package:Matrix’:

    expm

Time difference of 59.63901 mins
    hr max_width90.zhou max_width95.zhou max_width90.zhou.m max_width95.zhou.m
1 0.05        0.4401944        0.4736467          0.4401944          0.4736467
  max_width90.zhou.iso max_width95.zhou.iso
1            0.4401944            0.4736467
Time difference of 59.26049 mins
   hr max_width90.zhou max_width95.zhou max_width90.zhou.m max_width95.zhou.m
2 0.1        0.4756704        0.5176303          0.4756704          0.5176303
  max_width90.zhou.iso max_width95.zhou.iso
2            0.4756704            0.5176303
Time difference of 54.91763 mins
    hr max_width90.zhou max_width95.zhou max_width90.zhou.m max_width95.zhou.m
3 0.15        0.4527828        0.4966932          0.4527828          0.4966932
  max_width90.zhou.iso max_width95.zhou.iso
3            0.4527828            0.4966932
Time difference of 55.69928 mins
   hr max_width90.zhou max_width95.zhou max_width90.zhou.m max_width95.zhou.m
4 0.2        0.4014849        0.4409813          0.4014849          0.4409813
  max_width90.zhou.iso max_width95.zhou.iso
4            0.4014849            0.4409813
Time difference of 1.042144 hours
    hr max_width90.zhou max_width95.zhou max_width90.zhou.m max_width95.zhou.m
5 0.25        0.3539271        0.3893915          0.3539271          0.3893915
  max_width90.zhou.iso max_width95.zhou.iso
5            0.3539271            0.3893915
Time difference of 1.110487 hours
   hr max_width90.zhou max_width95.zhou max_width90.zhou.m max_width95.zhou.m
6 0.3        0.3123119        0.3442276          0.3123119          0.3442276
  max_width90.zhou.iso max_width95.zhou.iso
6            0.3123119            0.3442276
Time difference of 1.360619 hours
    hr max_width90.zhou max_width95.zhou max_width90.zhou.m max_width95.zhou.m
7 0.35        0.2773646        0.3068863          0.2773646          0.3068863
  max_width90.zhou.iso max_width95.zhou.iso
7            0.2773646            0.3068863
