
Due to MODULEPATH changes, the following have been reloaded:
  1) mii/1.1.2

The following have been reloaded with a version change:
  1) StdEnv/2023 => StdEnv/2020           5) libfabric/1.18.0 => libfabric/1.10.1
  2) gcccore/.12.3 => gcccore/.9.3.0      6) openmpi/4.1.5 => openmpi/4.0.3
  3) gentoo/2023 => gentoo/2020           7) ucx/1.14.1 => ucx/1.8.0
  4) imkl/2023.2.0 => imkl/2020.1.217

Batch index: 2
Model: b
Sample size: 500
Dimension: 9
Candidate vector: 20:100
Bandwidth: 0.05 0.1 0.15 0.2 0.25 0.3 0.35
Simulation: 40
Loading required package: iterators
Loading required package: parallel

Attaching package: ‘expm’

The following object is masked from ‘package:Matrix’:

    expm

Time difference of 55.54909 mins
    hr max_width90.zhou max_width95.zhou max_width90.zhou.m max_width95.zhou.m
1 0.05        0.4419758        0.4776908          0.4419758          0.4776908
  max_width90.zhou.iso max_width95.zhou.iso
1            0.4419758            0.4776908
Time difference of 52.20798 mins
   hr max_width90.zhou max_width95.zhou max_width90.zhou.m max_width95.zhou.m
2 0.1        0.4709719        0.5123961          0.4709719          0.5123961
  max_width90.zhou.iso max_width95.zhou.iso
2            0.4709719            0.5123961
Time difference of 52.92032 mins
    hr max_width90.zhou max_width95.zhou max_width90.zhou.m max_width95.zhou.m
3 0.15        0.4490172        0.4934568          0.4490172          0.4934568
  max_width90.zhou.iso max_width95.zhou.iso
3            0.4490172            0.4934568
Time difference of 57.52287 mins
   hr max_width90.zhou max_width95.zhou max_width90.zhou.m max_width95.zhou.m
4 0.2        0.3928176        0.4315559          0.3928176          0.4315559
  max_width90.zhou.iso max_width95.zhou.iso
4            0.3928176            0.4315559
Time difference of 54.33609 mins
    hr max_width90.zhou max_width95.zhou max_width90.zhou.m max_width95.zhou.m
5 0.25        0.3472333         0.382501          0.3472333           0.382501
  max_width90.zhou.iso max_width95.zhou.iso
5            0.3472333             0.382501
Time difference of 53.59585 mins
   hr max_width90.zhou max_width95.zhou max_width90.zhou.m max_width95.zhou.m
6 0.3        0.3084831        0.3395047          0.3084831          0.3395047
  max_width90.zhou.iso max_width95.zhou.iso
6            0.3084831            0.3395047
Time difference of 54.06516 mins
    hr max_width90.zhou max_width95.zhou max_width90.zhou.m max_width95.zhou.m
7 0.35        0.2740081        0.3030845          0.2740081          0.3030845
  max_width90.zhou.iso max_width95.zhou.iso
7            0.2740081            0.3030845
