
Due to MODULEPATH changes, the following have been reloaded:
  1) mii/1.1.2

The following have been reloaded with a version change:
  1) StdEnv/2023 => StdEnv/2020           5) libfabric/1.18.0 => libfabric/1.10.1
  2) gcccore/.12.3 => gcccore/.9.3.0      6) openmpi/4.1.5 => openmpi/4.0.3
  3) gentoo/2023 => gentoo/2020           7) ucx/1.14.1 => ucx/1.8.0
  4) imkl/2023.2.0 => imkl/2020.1.217

Batch index: 7
Model: b
Sample size: 500
Dimension: 9
Candidate vector: 20:100
Bandwidth: 0.05 0.1 0.15 0.2 0.25 0.3 0.35
Simulation: 40
Loading required package: iterators
Loading required package: parallel

Attaching package: ‘expm’

The following object is masked from ‘package:Matrix’:

    expm

Time difference of 54.8002 mins
    hr max_width90.zhou max_width95.zhou max_width90.zhou.m max_width95.zhou.m
1 0.05        0.4396623        0.4749182          0.4396623          0.4749182
  max_width90.zhou.iso max_width95.zhou.iso
1            0.4396623            0.4749182
Time difference of 51.25525 mins
   hr max_width90.zhou max_width95.zhou max_width90.zhou.m max_width95.zhou.m
2 0.1        0.4788675        0.5214777          0.4788675          0.5214777
  max_width90.zhou.iso max_width95.zhou.iso
2            0.4788675            0.5214777
Time difference of 54.78485 mins
    hr max_width90.zhou max_width95.zhou max_width90.zhou.m max_width95.zhou.m
3 0.15        0.4631239        0.5075256          0.4631239          0.5075256
  max_width90.zhou.iso max_width95.zhou.iso
3            0.4631239            0.5075256
Time difference of 54.65193 mins
   hr max_width90.zhou max_width95.zhou max_width90.zhou.m max_width95.zhou.m
4 0.2        0.4049679        0.4446991          0.4049679          0.4446991
  max_width90.zhou.iso max_width95.zhou.iso
4            0.4049679            0.4446991
Time difference of 54.88492 mins
    hr max_width90.zhou max_width95.zhou max_width90.zhou.m max_width95.zhou.m
5 0.25        0.3549728        0.3913816          0.3549728          0.3913816
  max_width90.zhou.iso max_width95.zhou.iso
5            0.3549728            0.3913816
Time difference of 54.40607 mins
   hr max_width90.zhou max_width95.zhou max_width90.zhou.m max_width95.zhou.m
6 0.3         0.316397        0.3490986           0.316397          0.3490986
  max_width90.zhou.iso max_width95.zhou.iso
6             0.316397            0.3490986
Time difference of 53.58643 mins
    hr max_width90.zhou max_width95.zhou max_width90.zhou.m max_width95.zhou.m
7 0.35        0.2815481        0.3113061          0.2815481          0.3113061
  max_width90.zhou.iso max_width95.zhou.iso
7            0.2815481            0.3113061
