
Due to MODULEPATH changes, the following have been reloaded:
  1) mii/1.1.2

The following have been reloaded with a version change:
  1) StdEnv/2023 => StdEnv/2020           5) libfabric/1.18.0 => libfabric/1.10.1
  2) gcccore/.12.3 => gcccore/.9.3.0      6) openmpi/4.1.5 => openmpi/4.0.3
  3) gentoo/2023 => gentoo/2020           7) ucx/1.14.1 => ucx/1.8.0
  4) imkl/2023.2.0 => imkl/2020.1.217

Batch index: 3
Model: b
Sample size: 500
Dimension: 9
Candidate vector: 20:100
Bandwidth: 0.05 0.1 0.15 0.2 0.25 0.3 0.35
Simulation: 40
Loading required package: iterators
Loading required package: parallel

Attaching package: ‘expm’

The following object is masked from ‘package:Matrix’:

    expm

Time difference of 1.079097 hours
    hr max_width90.zhou max_width95.zhou max_width90.zhou.m max_width95.zhou.m
1 0.05        0.4443709        0.4798122          0.4443709          0.4798122
  max_width90.zhou.iso max_width95.zhou.iso
1            0.4443709            0.4798122
Time difference of 1.095936 hours
   hr max_width90.zhou max_width95.zhou max_width90.zhou.m max_width95.zhou.m
2 0.1        0.4799219        0.5234924          0.4799219          0.5234924
  max_width90.zhou.iso max_width95.zhou.iso
2            0.4799219            0.5234924
Time difference of 53.74442 mins
    hr max_width90.zhou max_width95.zhou max_width90.zhou.m max_width95.zhou.m
3 0.15        0.4666207        0.5129908          0.4666207          0.5129908
  max_width90.zhou.iso max_width95.zhou.iso
3            0.4666207            0.5129908
Time difference of 53.48264 mins
   hr max_width90.zhou max_width95.zhou max_width90.zhou.m max_width95.zhou.m
4 0.2        0.4090103        0.4499395          0.4090103          0.4499395
  max_width90.zhou.iso max_width95.zhou.iso
4            0.4090103            0.4499395
Time difference of 52.79826 mins
    hr max_width90.zhou max_width95.zhou max_width90.zhou.m max_width95.zhou.m
5 0.25        0.3572244        0.3947806          0.3572244          0.3947806
  max_width90.zhou.iso max_width95.zhou.iso
5            0.3572244            0.3947806
Time difference of 52.31155 mins
   hr max_width90.zhou max_width95.zhou max_width90.zhou.m max_width95.zhou.m
6 0.3        0.3123454        0.3462492          0.3123454          0.3462492
  max_width90.zhou.iso max_width95.zhou.iso
6            0.3123454            0.3462492
Time difference of 51.54004 mins
    hr max_width90.zhou max_width95.zhou max_width90.zhou.m max_width95.zhou.m
7 0.35        0.2750274        0.3044411          0.2750274          0.3044411
  max_width90.zhou.iso max_width95.zhou.iso
7            0.2750274            0.3044411
