
Due to MODULEPATH changes, the following have been reloaded:
  1) mii/1.1.2

The following have been reloaded with a version change:
  1) StdEnv/2023 => StdEnv/2020           5) libfabric/1.18.0 => libfabric/1.10.1
  2) gcccore/.12.3 => gcccore/.9.3.0      6) openmpi/4.1.5 => openmpi/4.0.3
  3) gentoo/2023 => gentoo/2020           7) ucx/1.14.1 => ucx/1.8.0
  4) imkl/2023.2.0 => imkl/2020.1.217

Batch index: 8
Model: b
Sample size: 500
Dimension: 9
Candidate vector: 20:100
Bandwidth: 0.05 0.1 0.15 0.2 0.25 0.3 0.35
Simulation: 40
Loading required package: iterators
Loading required package: parallel

Attaching package: ‘expm’

The following object is masked from ‘package:Matrix’:

    expm

Time difference of 56.41171 mins
    hr max_width90.zhou max_width95.zhou max_width90.zhou.m max_width95.zhou.m
1 0.05        0.4331425        0.4669851          0.4331425          0.4669851
  max_width90.zhou.iso max_width95.zhou.iso
1            0.4331425            0.4669851
Time difference of 56.00918 mins
   hr max_width90.zhou max_width95.zhou max_width90.zhou.m max_width95.zhou.m
2 0.1        0.4724088        0.5164816          0.4724088          0.5164816
  max_width90.zhou.iso max_width95.zhou.iso
2            0.4724088            0.5164816
Time difference of 56.08173 mins
    hr max_width90.zhou max_width95.zhou max_width90.zhou.m max_width95.zhou.m
3 0.15        0.4530026        0.4978585          0.4530026          0.4978585
  max_width90.zhou.iso max_width95.zhou.iso
3            0.4530026            0.4978585
Time difference of 56.22947 mins
   hr max_width90.zhou max_width95.zhou max_width90.zhou.m max_width95.zhou.m
4 0.2        0.3985195        0.4370112          0.3985195          0.4370112
  max_width90.zhou.iso max_width95.zhou.iso
4            0.3985195            0.4370112
Time difference of 57.68059 mins
    hr max_width90.zhou max_width95.zhou max_width90.zhou.m max_width95.zhou.m
5 0.25        0.3491707        0.3844463          0.3491707          0.3844463
  max_width90.zhou.iso max_width95.zhou.iso
5            0.3491707            0.3844463
Time difference of 57.37741 mins
   hr max_width90.zhou max_width95.zhou max_width90.zhou.m max_width95.zhou.m
6 0.3        0.3090505         0.341379          0.3090505           0.341379
  max_width90.zhou.iso max_width95.zhou.iso
6            0.3090505             0.341379
Time difference of 56.19786 mins
    hr max_width90.zhou max_width95.zhou max_width90.zhou.m max_width95.zhou.m
7 0.35        0.2752475        0.3048114          0.2752475          0.3048114
  max_width90.zhou.iso max_width95.zhou.iso
7            0.2752475            0.3048114
