
Due to MODULEPATH changes, the following have been reloaded:
  1) mii/1.1.2

The following have been reloaded with a version change:
  1) StdEnv/2023 => StdEnv/2020           5) libfabric/1.18.0 => libfabric/1.10.1
  2) gcccore/.12.3 => gcccore/.9.3.0      6) openmpi/4.1.5 => openmpi/4.0.3
  3) gentoo/2023 => gentoo/2020           7) ucx/1.14.1 => ucx/1.8.0
  4) imkl/2023.2.0 => imkl/2020.1.217

Batch index: 9
Model: a
Sample size: 300
Dimension: 18
Candidate vector: 10:100
Bandwidth: 0.05 0.1 0.15 0.2 0.25 0.3 0.35
GCV: FALSE
Simulation: 40
Loading required package: iterators
Loading required package: parallel

Attaching package: ‘expm’

The following object is masked from ‘package:Matrix’:

    expm

Time difference of 1.210195 hours
    hr        hd is.cover90.hr is.cover95.hr is.cover90.hd is.cover95.hd
1 0.05 0.0485942             1             1             1             1
  SCB90.hr  SCB95.hr SCB90.hd  SCB95.hd
1 0.759584 0.8545438 0.578395 0.6450786
Time difference of 1.245465 hours
   hr         hd is.cover90.hr is.cover95.hr is.cover90.hd is.cover95.hd
2 0.1 0.09718839             1             1         0.975         0.975
   SCB90.hr  SCB95.hr  SCB90.hd  SCB95.hd
2 0.4975851 0.5499108 0.4513596 0.4997627
Time difference of 1.302772 hours
    hr        hd is.cover90.hr is.cover95.hr is.cover90.hd is.cover95.hd
3 0.15 0.1457826          0.95             1          0.95         0.975
   SCB90.hr  SCB95.hr SCB90.hd  SCB95.hd
3 0.4512371 0.4966529 0.422528 0.4665717
Time difference of 1.33205 hours
   hr        hd is.cover90.hr is.cover95.hr is.cover90.hd is.cover95.hd
4 0.2 0.1943768         0.975             1          0.95         0.975
   SCB90.hr  SCB95.hr  SCB90.hd  SCB95.hd
4 0.4062045 0.4479883 0.3785422 0.4187734
Time difference of 1.364364 hours
    hr        hd is.cover90.hr is.cover95.hr is.cover90.hd is.cover95.hd
5 0.25 0.2371262         0.925         0.975         0.925         0.975
   SCB90.hr  SCB95.hr  SCB90.hd  SCB95.hd
5 0.3636073 0.4005989 0.3421842 0.3779886
Time difference of 1.365633 hours
   hr        hd is.cover90.hr is.cover95.hr is.cover90.hd is.cover95.hd
6 0.3 0.2231443          0.95         0.975         0.925         0.975
   SCB90.hr  SCB95.hr  SCB90.hd  SCB95.hd
6 0.3379155 0.3719415 0.3310741 0.3649907
Time difference of 1.354079 hours
    hr        hd is.cover90.hr is.cover95.hr is.cover90.hd is.cover95.hd
7 0.35 0.2466555         0.925          0.95         0.925         0.975
   SCB90.hr  SCB95.hr  SCB90.hd  SCB95.hd
7 0.3047378 0.3363319 0.3055218 0.3372151
