
Due to MODULEPATH changes, the following have been reloaded:
  1) mii/1.1.2

The following have been reloaded with a version change:
  1) StdEnv/2023 => StdEnv/2020           5) libfabric/1.18.0 => libfabric/1.10.1
  2) gcccore/.12.3 => gcccore/.9.3.0      6) openmpi/4.1.5 => openmpi/4.0.3
  3) gentoo/2023 => gentoo/2020           7) ucx/1.14.1 => ucx/1.8.0
  4) imkl/2023.2.0 => imkl/2020.1.217

Batch index: 2
Model: a
Sample size: 300
Dimension: 18
Candidate vector: 10:100
Bandwidth: 0.05 0.1 0.15 0.2 0.25 0.3 0.35
GCV: FALSE
Simulation: 40
Loading required package: iterators
Loading required package: parallel

Attaching package: ‘expm’

The following object is masked from ‘package:Matrix’:

    expm

Time difference of 1.238284 hours
    hr        hd is.cover90.hr is.cover95.hr is.cover90.hd is.cover95.hd
1 0.05 0.0485942             1             1             1             1
  SCB90.hr  SCB95.hr  SCB90.hd  SCB95.hd
1 0.781199 0.8793574 0.5692512 0.6368015
Time difference of 1.275567 hours
   hr         hd is.cover90.hr is.cover95.hr is.cover90.hd is.cover95.hd
2 0.1 0.09718839             1             1         0.925             1
   SCB90.hr SCB95.hr SCB90.hd  SCB95.hd
2 0.5079472 0.563606 0.446729 0.4942928
Time difference of 1.32258 hours
    hr        hd is.cover90.hr is.cover95.hr is.cover90.hd is.cover95.hd
3 0.15 0.1457826         0.975             1           0.9         0.975
   SCB90.hr  SCB95.hr  SCB90.hd  SCB95.hd
3 0.4572361 0.5054064 0.4199076 0.4661683
Time difference of 1.368253 hours
   hr        hd is.cover90.hr is.cover95.hr is.cover90.hd is.cover95.hd
4 0.2 0.1943768          0.95         0.975           0.9         0.975
   SCB90.hr  SCB95.hr SCB90.hd  SCB95.hd
4 0.4100731 0.4528529 0.380155 0.4228345
Time difference of 1.392749 hours
    hr        hd is.cover90.hr is.cover95.hr is.cover90.hd is.cover95.hd
5 0.25 0.2371262           0.9         0.975           0.9         0.975
   SCB90.hr  SCB95.hr  SCB90.hd  SCB95.hd
5 0.3636554 0.4013741 0.3452073 0.3835993
Time difference of 1.40024 hours
   hr        hd is.cover90.hr is.cover95.hr is.cover90.hd is.cover95.hd
6 0.3 0.2231443           0.9         0.925           0.9         0.925
   SCB90.hr  SCB95.hr  SCB90.hd  SCB95.hd
6 0.3393228 0.3741371 0.3332551 0.3681295
Time difference of 1.337091 hours
    hr        hd is.cover90.hr is.cover95.hr is.cover90.hd is.cover95.hd
7 0.35 0.2466555           0.9         0.925           0.9         0.925
   SCB90.hr  SCB95.hr  SCB90.hd  SCB95.hd
7 0.3057257 0.3385846 0.3064363 0.3393888
