
Due to MODULEPATH changes, the following have been reloaded:
  1) mii/1.1.2

The following have been reloaded with a version change:
  1) StdEnv/2023 => StdEnv/2020           5) libfabric/1.18.0 => libfabric/1.10.1
  2) gcccore/.12.3 => gcccore/.9.3.0      6) openmpi/4.1.5 => openmpi/4.0.3
  3) gentoo/2023 => gentoo/2020           7) ucx/1.14.1 => ucx/1.8.0
  4) imkl/2023.2.0 => imkl/2020.1.217

Batch index: 4
Model: a
Sample size: 300
Dimension: 18
Candidate vector: 10:100
Bandwidth: 0.05 0.1 0.15 0.2 0.25 0.3 0.35
GCV: FALSE
Simulation: 40
Loading required package: iterators
Loading required package: parallel

Attaching package: ‘expm’

The following object is masked from ‘package:Matrix’:

    expm

Time difference of 1.208062 hours
    hr        hd is.cover90.hr is.cover95.hr is.cover90.hd is.cover95.hd
1 0.05 0.0485942             1             1             1             1
  SCB90.hr SCB95.hr  SCB90.hd  SCB95.hd
1  0.78143 0.874661 0.5860953 0.6577044
Time difference of 1.227308 hours
   hr         hd is.cover90.hr is.cover95.hr is.cover90.hd is.cover95.hd
2 0.1 0.09718839         0.975             1         0.975         0.975
   SCB90.hr SCB95.hr  SCB90.hd  SCB95.hd
2 0.4982379 0.548145 0.4487121 0.4966159
Time difference of 1.262529 hours
    hr        hd is.cover90.hr is.cover95.hr is.cover90.hd is.cover95.hd
3 0.15 0.1457826         0.975             1          0.95             1
   SCB90.hr  SCB95.hr  SCB90.hd  SCB95.hd
3 0.4576751 0.5037432 0.4225436 0.4685754
Time difference of 1.306086 hours
   hr        hd is.cover90.hr is.cover95.hr is.cover90.hd is.cover95.hd
4 0.2 0.1943768          0.95         0.975         0.975         0.975
   SCB90.hr  SCB95.hr  SCB90.hd  SCB95.hd
4 0.4114691 0.4532198 0.3815643 0.4242079
Time difference of 1.335759 hours
    hr        hd is.cover90.hr is.cover95.hr is.cover90.hd is.cover95.hd
5 0.25 0.2371262         0.925             1             1             1
   SCB90.hr  SCB95.hr  SCB90.hd  SCB95.hd
5 0.3636511 0.4021171 0.3412299 0.3787841
Time difference of 1.299361 hours
   hr        hd is.cover90.hr is.cover95.hr is.cover90.hd is.cover95.hd
6 0.3 0.2231443         0.925             1          0.95             1
   SCB90.hr  SCB95.hr  SCB90.hd  SCB95.hd
6 0.3362841 0.3704638 0.3282123 0.3624473
Time difference of 1.288965 hours
    hr        hd is.cover90.hr is.cover95.hr is.cover90.hd is.cover95.hd
7 0.35 0.2466555         0.925             1         0.925             1
  SCB90.hr SCB95.hr  SCB90.hd  SCB95.hd
7 0.300958 0.332916 0.3018014 0.3337765
