
Due to MODULEPATH changes, the following have been reloaded:
  1) mii/1.1.2

The following have been reloaded with a version change:
  1) StdEnv/2023 => StdEnv/2020           5) libfabric/1.18.0 => libfabric/1.10.1
  2) gcccore/.12.3 => gcccore/.9.3.0      6) openmpi/4.1.5 => openmpi/4.0.3
  3) gentoo/2023 => gentoo/2020           7) ucx/1.14.1 => ucx/1.8.0
  4) imkl/2023.2.0 => imkl/2020.1.217

Batch index: 10
Model: a
Sample size: 300
Dimension: 18
Candidate vector: 10:100
Bandwidth: 0.05 0.1 0.15 0.2 0.25 0.3 0.35
GCV: FALSE
Simulation: 40
Loading required package: iterators
Loading required package: parallel

Attaching package: ‘expm’

The following object is masked from ‘package:Matrix’:

    expm

Time difference of 1.166679 hours
    hr        hd is.cover90.hr is.cover95.hr is.cover90.hd is.cover95.hd
1 0.05 0.0485942          0.95             1             1             1
   SCB90.hr  SCB95.hr SCB90.hd  SCB95.hd
1 0.7590289 0.8536782 0.586843 0.6557837
Time difference of 1.191103 hours
   hr         hd is.cover90.hr is.cover95.hr is.cover90.hd is.cover95.hd
2 0.1 0.09718839         0.975             1          0.95         0.975
   SCB90.hr  SCB95.hr  SCB90.hd  SCB95.hd
2 0.5011957 0.5574586 0.4400541 0.4868383
Time difference of 1.242063 hours
    hr        hd is.cover90.hr is.cover95.hr is.cover90.hd is.cover95.hd
3 0.15 0.1457826         0.975             1         0.975         0.975
  SCB90.hr  SCB95.hr  SCB90.hd  SCB95.hd
3 0.458018 0.5046326 0.4184299 0.4616044
Time difference of 1.262309 hours
   hr        hd is.cover90.hr is.cover95.hr is.cover90.hd is.cover95.hd
4 0.2 0.1943768         0.975         0.975          0.95         0.975
  SCB90.hr  SCB95.hr  SCB90.hd  SCB95.hd
4 0.416254 0.4609055 0.3842722 0.4268379
Time difference of 1.299003 hours
    hr        hd is.cover90.hr is.cover95.hr is.cover90.hd is.cover95.hd
5 0.25 0.2371262         0.975         0.975         0.925         0.975
   SCB90.hr  SCB95.hr  SCB90.hd  SCB95.hd
5 0.3718627 0.4120236 0.3475888 0.3866633
Time difference of 1.29938 hours
   hr        hd is.cover90.hr is.cover95.hr is.cover90.hd is.cover95.hd
6 0.3 0.2231443         0.925         0.975          0.95         0.975
   SCB90.hr  SCB95.hr  SCB90.hd  SCB95.hd
6 0.3422081 0.3787152 0.3346151 0.3709733
Time difference of 1.27929 hours
    hr        hd is.cover90.hr is.cover95.hr is.cover90.hd is.cover95.hd
7 0.35 0.2466555          0.95         0.975         0.975         0.975
   SCB90.hr  SCB95.hr  SCB90.hd  SCB95.hd
7 0.3058811 0.3385261 0.3068259 0.3394745
