
Due to MODULEPATH changes, the following have been reloaded:
  1) mii/1.1.2

The following have been reloaded with a version change:
  1) StdEnv/2023 => StdEnv/2020           5) libfabric/1.18.0 => libfabric/1.10.1
  2) gcccore/.12.3 => gcccore/.9.3.0      6) openmpi/4.1.5 => openmpi/4.0.3
  3) gentoo/2023 => gentoo/2020           7) ucx/1.14.1 => ucx/1.8.0
  4) imkl/2023.2.0 => imkl/2020.1.217

Batch index: 7
Model: a
Sample size: 300
Dimension: 18
Candidate vector: 10:100
Bandwidth: 0.05 0.1 0.15 0.2 0.25 0.3 0.35
GCV: FALSE
Simulation: 40
Loading required package: iterators
Loading required package: parallel

Attaching package: ‘expm’

The following object is masked from ‘package:Matrix’:

    expm

Time difference of 1.171214 hours
    hr        hd is.cover90.hr is.cover95.hr is.cover90.hd is.cover95.hd
1 0.05 0.0485942             1             1             1             1
   SCB90.hr  SCB95.hr  SCB90.hd  SCB95.hd
1 0.7861442 0.8876264 0.5573196 0.6217948
Time difference of 1.210688 hours
   hr         hd is.cover90.hr is.cover95.hr is.cover90.hd is.cover95.hd
2 0.1 0.09718839             1             1         0.975             1
   SCB90.hr  SCB95.hr  SCB90.hd  SCB95.hd
2 0.4969359 0.5489132 0.4397042 0.4862239
Time difference of 1.228993 hours
    hr        hd is.cover90.hr is.cover95.hr is.cover90.hd is.cover95.hd
3 0.15 0.1457826         0.975             1         0.975         0.975
   SCB90.hr  SCB95.hr  SCB90.hd  SCB95.hd
3 0.4616799 0.5102707 0.4284738 0.4761873
Time difference of 1.234273 hours
   hr        hd is.cover90.hr is.cover95.hr is.cover90.hd is.cover95.hd
4 0.2 0.1943768             1             1          0.95             1
   SCB90.hr  SCB95.hr  SCB90.hd  SCB95.hd
4 0.4107352 0.4523844 0.3838686 0.4256628
Time difference of 1.299358 hours
    hr        hd is.cover90.hr is.cover95.hr is.cover90.hd is.cover95.hd
5 0.25 0.2371262          0.95             1         0.925             1
  SCB90.hr  SCB95.hr  SCB90.hd  SCB95.hd
5 0.364869 0.4022335 0.3456558 0.3837076
Time difference of 1.275456 hours
   hr        hd is.cover90.hr is.cover95.hr is.cover90.hd is.cover95.hd
6 0.3 0.2231443         0.975             1         0.925             1
   SCB90.hr  SCB95.hr SCB90.hd  SCB95.hd
6 0.3374009 0.3715539 0.330964 0.3649665
Time difference of 1.258557 hours
    hr        hd is.cover90.hr is.cover95.hr is.cover90.hd is.cover95.hd
7 0.35 0.2466555          0.95             1          0.95             1
  SCB90.hr  SCB95.hr SCB90.hd  SCB95.hd
7 0.301611 0.3326971 0.302526 0.3333703
