
Due to MODULEPATH changes, the following have been reloaded:
  1) mii/1.1.2

The following have been reloaded with a version change:
  1) StdEnv/2023 => StdEnv/2020           5) libfabric/1.18.0 => libfabric/1.10.1
  2) gcccore/.12.3 => gcccore/.9.3.0      6) openmpi/4.1.5 => openmpi/4.0.3
  3) gentoo/2023 => gentoo/2020           7) ucx/1.14.1 => ucx/1.8.0
  4) imkl/2023.2.0 => imkl/2020.1.217

Batch index: 8
Model: a
Sample size: 300
Dimension: 18
Candidate vector: 10:100
Bandwidth: 0.05 0.1 0.15 0.2 0.25 0.3 0.35
GCV: FALSE
Simulation: 40
Loading required package: iterators
Loading required package: parallel

Attaching package: ‘expm’

The following object is masked from ‘package:Matrix’:

    expm

Time difference of 1.246193 hours
    hr        hd is.cover90.hr is.cover95.hr is.cover90.hd is.cover95.hd
1 0.05 0.0485942             1             1             1             1
   SCB90.hr SCB95.hr  SCB90.hd  SCB95.hd
1 0.7360742 0.822813 0.5594775 0.6244674
Time difference of 1.249934 hours
   hr         hd is.cover90.hr is.cover95.hr is.cover90.hd is.cover95.hd
2 0.1 0.09718839          0.95             1          0.95             1
   SCB90.hr  SCB95.hr  SCB90.hd  SCB95.hd
2 0.4970187 0.5491402 0.4479922 0.4965543
Time difference of 1.481074 hours
    hr        hd is.cover90.hr is.cover95.hr is.cover90.hd is.cover95.hd
3 0.15 0.1457826          0.95             1         0.975         0.975
   SCB90.hr  SCB95.hr  SCB90.hd  SCB95.hd
3 0.4576207 0.5037916 0.4314043 0.4791242
Time difference of 1.388824 hours
   hr        hd is.cover90.hr is.cover95.hr is.cover90.hd is.cover95.hd
4 0.2 0.1943768          0.95         0.975          0.95         0.975
   SCB90.hr  SCB95.hr  SCB90.hd  SCB95.hd
4 0.4125067 0.4563362 0.3910433 0.4349548
Time difference of 1.476947 hours
    hr        hd is.cover90.hr is.cover95.hr is.cover90.hd is.cover95.hd
5 0.25 0.2371262         0.975             1         0.925             1
   SCB90.hr  SCB95.hr  SCB90.hd  SCB95.hd
5 0.3698381 0.4089603 0.3541297 0.3947244
Time difference of 1.377542 hours
   hr        hd is.cover90.hr is.cover95.hr is.cover90.hd is.cover95.hd
6 0.3 0.2231443         0.975             1         0.975             1
   SCB90.hr  SCB95.hr  SCB90.hd  SCB95.hd
6 0.3427146 0.3782479 0.3376547 0.3731838
Time difference of 1.345271 hours
    hr        hd is.cover90.hr is.cover95.hr is.cover90.hd is.cover95.hd
7 0.35 0.2466555          0.95             1         0.925             1
   SCB90.hr  SCB95.hr  SCB90.hd SCB95.hd
7 0.3081062 0.3412009 0.3087335 0.341685
