
Due to MODULEPATH changes, the following have been reloaded:
  1) mii/1.1.2

The following have been reloaded with a version change:
  1) StdEnv/2023 => StdEnv/2020           5) libfabric/1.18.0 => libfabric/1.10.1
  2) gcccore/.12.3 => gcccore/.9.3.0      6) openmpi/4.1.5 => openmpi/4.0.3
  3) gentoo/2023 => gentoo/2020           7) ucx/1.14.1 => ucx/1.8.0
  4) imkl/2023.2.0 => imkl/2020.1.217

Batch index: 9
Model: b
Sample size: 300
Dimension: 27
Candidate vector: 10:100
Bandwidth: 0.05 0.1 0.15 0.2 0.25 0.3 0.35
Simulation: 40
Loading required package: iterators
Loading required package: parallel

Attaching package: ‘expm’

The following object is masked from ‘package:Matrix’:

    expm

Time difference of 59.40192 mins
    hr max_width90.zhou max_width95.zhou max_width90.zhou.m max_width95.zhou.m
1 0.05        0.6270808        0.6733922          0.6270808          0.6733922
  max_width90.zhou.iso max_width95.zhou.iso
1            0.6270808            0.6733922
Time difference of 58.99613 mins
   hr max_width90.zhou max_width95.zhou max_width90.zhou.m max_width95.zhou.m
2 0.1        0.6906197        0.7481532          0.6906197          0.7481532
  max_width90.zhou.iso max_width95.zhou.iso
2            0.6906197            0.7481532
Time difference of 1.001712 hours
    hr max_width90.zhou max_width95.zhou max_width90.zhou.m max_width95.zhou.m
3 0.15        0.6732231        0.7344584          0.6732231          0.7344584
  max_width90.zhou.iso max_width95.zhou.iso
3            0.6732231            0.7344584
Time difference of 1.003672 hours
   hr max_width90.zhou max_width95.zhou max_width90.zhou.m max_width95.zhou.m
4 0.2        0.5836643          0.63796          0.5836643            0.63796
  max_width90.zhou.iso max_width95.zhou.iso
4            0.5836643              0.63796
Time difference of 1.014981 hours
    hr max_width90.zhou max_width95.zhou max_width90.zhou.m max_width95.zhou.m
5 0.25        0.5095583        0.5579027          0.5095583          0.5579027
  max_width90.zhou.iso max_width95.zhou.iso
5            0.5095583            0.5579027
Time difference of 1.016286 hours
   hr max_width90.zhou max_width95.zhou max_width90.zhou.m max_width95.zhou.m
6 0.3        0.4492546        0.4909881          0.4492546          0.4909881
  max_width90.zhou.iso max_width95.zhou.iso
6            0.4492546            0.4909881
Time difference of 1.016328 hours
    hr max_width90.zhou max_width95.zhou max_width90.zhou.m max_width95.zhou.m
7 0.35        0.4002276        0.4368189          0.4002276          0.4368189
  max_width90.zhou.iso max_width95.zhou.iso
7            0.4002276            0.4368189
