
Due to MODULEPATH changes, the following have been reloaded:
  1) mii/1.1.2

The following have been reloaded with a version change:
  1) StdEnv/2023 => StdEnv/2020           5) libfabric/1.18.0 => libfabric/1.10.1
  2) gcccore/.12.3 => gcccore/.9.3.0      6) openmpi/4.1.5 => openmpi/4.0.3
  3) gentoo/2023 => gentoo/2020           7) ucx/1.14.1 => ucx/1.8.0
  4) imkl/2023.2.0 => imkl/2020.1.217

Batch index: 6
Model: b
Sample size: 300
Dimension: 27
Candidate vector: 10:100
Bandwidth: 0.05 0.1 0.15 0.2 0.25 0.3 0.35
Simulation: 40
Loading required package: iterators
Loading required package: parallel

Attaching package: ‘expm’

The following object is masked from ‘package:Matrix’:

    expm

Time difference of 1.142071 hours
    hr max_width90.zhou max_width95.zhou max_width90.zhou.m max_width95.zhou.m
1 0.05         0.632415        0.6801301           0.632415          0.6801301
  max_width90.zhou.iso max_width95.zhou.iso
1             0.632415            0.6801301
Time difference of 1.123588 hours
   hr max_width90.zhou max_width95.zhou max_width90.zhou.m max_width95.zhou.m
2 0.1        0.6838267        0.7398093          0.6838267          0.7398093
  max_width90.zhou.iso max_width95.zhou.iso
2            0.6838267            0.7398093
Time difference of 1.206555 hours
    hr max_width90.zhou max_width95.zhou max_width90.zhou.m max_width95.zhou.m
3 0.15        0.6741653          0.73657          0.6741653            0.73657
  max_width90.zhou.iso max_width95.zhou.iso
3            0.6741653              0.73657
Time difference of 1.16977 hours
   hr max_width90.zhou max_width95.zhou max_width90.zhou.m max_width95.zhou.m
4 0.2        0.5984943        0.6527416          0.5984943          0.6527416
  max_width90.zhou.iso max_width95.zhou.iso
4            0.5984943            0.6527416
Time difference of 1.169755 hours
    hr max_width90.zhou max_width95.zhou max_width90.zhou.m max_width95.zhou.m
5 0.25         0.522669        0.5718218           0.522669          0.5718218
  max_width90.zhou.iso max_width95.zhou.iso
5             0.522669            0.5718218
Time difference of 1.159195 hours
   hr max_width90.zhou max_width95.zhou max_width90.zhou.m max_width95.zhou.m
6 0.3        0.4617112        0.5064429          0.4617112          0.5064429
  max_width90.zhou.iso max_width95.zhou.iso
6            0.4617112            0.5064429
Time difference of 1.153876 hours
    hr max_width90.zhou max_width95.zhou max_width90.zhou.m max_width95.zhou.m
7 0.35        0.4107774        0.4501475          0.4107774          0.4501475
  max_width90.zhou.iso max_width95.zhou.iso
7            0.4107774            0.4501475
