
Due to MODULEPATH changes, the following have been reloaded:
  1) mii/1.1.2

The following have been reloaded with a version change:
  1) StdEnv/2023 => StdEnv/2020           5) libfabric/1.18.0 => libfabric/1.10.1
  2) gcccore/.12.3 => gcccore/.9.3.0      6) openmpi/4.1.5 => openmpi/4.0.3
  3) gentoo/2023 => gentoo/2020           7) ucx/1.14.1 => ucx/1.8.0
  4) imkl/2023.2.0 => imkl/2020.1.217

Batch index: 5
Model: b
Sample size: 300
Dimension: 27
Candidate vector: 10:100
Bandwidth: 0.05 0.1 0.15 0.2 0.25 0.3 0.35
Simulation: 40
Loading required package: iterators
Loading required package: parallel

Attaching package: ‘expm’

The following object is masked from ‘package:Matrix’:

    expm

Time difference of 1.12324 hours
    hr max_width90.zhou max_width95.zhou max_width90.zhou.m max_width95.zhou.m
1 0.05        0.6235763        0.6718045          0.6235763          0.6718045
  max_width90.zhou.iso max_width95.zhou.iso
1            0.6235763            0.6718045
Time difference of 1.09618 hours
   hr max_width90.zhou max_width95.zhou max_width90.zhou.m max_width95.zhou.m
2 0.1        0.6918503        0.7512554          0.6918503          0.7512554
  max_width90.zhou.iso max_width95.zhou.iso
2            0.6918503            0.7512554
Time difference of 1.118256 hours
    hr max_width90.zhou max_width95.zhou max_width90.zhou.m max_width95.zhou.m
3 0.15        0.6787756        0.7432559          0.6787756          0.7432559
  max_width90.zhou.iso max_width95.zhou.iso
3            0.6787756            0.7432559
Time difference of 1.119079 hours
   hr max_width90.zhou max_width95.zhou max_width90.zhou.m max_width95.zhou.m
4 0.2        0.5918464        0.6472568          0.5918464          0.6472568
  max_width90.zhou.iso max_width95.zhou.iso
4            0.5918464            0.6472568
Time difference of 1.124815 hours
    hr max_width90.zhou max_width95.zhou max_width90.zhou.m max_width95.zhou.m
5 0.25        0.5168648        0.5657123          0.5168648          0.5657123
  max_width90.zhou.iso max_width95.zhou.iso
5            0.5168648            0.5657123
Time difference of 1.138295 hours
   hr max_width90.zhou max_width95.zhou max_width90.zhou.m max_width95.zhou.m
6 0.3        0.4574395        0.5002046          0.4574395          0.5002046
  max_width90.zhou.iso max_width95.zhou.iso
6            0.4574395            0.5002046
Time difference of 1.127275 hours
    hr max_width90.zhou max_width95.zhou max_width90.zhou.m max_width95.zhou.m
7 0.35        0.4092582        0.4482074          0.4092582          0.4482074
  max_width90.zhou.iso max_width95.zhou.iso
7            0.4092582            0.4482074
