
Due to MODULEPATH changes, the following have been reloaded:
  1) mii/1.1.2

The following have been reloaded with a version change:
  1) StdEnv/2023 => StdEnv/2020           5) libfabric/1.18.0 => libfabric/1.10.1
  2) gcccore/.12.3 => gcccore/.9.3.0      6) openmpi/4.1.5 => openmpi/4.0.3
  3) gentoo/2023 => gentoo/2020           7) ucx/1.14.1 => ucx/1.8.0
  4) imkl/2023.2.0 => imkl/2020.1.217

Batch index: 2
Model: b
Sample size: 300
Dimension: 27
Candidate vector: 10:100
Bandwidth: 0.05 0.1 0.15 0.2 0.25 0.3 0.35
Simulation: 40
Loading required package: iterators
Loading required package: parallel

Attaching package: ‘expm’

The following object is masked from ‘package:Matrix’:

    expm

Time difference of 1.117487 hours
    hr max_width90.zhou max_width95.zhou max_width90.zhou.m max_width95.zhou.m
1 0.05        0.6281952        0.6769081          0.6281952          0.6769081
  max_width90.zhou.iso max_width95.zhou.iso
1            0.6281952            0.6769081
Time difference of 1.122198 hours
   hr max_width90.zhou max_width95.zhou max_width90.zhou.m max_width95.zhou.m
2 0.1        0.7107403        0.7698123          0.7107403          0.7698123
  max_width90.zhou.iso max_width95.zhou.iso
2            0.7107403            0.7698123
Time difference of 1.123777 hours
    hr max_width90.zhou max_width95.zhou max_width90.zhou.m max_width95.zhou.m
3 0.15        0.6879752        0.7512584          0.6879752          0.7512584
  max_width90.zhou.iso max_width95.zhou.iso
3            0.6879752            0.7512584
Time difference of 1.113138 hours
   hr max_width90.zhou max_width95.zhou max_width90.zhou.m max_width95.zhou.m
4 0.2         0.598222        0.6554227           0.598222          0.6554227
  max_width90.zhou.iso max_width95.zhou.iso
4             0.598222            0.6554227
Time difference of 1.129373 hours
    hr max_width90.zhou max_width95.zhou max_width90.zhou.m max_width95.zhou.m
5 0.25        0.5191272        0.5684809          0.5191272          0.5684809
  max_width90.zhou.iso max_width95.zhou.iso
5            0.5191272            0.5684809
Time difference of 1.114214 hours
   hr max_width90.zhou max_width95.zhou max_width90.zhou.m max_width95.zhou.m
6 0.3        0.4577007        0.5017403          0.4577007          0.5017403
  max_width90.zhou.iso max_width95.zhou.iso
6            0.4577007            0.5017403
Time difference of 1.126717 hours
    hr max_width90.zhou max_width95.zhou max_width90.zhou.m max_width95.zhou.m
7 0.35         0.409305        0.4495161           0.409305          0.4495161
  max_width90.zhou.iso max_width95.zhou.iso
7             0.409305            0.4495161
