
Due to MODULEPATH changes, the following have been reloaded:
  1) mii/1.1.2

The following have been reloaded with a version change:
  1) StdEnv/2023 => StdEnv/2020           5) libfabric/1.18.0 => libfabric/1.10.1
  2) gcccore/.12.3 => gcccore/.9.3.0      6) openmpi/4.1.5 => openmpi/4.0.3
  3) gentoo/2023 => gentoo/2020           7) ucx/1.14.1 => ucx/1.8.0
  4) imkl/2023.2.0 => imkl/2020.1.217

Batch index: 8
Model: b
Sample size: 300
Dimension: 27
Candidate vector: 10:100
Bandwidth: 0.05 0.1 0.15 0.2 0.25 0.3 0.35
Simulation: 40
Loading required package: iterators
Loading required package: parallel

Attaching package: ‘expm’

The following object is masked from ‘package:Matrix’:

    expm

Time difference of 1.121459 hours
    hr max_width90.zhou max_width95.zhou max_width90.zhou.m max_width95.zhou.m
1 0.05        0.6244937        0.6727114          0.6244937          0.6727114
  max_width90.zhou.iso max_width95.zhou.iso
1            0.6244937            0.6727114
Time difference of 1.122249 hours
   hr max_width90.zhou max_width95.zhou max_width90.zhou.m max_width95.zhou.m
2 0.1        0.6698563        0.7259644          0.6698563          0.7259644
  max_width90.zhou.iso max_width95.zhou.iso
2            0.6698563            0.7259644
Time difference of 1.130473 hours
    hr max_width90.zhou max_width95.zhou max_width90.zhou.m max_width95.zhou.m
3 0.15        0.6542717        0.7128879          0.6542717          0.7128879
  max_width90.zhou.iso max_width95.zhou.iso
3            0.6542717            0.7128879
Time difference of 1.120127 hours
   hr max_width90.zhou max_width95.zhou max_width90.zhou.m max_width95.zhou.m
4 0.2        0.5907292        0.6461773          0.5907292          0.6461773
  max_width90.zhou.iso max_width95.zhou.iso
4            0.5907292            0.6461773
Time difference of 1.129698 hours
    hr max_width90.zhou max_width95.zhou max_width90.zhou.m max_width95.zhou.m
5 0.25        0.5189788        0.5686894          0.5189788          0.5686894
  max_width90.zhou.iso max_width95.zhou.iso
5            0.5189788            0.5686894
Time difference of 1.129873 hours
   hr max_width90.zhou max_width95.zhou max_width90.zhou.m max_width95.zhou.m
6 0.3        0.4569638        0.5005699          0.4569638          0.5005699
  max_width90.zhou.iso max_width95.zhou.iso
6            0.4569638            0.5005699
Time difference of 1.152546 hours
    hr max_width90.zhou max_width95.zhou max_width90.zhou.m max_width95.zhou.m
7 0.35        0.4064178        0.4456682          0.4064178          0.4456682
  max_width90.zhou.iso max_width95.zhou.iso
7            0.4064178            0.4456682
