
Due to MODULEPATH changes, the following have been reloaded:
  1) mii/1.1.2

The following have been reloaded with a version change:
  1) StdEnv/2023 => StdEnv/2020           5) libfabric/1.18.0 => libfabric/1.10.1
  2) gcccore/.12.3 => gcccore/.9.3.0      6) openmpi/4.1.5 => openmpi/4.0.3
  3) gentoo/2023 => gentoo/2020           7) ucx/1.14.1 => ucx/1.8.0
  4) imkl/2023.2.0 => imkl/2020.1.217

Batch index: 1
Model: b
Sample size: 300
Dimension: 27
Candidate vector: 10:100
Bandwidth: 0.05 0.1 0.15 0.2 0.25 0.3 0.35
Simulation: 40
Loading required package: iterators
Loading required package: parallel

Attaching package: ‘expm’

The following object is masked from ‘package:Matrix’:

    expm

Time difference of 1.009609 hours
    hr max_width90.zhou max_width95.zhou max_width90.zhou.m max_width95.zhou.m
1 0.05        0.6315098        0.6803734          0.6315098          0.6803734
  max_width90.zhou.iso max_width95.zhou.iso
1            0.6315098            0.6803734
Time difference of 1.00562 hours
   hr max_width90.zhou max_width95.zhou max_width90.zhou.m max_width95.zhou.m
2 0.1        0.6881282         0.745979          0.6881282           0.745979
  max_width90.zhou.iso max_width95.zhou.iso
2            0.6881282             0.745979
Time difference of 1.005513 hours
    hr max_width90.zhou max_width95.zhou max_width90.zhou.m max_width95.zhou.m
3 0.15        0.6674808        0.7291919          0.6674808          0.7291919
  max_width90.zhou.iso max_width95.zhou.iso
3            0.6674808            0.7291919
Time difference of 1.018931 hours
   hr max_width90.zhou max_width95.zhou max_width90.zhou.m max_width95.zhou.m
4 0.2        0.5849997        0.6383237          0.5849997          0.6383237
  max_width90.zhou.iso max_width95.zhou.iso
4            0.5849997            0.6383237
Time difference of 1.019115 hours
    hr max_width90.zhou max_width95.zhou max_width90.zhou.m max_width95.zhou.m
5 0.25        0.5142978        0.5627409          0.5142978          0.5627409
  max_width90.zhou.iso max_width95.zhou.iso
5            0.5142978            0.5627409
Time difference of 1.009445 hours
   hr max_width90.zhou max_width95.zhou max_width90.zhou.m max_width95.zhou.m
6 0.3        0.4563934        0.4992774          0.4563934          0.4992774
  max_width90.zhou.iso max_width95.zhou.iso
6            0.4563934            0.4992774
Time difference of 1.008032 hours
    hr max_width90.zhou max_width95.zhou max_width90.zhou.m max_width95.zhou.m
7 0.35        0.4069387        0.4459053          0.4069387          0.4459053
  max_width90.zhou.iso max_width95.zhou.iso
7            0.4069387            0.4459053
