
Due to MODULEPATH changes, the following have been reloaded:
  1) mii/1.1.2

The following have been reloaded with a version change:
  1) StdEnv/2023 => StdEnv/2020           5) libfabric/1.18.0 => libfabric/1.10.1
  2) gcccore/.12.3 => gcccore/.9.3.0      6) openmpi/4.1.5 => openmpi/4.0.3
  3) gentoo/2023 => gentoo/2020           7) ucx/1.14.1 => ucx/1.8.0
  4) imkl/2023.2.0 => imkl/2020.1.217

Batch index: 4
Model: b
Sample size: 300
Dimension: 27
Candidate vector: 10:100
Bandwidth: 0.05 0.1 0.15 0.2 0.25 0.3 0.35
Simulation: 40
Loading required package: iterators
Loading required package: parallel

Attaching package: ‘expm’

The following object is masked from ‘package:Matrix’:

    expm

Time difference of 1.153151 hours
    hr max_width90.zhou max_width95.zhou max_width90.zhou.m max_width95.zhou.m
1 0.05        0.6256853        0.6724234          0.6256853          0.6724234
  max_width90.zhou.iso max_width95.zhou.iso
1            0.6256853            0.6724234
Time difference of 1.145948 hours
   hr max_width90.zhou max_width95.zhou max_width90.zhou.m max_width95.zhou.m
2 0.1        0.6784466        0.7338235          0.6784466          0.7338235
  max_width90.zhou.iso max_width95.zhou.iso
2            0.6784466            0.7338235
Time difference of 1.139552 hours
    hr max_width90.zhou max_width95.zhou max_width90.zhou.m max_width95.zhou.m
3 0.15        0.6628787        0.7233306          0.6628787          0.7233306
  max_width90.zhou.iso max_width95.zhou.iso
3            0.6628787            0.7233306
Time difference of 1.168088 hours
   hr max_width90.zhou max_width95.zhou max_width90.zhou.m max_width95.zhou.m
4 0.2        0.5879517        0.6422664          0.5879517          0.6422664
  max_width90.zhou.iso max_width95.zhou.iso
4            0.5879517            0.6422664
Time difference of 1.144732 hours
    hr max_width90.zhou max_width95.zhou max_width90.zhou.m max_width95.zhou.m
5 0.25        0.5197169        0.5679605          0.5197169          0.5679605
  max_width90.zhou.iso max_width95.zhou.iso
5            0.5197169            0.5679605
Time difference of 1.143967 hours
   hr max_width90.zhou max_width95.zhou max_width90.zhou.m max_width95.zhou.m
6 0.3        0.4589291        0.5041778          0.4589291          0.5041778
  max_width90.zhou.iso max_width95.zhou.iso
6            0.4589291            0.5041778
Time difference of 1.166051 hours
    hr max_width90.zhou max_width95.zhou max_width90.zhou.m max_width95.zhou.m
7 0.35        0.4097609        0.4499876          0.4097609          0.4499876
  max_width90.zhou.iso max_width95.zhou.iso
7            0.4097609            0.4499876
