
Due to MODULEPATH changes, the following have been reloaded:
  1) mii/1.1.2

The following have been reloaded with a version change:
  1) StdEnv/2023 => StdEnv/2020           5) libfabric/1.18.0 => libfabric/1.10.1
  2) gcccore/.12.3 => gcccore/.9.3.0      6) openmpi/4.1.5 => openmpi/4.0.3
  3) gentoo/2023 => gentoo/2020           7) ucx/1.14.1 => ucx/1.8.0
  4) imkl/2023.2.0 => imkl/2020.1.217

Batch index: 10
Model: b
Sample size: 300
Dimension: 27
Candidate vector: 10:100
Bandwidth: 0.05 0.1 0.15 0.2 0.25 0.3 0.35
Simulation: 40
Loading required package: iterators
Loading required package: parallel

Attaching package: ‘expm’

The following object is masked from ‘package:Matrix’:

    expm

Time difference of 59.28726 mins
    hr max_width90.zhou max_width95.zhou max_width90.zhou.m max_width95.zhou.m
1 0.05        0.6313659        0.6781901          0.6313659          0.6781901
  max_width90.zhou.iso max_width95.zhou.iso
1            0.6313659            0.6781901
Time difference of 58.85188 mins
   hr max_width90.zhou max_width95.zhou max_width90.zhou.m max_width95.zhou.m
2 0.1        0.6929457        0.7501684          0.6929457          0.7501684
  max_width90.zhou.iso max_width95.zhou.iso
2            0.6929457            0.7501684
Time difference of 59.33242 mins
    hr max_width90.zhou max_width95.zhou max_width90.zhou.m max_width95.zhou.m
3 0.15        0.6681299        0.7276725          0.6681299          0.7276725
  max_width90.zhou.iso max_width95.zhou.iso
3            0.6681299            0.7276725
Time difference of 59.42583 mins
   hr max_width90.zhou max_width95.zhou max_width90.zhou.m max_width95.zhou.m
4 0.2        0.5903134        0.6458525          0.5903134          0.6458525
  max_width90.zhou.iso max_width95.zhou.iso
4            0.5903134            0.6458525
Time difference of 59.57398 mins
    hr max_width90.zhou max_width95.zhou max_width90.zhou.m max_width95.zhou.m
5 0.25        0.5175424        0.5662533          0.5175424          0.5662533
  max_width90.zhou.iso max_width95.zhou.iso
5            0.5175424            0.5662533
Time difference of 58.69888 mins
   hr max_width90.zhou max_width95.zhou max_width90.zhou.m max_width95.zhou.m
6 0.3        0.4577373        0.5020473          0.4577373          0.5020473
  max_width90.zhou.iso max_width95.zhou.iso
6            0.4577373            0.5020473
Time difference of 58.90129 mins
    hr max_width90.zhou max_width95.zhou max_width90.zhou.m max_width95.zhou.m
7 0.35        0.4080132        0.4481086          0.4080132          0.4481086
  max_width90.zhou.iso max_width95.zhou.iso
7            0.4080132            0.4481086
