
Due to MODULEPATH changes, the following have been reloaded:
  1) mii/1.1.2

The following have been reloaded with a version change:
  1) StdEnv/2023 => StdEnv/2020           5) libfabric/1.18.0 => libfabric/1.10.1
  2) gcccore/.12.3 => gcccore/.9.3.0      6) openmpi/4.1.5 => openmpi/4.0.3
  3) gentoo/2023 => gentoo/2020           7) ucx/1.14.1 => ucx/1.8.0
  4) imkl/2023.2.0 => imkl/2020.1.217

Batch index: 3
Model: b
Sample size: 300
Dimension: 27
Candidate vector: 10:100
Bandwidth: 0.05 0.1 0.15 0.2 0.25 0.3 0.35
Simulation: 40
Loading required package: iterators
Loading required package: parallel

Attaching package: ‘expm’

The following object is masked from ‘package:Matrix’:

    expm

Time difference of 1.10601 hours
    hr max_width90.zhou max_width95.zhou max_width90.zhou.m max_width95.zhou.m
1 0.05        0.6305982         0.678694          0.6305982           0.678694
  max_width90.zhou.iso max_width95.zhou.iso
1            0.6305982             0.678694
Time difference of 1.106213 hours
   hr max_width90.zhou max_width95.zhou max_width90.zhou.m max_width95.zhou.m
2 0.1        0.6867092        0.7450822          0.6867092          0.7450822
  max_width90.zhou.iso max_width95.zhou.iso
2            0.6867092            0.7450822
Time difference of 1.106043 hours
    hr max_width90.zhou max_width95.zhou max_width90.zhou.m max_width95.zhou.m
3 0.15        0.6720967         0.733201          0.6720967           0.733201
  max_width90.zhou.iso max_width95.zhou.iso
3            0.6720967             0.733201
Time difference of 1.105198 hours
   hr max_width90.zhou max_width95.zhou max_width90.zhou.m max_width95.zhou.m
4 0.2        0.5867433        0.6407593          0.5867433          0.6407593
  max_width90.zhou.iso max_width95.zhou.iso
4            0.5867433            0.6407593
Time difference of 1.105709 hours
    hr max_width90.zhou max_width95.zhou max_width90.zhou.m max_width95.zhou.m
5 0.25        0.5111741        0.5594343          0.5111741          0.5594343
  max_width90.zhou.iso max_width95.zhou.iso
5            0.5111741            0.5594343
Time difference of 1.106199 hours
   hr max_width90.zhou max_width95.zhou max_width90.zhou.m max_width95.zhou.m
6 0.3        0.4507014         0.493856          0.4507014           0.493856
  max_width90.zhou.iso max_width95.zhou.iso
6            0.4507014             0.493856
Time difference of 1.107125 hours
    hr max_width90.zhou max_width95.zhou max_width90.zhou.m max_width95.zhou.m
7 0.35        0.4030311        0.4417661          0.4030311          0.4417661
  max_width90.zhou.iso max_width95.zhou.iso
7            0.4030311            0.4417661
