
Due to MODULEPATH changes, the following have been reloaded:
  1) mii/1.1.2

The following have been reloaded with a version change:
  1) StdEnv/2023 => StdEnv/2020           5) libfabric/1.18.0 => libfabric/1.10.1
  2) gcccore/.12.3 => gcccore/.9.3.0      6) openmpi/4.1.5 => openmpi/4.0.3
  3) gentoo/2023 => gentoo/2020           7) ucx/1.14.1 => ucx/1.8.0
  4) imkl/2023.2.0 => imkl/2020.1.217

Batch index: 7
Model: b
Sample size: 300
Dimension: 27
Candidate vector: 10:100
Bandwidth: 0.05 0.1 0.15 0.2 0.25 0.3 0.35
Simulation: 40
Loading required package: iterators
Loading required package: parallel

Attaching package: ‘expm’

The following object is masked from ‘package:Matrix’:

    expm

Time difference of 1.001051 hours
    hr max_width90.zhou max_width95.zhou max_width90.zhou.m max_width95.zhou.m
1 0.05        0.6369892        0.6876645          0.6369892          0.6876645
  max_width90.zhou.iso max_width95.zhou.iso
1            0.6369892            0.6876645
Time difference of 59.52662 mins
   hr max_width90.zhou max_width95.zhou max_width90.zhou.m max_width95.zhou.m
2 0.1          0.68911        0.7435824            0.68911          0.7435824
  max_width90.zhou.iso max_width95.zhou.iso
2              0.68911            0.7435824
Time difference of 1.001585 hours
    hr max_width90.zhou max_width95.zhou max_width90.zhou.m max_width95.zhou.m
3 0.15        0.6795654        0.7399593          0.6795654          0.7399593
  max_width90.zhou.iso max_width95.zhou.iso
3            0.6795654            0.7399593
Time difference of 1.006659 hours
   hr max_width90.zhou max_width95.zhou max_width90.zhou.m max_width95.zhou.m
4 0.2        0.5943851        0.6497219          0.5943851          0.6497219
  max_width90.zhou.iso max_width95.zhou.iso
4            0.5943851            0.6497219
Time difference of 1.006902 hours
    hr max_width90.zhou max_width95.zhou max_width90.zhou.m max_width95.zhou.m
5 0.25        0.5172652        0.5659878          0.5172652          0.5659878
  max_width90.zhou.iso max_width95.zhou.iso
5            0.5172652            0.5659878
Time difference of 59.85234 mins
   hr max_width90.zhou max_width95.zhou max_width90.zhou.m max_width95.zhou.m
6 0.3        0.4571454        0.5013824          0.4571454          0.5013824
  max_width90.zhou.iso max_width95.zhou.iso
6            0.4571454            0.5013824
Time difference of 1.007361 hours
    hr max_width90.zhou max_width95.zhou max_width90.zhou.m max_width95.zhou.m
7 0.35         0.407379        0.4471726           0.407379          0.4471726
  max_width90.zhou.iso max_width95.zhou.iso
7             0.407379            0.4471726
