
Due to MODULEPATH changes, the following have been reloaded:
  1) mii/1.1.2

The following have been reloaded with a version change:
  1) StdEnv/2023 => StdEnv/2020           5) libfabric/1.18.0 => libfabric/1.10.1
  2) gcccore/.12.3 => gcccore/.9.3.0      6) openmpi/4.1.5 => openmpi/4.0.3
  3) gentoo/2023 => gentoo/2020           7) ucx/1.14.1 => ucx/1.8.0
  4) imkl/2023.2.0 => imkl/2020.1.217

Loading required package: iterators
Loading required package: parallel
Loading required package: Matrix

Attaching package: ‘expm’

The following object is masked from ‘package:Matrix’:

    expm

Time difference of 1.002133 hours
    hr         hd coverage90 coverage95   width90   width95
1 0.05 0.04830254        0.8      0.875 0.1900504 0.2116144
Time difference of 1.030844 hours
   hr         hd coverage90 coverage95   width90 width95
2 0.1 0.09660509      0.925      0.975 0.2187466 0.24559
Time difference of 1.017853 hours
    hr        hd coverage90 coverage95   width90   width95
3 0.15 0.1449076      0.875       0.95 0.1875387 0.2109605
Time difference of 1.054465 hours
   hr        hd coverage90 coverage95   width90  width95
4 0.2 0.1709976        0.9       0.95 0.1700589 0.191547
Time difference of 1.017849 hours
    hr        hd coverage90 coverage95   width90   width95
5 0.25 0.1587401      0.875       0.95 0.1660561 0.1860294
Time difference of 58.13326 mins
   hr        hd coverage90 coverage95   width90  width95
6 0.3 0.2008299      0.875      0.925 0.1452287 0.163608
Time difference of 1.042427 hours
    hr        hd coverage90 coverage95  width90   width95
7 0.35 0.2466555      0.825       0.95 0.128923 0.1456076
