
Due to MODULEPATH changes, the following have been reloaded:
  1) mii/1.1.2

The following have been reloaded with a version change:
  1) StdEnv/2023 => StdEnv/2020           5) libfabric/1.18.0 => libfabric/1.10.1
  2) gcccore/.12.3 => gcccore/.9.3.0      6) openmpi/4.1.5 => openmpi/4.0.3
  3) gentoo/2023 => gentoo/2020           7) ucx/1.14.1 => ucx/1.8.0
  4) imkl/2023.2.0 => imkl/2020.1.217

Loading required package: iterators
Loading required package: parallel
Loading required package: Matrix

Attaching package: ‘expm’

The following object is masked from ‘package:Matrix’:

    expm

Time difference of 55.95255 mins
    hr         hd coverage90 coverage95   width90   width95
1 0.05 0.04830254       0.85        0.9 0.1898474 0.2114079
Time difference of 57.02291 mins
   hr         hd coverage90 coverage95   width90   width95
2 0.1 0.09660509          1          1 0.2219225 0.2497844
Time difference of 57.48591 mins
    hr        hd coverage90 coverage95   width90   width95
3 0.15 0.1449076       0.95      0.975 0.1968519 0.2227935
Time difference of 57.58264 mins
   hr        hd coverage90 coverage95   width90   width95
4 0.2 0.1709976      0.925       0.95 0.1750187 0.1977498
Time difference of 58.21233 mins
    hr        hd coverage90 coverage95   width90   width95
5 0.25 0.1587401        0.9       0.95 0.1687599 0.1898904
Time difference of 58.29339 mins
   hr        hd coverage90 coverage95   width90   width95
6 0.3 0.2008299        0.9      0.925 0.1476063 0.1666294
Time difference of 57.91327 mins
    hr        hd coverage90 coverage95   width90   width95
7 0.35 0.2466555      0.875      0.925 0.1308095 0.1482025
