
Due to MODULEPATH changes, the following have been reloaded:
  1) mii/1.1.2

The following have been reloaded with a version change:
  1) StdEnv/2023 => StdEnv/2020           5) libfabric/1.18.0 => libfabric/1.10.1
  2) gcccore/.12.3 => gcccore/.9.3.0      6) openmpi/4.1.5 => openmpi/4.0.3
  3) gentoo/2023 => gentoo/2020           7) ucx/1.14.1 => ucx/1.8.0
  4) imkl/2023.2.0 => imkl/2020.1.217

Batch index: 1
Model: a
Sample size: 500
Dimension: 9
Candidate vector: 20:100
Bandwidth: 0.05 0.1 0.15 0.2 0.25 0.3 0.35
GCV: FALSE
Simulation: 40
Loading required package: iterators
Loading required package: parallel

Attaching package: ‘expm’

The following object is masked from ‘package:Matrix’:

    expm

Time difference of 1.078561 hours
    hr         hd is.cover90.hr is.cover95.hr is.cover90.hd is.cover95.hd
1 0.05 0.04847024          0.05           0.1         0.325         0.375
  SCB90.hr  SCB95.hr SCB90.hd  SCB95.hd
1 0.231469 0.2553085 0.207109 0.2276203
Time difference of 1.104746 hours
   hr         hd is.cover90.hr is.cover95.hr is.cover90.hd is.cover95.hd
2 0.1 0.09694048         0.725         0.775           0.8          0.85
   SCB90.hr  SCB95.hr  SCB90.hd  SCB95.hd
2 0.3100175 0.3423116 0.2875622 0.3194819
Time difference of 1.179031 hours
    hr        hd is.cover90.hr is.cover95.hr is.cover90.hd is.cover95.hd
3 0.15 0.1454107         0.875          0.95         0.875         0.975
   SCB90.hr SCB95.hr  SCB90.hd  SCB95.hd
3 0.3239397  0.35911 0.2964693 0.3303927
Time difference of 1.228414 hours
   hr       hd is.cover90.hr is.cover95.hr is.cover90.hd is.cover95.hd SCB90.hr
4 0.2 0.193881           0.9          0.95         0.925             1 0.290887
   SCB95.hr  SCB90.hd  SCB95.hd
4 0.3214833 0.2664343 0.2969229
Time difference of 1.200383 hours
    hr  hd is.cover90.hr is.cover95.hr is.cover90.hd is.cover95.hd  SCB90.hr
5 0.25 0.2         0.875         0.975         0.925         0.975 0.2671017
   SCB95.hr  SCB90.hd  SCB95.hd
5 0.2962922 0.2540922 0.2824774
Time difference of 1.18627 hours
   hr        hd is.cover90.hr is.cover95.hr is.cover90.hd is.cover95.hd
6 0.3 0.2008299         0.925          0.95         0.925          0.95
   SCB90.hr  SCB95.hr  SCB90.hd  SCB95.hd
6 0.2426131 0.2701733 0.2385694 0.2656716
Time difference of 1.18451 hours
    hr        hd is.cover90.hr is.cover95.hr is.cover90.hd is.cover95.hd
7 0.35 0.2466555           0.9          0.95           0.9          0.95
   SCB90.hr  SCB95.hr SCB90.hd  SCB95.hd
7 0.2132243 0.2371776 0.213948 0.2381713
