
Due to MODULEPATH changes, the following have been reloaded:
  1) mii/1.1.2

The following have been reloaded with a version change:
  1) StdEnv/2023 => StdEnv/2020           5) libfabric/1.18.0 => libfabric/1.10.1
  2) gcccore/.12.3 => gcccore/.9.3.0      6) openmpi/4.1.5 => openmpi/4.0.3
  3) gentoo/2023 => gentoo/2020           7) ucx/1.14.1 => ucx/1.8.0
  4) imkl/2023.2.0 => imkl/2020.1.217

Batch index: 8
Model: a
Sample size: 500
Dimension: 9
Candidate vector: 20:100
Bandwidth: 0.05 0.1 0.15 0.2 0.25 0.3 0.35
GCV: FALSE
Simulation: 40
Loading required package: iterators
Loading required package: parallel

Attaching package: ‘expm’

The following object is masked from ‘package:Matrix’:

    expm

Time difference of 1.13098 hours
    hr         hd is.cover90.hr is.cover95.hr is.cover90.hd is.cover95.hd
1 0.05 0.04847024         0.075          0.25           0.3           0.5
   SCB90.hr  SCB95.hr  SCB90.hd  SCB95.hd
1 0.2359897 0.2604837 0.2132801 0.2350095
Time difference of 1.183144 hours
   hr         hd is.cover90.hr is.cover95.hr is.cover90.hd is.cover95.hd
2 0.1 0.09694048          0.75         0.925           0.8         0.875
   SCB90.hr  SCB95.hr  SCB90.hd  SCB95.hd
2 0.3069358 0.3374296 0.2841279 0.3135016
Time difference of 1.229258 hours
    hr        hd is.cover90.hr is.cover95.hr is.cover90.hd is.cover95.hd
3 0.15 0.1454107         0.875          0.95         0.875         0.925
   SCB90.hr  SCB95.hr  SCB90.hd  SCB95.hd
3 0.3174679 0.3504418 0.2954959 0.3280034
Time difference of 1.267993 hours
   hr       hd is.cover90.hr is.cover95.hr is.cover90.hd is.cover95.hd
4 0.2 0.193881           0.9          0.95           0.9         0.925
   SCB90.hr  SCB95.hr  SCB90.hd  SCB95.hd
4 0.2892937 0.3212038 0.2703285 0.3000938
Time difference of 1.28881 hours
    hr  hd is.cover90.hr is.cover95.hr is.cover90.hd is.cover95.hd  SCB90.hr
5 0.25 0.2          0.85          0.95           0.9          0.95 0.2655923
   SCB95.hr  SCB90.hd  SCB95.hd
5 0.2954508 0.2550366 0.2846085
Time difference of 1.249235 hours
   hr        hd is.cover90.hr is.cover95.hr is.cover90.hd is.cover95.hd
6 0.3 0.2008299         0.875          0.95           0.9          0.95
   SCB90.hr  SCB95.hr  SCB90.hd  SCB95.hd
6 0.2433001 0.2703107 0.2401867 0.2672148
Time difference of 1.268551 hours
    hr        hd is.cover90.hr is.cover95.hr is.cover90.hd is.cover95.hd
7 0.35 0.2466555          0.85           0.9          0.85           0.9
   SCB90.hr  SCB95.hr  SCB90.hd  SCB95.hd
7 0.2159025 0.2406032 0.2166289 0.2413384
