
Due to MODULEPATH changes, the following have been reloaded:
  1) mii/1.1.2

The following have been reloaded with a version change:
  1) StdEnv/2023 => StdEnv/2020           5) libfabric/1.18.0 => libfabric/1.10.1
  2) gcccore/.12.3 => gcccore/.9.3.0      6) openmpi/4.1.5 => openmpi/4.0.3
  3) gentoo/2023 => gentoo/2020           7) ucx/1.14.1 => ucx/1.8.0
  4) imkl/2023.2.0 => imkl/2020.1.217

Batch index: 7
Model: a
Sample size: 500
Dimension: 9
Candidate vector: 20:100
Bandwidth: 0.05 0.1 0.15 0.2 0.25 0.3 0.35
GCV: FALSE
Simulation: 40
Loading required package: iterators
Loading required package: parallel

Attaching package: ‘expm’

The following object is masked from ‘package:Matrix’:

    expm

Time difference of 57.79864 mins
    hr         hd is.cover90.hr is.cover95.hr is.cover90.hd is.cover95.hd
1 0.05 0.04847024           0.1         0.125           0.3         0.425
   SCB90.hr SCB95.hr  SCB90.hd  SCB95.hd
1 0.2380763 0.264019 0.2122074 0.2343759
Time difference of 1.026822 hours
   hr         hd is.cover90.hr is.cover95.hr is.cover90.hd is.cover95.hd
2 0.1 0.09694048          0.75           0.8          0.85         0.875
   SCB90.hr SCB95.hr  SCB90.hd  SCB95.hd
2 0.3070665  0.33851 0.2924454 0.3242786
Time difference of 1.064428 hours
    hr        hd is.cover90.hr is.cover95.hr is.cover90.hd is.cover95.hd
3 0.15 0.1454107         0.825           0.9         0.875         0.925
   SCB90.hr  SCB95.hr  SCB90.hd  SCB95.hd
3 0.3230008 0.3563103 0.3026716 0.3366603
Time difference of 1.120029 hours
   hr       hd is.cover90.hr is.cover95.hr is.cover90.hd is.cover95.hd
4 0.2 0.193881         0.825           0.9         0.825          0.95
   SCB90.hr  SCB95.hr  SCB90.hd  SCB95.hd
4 0.2942984 0.3260154 0.2750661 0.3057078
Time difference of 1.106708 hours
    hr  hd is.cover90.hr is.cover95.hr is.cover90.hd is.cover95.hd  SCB90.hr
5 0.25 0.2         0.875         0.925         0.825          0.95 0.2696604
   SCB95.hr  SCB90.hd  SCB95.hd
5 0.2991522 0.2590462 0.2886133
Time difference of 1.129945 hours
   hr        hd is.cover90.hr is.cover95.hr is.cover90.hd is.cover95.hd
6 0.3 0.2008299         0.875           0.9          0.85         0.925
   SCB90.hr  SCB95.hr  SCB90.hd  SCB95.hd
6 0.2454604 0.2730694 0.2421129 0.2696567
Time difference of 1.123737 hours
    hr        hd is.cover90.hr is.cover95.hr is.cover90.hd is.cover95.hd
7 0.35 0.2466555          0.85         0.925          0.85         0.925
   SCB90.hr SCB95.hr  SCB90.hd  SCB95.hd
7 0.2171076 0.241046 0.2178933 0.2419472
