
Due to MODULEPATH changes, the following have been reloaded:
  1) mii/1.1.2

The following have been reloaded with a version change:
  1) StdEnv/2023 => StdEnv/2020           5) libfabric/1.18.0 => libfabric/1.10.1
  2) gcccore/.12.3 => gcccore/.9.3.0      6) openmpi/4.1.5 => openmpi/4.0.3
  3) gentoo/2023 => gentoo/2020           7) ucx/1.14.1 => ucx/1.8.0
  4) imkl/2023.2.0 => imkl/2020.1.217

Batch index: 4
Model: a
Sample size: 500
Dimension: 9
Candidate vector: 20:100
Bandwidth: 0.05 0.1 0.15 0.2 0.25 0.3 0.35
GCV: FALSE
Simulation: 40
Loading required package: iterators
Loading required package: parallel

Attaching package: ‘expm’

The following object is masked from ‘package:Matrix’:

    expm

Time difference of 1.025151 hours
    hr         hd is.cover90.hr is.cover95.hr is.cover90.hd is.cover95.hd
1 0.05 0.04847024         0.075         0.225          0.25          0.45
   SCB90.hr  SCB95.hr  SCB90.hd  SCB95.hd
1 0.2438353 0.2691067 0.2191996 0.2430874
Time difference of 1.071894 hours
   hr         hd is.cover90.hr is.cover95.hr is.cover90.hd is.cover95.hd
2 0.1 0.09694048           0.7          0.85          0.65          0.85
  SCB90.hr  SCB95.hr  SCB90.hd  SCB95.hd
2 0.311923 0.3436018 0.2893146 0.3211575
Time difference of 1.132766 hours
    hr        hd is.cover90.hr is.cover95.hr is.cover90.hd is.cover95.hd
3 0.15 0.1454107         0.875         0.975         0.925         0.975
   SCB90.hr  SCB95.hr  SCB90.hd  SCB95.hd
3 0.3220368 0.3570835 0.3013864 0.3363555
Time difference of 1.150818 hours
   hr       hd is.cover90.hr is.cover95.hr is.cover90.hd is.cover95.hd
4 0.2 0.193881          0.85          0.95         0.925         0.975
   SCB90.hr  SCB95.hr  SCB90.hd  SCB95.hd
4 0.2910576 0.3237047 0.2724414 0.3035333
Time difference of 1.175005 hours
    hr  hd is.cover90.hr is.cover95.hr is.cover90.hd is.cover95.hd  SCB90.hr
5 0.25 0.2           0.9         0.925           0.9         0.975 0.2686698
   SCB95.hr  SCB90.hd  SCB95.hd
5 0.2984042 0.2575556 0.2870152
Time difference of 1.159335 hours
   hr        hd is.cover90.hr is.cover95.hr is.cover90.hd is.cover95.hd
6 0.3 0.2008299         0.825          0.95          0.85          0.95
   SCB90.hr  SCB95.hr  SCB90.hd  SCB95.hd
6 0.2451591 0.2729134 0.2424081 0.2698681
Time difference of 1.172527 hours
    hr        hd is.cover90.hr is.cover95.hr is.cover90.hd is.cover95.hd
7 0.35 0.2466555         0.825         0.975         0.825          0.95
   SCB90.hr  SCB95.hr  SCB90.hd  SCB95.hd
7 0.2154344 0.2404043 0.2160665 0.2410147
