
Due to MODULEPATH changes, the following have been reloaded:
  1) mii/1.1.2

The following have been reloaded with a version change:
  1) StdEnv/2023 => StdEnv/2020           5) libfabric/1.18.0 => libfabric/1.10.1
  2) gcccore/.12.3 => gcccore/.9.3.0      6) openmpi/4.1.5 => openmpi/4.0.3
  3) gentoo/2023 => gentoo/2020           7) ucx/1.14.1 => ucx/1.8.0
  4) imkl/2023.2.0 => imkl/2020.1.217

Batch index: 5
Model: a
Sample size: 500
Dimension: 9
Candidate vector: 20:100
Bandwidth: 0.05 0.1 0.15 0.2 0.25 0.3 0.35
GCV: FALSE
Simulation: 40
Loading required package: iterators
Loading required package: parallel

Attaching package: ‘expm’

The following object is masked from ‘package:Matrix’:

    expm

Time difference of 59.72402 mins
    hr         hd is.cover90.hr is.cover95.hr is.cover90.hd is.cover95.hd
1 0.05 0.04847024          0.05         0.075         0.225         0.375
   SCB90.hr  SCB95.hr  SCB90.hd  SCB95.hd
1 0.2340599 0.2576985 0.2080629 0.2298036
Time difference of 1.038998 hours
   hr         hd is.cover90.hr is.cover95.hr is.cover90.hd is.cover95.hd
2 0.1 0.09694048          0.65           0.9           0.8          0.85
   SCB90.hr  SCB95.hr  SCB90.hd  SCB95.hd
2 0.3110803 0.3424677 0.2928411 0.3236231
Time difference of 1.094388 hours
    hr        hd is.cover90.hr is.cover95.hr is.cover90.hd is.cover95.hd
3 0.15 0.1454107           0.9         0.975         0.925          0.95
   SCB90.hr  SCB95.hr SCB90.hd  SCB95.hd
3 0.3252979 0.3588087 0.304385 0.3387324
Time difference of 1.13461 hours
   hr       hd is.cover90.hr is.cover95.hr is.cover90.hd is.cover95.hd
4 0.2 0.193881         0.975             1         0.875             1
   SCB90.hr  SCB95.hr SCB90.hd  SCB95.hd
4 0.2943039 0.3264858 0.273209 0.3034081
Time difference of 1.113601 hours
    hr  hd is.cover90.hr is.cover95.hr is.cover90.hd is.cover95.hd  SCB90.hr
5 0.25 0.2         0.925             1         0.875         0.975 0.2691736
   SCB95.hr  SCB90.hd  SCB95.hd
5 0.2980655 0.2572996 0.2862487
Time difference of 1.118246 hours
   hr        hd is.cover90.hr is.cover95.hr is.cover90.hd is.cover95.hd
6 0.3 0.2008299           0.9             1           0.9         0.975
   SCB90.hr  SCB95.hr  SCB90.hd  SCB95.hd
6 0.2453364 0.2715388 0.2422145 0.2682048
Time difference of 1.092212 hours
    hr        hd is.cover90.hr is.cover95.hr is.cover90.hd is.cover95.hd
7 0.35 0.2466555         0.925          0.95         0.925         0.925
   SCB90.hr  SCB95.hr  SCB90.hd  SCB95.hd
7 0.2156803 0.2392975 0.2164326 0.2400518
