
Due to MODULEPATH changes, the following have been reloaded:
  1) mii/1.1.2

The following have been reloaded with a version change:
  1) StdEnv/2023 => StdEnv/2020           5) libfabric/1.18.0 => libfabric/1.10.1
  2) gcccore/.12.3 => gcccore/.9.3.0      6) openmpi/4.1.5 => openmpi/4.0.3
  3) gentoo/2023 => gentoo/2020           7) ucx/1.14.1 => ucx/1.8.0
  4) imkl/2023.2.0 => imkl/2020.1.217

Batch index: 3
Model: a
Sample size: 500
Dimension: 9
Candidate vector: 20:100
Bandwidth: 0.05 0.1 0.15 0.2 0.25 0.3 0.35
GCV: FALSE
Simulation: 40
Loading required package: iterators
Loading required package: parallel

Attaching package: ‘expm’

The following object is masked from ‘package:Matrix’:

    expm

Time difference of 1.066616 hours
    hr         hd is.cover90.hr is.cover95.hr is.cover90.hd is.cover95.hd
1 0.05 0.04847024         0.075          0.35         0.275           0.6
  SCB90.hr  SCB95.hr SCB90.hd  SCB95.hd
1  0.23983 0.2651714 0.216773 0.2397273
Time difference of 1.113155 hours
   hr         hd is.cover90.hr is.cover95.hr is.cover90.hd is.cover95.hd
2 0.1 0.09694048         0.775         0.875           0.8          0.95
   SCB90.hr  SCB95.hr  SCB90.hd  SCB95.hd
2 0.3075099 0.3375824 0.2882452 0.3181642
Time difference of 1.16806 hours
    hr        hd is.cover90.hr is.cover95.hr is.cover90.hd is.cover95.hd
3 0.15 0.1454107         0.925          0.95          0.85           0.9
   SCB90.hr  SCB95.hr  SCB90.hd SCB95.hd
3 0.3300929 0.3660501 0.3058917 0.339477
Time difference of 1.214689 hours
   hr       hd is.cover90.hr is.cover95.hr is.cover90.hd is.cover95.hd
4 0.2 0.193881          0.95         0.975         0.925         0.975
   SCB90.hr  SCB95.hr  SCB90.hd  SCB95.hd
4 0.3014958 0.3351268 0.2778752 0.3101191
Time difference of 1.184825 hours
    hr  hd is.cover90.hr is.cover95.hr is.cover90.hd is.cover95.hd  SCB90.hr
5 0.25 0.2          0.95         0.975         0.875          0.95 0.2742023
   SCB95.hr  SCB90.hd  SCB95.hd
5 0.3054887 0.2611077 0.2914909
Time difference of 1.182076 hours
   hr        hd is.cover90.hr is.cover95.hr is.cover90.hd is.cover95.hd
6 0.3 0.2008299         0.875         0.925          0.85           0.9
   SCB90.hr SCB95.hr  SCB90.hd  SCB95.hd
6 0.2472485 0.274756 0.2437383 0.2709558
Time difference of 1.184928 hours
    hr        hd is.cover90.hr is.cover95.hr is.cover90.hd is.cover95.hd
7 0.35 0.2466555         0.875         0.925         0.875         0.925
   SCB90.hr  SCB95.hr  SCB90.hd  SCB95.hd
7 0.2166683 0.2410988 0.2174031 0.2418139
