
Due to MODULEPATH changes, the following have been reloaded:
  1) mii/1.1.2

The following have been reloaded with a version change:
  1) StdEnv/2023 => StdEnv/2020           5) libfabric/1.18.0 => libfabric/1.10.1
  2) gcccore/.12.3 => gcccore/.9.3.0      6) openmpi/4.1.5 => openmpi/4.0.3
  3) gentoo/2023 => gentoo/2020           7) ucx/1.14.1 => ucx/1.8.0
  4) imkl/2023.2.0 => imkl/2020.1.217

Batch index: 2
Model: a
Sample size: 500
Dimension: 9
Candidate vector: 20:100
Bandwidth: 0.05 0.1 0.15 0.2 0.25 0.3 0.35
GCV: FALSE
Simulation: 40
Loading required package: iterators
Loading required package: parallel

Attaching package: ‘expm’

The following object is masked from ‘package:Matrix’:

    expm

Time difference of 1.05158 hours
    hr         hd is.cover90.hr is.cover95.hr is.cover90.hd is.cover95.hd
1 0.05 0.04847024           0.1         0.125          0.15         0.375
   SCB90.hr  SCB95.hr  SCB90.hd SCB95.hd
1 0.2383829 0.2630168 0.2144426 0.236924
Time difference of 1.111268 hours
   hr         hd is.cover90.hr is.cover95.hr is.cover90.hd is.cover95.hd
2 0.1 0.09694048         0.675         0.875           0.8         0.925
   SCB90.hr  SCB95.hr  SCB90.hd  SCB95.hd
2 0.3080169 0.3400887 0.2908004 0.3232074
Time difference of 1.168126 hours
    hr        hd is.cover90.hr is.cover95.hr is.cover90.hd is.cover95.hd
3 0.15 0.1454107          0.85         0.975         0.875         0.975
   SCB90.hr  SCB95.hr  SCB90.hd SCB95.hd
3 0.3154159 0.3492097 0.2931392 0.327229
Time difference of 1.178937 hours
   hr       hd is.cover90.hr is.cover95.hr is.cover90.hd is.cover95.hd
4 0.2 0.193881           0.9          0.95          0.85         0.925
   SCB90.hr  SCB95.hr  SCB90.hd  SCB95.hd
4 0.2841241 0.3128966 0.2645845 0.2939733
Time difference of 1.189704 hours
    hr  hd is.cover90.hr is.cover95.hr is.cover90.hd is.cover95.hd  SCB90.hr
5 0.25 0.2          0.85          0.95         0.825          0.95 0.2635847
   SCB95.hr SCB90.hd  SCB95.hd
5 0.2904849 0.253472 0.2806491
Time difference of 1.189762 hours
   hr        hd is.cover90.hr is.cover95.hr is.cover90.hd is.cover95.hd
6 0.3 0.2008299         0.825         0.925           0.8         0.925
   SCB90.hr  SCB95.hr  SCB90.hd  SCB95.hd
6 0.2425508 0.2685858 0.2391252 0.2653324
Time difference of 1.184282 hours
    hr        hd is.cover90.hr is.cover95.hr is.cover90.hd is.cover95.hd
7 0.35 0.2466555         0.825         0.975         0.825         0.975
   SCB90.hr  SCB95.hr  SCB90.hd  SCB95.hd
7 0.2143344 0.2375747 0.2149395 0.2382906
