
Due to MODULEPATH changes, the following have been reloaded:
  1) mii/1.1.2

The following have been reloaded with a version change:
  1) StdEnv/2023 => StdEnv/2020           5) libfabric/1.18.0 => libfabric/1.10.1
  2) gcccore/.12.3 => gcccore/.9.3.0      6) openmpi/4.1.5 => openmpi/4.0.3
  3) gentoo/2023 => gentoo/2020           7) ucx/1.14.1 => ucx/1.8.0
  4) imkl/2023.2.0 => imkl/2020.1.217

Batch index: 9
Model: a
Sample size: 500
Dimension: 9
Candidate vector: 20:100
Bandwidth: 0.05 0.1 0.15 0.2 0.25 0.3 0.35
GCV: FALSE
Simulation: 40
Loading required package: iterators
Loading required package: parallel

Attaching package: ‘expm’

The following object is masked from ‘package:Matrix’:

    expm

Time difference of 1.125388 hours
    hr         hd is.cover90.hr is.cover95.hr is.cover90.hd is.cover95.hd
1 0.05 0.04847024           0.1           0.2         0.275           0.4
   SCB90.hr  SCB95.hr  SCB90.hd  SCB95.hd
1 0.2388347 0.2636895 0.2140933 0.2360758
Time difference of 1.155802 hours
   hr         hd is.cover90.hr is.cover95.hr is.cover90.hd is.cover95.hd
2 0.1 0.09694048         0.675          0.75          0.85         0.875
   SCB90.hr SCB95.hr  SCB90.hd  SCB95.hd
2 0.3059348 0.336173 0.2854968 0.3159467
Time difference of 1.247616 hours
    hr        hd is.cover90.hr is.cover95.hr is.cover90.hd is.cover95.hd
3 0.15 0.1454107         0.775          0.95           0.8          0.95
   SCB90.hr  SCB95.hr  SCB90.hd  SCB95.hd
3 0.3176052 0.3512317 0.2943821 0.3279666
Time difference of 1.271257 hours
   hr       hd is.cover90.hr is.cover95.hr is.cover90.hd is.cover95.hd
4 0.2 0.193881           0.8         0.875          0.75         0.925
   SCB90.hr  SCB95.hr  SCB90.hd  SCB95.hd
4 0.2857674 0.3168122 0.2657918 0.2958306
Time difference of 1.258115 hours
    hr  hd is.cover90.hr is.cover95.hr is.cover90.hd is.cover95.hd  SCB90.hr
5 0.25 0.2          0.75           0.9           0.7          0.85 0.2636393
  SCB95.hr SCB90.hd  SCB95.hd
5 0.292895 0.253757 0.2820231
Time difference of 1.259853 hours
   hr        hd is.cover90.hr is.cover95.hr is.cover90.hd is.cover95.hd
6 0.3 0.2008299         0.775         0.875          0.75         0.875
   SCB90.hr  SCB95.hr  SCB90.hd  SCB95.hd
6 0.2426524 0.2699244 0.2400194 0.2672676
Time difference of 1.285923 hours
    hr        hd is.cover90.hr is.cover95.hr is.cover90.hd is.cover95.hd
7 0.35 0.2466555          0.75         0.875          0.75         0.875
   SCB90.hr  SCB95.hr  SCB90.hd  SCB95.hd
7 0.2169855 0.2410711 0.2175957 0.2417532
