
Due to MODULEPATH changes, the following have been reloaded:
  1) mii/1.1.2

The following have been reloaded with a version change:
  1) StdEnv/2023 => StdEnv/2020           5) libfabric/1.18.0 => libfabric/1.10.1
  2) gcccore/.12.3 => gcccore/.9.3.0      6) openmpi/4.1.5 => openmpi/4.0.3
  3) gentoo/2023 => gentoo/2020           7) ucx/1.14.1 => ucx/1.8.0
  4) imkl/2023.2.0 => imkl/2020.1.217

Loading required package: iterators
Loading required package: parallel

Attaching package: ‘expm’

The following object is masked from ‘package:Matrix’:

    expm

Time difference of 24.55459 mins
   is.cover90 is.cover95     SCB90     SCB95  hr.lower    hr.opt  hr.upper
1           1          1 0.3989647 0.4534804 0.1201406 0.2271039 0.2576649
2           1          1 0.3483341 0.3802596 0.1201406 0.2576649 0.2576649
3           1          1 0.3146403 0.3476580 0.1201406 0.2576649 0.2576649
4           1          1 0.4681764 0.5236955 0.1201406 0.1965430 0.2576649
5           1          1 0.3468619 0.4004919 0.1201406 0.2576649 0.2576649
6           1          1 0.3267262 0.3643979 0.1201406 0.2576649 0.2576649
7           1          1 0.3079012 0.3365101 0.1201406 0.2576649 0.2576649
8           1          1 0.3710262 0.4122191 0.1201406 0.2576649 0.2576649
9           0          0 0.3085148 0.3413217 0.1201406 0.2576649 0.2576649
10          1          1 0.3319789 0.3817087 0.1201406 0.2576649 0.2576649
11          1          1 0.3379707 0.3693281 0.1201406 0.2576649 0.2576649
12          1          1 0.3155077 0.3510119 0.1201406 0.2576649 0.2576649
13          1          1 0.3007299 0.3362406 0.1201406 0.2576649 0.2576649
14          1          1 0.2846178 0.3107490 0.1201406 0.2576649 0.2576649
15          1          1 0.3173215 0.3511234 0.1201406 0.2576649 0.2576649
16          1          1 0.3212511 0.3508428 0.1201406 0.2576649 0.2576649
17          1          1 0.3234433 0.3581754 0.1201406 0.2576649 0.2576649
18          1          1 0.3107524 0.3436973 0.1201406 0.2576649 0.2576649
19          1          1 0.4270171 0.4837539 0.1201406 0.2423844 0.2576649
20          1          1 0.3074946 0.3442282 0.1201406 0.2576649 0.2576649
21          1          1 0.3401822 0.3776323 0.1201406 0.2576649 0.2576649
22          1          1 0.3389307 0.3800369 0.1201406 0.2576649 0.2576649
23          1          1 0.4125973 0.4597011 0.1201406 0.2576649 0.2576649
24          1          1 0.3338337 0.3673606 0.1201406 0.2576649 0.2576649
25          1          1 0.3335369 0.3707242 0.1201406 0.2576649 0.2576649
26          1          1 0.3574228 0.3989671 0.1201406 0.2576649 0.2576649
27          1          1 0.3354860 0.3758821 0.1201406 0.2423844 0.2576649
28          1          1 0.3083356 0.3468951 0.1201406 0.2576649 0.2576649
29          1          1 0.3192407 0.3530177 0.1201406 0.2576649 0.2576649
30          1          1 0.3604053 0.3920823 0.1201406 0.2576649 0.2576649
31          1          1 0.3619683 0.3969820 0.1201406 0.2576649 0.2576649
32          1          1 0.3295464 0.3657438 0.1201406 0.2576649 0.2576649
33          1          1 0.3023392 0.3403275 0.1201406 0.2576649 0.2576649
34          1          1 0.3413214 0.3710925 0.1201406 0.2576649 0.2576649
35          0          0 0.3259728 0.3595029 0.1201406 0.2576649 0.2576649
36          0          0 0.3301418 0.3635406 0.1201406 0.2576649 0.2576649
37          0          0 0.2792815 0.3150716 0.1201406 0.2576649 0.2576649
38          1          1 0.3714590 0.4136689 0.1201406 0.2576649 0.2576649
39          1          1 0.3446589 0.3832463 0.1201406 0.2576649 0.2576649
40          1          1 0.3339780 0.3794894 0.1201406 0.2576649 0.2576649
