
Due to MODULEPATH changes, the following have been reloaded:
  1) mii/1.1.2

The following have been reloaded with a version change:
  1) StdEnv/2023 => StdEnv/2020           5) libfabric/1.18.0 => libfabric/1.10.1
  2) gcccore/.12.3 => gcccore/.9.3.0      6) openmpi/4.1.5 => openmpi/4.0.3
  3) gentoo/2023 => gentoo/2020           7) ucx/1.14.1 => ucx/1.8.0
  4) imkl/2023.2.0 => imkl/2020.1.217

Loading required package: iterators
Loading required package: parallel

Attaching package: ‘expm’

The following object is masked from ‘package:Matrix’:

    expm

Time difference of 22.15998 mins
   is.cover90 is.cover95     SCB90     SCB95  hr.lower    hr.opt  hr.upper
1           0          1 0.4029993 0.4547802 0.1201406 0.2576649 0.2576649
2           0          0 0.2668321 0.2943068 0.1201406 0.2576649 0.2576649
3           1          1 0.2969512 0.3325490 0.1201406 0.2576649 0.2576649
4           1          1 0.3257894 0.3799649 0.1201406 0.2576649 0.2576649
5           1          1 0.3607641 0.4052071 0.1201406 0.2576649 0.2576649
6           1          1 0.4196534 0.4580436 0.1201406 0.2576649 0.2576649
7           1          1 0.3208335 0.3585529 0.1201406 0.2576649 0.2576649
8           1          1 0.3494718 0.3947074 0.1201406 0.2423844 0.2576649
9           1          1 0.3022825 0.3445998 0.1201406 0.2576649 0.2576649
10          1          1 0.3053401 0.3408821 0.1201406 0.2576649 0.2576649
11          1          1 0.3383646 0.3780048 0.1201406 0.2576649 0.2576649
12          1          1 0.2628784 0.2932495 0.1201406 0.2576649 0.2576649
13          1          1 0.3718416 0.4166428 0.1201406 0.2576649 0.2576649
14          1          1 0.3367061 0.3732379 0.1201406 0.2576649 0.2576649
15          1          1 0.3095590 0.3445907 0.1201406 0.2576649 0.2576649
16          1          1 0.3623562 0.4157346 0.1201406 0.2576649 0.2576649
17          1          1 0.3310856 0.3691325 0.1201406 0.2576649 0.2576649
18          1          1 0.3146987 0.3465000 0.1201406 0.2576649 0.2576649
19          1          1 0.3202389 0.3581881 0.1201406 0.2576649 0.2576649
20          1          1 0.2853026 0.3118640 0.1201406 0.2576649 0.2576649
21          1          1 0.4111530 0.4440662 0.1201406 0.1507015 0.2576649
22          1          1 0.3365747 0.3713008 0.1201406 0.2576649 0.2576649
23          1          1 0.3295792 0.3708915 0.1201406 0.2576649 0.2576649
24          1          1 0.2713497 0.3005914 0.1201406 0.2576649 0.2576649
25          1          1 0.4975197 0.5716807 0.1201406 0.1965430 0.2576649
26          1          1 0.3377493 0.3750699 0.1201406 0.2576649 0.2576649
27          1          1 0.3360850 0.3679546 0.1201406 0.2576649 0.2576649
28          1          1 0.3019748 0.3349236 0.1201406 0.2576649 0.2576649
29          1          1 0.3648928 0.4080739 0.1201406 0.2576649 0.2576649
30          1          1 0.3915934 0.4328950 0.1201406 0.2576649 0.2576649
31          1          1 0.3518033 0.3938629 0.1201406 0.2576649 0.2576649
32          1          1 0.3497536 0.4030086 0.1201406 0.2576649 0.2576649
33          1          1 0.3605509 0.4045029 0.1201406 0.2576649 0.2576649
34          1          1 0.3166404 0.3583678 0.1201406 0.2576649 0.2576649
35          1          1 0.3669304 0.4006112 0.1201406 0.2118234 0.2576649
36          1          1 0.3183855 0.3556922 0.1201406 0.2576649 0.2576649
37          1          1 0.3430682 0.3782774 0.1201406 0.2576649 0.2576649
38          1          1 0.2940855 0.3318085 0.1201406 0.2576649 0.2576649
39          1          1 0.3290894 0.3677504 0.1201406 0.2576649 0.2576649
40          1          1 0.4704837 0.5472934 0.1201406 0.2576649 0.2576649
