
Due to MODULEPATH changes, the following have been reloaded:
  1) mii/1.1.2

The following have been reloaded with a version change:
  1) StdEnv/2023 => StdEnv/2020           5) libfabric/1.18.0 => libfabric/1.10.1
  2) gcccore/.12.3 => gcccore/.9.3.0      6) openmpi/4.1.5 => openmpi/4.0.3
  3) gentoo/2023 => gentoo/2020           7) ucx/1.14.1 => ucx/1.8.0
  4) imkl/2023.2.0 => imkl/2020.1.217

Loading required package: iterators
Loading required package: parallel

Attaching package: ‘expm’

The following object is masked from ‘package:Matrix’:

    expm

Time difference of 24.75888 mins
   is.cover90 is.cover95     SCB90     SCB95  hr.lower    hr.opt  hr.upper
1           1          1 0.3140959 0.3457387 0.1201406 0.2576649 0.2576649
2           1          1 0.3368887 0.3729313 0.1201406 0.2576649 0.2576649
3           1          1 0.3374370 0.3735725 0.1201406 0.2576649 0.2576649
4           1          1 0.3113462 0.3441513 0.1201406 0.2576649 0.2576649
5           1          1 0.3319720 0.3696406 0.1201406 0.2576649 0.2576649
6           1          1 0.3444756 0.3815569 0.1201406 0.2576649 0.2576649
7           1          1 0.3336165 0.3673865 0.1201406 0.2576649 0.2576649
8           1          1 0.3451409 0.3846314 0.1201406 0.2576649 0.2576649
9           1          1 0.3740478 0.4185356 0.1201406 0.2576649 0.2576649
10          1          1 0.3647843 0.4062180 0.1201406 0.2118234 0.2576649
11          1          1 0.2763770 0.3127945 0.1201406 0.2576649 0.2576649
12          1          1 0.3118223 0.3473953 0.1201406 0.2576649 0.2576649
13          1          1 0.2847749 0.3123294 0.1201406 0.2576649 0.2576649
14          1          1 0.3334455 0.3790544 0.1201406 0.2576649 0.2576649
15          1          1 0.3381126 0.3785214 0.1201406 0.2576649 0.2576649
16          1          1 0.3153895 0.3517273 0.1201406 0.2576649 0.2576649
17          1          1 0.3086601 0.3423845 0.1201406 0.2576649 0.2576649
18          1          1 0.3793147 0.4172232 0.1201406 0.2576649 0.2576649
19          1          1 0.2800963 0.3136832 0.1201406 0.2576649 0.2576649
20          1          1 0.3556967 0.4019735 0.1201406 0.2576649 0.2576649
21          1          1 0.3151935 0.3455198 0.1201406 0.2576649 0.2576649
22          1          1 0.3370385 0.3695531 0.1201406 0.2576649 0.2576649
23          1          1 0.4250943 0.4750510 0.1201406 0.2576649 0.2576649
24          1          1 0.3669562 0.4094953 0.1201406 0.2576649 0.2576649
25          1          1 0.2994373 0.3354678 0.1201406 0.2576649 0.2576649
26          0          1 0.2945591 0.3314339 0.1201406 0.2423844 0.2576649
27          1          1 0.3992897 0.4435431 0.1201406 0.2576649 0.2576649
28          1          1 0.2937098 0.3203075 0.1201406 0.2576649 0.2576649
29          1          1 0.2992325 0.3301205 0.1201406 0.2576649 0.2576649
30          1          1 0.3372320 0.3737874 0.1201406 0.2271039 0.2576649
31          1          1 0.3506441 0.3857892 0.1201406 0.2576649 0.2576649
32          1          1 0.3386860 0.3735942 0.1201406 0.2576649 0.2576649
33          1          1 0.2989789 0.3310187 0.1201406 0.2576649 0.2576649
34          1          1 0.3900179 0.4406343 0.1201406 0.2576649 0.2576649
35          1          1 0.3329618 0.3676798 0.1201406 0.2576649 0.2576649
36          1          1 0.2426890 0.2671392 0.1201406 0.2576649 0.2576649
37          1          1 0.3229332 0.3578269 0.1201406 0.2576649 0.2576649
38          1          1 0.3170705 0.3506844 0.1201406 0.2576649 0.2576649
39          0          0 0.3377717 0.3871164 0.1201406 0.2576649 0.2576649
40          1          1 0.4097013 0.4917731 0.1201406 0.2576649 0.2576649
