
Due to MODULEPATH changes, the following have been reloaded:
  1) mii/1.1.2

The following have been reloaded with a version change:
  1) StdEnv/2023 => StdEnv/2020           5) libfabric/1.18.0 => libfabric/1.10.1
  2) gcccore/.12.3 => gcccore/.9.3.0      6) openmpi/4.1.5 => openmpi/4.0.3
  3) gentoo/2023 => gentoo/2020           7) ucx/1.14.1 => ucx/1.8.0
  4) imkl/2023.2.0 => imkl/2020.1.217

Loading required package: iterators
Loading required package: parallel

Attaching package: ‘expm’

The following object is masked from ‘package:Matrix’:

    expm

Time difference of 24.71315 mins
   is.cover90 is.cover95     SCB90     SCB95  hr.lower    hr.opt  hr.upper
1           1          1 0.3249793 0.3625578 0.1201406 0.2576649 0.2576649
2           1          1 0.3244214 0.3637603 0.1201406 0.2576649 0.2576649
3           1          1 0.3464079 0.3848593 0.1201406 0.1659820 0.2576649
4           1          1 0.3599684 0.3964231 0.1201406 0.2576649 0.2576649
5           1          1 0.3306687 0.3747437 0.1201406 0.2576649 0.2576649
6           1          1 0.3502129 0.3955456 0.1201406 0.2576649 0.2576649
7           1          1 0.3664723 0.4265782 0.1201406 0.2576649 0.2576649
8           1          1 0.3052439 0.3516375 0.1201406 0.2576649 0.2576649
9           1          1 0.3570587 0.3948410 0.1201406 0.2576649 0.2576649
10          1          1 0.3598809 0.4019773 0.1201406 0.2576649 0.2576649
11          1          1 0.2620801 0.2891889 0.1201406 0.2576649 0.2576649
12          1          1 0.3476738 0.3854314 0.1201406 0.2576649 0.2576649
13          1          1 0.3135683 0.3407213 0.1201406 0.2576649 0.2576649
14          1          1 0.3178870 0.3551278 0.1201406 0.2576649 0.2576649
15          1          1 0.3534560 0.3877394 0.1201406 0.2576649 0.2576649
16          1          1 0.3637413 0.4059781 0.1201406 0.2576649 0.2576649
17          1          1 0.3595736 0.4025189 0.1201406 0.2271039 0.2576649
18          1          1 0.3634020 0.4063542 0.1201406 0.2576649 0.2576649
19          1          1 0.3447190 0.3838717 0.1201406 0.2423844 0.2576649
20          1          1 0.3230996 0.3693738 0.1201406 0.2423844 0.2576649
21          1          1 0.3015348 0.3392583 0.1201406 0.2576649 0.2576649
22          1          1 0.4118901 0.4499737 0.1201406 0.2118234 0.2576649
23          1          1 0.3240642 0.3657034 0.1201406 0.2576649 0.2576649
24          1          1 0.3030317 0.3324130 0.1201406 0.2576649 0.2576649
25          1          1 0.3283626 0.3644126 0.1201406 0.2576649 0.2576649
26          1          1 0.3161150 0.3504359 0.1201406 0.2576649 0.2576649
27          1          1 0.3113954 0.3413012 0.1201406 0.2576649 0.2576649
28          1          1 0.3422359 0.3734495 0.1201406 0.2576649 0.2576649
29          1          1 0.2835955 0.3162350 0.1201406 0.2576649 0.2576649
30          1          1 0.3391579 0.3795515 0.1201406 0.2576649 0.2576649
31          1          1 0.3138482 0.3491315 0.1201406 0.2576649 0.2576649
32          1          1 0.3591999 0.3884433 0.1201406 0.2271039 0.2576649
33          1          1 0.3458448 0.3834313 0.1201406 0.2576649 0.2576649
34          1          1 0.3399985 0.3740733 0.1201406 0.2576649 0.2576649
35          1          1 0.3465690 0.3865681 0.1201406 0.2576649 0.2576649
36          1          1 0.3080694 0.3429878 0.1201406 0.2576649 0.2576649
37          1          1 0.3054299 0.3388333 0.1201406 0.2576649 0.2576649
38          1          1 0.3855401 0.4294081 0.1201406 0.2118234 0.2576649
39          1          1 0.3309835 0.3682842 0.1201406 0.2576649 0.2576649
40          1          1 0.3362746 0.3767564 0.1201406 0.2576649 0.2576649
