
Due to MODULEPATH changes, the following have been reloaded:
  1) mii/1.1.2

The following have been reloaded with a version change:
  1) StdEnv/2023 => StdEnv/2020           5) libfabric/1.18.0 => libfabric/1.10.1
  2) gcccore/.12.3 => gcccore/.9.3.0      6) openmpi/4.1.5 => openmpi/4.0.3
  3) gentoo/2023 => gentoo/2020           7) ucx/1.14.1 => ucx/1.8.0
  4) imkl/2023.2.0 => imkl/2020.1.217

Loading required package: iterators
Loading required package: parallel

Attaching package: ‘expm’

The following object is masked from ‘package:Matrix’:

    expm

Time difference of 47.23558 mins
   is.cover90 is.cover95     SCB90     SCB95  hr.lower    hr.opt  hr.upper
1           1          1 0.3357722 0.3701621 0.1201406 0.2576649 0.2576649
2           0          1 0.2913835 0.3228755 0.1201406 0.2576649 0.2576649
3           1          1 0.3580958 0.3997203 0.1201406 0.2576649 0.2576649
4           1          1 0.3110114 0.3449503 0.1201406 0.2576649 0.2576649
5           1          1 0.3115694 0.3455358 0.1201406 0.2576649 0.2576649
6           1          1 0.3270852 0.3636891 0.1201406 0.2576649 0.2576649
7           1          1 0.3618082 0.3948942 0.1201406 0.2576649 0.2576649
8           1          1 0.2704813 0.2998023 0.1201406 0.2576649 0.2576649
9           1          1 0.2816712 0.3246938 0.1201406 0.2576649 0.2576649
10          1          1 0.3794451 0.4302915 0.1201406 0.2576649 0.2576649
11          1          1 0.3107616 0.3547512 0.1201406 0.2576649 0.2576649
12          1          1 0.3436607 0.3840514 0.1201406 0.2576649 0.2576649
13          1          1 0.3066307 0.3431516 0.1201406 0.2423844 0.2576649
14          0          0 0.3108979 0.3513684 0.1201406 0.2576649 0.2576649
15          1          1 0.3440842 0.3764098 0.1201406 0.2576649 0.2576649
16          1          1 0.3112117 0.3434930 0.1201406 0.2576649 0.2576649
17          1          1 0.3423617 0.3787498 0.1201406 0.2576649 0.2576649
18          1          1 0.3328467 0.3750424 0.1201406 0.2576649 0.2576649
19          1          1 0.4261314 0.4799390 0.1201406 0.2576649 0.2576649
20          0          0 0.3246028 0.3669410 0.1201406 0.2576649 0.2576649
21          1          1 0.3825797 0.4290354 0.1201406 0.2576649 0.2576649
22          1          1 0.4339146 0.4708522 0.1201406 0.1965430 0.2576649
23          1          1 0.3055372 0.3355607 0.1201406 0.2576649 0.2576649
24          1          1 0.4022083 0.4507769 0.1201406 0.2118234 0.2576649
25          1          1 0.3565763 0.3968092 0.1201406 0.2576649 0.2576649
26          1          1 0.3471868 0.3854364 0.1201406 0.2576649 0.2576649
27          1          1 0.2958269 0.3194193 0.1201406 0.2576649 0.2576649
28          0          0 0.3133614 0.3517695 0.1201406 0.2576649 0.2576649
29          1          1 0.3201289 0.3558009 0.1201406 0.2576649 0.2576649
30          1          1 0.3126068 0.3517352 0.1201406 0.2576649 0.2576649
31          1          1 0.3419352 0.3914021 0.1201406 0.2576649 0.2576649
32          1          1 0.2948312 0.3248527 0.1201406 0.2576649 0.2576649
33          0          1 0.3367780 0.3720949 0.1201406 0.2576649 0.2576649
34          1          1 0.3962619 0.4426795 0.1201406 0.2576649 0.2576649
35          0          1 0.3357067 0.3799436 0.1201406 0.2576649 0.2576649
36          1          1 0.3540822 0.3903151 0.1201406 0.2576649 0.2576649
37          1          1 0.3080749 0.3367194 0.1201406 0.2576649 0.2576649
38          1          1 0.4075228 0.4520513 0.1201406 0.2576649 0.2576649
39          1          1 0.3233631 0.3574144 0.1201406 0.2576649 0.2576649
40          1          1 0.4101750 0.4476385 0.1201406 0.2576649 0.2576649
