
Due to MODULEPATH changes, the following have been reloaded:
  1) mii/1.1.2

The following have been reloaded with a version change:
  1) StdEnv/2023 => StdEnv/2020           5) libfabric/1.18.0 => libfabric/1.10.1
  2) gcccore/.12.3 => gcccore/.9.3.0      6) openmpi/4.1.5 => openmpi/4.0.3
  3) gentoo/2023 => gentoo/2020           7) ucx/1.14.1 => ucx/1.8.0
  4) imkl/2023.2.0 => imkl/2020.1.217

Loading required package: iterators
Loading required package: parallel

Attaching package: ‘expm’

The following object is masked from ‘package:Matrix’:

    expm

Time difference of 25.72147 mins
   is.cover90 is.cover95     SCB90     SCB95  hr.lower    hr.opt  hr.upper
1           1          1 0.3726144 0.4269898 0.1201406 0.2576649 0.2576649
2           1          1 0.4521313 0.4940089 0.1201406 0.1659820 0.2576649
3           1          1 0.3697781 0.4221577 0.1201406 0.2576649 0.2576649
4           1          1 0.3307463 0.3720109 0.1201406 0.2576649 0.2576649
5           1          1 0.3032174 0.3362089 0.1201406 0.2576649 0.2576649
6           1          1 0.3082373 0.3406119 0.1201406 0.2576649 0.2576649
7           1          1 0.3178501 0.3531940 0.1201406 0.2576649 0.2576649
8           1          1 0.3328461 0.3642454 0.1201406 0.2576649 0.2576649
9           0          1 0.2941610 0.3252803 0.1201406 0.2576649 0.2576649
10          1          1 0.3870764 0.4409568 0.1201406 0.2576649 0.2576649
11          1          1 0.4702153 0.5179260 0.1201406 0.1659820 0.2576649
12          1          1 0.3553670 0.3930094 0.1201406 0.2576649 0.2576649
13          1          1 0.3469629 0.3845935 0.1201406 0.2576649 0.2576649
14          1          1 0.3277955 0.3659551 0.1201406 0.2576649 0.2576649
15          1          1 0.3505678 0.3943260 0.1201406 0.2576649 0.2576649
16          1          1 0.3717823 0.4149976 0.1201406 0.2576649 0.2576649
17          1          1 0.3585742 0.4084962 0.1201406 0.2423844 0.2576649
18          1          1 0.3497959 0.3787475 0.1201406 0.2576649 0.2576649
19          1          1 0.4633846 0.5202395 0.1201406 0.2271039 0.2576649
20          0          1 0.3639577 0.4026414 0.1201406 0.2118234 0.2576649
21          1          1 0.3327618 0.3720973 0.1201406 0.2576649 0.2576649
22          1          1 0.2980147 0.3312849 0.1201406 0.2576649 0.2576649
23          1          1 0.4054611 0.4603061 0.1201406 0.2118234 0.2576649
24          1          1 0.3768589 0.4136117 0.1201406 0.2576649 0.2576649
25          1          1 0.3652460 0.4208901 0.1201406 0.2576649 0.2576649
26          1          1 0.3616603 0.3976514 0.1201406 0.2576649 0.2576649
27          1          1 0.3139284 0.3518446 0.1201406 0.2576649 0.2576649
28          1          1 0.3285099 0.3640652 0.1201406 0.2576649 0.2576649
29          1          1 0.3324821 0.3752828 0.1201406 0.2576649 0.2576649
30          1          1 0.3513026 0.3917538 0.1201406 0.2576649 0.2576649
31          1          1 0.3547417 0.3925689 0.1201406 0.2576649 0.2576649
32          1          1 0.3066235 0.3375486 0.1201406 0.2576649 0.2576649
33          1          1 0.4059146 0.4482894 0.1201406 0.2576649 0.2576649
34          1          1 0.3422226 0.3822681 0.1201406 0.2118234 0.2576649
35          1          1 0.3852447 0.4301800 0.1201406 0.2576649 0.2576649
36          1          1 0.3331771 0.3853378 0.1201406 0.2576649 0.2576649
37          1          1 0.4215159 0.4966925 0.1201406 0.2576649 0.2576649
38          1          1 0.3707948 0.4044827 0.1201406 0.2576649 0.2576649
39          1          1 0.3404820 0.3798092 0.1201406 0.2576649 0.2576649
40          1          1 0.3326204 0.3738281 0.1201406 0.2576649 0.2576649
