
Due to MODULEPATH changes, the following have been reloaded:
  1) mii/1.1.2

The following have been reloaded with a version change:
  1) StdEnv/2023 => StdEnv/2020           5) libfabric/1.18.0 => libfabric/1.10.1
  2) gcccore/.12.3 => gcccore/.9.3.0      6) openmpi/4.1.5 => openmpi/4.0.3
  3) gentoo/2023 => gentoo/2020           7) ucx/1.14.1 => ucx/1.8.0
  4) imkl/2023.2.0 => imkl/2020.1.217

Loading required package: iterators
Loading required package: parallel

Attaching package: ‘expm’

The following object is masked from ‘package:Matrix’:

    expm

Time difference of 22.97988 mins
   is.cover90 is.cover95     SCB90     SCB95  hr.lower    hr.opt  hr.upper
1           1          1 0.3354856 0.3773934 0.1201406 0.2576649 0.2576649
2           1          1 0.3441574 0.3782529 0.1201406 0.2576649 0.2576649
3           1          1 0.4224799 0.4721514 0.1201406 0.2271039 0.2576649
4           0          1 0.3683118 0.4073426 0.1201406 0.2271039 0.2576649
5           1          1 0.3263770 0.3676814 0.1201406 0.2271039 0.2576649
6           1          1 0.2771772 0.3073972 0.1201406 0.2576649 0.2576649
7           1          1 0.3461680 0.3801828 0.1201406 0.2576649 0.2576649
8           1          1 0.3530284 0.3887674 0.1201406 0.2576649 0.2576649
9           1          1 0.3718514 0.4137839 0.1201406 0.2576649 0.2576649
10          1          1 0.3087128 0.3413051 0.1201406 0.2576649 0.2576649
11          0          1 0.2822160 0.3080900 0.1201406 0.2576649 0.2576649
12          1          1 0.3130923 0.3438998 0.1201406 0.2576649 0.2576649
13          1          1 0.3258024 0.3633107 0.1201406 0.2576649 0.2576649
14          1          1 0.2774513 0.3022382 0.1201406 0.2576649 0.2576649
15          1          1 0.3057188 0.3373977 0.1201406 0.2271039 0.2576649
16          1          1 0.3226851 0.3576137 0.1201406 0.2576649 0.2576649
17          1          1 0.3365652 0.3891267 0.1201406 0.2576649 0.2576649
18          1          1 0.3801662 0.4158698 0.1201406 0.2576649 0.2576649
19          1          1 0.2580701 0.2858431 0.1201406 0.2576649 0.2576649
20          1          1 0.5099834 0.5930348 0.1201406 0.2271039 0.2576649
21          1          1 0.3288871 0.3711437 0.1201406 0.2576649 0.2576649
22          1          1 0.3934252 0.4566527 0.1201406 0.2576649 0.2576649
23          1          1 0.3545527 0.3926226 0.1201406 0.2576649 0.2576649
24          1          1 0.5112512 0.5926678 0.1201406 0.2576649 0.2576649
25          0          1 0.3548739 0.3935085 0.1201406 0.2576649 0.2576649
26          0          0 0.3425219 0.3817614 0.1201406 0.2576649 0.2576649
27          1          1 0.3618991 0.4051929 0.1201406 0.2576649 0.2576649
28          1          1 0.3541914 0.3879594 0.1201406 0.2576649 0.2576649
29          1          1 0.3665733 0.4092179 0.1201406 0.2118234 0.2576649
30          1          1 0.3673551 0.4011174 0.1201406 0.2118234 0.2576649
31          1          1 0.3394792 0.3788465 0.1201406 0.2576649 0.2576649
32          1          1 0.3463057 0.3816191 0.1201406 0.2576649 0.2576649
33          1          1 0.3126342 0.3469474 0.1201406 0.2576649 0.2576649
34          1          1 0.3718883 0.4140624 0.1201406 0.1812625 0.2576649
35          1          1 0.3632043 0.4081524 0.1201406 0.2576649 0.2576649
36          1          1 0.3491840 0.3874295 0.1201406 0.2576649 0.2576649
37          1          1 0.2967446 0.3318485 0.1201406 0.2576649 0.2576649
38          1          1 0.3689174 0.4232169 0.1201406 0.2576649 0.2576649
39          1          1 0.2962562 0.3327970 0.1201406 0.2576649 0.2576649
40          1          1 0.3844016 0.4403060 0.1201406 0.2576649 0.2576649
