
Due to MODULEPATH changes, the following have been reloaded:
  1) mii/1.1.2

The following have been reloaded with a version change:
  1) StdEnv/2023 => StdEnv/2020           5) libfabric/1.18.0 => libfabric/1.10.1
  2) gcccore/.12.3 => gcccore/.9.3.0      6) openmpi/4.1.5 => openmpi/4.0.3
  3) gentoo/2023 => gentoo/2020           7) ucx/1.14.1 => ucx/1.8.0
  4) imkl/2023.2.0 => imkl/2020.1.217

Loading required package: iterators
Loading required package: parallel

Attaching package: ‘expm’

The following object is masked from ‘package:Matrix’:

    expm

Time difference of 21.64606 mins
   is.cover90 is.cover95     SCB90     SCB95  hr.lower    hr.opt  hr.upper
1           1          1 0.3216481 0.3614819 0.1201406 0.2576649 0.2576649
2           1          1 0.3727410 0.4258100 0.1201406 0.2118234 0.2576649
3           1          1 0.3167836 0.3496963 0.1201406 0.2576649 0.2576649
4           1          1 0.3651818 0.4040606 0.1201406 0.2576649 0.2576649
5           1          1 0.4356537 0.5057148 0.1201406 0.2576649 0.2576649
6           1          1 0.3785405 0.4286456 0.1201406 0.2576649 0.2576649
7           1          1 0.3812582 0.4224178 0.1201406 0.2576649 0.2576649
8           1          1 0.3356193 0.3720338 0.1201406 0.2576649 0.2576649
9           1          1 0.4105896 0.4608345 0.1201406 0.2576649 0.2576649
10          1          1 0.3230824 0.3592880 0.1201406 0.2576649 0.2576649
11          1          1 0.3305279 0.3762221 0.1201406 0.2576649 0.2576649
12          1          1 0.3458826 0.3896627 0.1201406 0.2576649 0.2576649
13          1          1 0.3000236 0.3352936 0.1201406 0.2576649 0.2576649
14          1          1 0.3081756 0.3354577 0.1201406 0.2576649 0.2576649
15          1          1 0.3652868 0.4060888 0.1201406 0.2576649 0.2576649
16          0          1 0.3517667 0.3919010 0.1201406 0.2576649 0.2576649
17          1          1 0.3076315 0.3359748 0.1201406 0.2576649 0.2576649
18          1          1 0.3356111 0.3775147 0.1201406 0.2576649 0.2576649
19          1          1 0.3262678 0.3604037 0.1201406 0.2576649 0.2576649
20          1          1 0.3745875 0.4272893 0.1201406 0.2576649 0.2576649
21          1          1 0.4175752 0.4723556 0.1201406 0.2576649 0.2576649
22          0          0 0.3265383 0.3631388 0.1201406 0.2576649 0.2576649
23          1          1 0.3666400 0.4061556 0.1201406 0.2576649 0.2576649
24          1          1 0.3530020 0.3901404 0.1201406 0.2576649 0.2576649
25          1          1 0.4696259 0.5333974 0.1201406 0.2118234 0.2576649
26          1          1 0.3148181 0.3464333 0.1201406 0.2576649 0.2576649
27          1          1 0.3318252 0.3698988 0.1201406 0.2576649 0.2576649
28          1          1 0.3774062 0.4160316 0.1201406 0.2576649 0.2576649
29          0          1 0.3950754 0.4346741 0.1201406 0.2118234 0.2576649
30          1          1 0.3257991 0.3616277 0.1201406 0.2576649 0.2576649
31          1          1 0.3070007 0.3376871 0.1201406 0.2576649 0.2576649
32          1          1 0.3621219 0.3989374 0.1201406 0.2118234 0.2576649
33          1          1 0.3108073 0.3491477 0.1201406 0.2576649 0.2576649
34          1          1 0.3322967 0.3690424 0.1201406 0.2576649 0.2576649
35          1          1 0.3511994 0.3885731 0.1201406 0.2576649 0.2576649
36          1          1 0.2869503 0.3179568 0.1201406 0.2576649 0.2576649
37          0          1 0.3282688 0.3605779 0.1201406 0.2118234 0.2576649
38          1          1 0.4867231 0.5350730 0.1201406 0.1659820 0.2576649
39          1          1 0.3131157 0.3488525 0.1201406 0.2576649 0.2576649
40          1          1 0.4531145 0.5272214 0.1201406 0.2423844 0.2576649
