
Due to MODULEPATH changes, the following have been reloaded:
  1) mii/1.1.2

The following have been reloaded with a version change:
  1) StdEnv/2023 => StdEnv/2020           5) libfabric/1.18.0 => libfabric/1.10.1
  2) gcccore/.12.3 => gcccore/.9.3.0      6) openmpi/4.1.5 => openmpi/4.0.3
  3) gentoo/2023 => gentoo/2020           7) ucx/1.14.1 => ucx/1.8.0
  4) imkl/2023.2.0 => imkl/2020.1.217

Loading required package: iterators
Loading required package: parallel

Attaching package: ‘expm’

The following object is masked from ‘package:Matrix’:

    expm

Time difference of 22.26254 mins
   is.cover90 is.cover95     SCB90     SCB95  hr.lower    hr.opt  hr.upper
1           1          1 0.3055013 0.3396100 0.1201406 0.2576649 0.2576649
2           1          1 0.3601485 0.4019971 0.1201406 0.2576649 0.2576649
3           1          1 0.3238489 0.3619333 0.1201406 0.2576649 0.2576649
4           1          1 0.3734069 0.4244898 0.1201406 0.2576649 0.2576649
5           0          0 0.3232717 0.3537256 0.1201406 0.2576649 0.2576649
6           1          1 0.2871770 0.3157466 0.1201406 0.2576649 0.2576649
7           1          1 0.3498833 0.3854463 0.1201406 0.2576649 0.2576649
8           1          1 0.3703027 0.4146505 0.1201406 0.2576649 0.2576649
9           0          0 0.3209232 0.3518246 0.1201406 0.2576649 0.2576649
10          1          1 0.3477144 0.3841389 0.1201406 0.2576649 0.2576649
11          1          1 0.3917413 0.4427600 0.1201406 0.2576649 0.2576649
12          1          1 0.3214711 0.3619699 0.1201406 0.2576649 0.2576649
13          1          1 0.3764128 0.4187788 0.1201406 0.2576649 0.2576649
14          1          1 0.3183333 0.3507891 0.1201406 0.2576649 0.2576649
15          1          1 0.3646872 0.4036069 0.1201406 0.2576649 0.2576649
16          1          1 0.3492225 0.3850610 0.1201406 0.2423844 0.2576649
17          1          1 0.4148143 0.4729655 0.1201406 0.2576649 0.2576649
18          0          1 0.3194458 0.3485487 0.1201406 0.2576649 0.2576649
19          1          1 0.3458686 0.3810504 0.1201406 0.2576649 0.2576649
20          1          1 0.2856447 0.3141697 0.1201406 0.2576649 0.2576649
21          1          1 0.3795156 0.4207966 0.1201406 0.2576649 0.2576649
22          1          1 0.3053107 0.3501135 0.1201406 0.2576649 0.2576649
23          0          1 0.3493336 0.3818697 0.1201406 0.2576649 0.2576649
24          1          1 0.2965084 0.3354784 0.1201406 0.2576649 0.2576649
25          0          1 0.2730538 0.3013548 0.1201406 0.2576649 0.2576649
26          0          1 0.3299101 0.3727293 0.1201406 0.2576649 0.2576649
27          1          1 0.3052095 0.3401307 0.1201406 0.2576649 0.2576649
28          1          1 0.4551382 0.5142250 0.1201406 0.2423844 0.2576649
29          1          1 0.3112461 0.3439542 0.1201406 0.2576649 0.2576649
30          1          1 0.3203589 0.3522875 0.1201406 0.2576649 0.2576649
31          1          1 0.3551951 0.3925347 0.1201406 0.2576649 0.2576649
32          1          1 0.3396250 0.3891311 0.1201406 0.2576649 0.2576649
33          1          1 0.3327361 0.3645577 0.1201406 0.2576649 0.2576649
34          1          1 0.3486758 0.3823051 0.1201406 0.2576649 0.2576649
35          0          1 0.3131444 0.3422024 0.1201406 0.2576649 0.2576649
36          1          1 0.3137366 0.3471217 0.1201406 0.2576649 0.2576649
37          1          1 0.3410806 0.3796568 0.1201406 0.2576649 0.2576649
38          1          1 0.3374405 0.3719686 0.1201406 0.2576649 0.2576649
39          1          1 0.3154839 0.3476427 0.1201406 0.2576649 0.2576649
40          1          1 0.3923603 0.4318020 0.1201406 0.2118234 0.2576649
