
Due to MODULEPATH changes, the following have been reloaded:
  1) mii/1.1.2

The following have been reloaded with a version change:
  1) StdEnv/2023 => StdEnv/2020           5) libfabric/1.18.0 => libfabric/1.10.1
  2) gcccore/.12.3 => gcccore/.9.3.0      6) openmpi/4.1.5 => openmpi/4.0.3
  3) gentoo/2023 => gentoo/2020           7) ucx/1.14.1 => ucx/1.8.0
  4) imkl/2023.2.0 => imkl/2020.1.217

Loading required package: iterators
Loading required package: parallel

Attaching package: ‘expm’

The following object is masked from ‘package:Matrix’:

    expm

Time difference of 27.28523 mins
   is.cover90 is.cover95     SCB90     SCB95  hr.lower    hr.opt  hr.upper
1           1          1 0.3952273 0.4481765 0.1201406 0.1965430 0.2576649
2           1          1 0.3527286 0.3901146 0.1201406 0.2576649 0.2576649
3           0          1 0.3634999 0.4013730 0.1201406 0.2576649 0.2576649
4           1          1 0.3379718 0.3800577 0.1201406 0.2576649 0.2576649
5           1          1 0.3598055 0.4035158 0.1201406 0.2576649 0.2576649
6           1          1 0.3356830 0.3707987 0.1201406 0.2576649 0.2576649
7           1          1 0.3868424 0.4410414 0.1201406 0.2576649 0.2576649
8           1          1 0.3520801 0.4026473 0.1201406 0.2576649 0.2576649
9           1          1 0.4438244 0.5119043 0.1201406 0.2576649 0.2576649
10          1          1 0.3337510 0.3735887 0.1201406 0.2576649 0.2576649
11          1          1 0.3209396 0.3682708 0.1201406 0.2576649 0.2576649
12          0          1 0.3635367 0.4080687 0.1201406 0.2576649 0.2576649
13          1          1 0.3232104 0.3568828 0.1201406 0.2576649 0.2576649
14          1          1 0.3191405 0.3622808 0.1201406 0.2576649 0.2576649
15          1          1 0.3004020 0.3306931 0.1201406 0.2576649 0.2576649
16          1          1 0.3008471 0.3387128 0.1201406 0.2576649 0.2576649
17          1          1 0.3822254 0.4245511 0.1201406 0.2118234 0.2576649
18          1          1 0.2885353 0.3213421 0.1201406 0.2576649 0.2576649
19          1          1 0.2369916 0.2612318 0.1201406 0.2576649 0.2576649
20          1          1 0.3139339 0.3538794 0.1201406 0.2576649 0.2576649
21          1          1 0.3195700 0.3602476 0.1201406 0.2576649 0.2576649
22          1          1 0.2981067 0.3400470 0.1201406 0.2576649 0.2576649
23          1          1 0.3311065 0.3677825 0.1201406 0.2576649 0.2576649
24          0          0 0.3272764 0.3620344 0.1201406 0.2576649 0.2576649
25          0          0 0.2996816 0.3306448 0.1201406 0.2576649 0.2576649
26          0          0 0.2580022 0.2849689 0.1201406 0.2576649 0.2576649
27          1          1 0.3131015 0.3417305 0.1201406 0.2576649 0.2576649
28          1          1 0.3503845 0.3924333 0.1201406 0.2576649 0.2576649
29          0          0 0.2422466 0.2663305 0.1201406 0.2576649 0.2576649
30          1          1 0.3053846 0.3372848 0.1201406 0.2576649 0.2576649
31          1          1 0.3490352 0.3899524 0.1201406 0.2576649 0.2576649
32          1          1 0.3259096 0.3610227 0.1201406 0.2576649 0.2576649
33          1          1 0.3124068 0.3428389 0.1201406 0.2576649 0.2576649
34          1          1 0.3390728 0.3878694 0.1201406 0.2576649 0.2576649
35          1          1 0.2872164 0.3134231 0.1201406 0.2576649 0.2576649
36          1          1 0.3054922 0.3397344 0.1201406 0.2576649 0.2576649
37          1          1 0.2969690 0.3274491 0.1201406 0.2576649 0.2576649
38          0          1 0.2904756 0.3201132 0.1201406 0.2576649 0.2576649
39          1          1 0.2863696 0.3168120 0.1201406 0.2576649 0.2576649
40          1          1 0.3159065 0.3467099 0.1201406 0.2576649 0.2576649
