
Due to MODULEPATH changes, the following have been reloaded:
  1) mii/1.1.2

The following have been reloaded with a version change:
  1) StdEnv/2023 => StdEnv/2020           5) libfabric/1.18.0 => libfabric/1.10.1
  2) gcccore/.12.3 => gcccore/.9.3.0      6) openmpi/4.1.5 => openmpi/4.0.3
  3) gentoo/2023 => gentoo/2020           7) ucx/1.14.1 => ucx/1.8.0
  4) imkl/2023.2.0 => imkl/2020.1.217

Batch index: 5
Model: a
Sample size: 300
Dimension: 18
Candidate vector: 10:100
Bandwidth: 0.05 0.1 0.15 0.2 0.25 0.3 0.35
Simulation: 40
Loading required package: iterators
Loading required package: parallel

Attaching package: ‘expm’

The following object is masked from ‘package:Matrix’:

    expm

Time difference of 46.18858 mins
    hr max_width90.zhou max_width95.zhou max_width90.zhou.m max_width95.zhou.m
1 0.05        0.5383211         0.582158          0.5383211           0.582158
  max_width90.zhou.iso max_width95.zhou.iso
1            0.5383211             0.582158
Time difference of 44.2544 mins
   hr max_width90.zhou max_width95.zhou max_width90.zhou.m max_width95.zhou.m
2 0.1        0.5903817        0.6415711          0.5903817          0.6415711
  max_width90.zhou.iso max_width95.zhou.iso
2            0.5903817            0.6415711
Time difference of 44.37442 mins
    hr max_width90.zhou max_width95.zhou max_width90.zhou.m max_width95.zhou.m
3 0.15        0.5761232        0.6304992          0.5761232          0.6304992
  max_width90.zhou.iso max_width95.zhou.iso
3            0.5761232            0.6304992
Time difference of 44.60853 mins
   hr max_width90.zhou max_width95.zhou max_width90.zhou.m max_width95.zhou.m
4 0.2         0.501955        0.5496133           0.501955          0.5496133
  max_width90.zhou.iso max_width95.zhou.iso
4             0.501955            0.5496133
Time difference of 44.4936 mins
    hr max_width90.zhou max_width95.zhou max_width90.zhou.m max_width95.zhou.m
5 0.25        0.4357879        0.4786188          0.4357879          0.4786188
  max_width90.zhou.iso max_width95.zhou.iso
5            0.4357879            0.4786188
Time difference of 44.47497 mins
   hr max_width90.zhou max_width95.zhou max_width90.zhou.m max_width95.zhou.m
6 0.3        0.3839842        0.4215317          0.3839842          0.4215317
  max_width90.zhou.iso max_width95.zhou.iso
6            0.3839842            0.4215317
Time difference of 44.68898 mins
    hr max_width90.zhou max_width95.zhou max_width90.zhou.m max_width95.zhou.m
7 0.35        0.3419186        0.3771095          0.3419186          0.3771095
  max_width90.zhou.iso max_width95.zhou.iso
7            0.3419186            0.3771095
