
Due to MODULEPATH changes, the following have been reloaded:
  1) mii/1.1.2

The following have been reloaded with a version change:
  1) StdEnv/2023 => StdEnv/2020           5) libfabric/1.18.0 => libfabric/1.10.1
  2) gcccore/.12.3 => gcccore/.9.3.0      6) openmpi/4.1.5 => openmpi/4.0.3
  3) gentoo/2023 => gentoo/2020           7) ucx/1.14.1 => ucx/1.8.0
  4) imkl/2023.2.0 => imkl/2020.1.217

Batch index: 2
Model: a
Sample size: 300
Dimension: 18
Candidate vector: 10:100
Bandwidth: 0.05 0.1 0.15 0.2 0.25 0.3 0.35
Simulation: 40
Loading required package: iterators
Loading required package: parallel

Attaching package: ‘expm’

The following object is masked from ‘package:Matrix’:

    expm

Time difference of 45.38277 mins
    hr max_width90.zhou max_width95.zhou max_width90.zhou.m max_width95.zhou.m
1 0.05        0.5217822        0.5620204          0.5217822          0.5620204
  max_width90.zhou.iso max_width95.zhou.iso
1            0.5217822            0.5620204
Time difference of 43.81328 mins
   hr max_width90.zhou max_width95.zhou max_width90.zhou.m max_width95.zhou.m
2 0.1        0.5823983        0.6326356          0.5823983          0.6326356
  max_width90.zhou.iso max_width95.zhou.iso
2            0.5823983            0.6326356
Time difference of 43.81088 mins
    hr max_width90.zhou max_width95.zhou max_width90.zhou.m max_width95.zhou.m
3 0.15        0.5565081        0.6084246          0.5565081          0.6084246
  max_width90.zhou.iso max_width95.zhou.iso
3            0.5565081            0.6084246
Time difference of 43.75058 mins
   hr max_width90.zhou max_width95.zhou max_width90.zhou.m max_width95.zhou.m
4 0.2        0.4867091        0.5316571          0.4867091          0.5316571
  max_width90.zhou.iso max_width95.zhou.iso
4            0.4867091            0.5316571
Time difference of 44.04066 mins
    hr max_width90.zhou max_width95.zhou max_width90.zhou.m max_width95.zhou.m
5 0.25        0.4286985        0.4689554          0.4286985          0.4689554
  max_width90.zhou.iso max_width95.zhou.iso
5            0.4286985            0.4689554
Time difference of 44.03276 mins
   hr max_width90.zhou max_width95.zhou max_width90.zhou.m max_width95.zhou.m
6 0.3        0.3795218        0.4163878          0.3795218          0.4163878
  max_width90.zhou.iso max_width95.zhou.iso
6            0.3795218            0.4163878
Time difference of 44.23871 mins
    hr max_width90.zhou max_width95.zhou max_width90.zhou.m max_width95.zhou.m
7 0.35         0.339044        0.3732568           0.339044          0.3732568
  max_width90.zhou.iso max_width95.zhou.iso
7             0.339044            0.3732568
