
Due to MODULEPATH changes, the following have been reloaded:
  1) mii/1.1.2

The following have been reloaded with a version change:
  1) StdEnv/2023 => StdEnv/2020           5) libfabric/1.18.0 => libfabric/1.10.1
  2) gcccore/.12.3 => gcccore/.9.3.0      6) openmpi/4.1.5 => openmpi/4.0.3
  3) gentoo/2023 => gentoo/2020           7) ucx/1.14.1 => ucx/1.8.0
  4) imkl/2023.2.0 => imkl/2020.1.217

Batch index: 3
Model: a
Sample size: 300
Dimension: 18
Candidate vector: 10:100
Bandwidth: 0.05 0.1 0.15 0.2 0.25 0.3 0.35
Simulation: 40
Loading required package: iterators
Loading required package: parallel

Attaching package: ‘expm’

The following object is masked from ‘package:Matrix’:

    expm

Time difference of 42.46826 mins
    hr max_width90.zhou max_width95.zhou max_width90.zhou.m max_width95.zhou.m
1 0.05        0.5332932        0.5756397          0.5332932          0.5756397
  max_width90.zhou.iso max_width95.zhou.iso
1            0.5332932            0.5756397
Time difference of 42.1612 mins
   hr max_width90.zhou max_width95.zhou max_width90.zhou.m max_width95.zhou.m
2 0.1        0.5740986        0.6231747          0.5740986          0.6231747
  max_width90.zhou.iso max_width95.zhou.iso
2            0.5740986            0.6231747
Time difference of 41.53744 mins
    hr max_width90.zhou max_width95.zhou max_width90.zhou.m max_width95.zhou.m
3 0.15          0.54571        0.5942604            0.54571          0.5942604
  max_width90.zhou.iso max_width95.zhou.iso
3              0.54571            0.5942604
Time difference of 41.54593 mins
   hr max_width90.zhou max_width95.zhou max_width90.zhou.m max_width95.zhou.m
4 0.2        0.4823522        0.5280317          0.4823522          0.5280317
  max_width90.zhou.iso max_width95.zhou.iso
4            0.4823522            0.5280317
Time difference of 41.66233 mins
    hr max_width90.zhou max_width95.zhou max_width90.zhou.m max_width95.zhou.m
5 0.25        0.4251187        0.4651901          0.4251187          0.4651901
  max_width90.zhou.iso max_width95.zhou.iso
5            0.4251187            0.4651901
Time difference of 41.62273 mins
   hr max_width90.zhou max_width95.zhou max_width90.zhou.m max_width95.zhou.m
6 0.3        0.3786881        0.4151361          0.3786881          0.4151361
  max_width90.zhou.iso max_width95.zhou.iso
6            0.3786881            0.4151361
Time difference of 41.13166 mins
    hr max_width90.zhou max_width95.zhou max_width90.zhou.m max_width95.zhou.m
7 0.35        0.3388378        0.3723711          0.3388378          0.3723711
  max_width90.zhou.iso max_width95.zhou.iso
7            0.3388378            0.3723711
