
Due to MODULEPATH changes, the following have been reloaded:
  1) mii/1.1.2

The following have been reloaded with a version change:
  1) StdEnv/2023 => StdEnv/2020           5) libfabric/1.18.0 => libfabric/1.10.1
  2) gcccore/.12.3 => gcccore/.9.3.0      6) openmpi/4.1.5 => openmpi/4.0.3
  3) gentoo/2023 => gentoo/2020           7) ucx/1.14.1 => ucx/1.8.0
  4) imkl/2023.2.0 => imkl/2020.1.217

Batch index: 7
Model: a
Sample size: 300
Dimension: 18
Candidate vector: 10:100
Bandwidth: 0.05 0.1 0.15 0.2 0.25 0.3 0.35
Simulation: 40
Loading required package: iterators
Loading required package: parallel

Attaching package: ‘expm’

The following object is masked from ‘package:Matrix’:

    expm

Time difference of 41.34681 mins
    hr max_width90.zhou max_width95.zhou max_width90.zhou.m max_width95.zhou.m
1 0.05        0.5249405        0.5653773          0.5249405          0.5653773
  max_width90.zhou.iso max_width95.zhou.iso
1            0.5249405            0.5653773
Time difference of 41.45404 mins
   hr max_width90.zhou max_width95.zhou max_width90.zhou.m max_width95.zhou.m
2 0.1        0.5797848        0.6314962          0.5797848          0.6314962
  max_width90.zhou.iso max_width95.zhou.iso
2            0.5797848            0.6314962
Time difference of 41.36747 mins
    hr max_width90.zhou max_width95.zhou max_width90.zhou.m max_width95.zhou.m
3 0.15        0.5608772        0.6144183          0.5608772          0.6144183
  max_width90.zhou.iso max_width95.zhou.iso
3            0.5608772            0.6144183
Time difference of 41.53198 mins
   hr max_width90.zhou max_width95.zhou max_width90.zhou.m max_width95.zhou.m
4 0.2        0.4888622        0.5360152          0.4888622          0.5360152
  max_width90.zhou.iso max_width95.zhou.iso
4            0.4888622            0.5360152
Time difference of 41.51756 mins
    hr max_width90.zhou max_width95.zhou max_width90.zhou.m max_width95.zhou.m
5 0.25        0.4289306        0.4694783          0.4289306          0.4694783
  max_width90.zhou.iso max_width95.zhou.iso
5            0.4289306            0.4694783
Time difference of 41.61137 mins
   hr max_width90.zhou max_width95.zhou max_width90.zhou.m max_width95.zhou.m
6 0.3         0.378455        0.4145334           0.378455          0.4145334
  max_width90.zhou.iso max_width95.zhou.iso
6             0.378455            0.4145334
Time difference of 41.45369 mins
    hr max_width90.zhou max_width95.zhou max_width90.zhou.m max_width95.zhou.m
7 0.35        0.3367643        0.3696822          0.3367643          0.3696822
  max_width90.zhou.iso max_width95.zhou.iso
7            0.3367643            0.3696822
