
Due to MODULEPATH changes, the following have been reloaded:
  1) mii/1.1.2

The following have been reloaded with a version change:
  1) StdEnv/2023 => StdEnv/2020           5) libfabric/1.18.0 => libfabric/1.10.1
  2) gcccore/.12.3 => gcccore/.9.3.0      6) openmpi/4.1.5 => openmpi/4.0.3
  3) gentoo/2023 => gentoo/2020           7) ucx/1.14.1 => ucx/1.8.0
  4) imkl/2023.2.0 => imkl/2020.1.217

Batch index: 4
Model: a
Sample size: 300
Dimension: 18
Candidate vector: 10:100
Bandwidth: 0.05 0.1 0.15 0.2 0.25 0.3 0.35
Simulation: 40
Loading required package: iterators
Loading required package: parallel

Attaching package: ‘expm’

The following object is masked from ‘package:Matrix’:

    expm

Time difference of 46.00509 mins
    hr max_width90.zhou max_width95.zhou max_width90.zhou.m max_width95.zhou.m
1 0.05        0.5308394        0.5720398          0.5308394          0.5720398
  max_width90.zhou.iso max_width95.zhou.iso
1            0.5308394            0.5720398
Time difference of 44.34718 mins
   hr max_width90.zhou max_width95.zhou max_width90.zhou.m max_width95.zhou.m
2 0.1        0.5809529        0.6316832          0.5809529          0.6316832
  max_width90.zhou.iso max_width95.zhou.iso
2            0.5809529            0.6316832
Time difference of 44.1827 mins
    hr max_width90.zhou max_width95.zhou max_width90.zhou.m max_width95.zhou.m
3 0.15         0.558058        0.6090566           0.558058          0.6090566
  max_width90.zhou.iso max_width95.zhou.iso
3             0.558058            0.6090566
Time difference of 44.25628 mins
   hr max_width90.zhou max_width95.zhou max_width90.zhou.m max_width95.zhou.m
4 0.2        0.4913775        0.5379194          0.4913775          0.5379194
  max_width90.zhou.iso max_width95.zhou.iso
4            0.4913775            0.5379194
Time difference of 44.30141 mins
    hr max_width90.zhou max_width95.zhou max_width90.zhou.m max_width95.zhou.m
5 0.25        0.4289676        0.4704831          0.4289676          0.4704831
  max_width90.zhou.iso max_width95.zhou.iso
5            0.4289676            0.4704831
Time difference of 44.62461 mins
   hr max_width90.zhou max_width95.zhou max_width90.zhou.m max_width95.zhou.m
6 0.3        0.3772256        0.4140161          0.3772256          0.4140161
  max_width90.zhou.iso max_width95.zhou.iso
6            0.3772256            0.4140161
Time difference of 44.46853 mins
    hr max_width90.zhou max_width95.zhou max_width90.zhou.m max_width95.zhou.m
7 0.35        0.3356552        0.3685371          0.3356552          0.3685371
  max_width90.zhou.iso max_width95.zhou.iso
7            0.3356552            0.3685371
