
Due to MODULEPATH changes, the following have been reloaded:
  1) mii/1.1.2

The following have been reloaded with a version change:
  1) StdEnv/2023 => StdEnv/2020           5) libfabric/1.18.0 => libfabric/1.10.1
  2) gcccore/.12.3 => gcccore/.9.3.0      6) openmpi/4.1.5 => openmpi/4.0.3
  3) gentoo/2023 => gentoo/2020           7) ucx/1.14.1 => ucx/1.8.0
  4) imkl/2023.2.0 => imkl/2020.1.217

Batch index: 9
Model: a
Sample size: 300
Dimension: 18
Candidate vector: 10:100
Bandwidth: 0.05 0.1 0.15 0.2 0.25 0.3 0.35
Simulation: 40
Loading required package: iterators
Loading required package: parallel

Attaching package: ‘expm’

The following object is masked from ‘package:Matrix’:

    expm

Time difference of 45.50868 mins
    hr max_width90.zhou max_width95.zhou max_width90.zhou.m max_width95.zhou.m
1 0.05        0.5304128        0.5710565          0.5304128          0.5710565
  max_width90.zhou.iso max_width95.zhou.iso
1            0.5304128            0.5710565
Time difference of 46.6668 mins
   hr max_width90.zhou max_width95.zhou max_width90.zhou.m max_width95.zhou.m
2 0.1        0.5673868        0.6139157          0.5673868          0.6139157
  max_width90.zhou.iso max_width95.zhou.iso
2            0.5673868            0.6139157
Time difference of 45.79341 mins
    hr max_width90.zhou max_width95.zhou max_width90.zhou.m max_width95.zhou.m
3 0.15        0.5517849        0.6023231          0.5517849          0.6023231
  max_width90.zhou.iso max_width95.zhou.iso
3            0.5517849            0.6023231
Time difference of 47.13996 mins
   hr max_width90.zhou max_width95.zhou max_width90.zhou.m max_width95.zhou.m
4 0.2        0.4867774        0.5321314          0.4867774          0.5321314
  max_width90.zhou.iso max_width95.zhou.iso
4            0.4867774            0.5321314
Time difference of 45.16898 mins
    hr max_width90.zhou max_width95.zhou max_width90.zhou.m max_width95.zhou.m
5 0.25        0.4282987        0.4703396          0.4282987          0.4703396
  max_width90.zhou.iso max_width95.zhou.iso
5            0.4282987            0.4703396
Time difference of 47.10113 mins
   hr max_width90.zhou max_width95.zhou max_width90.zhou.m max_width95.zhou.m
6 0.3        0.3795238        0.4169596          0.3795238          0.4169596
  max_width90.zhou.iso max_width95.zhou.iso
6            0.3795238            0.4169596
Time difference of 44.82183 mins
    hr max_width90.zhou max_width95.zhou max_width90.zhou.m max_width95.zhou.m
7 0.35        0.3383117        0.3715171          0.3383117          0.3715171
  max_width90.zhou.iso max_width95.zhou.iso
7            0.3383117            0.3715171
