
Due to MODULEPATH changes, the following have been reloaded:
  1) mii/1.1.2

The following have been reloaded with a version change:
  1) StdEnv/2023 => StdEnv/2020           5) libfabric/1.18.0 => libfabric/1.10.1
  2) gcccore/.12.3 => gcccore/.9.3.0      6) openmpi/4.1.5 => openmpi/4.0.3
  3) gentoo/2023 => gentoo/2020           7) ucx/1.14.1 => ucx/1.8.0
  4) imkl/2023.2.0 => imkl/2020.1.217

Batch index: 10
Model: a
Sample size: 300
Dimension: 18
Candidate vector: 10:100
Bandwidth: 0.05 0.1 0.15 0.2 0.25 0.3 0.35
Simulation: 40
Loading required package: iterators
Loading required package: parallel

Attaching package: ‘expm’

The following object is masked from ‘package:Matrix’:

    expm

Time difference of 41.65636 mins
    hr max_width90.zhou max_width95.zhou max_width90.zhou.m max_width95.zhou.m
1 0.05        0.5322165        0.5740655          0.5322165          0.5740655
  max_width90.zhou.iso max_width95.zhou.iso
1            0.5322165            0.5740655
Time difference of 41.67902 mins
   hr max_width90.zhou max_width95.zhou max_width90.zhou.m max_width95.zhou.m
2 0.1        0.5756194        0.6239432          0.5756194          0.6239432
  max_width90.zhou.iso max_width95.zhou.iso
2            0.5756194            0.6239432
Time difference of 41.6076 mins
    hr max_width90.zhou max_width95.zhou max_width90.zhou.m max_width95.zhou.m
3 0.15        0.5514739        0.6010072          0.5514739          0.6010072
  max_width90.zhou.iso max_width95.zhou.iso
3            0.5514739            0.6010072
Time difference of 41.16107 mins
   hr max_width90.zhou max_width95.zhou max_width90.zhou.m max_width95.zhou.m
4 0.2        0.4896517        0.5369778          0.4896517          0.5369778
  max_width90.zhou.iso max_width95.zhou.iso
4            0.4896517            0.5369778
Time difference of 41.69689 mins
    hr max_width90.zhou max_width95.zhou max_width90.zhou.m max_width95.zhou.m
5 0.25        0.4320809        0.4750851          0.4320809          0.4750851
  max_width90.zhou.iso max_width95.zhou.iso
5            0.4320809            0.4750851
Time difference of 41.79568 mins
   hr max_width90.zhou max_width95.zhou max_width90.zhou.m max_width95.zhou.m
6 0.3        0.3814047        0.4193714          0.3814047          0.4193714
  max_width90.zhou.iso max_width95.zhou.iso
6            0.3814047            0.4193714
Time difference of 42.60022 mins
    hr max_width90.zhou max_width95.zhou max_width90.zhou.m max_width95.zhou.m
7 0.35        0.3388707        0.3733623          0.3388707          0.3733623
  max_width90.zhou.iso max_width95.zhou.iso
7            0.3388707            0.3733623
