
Due to MODULEPATH changes, the following have been reloaded:
  1) mii/1.1.2

The following have been reloaded with a version change:
  1) StdEnv/2023 => StdEnv/2020           5) libfabric/1.18.0 => libfabric/1.10.1
  2) gcccore/.12.3 => gcccore/.9.3.0      6) openmpi/4.1.5 => openmpi/4.0.3
  3) gentoo/2023 => gentoo/2020           7) ucx/1.14.1 => ucx/1.8.0
  4) imkl/2023.2.0 => imkl/2020.1.217

Batch index: 8
Model: a
Sample size: 300
Dimension: 18
Candidate vector: 10:100
Bandwidth: 0.05 0.1 0.15 0.2 0.25 0.3 0.35
Simulation: 40
Loading required package: iterators
Loading required package: parallel

Attaching package: ‘expm’

The following object is masked from ‘package:Matrix’:

    expm

Time difference of 44.79932 mins
    hr max_width90.zhou max_width95.zhou max_width90.zhou.m max_width95.zhou.m
1 0.05        0.5255006        0.5662779          0.5255006          0.5662779
  max_width90.zhou.iso max_width95.zhou.iso
1            0.5255006            0.5662779
Time difference of 44.32666 mins
   hr max_width90.zhou max_width95.zhou max_width90.zhou.m max_width95.zhou.m
2 0.1        0.5700057        0.6189875          0.5700057          0.6189875
  max_width90.zhou.iso max_width95.zhou.iso
2            0.5700057            0.6189875
Time difference of 44.27741 mins
    hr max_width90.zhou max_width95.zhou max_width90.zhou.m max_width95.zhou.m
3 0.15        0.5573747        0.6090766          0.5573747          0.6090766
  max_width90.zhou.iso max_width95.zhou.iso
3            0.5573747            0.6090766
Time difference of 44.56912 mins
   hr max_width90.zhou max_width95.zhou max_width90.zhou.m max_width95.zhou.m
4 0.2        0.4952283        0.5435596          0.4952283          0.5435596
  max_width90.zhou.iso max_width95.zhou.iso
4            0.4952283            0.5435596
Time difference of 44.30441 mins
    hr max_width90.zhou max_width95.zhou max_width90.zhou.m max_width95.zhou.m
5 0.25        0.4371185         0.480706          0.4371185           0.480706
  max_width90.zhou.iso max_width95.zhou.iso
5            0.4371185             0.480706
Time difference of 44.66642 mins
   hr max_width90.zhou max_width95.zhou max_width90.zhou.m max_width95.zhou.m
6 0.3        0.3853774        0.4243805          0.3853774          0.4243805
  max_width90.zhou.iso max_width95.zhou.iso
6            0.3853774            0.4243805
Time difference of 43.5088 mins
    hr max_width90.zhou max_width95.zhou max_width90.zhou.m max_width95.zhou.m
7 0.35        0.3417806        0.3768843          0.3417806          0.3768843
  max_width90.zhou.iso max_width95.zhou.iso
7            0.3417806            0.3768843
