
Due to MODULEPATH changes, the following have been reloaded:
  1) mii/1.1.2

The following have been reloaded with a version change:
  1) StdEnv/2023 => StdEnv/2020           5) libfabric/1.18.0 => libfabric/1.10.1
  2) gcccore/.12.3 => gcccore/.9.3.0      6) openmpi/4.1.5 => openmpi/4.0.3
  3) gentoo/2023 => gentoo/2020           7) ucx/1.14.1 => ucx/1.8.0
  4) imkl/2023.2.0 => imkl/2020.1.217

Loading required package: iterators
Loading required package: parallel

Attaching package: ‘expm’

The following object is masked from ‘package:Matrix’:

    expm

Time difference of 49.09779 mins
   is.cover90 is.cover95     SCB90     SCB95  hr.lower    hr.opt  hr.upper
1           1          1 0.1888834 0.2085774 0.1057371 0.2366358 0.2366358
2           1          1 0.1721741 0.1930662 0.1057371 0.2366358 0.2366358
3           1          1 0.2186487 0.2466377 0.1057371 0.2366358 0.2366358
4           1          1 0.2457797 0.2787242 0.1057371 0.2366358 0.2366358
5           1          1 0.1847533 0.2028482 0.1057371 0.2366358 0.2366358
6           1          1 0.2203728 0.2491525 0.1057371 0.2366358 0.2366358
7           1          1 0.2296536 0.2543527 0.1057371 0.1493700 0.2366358
8           1          1 0.2295155 0.2625691 0.1057371 0.2366358 0.2366358
9           1          1 0.2338942 0.2638103 0.1057371 0.2366358 0.2366358
10          1          1 0.2563022 0.2925857 0.1057371 0.1930029 0.2366358
11          1          1 0.1763256 0.2001782 0.1057371 0.2366358 0.2366358
12          1          1 0.2404988 0.2651875 0.1057371 0.2366358 0.2366358
13          1          1 0.2106105 0.2372099 0.1057371 0.2366358 0.2366358
14          1          1 0.2452151 0.2769343 0.1057371 0.2366358 0.2366358
15          1          1 0.2181691 0.2448308 0.1057371 0.2366358 0.2366358
16          1          1 0.2138107 0.2467108 0.1057371 0.2366358 0.2366358
17          1          1 0.1811338 0.2048531 0.1057371 0.2366358 0.2366358
18          1          1 0.1974875 0.2259401 0.1057371 0.2366358 0.2366358
19          1          1 0.2170841 0.2405977 0.1057371 0.2366358 0.2366358
20          1          1 0.1969296 0.2168699 0.1057371 0.2366358 0.2366358
21          1          1 0.1802243 0.2034745 0.1057371 0.2366358 0.2366358
22          1          1 0.2049845 0.2293650 0.1057371 0.2366358 0.2366358
23          0          1 0.1953547 0.2189048 0.1057371 0.2366358 0.2366358
24          1          1 0.2237713 0.2499255 0.1057371 0.2366358 0.2366358
25          1          1 0.1972299 0.2185842 0.1057371 0.2366358 0.2366358
26          1          1 0.1912264 0.2116350 0.1057371 0.2366358 0.2366358
27          1          1 0.2679830 0.2988501 0.1057371 0.2366358 0.2366358
28          0          1 0.2522721 0.2807888 0.1057371 0.2366358 0.2366358
29          1          1 0.2098680 0.2365613 0.1057371 0.2366358 0.2366358
30          1          1 0.2436420 0.2712153 0.1057371 0.2366358 0.2366358
31          0          1 0.1575274 0.1784219 0.1057371 0.2366358 0.2366358
32          0          1 0.1894480 0.2116442 0.1057371 0.2366358 0.2366358
33          1          1 0.2005026 0.2255263 0.1057371 0.1784586 0.2366358
34          1          1 0.2640459 0.2957462 0.1057371 0.2366358 0.2366358
35          1          1 0.1738094 0.1942129 0.1057371 0.2366358 0.2366358
36          1          1 0.2061480 0.2326931 0.1057371 0.2366358 0.2366358
37          1          1 0.1644029 0.1833098 0.1057371 0.1784586 0.2366358
38          1          1 0.1882213 0.2074007 0.1057371 0.2366358 0.2366358
39          1          1 0.2155039 0.2526524 0.1057371 0.2366358 0.2366358
40          1          1 0.2970086 0.3390745 0.1057371 0.2366358 0.2366358
