
Due to MODULEPATH changes, the following have been reloaded:
  1) mii/1.1.2

The following have been reloaded with a version change:
  1) StdEnv/2023 => StdEnv/2020           5) libfabric/1.18.0 => libfabric/1.10.1
  2) gcccore/.12.3 => gcccore/.9.3.0      6) openmpi/4.1.5 => openmpi/4.0.3
  3) gentoo/2023 => gentoo/2020           7) ucx/1.14.1 => ucx/1.8.0
  4) imkl/2023.2.0 => imkl/2020.1.217

Loading required package: iterators
Loading required package: parallel

Attaching package: ‘expm’

The following object is masked from ‘package:Matrix’:

    expm

Time difference of 50.3377 mins
   is.cover90 is.cover95     SCB90     SCB95  hr.lower    hr.opt  hr.upper
1           1          1 0.2366072 0.2645000 0.1057371 0.2366358 0.2366358
2           0          0 0.1639944 0.1822402 0.1057371 0.2366358 0.2366358
3           1          1 0.2095723 0.2400012 0.1057371 0.2366358 0.2366358
4           0          0 0.1553831 0.1737936 0.1057371 0.2366358 0.2366358
5           0          1 0.2289117 0.2609926 0.1057371 0.2366358 0.2366358
6           1          1 0.1932698 0.2225866 0.1057371 0.2366358 0.2366358
7           1          1 0.2122041 0.2345766 0.1057371 0.2366358 0.2366358
8           1          1 0.1844540 0.2093110 0.1057371 0.2366358 0.2366358
9           0          0 0.1685775 0.1877804 0.1057371 0.2366358 0.2366358
10          1          1 0.2481597 0.2862899 0.1057371 0.2366358 0.2366358
11          1          1 0.1839692 0.2068170 0.1057371 0.2366358 0.2366358
12          1          1 0.2076441 0.2358913 0.1057371 0.2366358 0.2366358
13          1          1 0.1932736 0.2177063 0.1057371 0.2366358 0.2366358
14          0          1 0.1690960 0.1892152 0.1057371 0.2366358 0.2366358
15          1          1 0.1888198 0.2090291 0.1057371 0.2366358 0.2366358
16          1          1 0.1972631 0.2209435 0.1057371 0.2366358 0.2366358
17          1          1 0.1929199 0.2218388 0.1057371 0.2366358 0.2366358
18          1          1 0.1987380 0.2272062 0.1057371 0.2220915 0.2366358
19          1          1 0.2189760 0.2486254 0.1057371 0.2366358 0.2366358
20          1          1 0.1913741 0.2136004 0.1057371 0.2075472 0.2366358
21          1          1 0.1981471 0.2275552 0.1057371 0.2366358 0.2366358
22          0          0 0.1778614 0.2007416 0.1057371 0.2366358 0.2366358
23          1          1 0.2999782 0.3517032 0.1057371 0.2075472 0.2366358
24          1          1 0.1877844 0.2145314 0.1057371 0.2366358 0.2366358
25          1          1 0.1912995 0.2120831 0.1057371 0.2366358 0.2366358
26          1          1 0.1744797 0.1956291 0.1057371 0.2366358 0.2366358
27          1          1 0.2061860 0.2286444 0.1057371 0.1784586 0.2366358
28          1          1 0.2145705 0.2379642 0.1057371 0.2366358 0.2366358
29          1          1 0.1851489 0.2067232 0.1057371 0.2366358 0.2366358
30          1          1 0.1862493 0.2078175 0.1057371 0.2366358 0.2366358
31          1          1 0.2464817 0.2701912 0.1057371 0.2366358 0.2366358
32          1          1 0.2422671 0.2743844 0.1057371 0.2366358 0.2366358
33          1          1 0.2123200 0.2461132 0.1057371 0.2366358 0.2366358
34          1          1 0.1864274 0.2091738 0.1057371 0.2366358 0.2366358
35          1          1 0.2273152 0.2638881 0.1057371 0.2366358 0.2366358
36          1          1 0.2664737 0.3081229 0.1057371 0.2366358 0.2366358
37          1          1 0.2392112 0.2755145 0.1057371 0.2366358 0.2366358
38          1          1 0.2207204 0.2440994 0.1057371 0.2366358 0.2366358
39          1          1 0.2513440 0.2885601 0.1057371 0.2366358 0.2366358
40          1          1 0.1954485 0.2187366 0.1057371 0.2366358 0.2366358
