
Due to MODULEPATH changes, the following have been reloaded:
  1) mii/1.1.2

The following have been reloaded with a version change:
  1) StdEnv/2023 => StdEnv/2020           5) libfabric/1.18.0 => libfabric/1.10.1
  2) gcccore/.12.3 => gcccore/.9.3.0      6) openmpi/4.1.5 => openmpi/4.0.3
  3) gentoo/2023 => gentoo/2020           7) ucx/1.14.1 => ucx/1.8.0
  4) imkl/2023.2.0 => imkl/2020.1.217

Loading required package: iterators
Loading required package: parallel

Attaching package: ‘expm’

The following object is masked from ‘package:Matrix’:

    expm

Time difference of 48.91511 mins
   is.cover90 is.cover95     SCB90     SCB95  hr.lower    hr.opt  hr.upper
1           1          1 0.2207681 0.2526071 0.1057371 0.2366358 0.2366358
2           1          1 0.2097598 0.2343704 0.1057371 0.2366358 0.2366358
3           1          1 0.1941035 0.2313553 0.1057371 0.2366358 0.2366358
4           1          1 0.1677838 0.1892723 0.1057371 0.2366358 0.2366358
5           1          1 0.2208789 0.2482171 0.1057371 0.2366358 0.2366358
6           1          1 0.2032688 0.2263729 0.1057371 0.2366358 0.2366358
7           1          1 0.1771579 0.2032267 0.1057371 0.2366358 0.2366358
8           1          1 0.1943317 0.2196751 0.1057371 0.2366358 0.2366358
9           1          1 0.1871388 0.2077325 0.1057371 0.2366358 0.2366358
10          1          1 0.2173983 0.2439900 0.1057371 0.2366358 0.2366358
11          1          1 0.2173546 0.2450957 0.1057371 0.2366358 0.2366358
12          1          1 0.2022945 0.2259955 0.1057371 0.2366358 0.2366358
13          1          1 0.1738858 0.1966844 0.1057371 0.2366358 0.2366358
14          1          1 0.2132365 0.2467807 0.1057371 0.2366358 0.2366358
15          1          1 0.2142090 0.2430338 0.1057371 0.2366358 0.2366358
16          1          1 0.2262977 0.2490791 0.1057371 0.2366358 0.2366358
17          1          1 0.2360010 0.2658388 0.1057371 0.2366358 0.2366358
18          1          1 0.2282497 0.2652942 0.1057371 0.2366358 0.2366358
19          1          1 0.3801678 0.4354334 0.1057371 0.1348257 0.2366358
20          1          1 0.2357454 0.2664418 0.1057371 0.2366358 0.2366358
21          1          1 0.1775075 0.2056812 0.1057371 0.2366358 0.2366358
22          0          1 0.1908473 0.2143102 0.1057371 0.2366358 0.2366358
23          0          0 0.1476398 0.1641526 0.1057371 0.2366358 0.2366358
24          1          1 0.2319860 0.2796228 0.1057371 0.2366358 0.2366358
25          1          1 0.1981704 0.2243016 0.1057371 0.2366358 0.2366358
26          1          1 0.2482900 0.2785336 0.1057371 0.2366358 0.2366358
27          1          1 0.2549934 0.2889605 0.1057371 0.2366358 0.2366358
28          0          0 0.1824207 0.2055859 0.1057371 0.2366358 0.2366358
29          1          1 0.2602360 0.2966970 0.1057371 0.2366358 0.2366358
30          1          1 0.2287925 0.2575403 0.1057371 0.2366358 0.2366358
31          1          1 0.2134083 0.2381535 0.1057371 0.2220915 0.2366358
32          1          1 0.1696043 0.1867121 0.1057371 0.2366358 0.2366358
33          0          1 0.2455585 0.2904745 0.1057371 0.2366358 0.2366358
34          1          1 0.1857661 0.2103437 0.1057371 0.2366358 0.2366358
35          1          1 0.2134144 0.2385842 0.1057371 0.2366358 0.2366358
36          1          1 0.2240205 0.2531819 0.1057371 0.2366358 0.2366358
37          1          1 0.1659729 0.1867795 0.1057371 0.2366358 0.2366358
38          0          0 0.1879153 0.2052492 0.1057371 0.2366358 0.2366358
39          1          1 0.2223759 0.2512883 0.1057371 0.2366358 0.2366358
40          0          1 0.2056638 0.2310943 0.1057371 0.2366358 0.2366358
