
Due to MODULEPATH changes, the following have been reloaded:
  1) mii/1.1.2

The following have been reloaded with a version change:
  1) StdEnv/2023 => StdEnv/2020           5) libfabric/1.18.0 => libfabric/1.10.1
  2) gcccore/.12.3 => gcccore/.9.3.0      6) openmpi/4.1.5 => openmpi/4.0.3
  3) gentoo/2023 => gentoo/2020           7) ucx/1.14.1 => ucx/1.8.0
  4) imkl/2023.2.0 => imkl/2020.1.217

Loading required package: iterators
Loading required package: parallel

Attaching package: ‘expm’

The following object is masked from ‘package:Matrix’:

    expm

Time difference of 47.93624 mins
   is.cover90 is.cover95     SCB90     SCB95  hr.lower    hr.opt  hr.upper
1           1          1 0.2020346 0.2251947 0.1057371 0.2366358 0.2366358
2           1          1 0.1903714 0.2126648 0.1057371 0.2366358 0.2366358
3           1          1 0.2255743 0.2514294 0.1057371 0.2075472 0.2366358
4           1          1 0.2078754 0.2359864 0.1057371 0.2366358 0.2366358
5           1          1 0.2330066 0.2615376 0.1057371 0.2366358 0.2366358
6           1          1 0.2186913 0.2454574 0.1057371 0.2366358 0.2366358
7           1          1 0.2212718 0.2534818 0.1057371 0.2366358 0.2366358
8           1          1 0.2344084 0.2608667 0.1057371 0.2366358 0.2366358
9           1          1 0.2083465 0.2354941 0.1057371 0.2366358 0.2366358
10          1          1 0.2167000 0.2390456 0.1057371 0.2366358 0.2366358
11          1          1 0.2083687 0.2392481 0.1057371 0.2366358 0.2366358
12          1          1 0.2158745 0.2427517 0.1057371 0.2366358 0.2366358
13          1          1 0.2402526 0.2813413 0.1057371 0.2366358 0.2366358
14          1          1 0.2498404 0.2825135 0.1057371 0.2366358 0.2366358
15          1          1 0.2504553 0.2866983 0.1057371 0.2366358 0.2366358
16          1          1 0.2050995 0.2288082 0.1057371 0.2366358 0.2366358
17          1          1 0.2217078 0.2512085 0.1057371 0.2366358 0.2366358
18          1          1 0.2529899 0.2839413 0.1057371 0.2366358 0.2366358
19          0          1 0.1919887 0.2189373 0.1057371 0.1493700 0.2366358
20          1          1 0.2546096 0.2790899 0.1057371 0.1930029 0.2366358
21          1          1 0.2098993 0.2339365 0.1057371 0.2366358 0.2366358
22          1          1 0.2162549 0.2403697 0.1057371 0.2366358 0.2366358
23          1          1 0.2386202 0.2661951 0.1057371 0.2366358 0.2366358
24          1          1 0.2153935 0.2459858 0.1057371 0.2366358 0.2366358
25          0          0 0.1679027 0.1932552 0.1057371 0.2220915 0.2366358
26          1          1 0.1986859 0.2240612 0.1057371 0.2366358 0.2366358
27          1          1 0.2314303 0.2660807 0.1057371 0.2366358 0.2366358
28          0          1 0.1538614 0.1740809 0.1057371 0.2366358 0.2366358
29          1          1 0.1964197 0.2236467 0.1057371 0.2366358 0.2366358
30          1          1 0.2469123 0.2787910 0.1057371 0.2366358 0.2366358
31          1          1 0.2302796 0.2619871 0.1057371 0.2366358 0.2366358
32          0          1 0.2000428 0.2292288 0.1057371 0.1493700 0.2366358
33          1          1 0.2410018 0.2674531 0.1057371 0.1930029 0.2366358
34          1          1 0.1904389 0.2178467 0.1057371 0.2366358 0.2366358
35          1          1 0.2173476 0.2508201 0.1057371 0.2366358 0.2366358
36          1          1 0.2035871 0.2288690 0.1057371 0.2366358 0.2366358
37          1          1 0.2376399 0.2792825 0.1057371 0.2220915 0.2366358
38          1          1 0.1979461 0.2271114 0.1057371 0.2366358 0.2366358
39          0          1 0.1586362 0.1797456 0.1057371 0.2366358 0.2366358
40          0          1 0.1927679 0.2200698 0.1057371 0.2366358 0.2366358
