
Due to MODULEPATH changes, the following have been reloaded:
  1) mii/1.1.2

The following have been reloaded with a version change:
  1) StdEnv/2023 => StdEnv/2020           5) libfabric/1.18.0 => libfabric/1.10.1
  2) gcccore/.12.3 => gcccore/.9.3.0      6) openmpi/4.1.5 => openmpi/4.0.3
  3) gentoo/2023 => gentoo/2020           7) ucx/1.14.1 => ucx/1.8.0
  4) imkl/2023.2.0 => imkl/2020.1.217

Loading required package: iterators
Loading required package: parallel

Attaching package: ‘expm’

The following object is masked from ‘package:Matrix’:

    expm

Time difference of 46.88773 mins
   is.cover90 is.cover95     SCB90     SCB95  hr.lower    hr.opt  hr.upper
1           1          1 0.2190555 0.2454548 0.1057371 0.2366358 0.2366358
2           1          1 0.2292476 0.2633575 0.1057371 0.2366358 0.2366358
3           1          1 0.2251614 0.2520474 0.1057371 0.2366358 0.2366358
4           1          1 0.2020939 0.2349647 0.1057371 0.2366358 0.2366358
5           1          1 0.3465979 0.3946367 0.1057371 0.2366358 0.2366358
6           1          1 0.2118249 0.2404129 0.1057371 0.2366358 0.2366358
7           1          1 0.2330454 0.2649894 0.1057371 0.2366358 0.2366358
8           1          1 0.1629777 0.1852053 0.1057371 0.2366358 0.2366358
9           1          1 0.2168485 0.2512879 0.1057371 0.2366358 0.2366358
10          1          1 0.2208695 0.2474366 0.1057371 0.2366358 0.2366358
11          1          1 0.1910136 0.2151202 0.1057371 0.2366358 0.2366358
12          0          0 0.1595188 0.1805961 0.1057371 0.2366358 0.2366358
13          1          1 0.1913640 0.2135358 0.1057371 0.2366358 0.2366358
14          1          1 0.1943045 0.2173280 0.1057371 0.2366358 0.2366358
15          1          1 0.1624403 0.1828783 0.1057371 0.2366358 0.2366358
16          0          0 0.1880788 0.2109642 0.1057371 0.2220915 0.2366358
17          1          1 0.2086633 0.2367653 0.1057371 0.2366358 0.2366358
18          1          1 0.2392176 0.2663416 0.1057371 0.1784586 0.2366358
19          1          1 0.2173781 0.2423615 0.1057371 0.2366358 0.2366358
20          1          1 0.2277060 0.2595706 0.1057371 0.1639143 0.2366358
21          1          1 0.1814313 0.2070246 0.1057371 0.2366358 0.2366358
22          1          1 0.2079380 0.2399107 0.1057371 0.2220915 0.2366358
23          0          0 0.1856293 0.2190884 0.1057371 0.2366358 0.2366358
24          1          1 0.2069134 0.2326881 0.1057371 0.2366358 0.2366358
25          1          1 0.2085244 0.2344144 0.1057371 0.2220915 0.2366358
26          1          1 0.2086730 0.2331189 0.1057371 0.2366358 0.2366358
27          1          1 0.2042393 0.2316747 0.1057371 0.2366358 0.2366358
28          0          0 0.1796892 0.2017647 0.1057371 0.2366358 0.2366358
29          1          1 0.2849664 0.3239144 0.1057371 0.1493700 0.2366358
30          1          1 0.1745053 0.1995181 0.1057371 0.2366358 0.2366358
31          0          1 0.1709957 0.1919873 0.1057371 0.2366358 0.2366358
32          1          1 0.2288670 0.2585114 0.1057371 0.2366358 0.2366358
33          1          1 0.2532497 0.2869506 0.1057371 0.2366358 0.2366358
34          1          1 0.2386470 0.2628400 0.1057371 0.2366358 0.2366358
35          1          1 0.2481053 0.2830585 0.1057371 0.2220915 0.2366358
36          1          1 0.2497990 0.2878471 0.1057371 0.2366358 0.2366358
37          1          1 0.2226545 0.2468581 0.1057371 0.2075472 0.2366358
38          1          1 0.1839283 0.2084885 0.1057371 0.2366358 0.2366358
39          1          1 0.1939056 0.2141116 0.1057371 0.2366358 0.2366358
40          1          1 0.2400259 0.2669690 0.1057371 0.2366358 0.2366358
