
Due to MODULEPATH changes, the following have been reloaded:
  1) mii/1.1.2

The following have been reloaded with a version change:
  1) StdEnv/2023 => StdEnv/2020           5) libfabric/1.18.0 => libfabric/1.10.1
  2) gcccore/.12.3 => gcccore/.9.3.0      6) openmpi/4.1.5 => openmpi/4.0.3
  3) gentoo/2023 => gentoo/2020           7) ucx/1.14.1 => ucx/1.8.0
  4) imkl/2023.2.0 => imkl/2020.1.217

Loading required package: iterators
Loading required package: parallel

Attaching package: ‘expm’

The following object is masked from ‘package:Matrix’:

    expm

Time difference of 47.7494 mins
   is.cover90 is.cover95     SCB90     SCB95  hr.lower    hr.opt  hr.upper
1           1          1 0.2136535 0.2426277 0.1057371 0.2366358 0.2366358
2           1          1 0.2066375 0.2310458 0.1057371 0.1493700 0.2366358
3           1          1 0.1764971 0.1948249 0.1057371 0.2366358 0.2366358
4           1          1 0.2704998 0.3025924 0.1057371 0.2366358 0.2366358
5           1          1 0.1858240 0.2082229 0.1057371 0.1639143 0.2366358
6           1          1 0.2205304 0.2484821 0.1057371 0.2366358 0.2366358
7           1          1 0.2142043 0.2387848 0.1057371 0.2366358 0.2366358
8           1          1 0.2018956 0.2259315 0.1057371 0.2366358 0.2366358
9           1          1 0.1978652 0.2208564 0.1057371 0.2220915 0.2366358
10          1          1 0.2135501 0.2444776 0.1057371 0.2366358 0.2366358
11          1          1 0.1784544 0.2001366 0.1057371 0.2366358 0.2366358
12          0          1 0.1815140 0.2045644 0.1057371 0.2366358 0.2366358
13          1          1 0.1745208 0.1977024 0.1057371 0.2366358 0.2366358
14          1          1 0.2902768 0.3308648 0.1057371 0.2366358 0.2366358
15          1          1 0.2091267 0.2337165 0.1057371 0.2366358 0.2366358
16          1          1 0.2651002 0.2951708 0.1057371 0.2366358 0.2366358
17          1          1 0.2221539 0.2468919 0.1057371 0.2366358 0.2366358
18          1          1 0.2092437 0.2416105 0.1057371 0.2366358 0.2366358
19          1          1 0.2019820 0.2356326 0.1057371 0.2366358 0.2366358
20          0          1 0.1617401 0.1794903 0.1057371 0.2366358 0.2366358
21          0          0 0.1820083 0.2073531 0.1057371 0.2366358 0.2366358
22          1          1 0.2420069 0.2804475 0.1057371 0.2366358 0.2366358
23          1          1 0.2353052 0.2614265 0.1057371 0.2366358 0.2366358
24          0          0 0.1372338 0.1549978 0.1057371 0.2366358 0.2366358
25          1          1 0.2081727 0.2344732 0.1057371 0.2366358 0.2366358
26          1          1 0.1994058 0.2273001 0.1057371 0.2366358 0.2366358
27          1          1 0.1826624 0.2056585 0.1057371 0.2366358 0.2366358
28          1          1 0.2131636 0.2387272 0.1057371 0.2366358 0.2366358
29          1          1 0.1604314 0.1812452 0.1057371 0.2366358 0.2366358
30          1          1 0.2228078 0.2482187 0.1057371 0.2366358 0.2366358
31          1          1 0.2416962 0.2749749 0.1057371 0.2366358 0.2366358
32          1          1 0.2246782 0.2618859 0.1057371 0.2366358 0.2366358
33          0          1 0.1965688 0.2202493 0.1057371 0.2366358 0.2366358
34          1          1 0.2207755 0.2499405 0.1057371 0.2075472 0.2366358
35          1          1 0.2482746 0.2816593 0.1057371 0.2366358 0.2366358
36          1          1 0.2071016 0.2455486 0.1057371 0.2366358 0.2366358
37          1          1 0.2233110 0.2522498 0.1057371 0.2366358 0.2366358
38          1          1 0.2109398 0.2393719 0.1057371 0.2366358 0.2366358
39          1          1 0.2264889 0.2586005 0.1057371 0.2366358 0.2366358
40          1          1 0.2272606 0.2522353 0.1057371 0.2366358 0.2366358
