
Due to MODULEPATH changes, the following have been reloaded:
  1) mii/1.1.2

The following have been reloaded with a version change:
  1) StdEnv/2023 => StdEnv/2020           5) libfabric/1.18.0 => libfabric/1.10.1
  2) gcccore/.12.3 => gcccore/.9.3.0      6) openmpi/4.1.5 => openmpi/4.0.3
  3) gentoo/2023 => gentoo/2020           7) ucx/1.14.1 => ucx/1.8.0
  4) imkl/2023.2.0 => imkl/2020.1.217

Loading required package: iterators
Loading required package: parallel

Attaching package: ‘expm’

The following object is masked from ‘package:Matrix’:

    expm

Time difference of 47.97158 mins
   is.cover90 is.cover95     SCB90     SCB95  hr.lower    hr.opt  hr.upper
1           0          0 0.2028152 0.2255983 0.1057371 0.2366358 0.2366358
2           1          1 0.2482180 0.2750574 0.1057371 0.2366358 0.2366358
3           1          1 0.2318738 0.2597140 0.1057371 0.2366358 0.2366358
4           0          1 0.1580087 0.1779189 0.1057371 0.2366358 0.2366358
5           1          1 0.1674098 0.1878544 0.1057371 0.2366358 0.2366358
6           1          1 0.1895917 0.2213208 0.1057371 0.2366358 0.2366358
7           0          0 0.2075570 0.2338008 0.1057371 0.2366358 0.2366358
8           1          1 0.1725203 0.1948505 0.1057371 0.2366358 0.2366358
9           1          1 0.1846139 0.2102637 0.1057371 0.2366358 0.2366358
10          0          0 0.1902192 0.2117181 0.1057371 0.2366358 0.2366358
11          1          1 0.1930122 0.2150163 0.1057371 0.2366358 0.2366358
12          1          1 0.1981312 0.2213833 0.1057371 0.2366358 0.2366358
13          1          1 0.2485889 0.2905348 0.1057371 0.2366358 0.2366358
14          1          1 0.1964083 0.2214282 0.1057371 0.2366358 0.2366358
15          1          1 0.2171033 0.2451345 0.1057371 0.2366358 0.2366358
16          1          1 0.1598119 0.1797825 0.1057371 0.2366358 0.2366358
17          1          1 0.2007451 0.2239472 0.1057371 0.2366358 0.2366358
18          0          1 0.1737907 0.2001353 0.1057371 0.2366358 0.2366358
19          1          1 0.2275357 0.2552528 0.1057371 0.2366358 0.2366358
20          1          1 0.1929120 0.2132409 0.1057371 0.2366358 0.2366358
21          1          1 0.1876910 0.2099650 0.1057371 0.2366358 0.2366358
22          1          1 0.1807645 0.2027060 0.1057371 0.2366358 0.2366358
23          1          1 0.2136197 0.2330590 0.1057371 0.2366358 0.2366358
24          1          1 0.1729923 0.1952112 0.1057371 0.2366358 0.2366358
25          1          1 0.1910238 0.2257715 0.1057371 0.2366358 0.2366358
26          1          1 0.2519624 0.2871628 0.1057371 0.2366358 0.2366358
27          1          1 0.2588774 0.2943991 0.1057371 0.2366358 0.2366358
28          0          0 0.1796917 0.2040279 0.1057371 0.2366358 0.2366358
29          1          1 0.1883951 0.2105022 0.1057371 0.2366358 0.2366358
30          1          1 0.1849320 0.2093965 0.1057371 0.2366358 0.2366358
31          0          1 0.2826935 0.3227136 0.1057371 0.2366358 0.2366358
32          1          1 0.2032523 0.2237305 0.1057371 0.2366358 0.2366358
33          1          1 0.2275584 0.2544829 0.1057371 0.2366358 0.2366358
34          1          1 0.2274076 0.2513797 0.1057371 0.2366358 0.2366358
35          1          1 0.2033312 0.2284215 0.1057371 0.2366358 0.2366358
36          0          1 0.2127662 0.2368506 0.1057371 0.2366358 0.2366358
37          1          1 0.2010547 0.2257792 0.1057371 0.2366358 0.2366358
38          1          1 0.2388854 0.2765351 0.1057371 0.2366358 0.2366358
39          1          1 0.2031290 0.2271107 0.1057371 0.2366358 0.2366358
40          1          1 0.1650280 0.1849944 0.1057371 0.2366358 0.2366358
