
Due to MODULEPATH changes, the following have been reloaded:
  1) mii/1.1.2

The following have been reloaded with a version change:
  1) StdEnv/2023 => StdEnv/2020           5) libfabric/1.18.0 => libfabric/1.10.1
  2) gcccore/.12.3 => gcccore/.9.3.0      6) openmpi/4.1.5 => openmpi/4.0.3
  3) gentoo/2023 => gentoo/2020           7) ucx/1.14.1 => ucx/1.8.0
  4) imkl/2023.2.0 => imkl/2020.1.217

Loading required package: iterators
Loading required package: parallel

Attaching package: ‘expm’

The following object is masked from ‘package:Matrix’:

    expm

Time difference of 50.03684 mins
   is.cover90 is.cover95     SCB90     SCB95  hr.lower    hr.opt  hr.upper
1           1          1 0.2111533 0.2356228 0.1057371 0.2366358 0.2366358
2           1          1 0.1821345 0.2066410 0.1057371 0.2366358 0.2366358
3           1          1 0.2255109 0.2640605 0.1057371 0.2366358 0.2366358
4           1          1 0.1406652 0.1595260 0.1057371 0.2366358 0.2366358
5           1          1 0.1947817 0.2202648 0.1057371 0.2075472 0.2366358
6           1          1 0.2173889 0.2496934 0.1057371 0.2366358 0.2366358
7           1          1 0.1848679 0.2117900 0.1057371 0.2366358 0.2366358
8           1          1 0.2560113 0.2891989 0.1057371 0.2366358 0.2366358
9           0          1 0.1737507 0.1956814 0.1057371 0.2366358 0.2366358
10          1          1 0.1969759 0.2207527 0.1057371 0.2366358 0.2366358
11          1          1 0.1815530 0.2021211 0.1057371 0.2366358 0.2366358
12          1          1 0.2200298 0.2468470 0.1057371 0.2366358 0.2366358
13          1          1 0.2321732 0.2553527 0.1057371 0.2366358 0.2366358
14          0          1 0.2155183 0.2467514 0.1057371 0.2366358 0.2366358
15          0          0 0.1914493 0.2151509 0.1057371 0.2366358 0.2366358
16          0          1 0.1872060 0.2053256 0.1057371 0.2366358 0.2366358
17          1          1 0.2368252 0.2641126 0.1057371 0.2366358 0.2366358
18          1          1 0.2104022 0.2365875 0.1057371 0.2366358 0.2366358
19          1          1 0.2507717 0.2870460 0.1057371 0.2366358 0.2366358
20          1          1 0.1839017 0.2043120 0.1057371 0.2366358 0.2366358
21          0          1 0.1611976 0.1829374 0.1057371 0.2366358 0.2366358
22          1          1 0.1583344 0.1779198 0.1057371 0.2366358 0.2366358
23          1          1 0.2210668 0.2533505 0.1057371 0.2366358 0.2366358
24          1          1 0.1953380 0.2210167 0.1057371 0.2366358 0.2366358
25          1          1 0.1983935 0.2262460 0.1057371 0.2366358 0.2366358
26          1          1 0.2181362 0.2517778 0.1057371 0.2366358 0.2366358
27          1          1 0.2608942 0.2956209 0.1057371 0.2366358 0.2366358
28          1          1 0.1793185 0.2020315 0.1057371 0.2366358 0.2366358
29          1          1 0.1912772 0.2139628 0.1057371 0.2366358 0.2366358
30          1          1 0.2229275 0.2497527 0.1057371 0.2366358 0.2366358
31          1          1 0.2204248 0.2496052 0.1057371 0.2366358 0.2366358
32          1          1 0.1738329 0.1959946 0.1057371 0.2366358 0.2366358
33          1          1 0.2123289 0.2366433 0.1057371 0.2366358 0.2366358
34          1          1 0.2141762 0.2407056 0.1057371 0.1930029 0.2366358
35          1          1 0.2222632 0.2531450 0.1057371 0.2366358 0.2366358
36          1          1 0.2185195 0.2478302 0.1057371 0.1784586 0.2366358
37          1          1 0.2285924 0.2604666 0.1057371 0.2366358 0.2366358
38          1          1 0.1892868 0.2106735 0.1057371 0.2366358 0.2366358
39          1          1 0.1871186 0.2112761 0.1057371 0.2366358 0.2366358
40          1          1 0.2082168 0.2346464 0.1057371 0.2366358 0.2366358
