
Due to MODULEPATH changes, the following have been reloaded:
  1) mii/1.1.2

The following have been reloaded with a version change:
  1) StdEnv/2023 => StdEnv/2020           5) libfabric/1.18.0 => libfabric/1.10.1
  2) gcccore/.12.3 => gcccore/.9.3.0      6) openmpi/4.1.5 => openmpi/4.0.3
  3) gentoo/2023 => gentoo/2020           7) ucx/1.14.1 => ucx/1.8.0
  4) imkl/2023.2.0 => imkl/2020.1.217

Loading required package: iterators
Loading required package: parallel

Attaching package: ‘expm’

The following object is masked from ‘package:Matrix’:

    expm

Time difference of 50.7122 mins
   is.cover90 is.cover95     SCB90     SCB95  hr.lower    hr.opt  hr.upper
1           1          1 0.2078999 0.2336485 0.1057371 0.1639143 0.2366358
2           1          1 0.1984155 0.2215971 0.1057371 0.2366358 0.2366358
3           1          1 0.1769992 0.1954311 0.1057371 0.2220915 0.2366358
4           1          1 0.1909758 0.2127524 0.1057371 0.1784586 0.2366358
5           1          1 0.2109675 0.2371478 0.1057371 0.2075472 0.2366358
6           0          0 0.2192812 0.2424230 0.1057371 0.2075472 0.2366358
7           1          1 0.1926292 0.2192113 0.1057371 0.2220915 0.2366358
8           1          1 0.2319171 0.2677264 0.1057371 0.2366358 0.2366358
9           1          1 0.2594408 0.2939141 0.1057371 0.2366358 0.2366358
10          1          1 0.2185744 0.2436479 0.1057371 0.2366358 0.2366358
11          1          1 0.1849187 0.2065892 0.1057371 0.2366358 0.2366358
12          1          1 0.1851354 0.2065491 0.1057371 0.2366358 0.2366358
13          1          1 0.2614185 0.3010979 0.1057371 0.2366358 0.2366358
14          1          1 0.2338633 0.2649549 0.1057371 0.2366358 0.2366358
15          1          1 0.1723951 0.1952019 0.1057371 0.2220915 0.2366358
16          1          1 0.2035358 0.2250335 0.1057371 0.2075472 0.2366358
17          1          1 0.1929616 0.2191704 0.1057371 0.2366358 0.2366358
18          1          1 0.2287313 0.2608514 0.1057371 0.2366358 0.2366358
19          1          1 0.2125189 0.2369283 0.1057371 0.2366358 0.2366358
20          1          1 0.2479126 0.2794077 0.1057371 0.1930029 0.2366358
21          1          1 0.1752034 0.1974503 0.1057371 0.2366358 0.2366358
22          1          1 0.2385980 0.2645704 0.1057371 0.2366358 0.2366358
23          1          1 0.1962677 0.2224744 0.1057371 0.2366358 0.2366358
24          1          1 0.1928701 0.2189441 0.1057371 0.2366358 0.2366358
25          1          1 0.2395437 0.2675722 0.1057371 0.2366358 0.2366358
26          0          1 0.1957852 0.2156512 0.1057371 0.2366358 0.2366358
27          0          1 0.1691346 0.1946145 0.1057371 0.2075472 0.2366358
28          1          1 0.2665333 0.3023397 0.1057371 0.2366358 0.2366358
29          1          1 0.1824357 0.2093542 0.1057371 0.2366358 0.2366358
30          1          1 0.2384279 0.2805855 0.1057371 0.2366358 0.2366358
31          1          1 0.1941850 0.2173786 0.1057371 0.2366358 0.2366358
32          1          1 0.2140538 0.2423589 0.1057371 0.2366358 0.2366358
33          1          1 0.1731161 0.1922010 0.1057371 0.1784586 0.2366358
34          1          1 0.1883542 0.2143392 0.1057371 0.2366358 0.2366358
35          1          1 0.1816339 0.2053015 0.1057371 0.2366358 0.2366358
36          1          1 0.2434264 0.2700670 0.1057371 0.2366358 0.2366358
37          1          1 0.2037379 0.2275486 0.1057371 0.2366358 0.2366358
38          1          1 0.1668610 0.1889724 0.1057371 0.2366358 0.2366358
39          1          1 0.2214613 0.2525554 0.1057371 0.2366358 0.2366358
40          1          1 0.1896539 0.2131534 0.1057371 0.2366358 0.2366358
