
Due to MODULEPATH changes, the following have been reloaded:
  1) mii/1.1.2

The following have been reloaded with a version change:
  1) StdEnv/2023 => StdEnv/2020           5) libfabric/1.18.0 => libfabric/1.10.1
  2) gcccore/.12.3 => gcccore/.9.3.0      6) openmpi/4.1.5 => openmpi/4.0.3
  3) gentoo/2023 => gentoo/2020           7) ucx/1.14.1 => ucx/1.8.0
  4) imkl/2023.2.0 => imkl/2020.1.217

Loading required package: iterators
Loading required package: parallel

Attaching package: ‘expm’

The following object is masked from ‘package:Matrix’:

    expm

Time difference of 46.37991 mins
   is.cover90 is.cover95     SCB90     SCB95  hr.lower    hr.opt  hr.upper
1           0          1 0.2246560 0.2593407 0.1057371 0.2366358 0.2366358
2           1          1 0.1823024 0.2041356 0.1057371 0.2366358 0.2366358
3           1          1 0.2214401 0.2482931 0.1057371 0.2075472 0.2366358
4           1          1 0.2169556 0.2386868 0.1057371 0.2366358 0.2366358
5           1          1 0.1711403 0.1896017 0.1057371 0.2366358 0.2366358
6           1          1 0.1977483 0.2336108 0.1057371 0.2366358 0.2366358
7           1          1 0.2313886 0.2607255 0.1057371 0.2366358 0.2366358
8           1          1 0.2018643 0.2236886 0.1057371 0.2366358 0.2366358
9           0          0 0.1552777 0.1755731 0.1057371 0.2366358 0.2366358
10          1          1 0.2016475 0.2357586 0.1057371 0.2366358 0.2366358
11          1          1 0.2164181 0.2457570 0.1057371 0.2366358 0.2366358
12          1          1 0.2232879 0.2555835 0.1057371 0.2366358 0.2366358
13          1          1 0.2477475 0.2797682 0.1057371 0.2366358 0.2366358
14          1          1 0.2035592 0.2259175 0.1057371 0.2366358 0.2366358
15          1          1 0.2287839 0.2538672 0.1057371 0.1930029 0.2366358
16          1          1 0.2363636 0.2619083 0.1057371 0.2366358 0.2366358
17          1          1 0.2224002 0.2563327 0.1057371 0.2366358 0.2366358
18          1          1 0.2336970 0.2567131 0.1057371 0.2366358 0.2366358
19          1          1 0.2493134 0.2900700 0.1057371 0.2366358 0.2366358
20          1          1 0.1895199 0.2100385 0.1057371 0.2366358 0.2366358
21          1          1 0.2025382 0.2278855 0.1057371 0.2366358 0.2366358
22          1          1 0.2274291 0.2545274 0.1057371 0.2366358 0.2366358
23          1          1 0.2859966 0.3155656 0.1057371 0.1784586 0.2366358
24          1          1 0.2527154 0.2926348 0.1057371 0.2366358 0.2366358
25          0          1 0.1993400 0.2268211 0.1057371 0.2366358 0.2366358
26          0          0 0.1801676 0.1988228 0.1057371 0.2366358 0.2366358
27          1          1 0.2130187 0.2371475 0.1057371 0.2366358 0.2366358
28          0          0 0.1876166 0.2077175 0.1057371 0.2366358 0.2366358
29          1          1 0.2817468 0.3274204 0.1057371 0.1493700 0.2366358
30          1          1 0.2415839 0.2750182 0.1057371 0.2366358 0.2366358
31          1          1 0.2389832 0.2735497 0.1057371 0.1639143 0.2366358
32          1          1 0.2272456 0.2627671 0.1057371 0.2366358 0.2366358
33          1          1 0.2338493 0.2678640 0.1057371 0.2366358 0.2366358
34          0          0 0.2108583 0.2337166 0.1057371 0.2366358 0.2366358
35          1          1 0.3103578 0.3582125 0.1057371 0.2366358 0.2366358
36          1          1 0.1693351 0.1864241 0.1057371 0.2366358 0.2366358
37          1          1 0.2191456 0.2468883 0.1057371 0.2220915 0.2366358
38          0          0 0.1744151 0.1935948 0.1057371 0.2366358 0.2366358
39          1          1 0.1718209 0.1913312 0.1057371 0.2366358 0.2366358
40          1          1 0.2056613 0.2327869 0.1057371 0.2366358 0.2366358
