
Due to MODULEPATH changes, the following have been reloaded:
  1) mii/1.1.2

The following have been reloaded with a version change:
  1) StdEnv/2023 => StdEnv/2020           5) libfabric/1.18.0 => libfabric/1.10.1
  2) gcccore/.12.3 => gcccore/.9.3.0      6) openmpi/4.1.5 => openmpi/4.0.3
  3) gentoo/2023 => gentoo/2020           7) ucx/1.14.1 => ucx/1.8.0
  4) imkl/2023.2.0 => imkl/2020.1.217

Loading required package: iterators
Loading required package: parallel
Loading required package: Matrix

Attaching package: ‘expm’

The following object is masked from ‘package:Matrix’:

    expm

Time difference of 34.47041 mins
    hr         hd coverage90 coverage95   width90   width95
1 0.05 0.04847024      0.525      0.625 0.1855343 0.2056189
Time difference of 35.31017 mins
   hr         hd coverage90 coverage95   width90  width95
2 0.1 0.09694048      0.825      0.875 0.2579823 0.290215
Time difference of 35.13055 mins
    hr        hd coverage90 coverage95   width90   width95
3 0.15 0.1454107       0.95      0.975 0.2335897 0.2638051
Time difference of 35.73802 mins
   hr       hd coverage90 coverage95  width90   width95
4 0.2 0.193881       0.95      0.975 0.209675 0.2370241
Time difference of 36.17021 mins
    hr  hd coverage90 coverage95   width90   width95
5 0.25 0.2      0.925          1 0.2065281 0.2335531
Time difference of 36.73172 mins
   hr        hd coverage90 coverage95   width90   width95
6 0.3 0.2008299      0.925          1 0.1962122 0.2216258
Time difference of 36.45612 mins
    hr        hd coverage90 coverage95   width90  width95
7 0.35 0.2466555        0.9          1 0.1757296 0.199402
