
Due to MODULEPATH changes, the following have been reloaded:
  1) mii/1.1.2

The following have been reloaded with a version change:
  1) StdEnv/2023 => StdEnv/2020           5) libfabric/1.18.0 => libfabric/1.10.1
  2) gcccore/.12.3 => gcccore/.9.3.0      6) openmpi/4.1.5 => openmpi/4.0.3
  3) gentoo/2023 => gentoo/2020           7) ucx/1.14.1 => ucx/1.8.0
  4) imkl/2023.2.0 => imkl/2020.1.217

Loading required package: iterators
Loading required package: parallel
Loading required package: Matrix

Attaching package: ‘expm’

The following object is masked from ‘package:Matrix’:

    expm

Time difference of 36.01474 mins
    hr         hd coverage90 coverage95   width90  width95
1 0.05 0.04847024       0.55      0.675 0.1967131 0.219398
Time difference of 37.30198 mins
   hr         hd coverage90 coverage95   width90   width95
2 0.1 0.09694048      0.875       0.95 0.2470562 0.2779244
Time difference of 36.75385 mins
    hr        hd coverage90 coverage95   width90   width95
3 0.15 0.1454107      0.875      0.925 0.2281449 0.2571348
Time difference of 38.28031 mins
   hr       hd coverage90 coverage95   width90   width95
4 0.2 0.193881       0.85      0.875 0.2101996 0.2380993
Time difference of 37.40878 mins
    hr  hd coverage90 coverage95   width90   width95
5 0.25 0.2      0.825        0.9 0.2056653 0.2322687
Time difference of 37.46286 mins
   hr        hd coverage90 coverage95   width90   width95
6 0.3 0.2008299      0.825      0.875 0.1972063 0.2227678
Time difference of 37.00607 mins
    hr        hd coverage90 coverage95   width90   width95
7 0.35 0.2466555       0.85      0.875 0.1776678 0.2009658
