
Due to MODULEPATH changes, the following have been reloaded:
  1) mii/1.1.2

The following have been reloaded with a version change:
  1) StdEnv/2023 => StdEnv/2020           5) libfabric/1.18.0 => libfabric/1.10.1
  2) gcccore/.12.3 => gcccore/.9.3.0      6) openmpi/4.1.5 => openmpi/4.0.3
  3) gentoo/2023 => gentoo/2020           7) ucx/1.14.1 => ucx/1.8.0
  4) imkl/2023.2.0 => imkl/2020.1.217

Loading required package: iterators
Loading required package: parallel
Loading required package: Matrix

Attaching package: ‘expm’

The following object is masked from ‘package:Matrix’:

    expm

Time difference of 35.67278 mins
    hr         hd coverage90 coverage95   width90  width95
1 0.05 0.04847024      0.525      0.725 0.2004533 0.224594
Time difference of 35.94195 mins
   hr         hd coverage90 coverage95   width90   width95
2 0.1 0.09694048      0.875      0.925 0.2492567 0.2793842
Time difference of 37.81302 mins
    hr        hd coverage90 coverage95  width90   width95
3 0.15 0.1454107      0.825      0.875 0.228041 0.2578757
Time difference of 37.31502 mins
   hr       hd coverage90 coverage95   width90  width95
4 0.2 0.193881       0.85      0.925 0.2104022 0.237365
Time difference of 36.22707 mins
    hr  hd coverage90 coverage95   width90   width95
5 0.25 0.2       0.85       0.95 0.2100257 0.2372419
Time difference of 37.57775 mins
   hr        hd coverage90 coverage95   width90   width95
6 0.3 0.2008299        0.9      0.975 0.2027606 0.2292422
Time difference of 37.33344 mins
    hr        hd coverage90 coverage95   width90   width95
7 0.35 0.2466555        0.9       0.95 0.1811673 0.2057248
