
Due to MODULEPATH changes, the following have been reloaded:
  1) mii/1.1.2

The following have been reloaded with a version change:
  1) StdEnv/2023 => StdEnv/2020           5) libfabric/1.18.0 => libfabric/1.10.1
  2) gcccore/.12.3 => gcccore/.9.3.0      6) openmpi/4.1.5 => openmpi/4.0.3
  3) gentoo/2023 => gentoo/2020           7) ucx/1.14.1 => ucx/1.8.0
  4) imkl/2023.2.0 => imkl/2020.1.217

Loading required package: iterators
Loading required package: parallel
Loading required package: Matrix

Attaching package: ‘expm’

The following object is masked from ‘package:Matrix’:

    expm

Time difference of 35.0375 mins
    hr         hd coverage90 coverage95   width90  width95
1 0.05 0.04847024      0.675      0.725 0.1896979 0.211149
Time difference of 35.34518 mins
   hr         hd coverage90 coverage95   width90   width95
2 0.1 0.09694048        0.9      0.925 0.2537271 0.2854873
Time difference of 36.18116 mins
    hr        hd coverage90 coverage95  width90  width95
3 0.15 0.1454107        0.9       0.95 0.240981 0.271312
Time difference of 36.3624 mins
   hr       hd coverage90 coverage95   width90   width95
4 0.2 0.193881      0.875      0.925 0.2162491 0.2437554
Time difference of 36.51041 mins
    hr  hd coverage90 coverage95   width90   width95
5 0.25 0.2      0.875        0.9 0.2090405 0.2360721
Time difference of 36.07941 mins
   hr        hd coverage90 coverage95   width90   width95
6 0.3 0.2008299        0.8       0.95 0.2014161 0.2264822
Time difference of 36.51543 mins
    hr        hd coverage90 coverage95   width90   width95
7 0.35 0.2466555        0.8        0.9 0.1814375 0.2040836
