
Due to MODULEPATH changes, the following have been reloaded:
  1) mii/1.1.2

The following have been reloaded with a version change:
  1) StdEnv/2023 => StdEnv/2020           5) libfabric/1.18.0 => libfabric/1.10.1
  2) gcccore/.12.3 => gcccore/.9.3.0      6) openmpi/4.1.5 => openmpi/4.0.3
  3) gentoo/2023 => gentoo/2020           7) ucx/1.14.1 => ucx/1.8.0
  4) imkl/2023.2.0 => imkl/2020.1.217

Loading required package: iterators
Loading required package: parallel
Loading required package: Matrix

Attaching package: ‘expm’

The following object is masked from ‘package:Matrix’:

    expm

Time difference of 31.19784 mins
    hr         hd coverage90 coverage95   width90   width95
1 0.05 0.04847024      0.425      0.575 0.1939139 0.2160655
Time difference of 31.88543 mins
   hr         hd coverage90 coverage95   width90   width95
2 0.1 0.09694048        0.9        0.9 0.2574817 0.2906851
Time difference of 30.71927 mins
    hr        hd coverage90 coverage95   width90   width95
3 0.15 0.1454107        0.9      0.925 0.2430956 0.2741054
Time difference of 31.36489 mins
   hr       hd coverage90 coverage95   width90  width95
4 0.2 0.193881      0.875      0.975 0.2168102 0.244446
Time difference of 31.36587 mins
    hr  hd coverage90 coverage95   width90   width95
5 0.25 0.2        0.9      0.975 0.2109813 0.2376489
Time difference of 31.82407 mins
   hr        hd coverage90 coverage95   width90   width95
6 0.3 0.2008299      0.925      0.975 0.2010189 0.2265782
Time difference of 31.74051 mins
    hr        hd coverage90 coverage95   width90   width95
7 0.35 0.2466555       0.95      0.975 0.1785654 0.2019895
