
Due to MODULEPATH changes, the following have been reloaded:
  1) mii/1.1.2

The following have been reloaded with a version change:
  1) StdEnv/2023 => StdEnv/2020           5) libfabric/1.18.0 => libfabric/1.10.1
  2) gcccore/.12.3 => gcccore/.9.3.0      6) openmpi/4.1.5 => openmpi/4.0.3
  3) gentoo/2023 => gentoo/2020           7) ucx/1.14.1 => ucx/1.8.0
  4) imkl/2023.2.0 => imkl/2020.1.217

Loading required package: iterators
Loading required package: parallel
Loading required package: Matrix

Attaching package: ‘expm’

The following object is masked from ‘package:Matrix’:

    expm

Time difference of 22.81968 mins
    hr         hd coverage90 coverage95   width90   width95
1 0.05 0.04847024        0.5      0.625 0.1859656 0.2079924
Time difference of 24.25135 mins
   hr         hd coverage90 coverage95   width90   width95
2 0.1 0.09694048      0.875      0.975 0.2482902 0.2809725
Time difference of 22.38427 mins
    hr        hd coverage90 coverage95   width90   width95
3 0.15 0.1454107      0.875       0.95 0.2297355 0.2584267
Time difference of 22.43046 mins
   hr       hd coverage90 coverage95   width90   width95
4 0.2 0.193881      0.875          1 0.2080959 0.2344431
Time difference of 21.55443 mins
    hr  hd coverage90 coverage95  width90   width95
5 0.25 0.2      0.875       0.95 0.203333 0.2299743
Time difference of 21.30574 mins
   hr        hd coverage90 coverage95   width90   width95
6 0.3 0.2008299      0.825      0.925 0.1972628 0.2221375
Time difference of 21.34 mins
    hr        hd coverage90 coverage95   width90   width95
7 0.35 0.2466555       0.85      0.975 0.1777821 0.2010987
