
Due to MODULEPATH changes, the following have been reloaded:
  1) mii/1.1.2

The following have been reloaded with a version change:
  1) StdEnv/2023 => StdEnv/2020           5) libfabric/1.18.0 => libfabric/1.10.1
  2) gcccore/.12.3 => gcccore/.9.3.0      6) openmpi/4.1.5 => openmpi/4.0.3
  3) gentoo/2023 => gentoo/2020           7) ucx/1.14.1 => ucx/1.8.0
  4) imkl/2023.2.0 => imkl/2020.1.217

Loading required package: iterators
Loading required package: parallel
Loading required package: Matrix

Attaching package: ‘expm’

The following object is masked from ‘package:Matrix’:

    expm

Time difference of 20.7258 mins
    hr         hd coverage90 coverage95   width90   width95
1 0.05 0.04847024        0.5       0.55 0.1894183 0.2113107
Time difference of 20.97025 mins
   hr         hd coverage90 coverage95   width90   width95
2 0.1 0.09694048      0.875      0.925 0.2597789 0.2924435
Time difference of 21.04989 mins
    hr        hd coverage90 coverage95   width90   width95
3 0.15 0.1454107        0.8      0.975 0.2397353 0.2703607
Time difference of 21.11804 mins
   hr       hd coverage90 coverage95   width90   width95
4 0.2 0.193881        0.8      0.925 0.2100989 0.2374008
Time difference of 21.60175 mins
    hr  hd coverage90 coverage95   width90   width95
5 0.25 0.2        0.8      0.925 0.2032053 0.2292129
Time difference of 21.98941 mins
   hr        hd coverage90 coverage95   width90   width95
6 0.3 0.2008299      0.825      0.875 0.1946396 0.2191057
Time difference of 22.36576 mins
    hr        hd coverage90 coverage95   width90   width95
7 0.35 0.2466555      0.825      0.875 0.1736586 0.1957139
