
Due to MODULEPATH changes, the following have been reloaded:
  1) mii/1.1.2

The following have been reloaded with a version change:
  1) StdEnv/2023 => StdEnv/2020           5) libfabric/1.18.0 => libfabric/1.10.1
  2) gcccore/.12.3 => gcccore/.9.3.0      6) openmpi/4.1.5 => openmpi/4.0.3
  3) gentoo/2023 => gentoo/2020           7) ucx/1.14.1 => ucx/1.8.0
  4) imkl/2023.2.0 => imkl/2020.1.217

Loading required package: iterators
Loading required package: parallel
Loading required package: Matrix

Attaching package: ‘expm’

The following object is masked from ‘package:Matrix’:

    expm

Time difference of 36.74679 mins
    hr         hd coverage90 coverage95   width90  width95
1 0.05 0.04847024      0.675        0.7 0.1919877 0.213037
Time difference of 36.71922 mins
   hr         hd coverage90 coverage95   width90   width95
2 0.1 0.09694048        0.9      0.925 0.2703463 0.3063344
Time difference of 37.80992 mins
    hr        hd coverage90 coverage95   width90   width95
3 0.15 0.1454107      0.875      0.875 0.2495717 0.2829168
Time difference of 38.1241 mins
   hr       hd coverage90 coverage95   width90   width95
4 0.2 0.193881       0.85        0.9 0.2221562 0.2519479
Time difference of 38.75364 mins
    hr  hd coverage90 coverage95 width90   width95
5 0.25 0.2      0.825      0.875 0.21419 0.2423137
Time difference of 39.40956 mins
   hr        hd coverage90 coverage95   width90   width95
6 0.3 0.2008299      0.825      0.875 0.2051635 0.2317365
Time difference of 39.54267 mins
    hr        hd coverage90 coverage95   width90   width95
7 0.35 0.2466555      0.825        0.9 0.1830552 0.2070172
