
Due to MODULEPATH changes, the following have been reloaded:
  1) mii/1.1.2

The following have been reloaded with a version change:
  1) StdEnv/2023 => StdEnv/2020           5) libfabric/1.18.0 => libfabric/1.10.1
  2) gcccore/.12.3 => gcccore/.9.3.0      6) openmpi/4.1.5 => openmpi/4.0.3
  3) gentoo/2023 => gentoo/2020           7) ucx/1.14.1 => ucx/1.8.0
  4) imkl/2023.2.0 => imkl/2020.1.217

Batch index: 6
Model: b
Sample size: 500
Dimension: 18
Candidate vector: 20:100
Bandwidth: 0.05 0.1 0.15 0.2 0.25 0.3 0.35
Simulation: 40
Loading required package: iterators
Loading required package: parallel

Attaching package: ‘expm’

The following object is masked from ‘package:Matrix’:

    expm

Time difference of 1.589713 hours
    hr max_width90.zhou max_width95.zhou max_width90.zhou.m max_width95.zhou.m
1 0.05        0.4647367        0.4993803          0.4647367          0.4993803
  max_width90.zhou.iso max_width95.zhou.iso
1            0.4647367            0.4993803
Time difference of 1.604423 hours
   hr max_width90.zhou max_width95.zhou max_width90.zhou.m max_width95.zhou.m
2 0.1        0.5171898        0.5605445          0.5171898          0.5605445
  max_width90.zhou.iso max_width95.zhou.iso
2            0.5171898            0.5605445
Time difference of 1.718541 hours
    hr max_width90.zhou max_width95.zhou max_width90.zhou.m max_width95.zhou.m
3 0.15        0.5035789        0.5509684          0.5035789          0.5509684
  max_width90.zhou.iso max_width95.zhou.iso
3            0.5035789            0.5509684
Time difference of 1.489489 hours
   hr max_width90.zhou max_width95.zhou max_width90.zhou.m max_width95.zhou.m
4 0.2        0.4373379        0.4790432          0.4373379          0.4790432
  max_width90.zhou.iso max_width95.zhou.iso
4            0.4373379            0.4790432
Time difference of 1.573188 hours
    hr max_width90.zhou max_width95.zhou max_width90.zhou.m max_width95.zhou.m
5 0.25        0.3824795         0.418307          0.3824795           0.418307
  max_width90.zhou.iso max_width95.zhou.iso
5            0.3824795             0.418307
Time difference of 1.547948 hours
   hr max_width90.zhou max_width95.zhou max_width90.zhou.m max_width95.zhou.m
6 0.3        0.3390298        0.3729934          0.3390298          0.3729934
  max_width90.zhou.iso max_width95.zhou.iso
6            0.3390298            0.3729934
Time difference of 1.535551 hours
    hr max_width90.zhou max_width95.zhou max_width90.zhou.m max_width95.zhou.m
7 0.35          0.30264        0.3329775            0.30264          0.3329775
  max_width90.zhou.iso max_width95.zhou.iso
7              0.30264            0.3329775
