
Due to MODULEPATH changes, the following have been reloaded:
  1) mii/1.1.2

The following have been reloaded with a version change:
  1) StdEnv/2023 => StdEnv/2020           5) libfabric/1.18.0 => libfabric/1.10.1
  2) gcccore/.12.3 => gcccore/.9.3.0      6) openmpi/4.1.5 => openmpi/4.0.3
  3) gentoo/2023 => gentoo/2020           7) ucx/1.14.1 => ucx/1.8.0
  4) imkl/2023.2.0 => imkl/2020.1.217

Batch index: 5
Model: b
Sample size: 500
Dimension: 18
Candidate vector: 20:100
Bandwidth: 0.05 0.1 0.15 0.2 0.25 0.3 0.35
Simulation: 40
Loading required package: iterators
Loading required package: parallel

Attaching package: ‘expm’

The following object is masked from ‘package:Matrix’:

    expm

Time difference of 1.470985 hours
    hr max_width90.zhou max_width95.zhou max_width90.zhou.m max_width95.zhou.m
1 0.05        0.4754171        0.5139184          0.4754171          0.5139184
  max_width90.zhou.iso max_width95.zhou.iso
1            0.4754171            0.5139184
Time difference of 1.460987 hours
   hr max_width90.zhou max_width95.zhou max_width90.zhou.m max_width95.zhou.m
2 0.1        0.5174467        0.5610986          0.5174467          0.5610986
  max_width90.zhou.iso max_width95.zhou.iso
2            0.5174467            0.5610986
Time difference of 1.45835 hours
    hr max_width90.zhou max_width95.zhou max_width90.zhou.m max_width95.zhou.m
3 0.15        0.4942252        0.5403402          0.4942252          0.5403402
  max_width90.zhou.iso max_width95.zhou.iso
3            0.4942252            0.5403402
Time difference of 1.473317 hours
   hr max_width90.zhou max_width95.zhou max_width90.zhou.m max_width95.zhou.m
4 0.2        0.4271907         0.466852          0.4271907           0.466852
  max_width90.zhou.iso max_width95.zhou.iso
4            0.4271907             0.466852
Time difference of 1.537464 hours
    hr max_width90.zhou max_width95.zhou max_width90.zhou.m max_width95.zhou.m
5 0.25        0.3740355        0.4088566          0.3740355          0.4088566
  max_width90.zhou.iso max_width95.zhou.iso
5            0.3740355            0.4088566
Time difference of 1.477522 hours
   hr max_width90.zhou max_width95.zhou max_width90.zhou.m max_width95.zhou.m
6 0.3        0.3319858        0.3642861          0.3319858          0.3642861
  max_width90.zhou.iso max_width95.zhou.iso
6            0.3319858            0.3642861
Time difference of 1.461975 hours
    hr max_width90.zhou max_width95.zhou max_width90.zhou.m max_width95.zhou.m
7 0.35        0.2979064        0.3268995          0.2979064          0.3268995
  max_width90.zhou.iso max_width95.zhou.iso
7            0.2979064            0.3268995
