
Due to MODULEPATH changes, the following have been reloaded:
  1) mii/1.1.2

The following have been reloaded with a version change:
  1) StdEnv/2023 => StdEnv/2020           5) libfabric/1.18.0 => libfabric/1.10.1
  2) gcccore/.12.3 => gcccore/.9.3.0      6) openmpi/4.1.5 => openmpi/4.0.3
  3) gentoo/2023 => gentoo/2020           7) ucx/1.14.1 => ucx/1.8.0
  4) imkl/2023.2.0 => imkl/2020.1.217

Batch index: 9
Model: b
Sample size: 500
Dimension: 18
Candidate vector: 20:100
Bandwidth: 0.05 0.1 0.15 0.2 0.25 0.3 0.35
Simulation: 40
Loading required package: iterators
Loading required package: parallel

Attaching package: ‘expm’

The following object is masked from ‘package:Matrix’:

    expm

Time difference of 1.737213 hours
    hr max_width90.zhou max_width95.zhou max_width90.zhou.m max_width95.zhou.m
1 0.05        0.4658988        0.5006458          0.4658988          0.5006458
  max_width90.zhou.iso max_width95.zhou.iso
1            0.4658988            0.5006458
Time difference of 1.729466 hours
   hr max_width90.zhou max_width95.zhou max_width90.zhou.m max_width95.zhou.m
2 0.1         0.505166        0.5493076           0.505166          0.5493076
  max_width90.zhou.iso max_width95.zhou.iso
2             0.505166            0.5493076
Time difference of 1.707858 hours
    hr max_width90.zhou max_width95.zhou max_width90.zhou.m max_width95.zhou.m
3 0.15         0.492481        0.5379257           0.492481          0.5379257
  max_width90.zhou.iso max_width95.zhou.iso
3             0.492481            0.5379257
Time difference of 1.699095 hours
   hr max_width90.zhou max_width95.zhou max_width90.zhou.m max_width95.zhou.m
4 0.2        0.4325971        0.4731527          0.4325971          0.4731527
  max_width90.zhou.iso max_width95.zhou.iso
4            0.4325971            0.4731527
Time difference of 1.717599 hours
    hr max_width90.zhou max_width95.zhou max_width90.zhou.m max_width95.zhou.m
5 0.25        0.3800391        0.4169209          0.3800391          0.4169209
  max_width90.zhou.iso max_width95.zhou.iso
5            0.3800391            0.4169209
Time difference of 1.743229 hours
   hr max_width90.zhou max_width95.zhou max_width90.zhou.m max_width95.zhou.m
6 0.3        0.3366441        0.3704684          0.3366441          0.3704684
  max_width90.zhou.iso max_width95.zhou.iso
6            0.3366441            0.3704684
Time difference of 1.714268 hours
    hr max_width90.zhou max_width95.zhou max_width90.zhou.m max_width95.zhou.m
7 0.35        0.3002966        0.3298148          0.3002966          0.3298148
  max_width90.zhou.iso max_width95.zhou.iso
7            0.3002966            0.3298148
