
Due to MODULEPATH changes, the following have been reloaded:
  1) mii/1.1.2

The following have been reloaded with a version change:
  1) StdEnv/2023 => StdEnv/2020           5) libfabric/1.18.0 => libfabric/1.10.1
  2) gcccore/.12.3 => gcccore/.9.3.0      6) openmpi/4.1.5 => openmpi/4.0.3
  3) gentoo/2023 => gentoo/2020           7) ucx/1.14.1 => ucx/1.8.0
  4) imkl/2023.2.0 => imkl/2020.1.217

Batch index: 1
Model: b
Sample size: 500
Dimension: 18
Candidate vector: 20:100
Bandwidth: 0.05 0.1 0.15 0.2 0.25 0.3 0.35
Simulation: 40
Loading required package: iterators
Loading required package: parallel

Attaching package: ‘expm’

The following object is masked from ‘package:Matrix’:

    expm

Time difference of 1.496409 hours
    hr max_width90.zhou max_width95.zhou max_width90.zhou.m max_width95.zhou.m
1 0.05         0.471478        0.5083018           0.471478          0.5083018
  max_width90.zhou.iso max_width95.zhou.iso
1             0.471478            0.5083018
Time difference of 1.495342 hours
   hr max_width90.zhou max_width95.zhou max_width90.zhou.m max_width95.zhou.m
2 0.1        0.4996209        0.5425518          0.4996209          0.5425518
  max_width90.zhou.iso max_width95.zhou.iso
2            0.4996209            0.5425518
Time difference of 1.480775 hours
    hr max_width90.zhou max_width95.zhou max_width90.zhou.m max_width95.zhou.m
3 0.15        0.4896597        0.5357277          0.4896597          0.5357277
  max_width90.zhou.iso max_width95.zhou.iso
3            0.4896597            0.5357277
Time difference of 1.515651 hours
   hr max_width90.zhou max_width95.zhou max_width90.zhou.m max_width95.zhou.m
4 0.2        0.4309739        0.4731419          0.4309739          0.4731419
  max_width90.zhou.iso max_width95.zhou.iso
4            0.4309739            0.4731419
Time difference of 1.535007 hours
    hr max_width90.zhou max_width95.zhou max_width90.zhou.m max_width95.zhou.m
5 0.25        0.3773607        0.4142566          0.3773607          0.4142566
  max_width90.zhou.iso max_width95.zhou.iso
5            0.3773607            0.4142566
Time difference of 1.57116 hours
   hr max_width90.zhou max_width95.zhou max_width90.zhou.m max_width95.zhou.m
6 0.3        0.3360681         0.368916          0.3360681           0.368916
  max_width90.zhou.iso max_width95.zhou.iso
6            0.3360681             0.368916
Time difference of 1.512701 hours
    hr max_width90.zhou max_width95.zhou max_width90.zhou.m max_width95.zhou.m
7 0.35        0.3009931        0.3312177          0.3009931          0.3312177
  max_width90.zhou.iso max_width95.zhou.iso
7            0.3009931            0.3312177
