
Due to MODULEPATH changes, the following have been reloaded:
  1) mii/1.1.2

The following have been reloaded with a version change:
  1) StdEnv/2023 => StdEnv/2020           5) libfabric/1.18.0 => libfabric/1.10.1
  2) gcccore/.12.3 => gcccore/.9.3.0      6) openmpi/4.1.5 => openmpi/4.0.3
  3) gentoo/2023 => gentoo/2020           7) ucx/1.14.1 => ucx/1.8.0
  4) imkl/2023.2.0 => imkl/2020.1.217

Batch index: 3
Model: b
Sample size: 500
Dimension: 18
Candidate vector: 20:100
Bandwidth: 0.05 0.1 0.15 0.2 0.25 0.3 0.35
Simulation: 40
Loading required package: iterators
Loading required package: parallel

Attaching package: ‘expm’

The following object is masked from ‘package:Matrix’:

    expm

Time difference of 1.433476 hours
    hr max_width90.zhou max_width95.zhou max_width90.zhou.m max_width95.zhou.m
1 0.05        0.4635026        0.4981997          0.4635026          0.4981997
  max_width90.zhou.iso max_width95.zhou.iso
1            0.4635026            0.4981997
Time difference of 1.57945 hours
   hr max_width90.zhou max_width95.zhou max_width90.zhou.m max_width95.zhou.m
2 0.1        0.5111071         0.554462          0.5111071           0.554462
  max_width90.zhou.iso max_width95.zhou.iso
2            0.5111071             0.554462
Time difference of 1.603503 hours
    hr max_width90.zhou max_width95.zhou max_width90.zhou.m max_width95.zhou.m
3 0.15        0.4964882        0.5434638          0.4964882          0.5434638
  max_width90.zhou.iso max_width95.zhou.iso
3            0.4964882            0.5434638
Time difference of 1.620208 hours
   hr max_width90.zhou max_width95.zhou max_width90.zhou.m max_width95.zhou.m
4 0.2        0.4353523        0.4761287          0.4353523          0.4761287
  max_width90.zhou.iso max_width95.zhou.iso
4            0.4353523            0.4761287
Time difference of 1.655445 hours
    hr max_width90.zhou max_width95.zhou max_width90.zhou.m max_width95.zhou.m
5 0.25        0.3826973        0.4199874          0.3826973          0.4199874
  max_width90.zhou.iso max_width95.zhou.iso
5            0.3826973            0.4199874
Time difference of 1.757956 hours
   hr max_width90.zhou max_width95.zhou max_width90.zhou.m max_width95.zhou.m
6 0.3        0.3404682        0.3740307          0.3404682          0.3740307
  max_width90.zhou.iso max_width95.zhou.iso
6            0.3404682            0.3740307
Time difference of 1.629363 hours
    hr max_width90.zhou max_width95.zhou max_width90.zhou.m max_width95.zhou.m
7 0.35        0.3027772        0.3331022          0.3027772          0.3331022
  max_width90.zhou.iso max_width95.zhou.iso
7            0.3027772            0.3331022
