
Due to MODULEPATH changes, the following have been reloaded:
  1) mii/1.1.2

The following have been reloaded with a version change:
  1) StdEnv/2023 => StdEnv/2020           5) libfabric/1.18.0 => libfabric/1.10.1
  2) gcccore/.12.3 => gcccore/.9.3.0      6) openmpi/4.1.5 => openmpi/4.0.3
  3) gentoo/2023 => gentoo/2020           7) ucx/1.14.1 => ucx/1.8.0
  4) imkl/2023.2.0 => imkl/2020.1.217

Batch index: 4
Model: b
Sample size: 500
Dimension: 18
Candidate vector: 20:100
Bandwidth: 0.05 0.1 0.15 0.2 0.25 0.3 0.35
Simulation: 40
Loading required package: iterators
Loading required package: parallel

Attaching package: ‘expm’

The following object is masked from ‘package:Matrix’:

    expm

Time difference of 1.541118 hours
    hr max_width90.zhou max_width95.zhou max_width90.zhou.m max_width95.zhou.m
1 0.05        0.4695479        0.5054565          0.4695479          0.5054565
  max_width90.zhou.iso max_width95.zhou.iso
1            0.4695479            0.5054565
Time difference of 1.512373 hours
   hr max_width90.zhou max_width95.zhou max_width90.zhou.m max_width95.zhou.m
2 0.1        0.5134607        0.5569007          0.5134607          0.5569007
  max_width90.zhou.iso max_width95.zhou.iso
2            0.5134607            0.5569007
Time difference of 1.528061 hours
    hr max_width90.zhou max_width95.zhou max_width90.zhou.m max_width95.zhou.m
3 0.15        0.4927178        0.5393829          0.4927178          0.5393829
  max_width90.zhou.iso max_width95.zhou.iso
3            0.4927178            0.5393829
Time difference of 1.658224 hours
   hr max_width90.zhou max_width95.zhou max_width90.zhou.m max_width95.zhou.m
4 0.2        0.4314964        0.4731624          0.4314964          0.4731624
  max_width90.zhou.iso max_width95.zhou.iso
4            0.4314964            0.4731624
Time difference of 1.800686 hours
    hr max_width90.zhou max_width95.zhou max_width90.zhou.m max_width95.zhou.m
5 0.25        0.3763114        0.4135639          0.3763114          0.4135639
  max_width90.zhou.iso max_width95.zhou.iso
5            0.3763114            0.4135639
Time difference of 1.53632 hours
   hr max_width90.zhou max_width95.zhou max_width90.zhou.m max_width95.zhou.m
6 0.3        0.3313191        0.3642689          0.3313191          0.3642689
  max_width90.zhou.iso max_width95.zhou.iso
6            0.3313191            0.3642689
Time difference of 1.554033 hours
    hr max_width90.zhou max_width95.zhou max_width90.zhou.m max_width95.zhou.m
7 0.35         0.294216        0.3239517           0.294216          0.3239517
  max_width90.zhou.iso max_width95.zhou.iso
7             0.294216            0.3239517
