
Due to MODULEPATH changes, the following have been reloaded:
  1) mii/1.1.2

The following have been reloaded with a version change:
  1) StdEnv/2023 => StdEnv/2020           5) libfabric/1.18.0 => libfabric/1.10.1
  2) gcccore/.12.3 => gcccore/.9.3.0      6) openmpi/4.1.5 => openmpi/4.0.3
  3) gentoo/2023 => gentoo/2020           7) ucx/1.14.1 => ucx/1.8.0
  4) imkl/2023.2.0 => imkl/2020.1.217

Batch index: 8
Model: b
Sample size: 500
Dimension: 18
Candidate vector: 20:100
Bandwidth: 0.05 0.1 0.15 0.2 0.25 0.3 0.35
Simulation: 40
Loading required package: iterators
Loading required package: parallel

Attaching package: ‘expm’

The following object is masked from ‘package:Matrix’:

    expm

Time difference of 1.718599 hours
    hr max_width90.zhou max_width95.zhou max_width90.zhou.m max_width95.zhou.m
1 0.05         0.470917        0.5086221           0.470917          0.5086221
  max_width90.zhou.iso max_width95.zhou.iso
1             0.470917            0.5086221
Time difference of 1.728635 hours
   hr max_width90.zhou max_width95.zhou max_width90.zhou.m max_width95.zhou.m
2 0.1        0.5118604         0.555295          0.5118604           0.555295
  max_width90.zhou.iso max_width95.zhou.iso
2            0.5118604             0.555295
Time difference of 1.715162 hours
    hr max_width90.zhou max_width95.zhou max_width90.zhou.m max_width95.zhou.m
3 0.15        0.4907173         0.536651          0.4907173           0.536651
  max_width90.zhou.iso max_width95.zhou.iso
3            0.4907173             0.536651
Time difference of 1.71007 hours
   hr max_width90.zhou max_width95.zhou max_width90.zhou.m max_width95.zhou.m
4 0.2        0.4324755        0.4748885          0.4324755          0.4748885
  max_width90.zhou.iso max_width95.zhou.iso
4            0.4324755            0.4748885
Time difference of 1.691447 hours
    hr max_width90.zhou max_width95.zhou max_width90.zhou.m max_width95.zhou.m
5 0.25        0.3802942         0.417663          0.3802942           0.417663
  max_width90.zhou.iso max_width95.zhou.iso
5            0.3802942             0.417663
Time difference of 1.742537 hours
   hr max_width90.zhou max_width95.zhou max_width90.zhou.m max_width95.zhou.m
6 0.3        0.3373477        0.3708348          0.3373477          0.3708348
  max_width90.zhou.iso max_width95.zhou.iso
6            0.3373477            0.3708348
Time difference of 1.706282 hours
    hr max_width90.zhou max_width95.zhou max_width90.zhou.m max_width95.zhou.m
7 0.35        0.3004537        0.3309205          0.3004537          0.3309205
  max_width90.zhou.iso max_width95.zhou.iso
7            0.3004537            0.3309205
