
Due to MODULEPATH changes, the following have been reloaded:
  1) mii/1.1.2

The following have been reloaded with a version change:
  1) StdEnv/2023 => StdEnv/2020           5) libfabric/1.18.0 => libfabric/1.10.1
  2) gcccore/.12.3 => gcccore/.9.3.0      6) openmpi/4.1.5 => openmpi/4.0.3
  3) gentoo/2023 => gentoo/2020           7) ucx/1.14.1 => ucx/1.8.0
  4) imkl/2023.2.0 => imkl/2020.1.217

Batch index: 10
Model: b
Sample size: 500
Dimension: 18
Candidate vector: 20:100
Bandwidth: 0.05 0.1 0.15 0.2 0.25 0.3 0.35
Simulation: 40
Loading required package: iterators
Loading required package: parallel

Attaching package: ‘expm’

The following object is masked from ‘package:Matrix’:

    expm

Time difference of 1.914645 hours
    hr max_width90.zhou max_width95.zhou max_width90.zhou.m max_width95.zhou.m
1 0.05        0.4664111        0.5025849          0.4664111          0.5025849
  max_width90.zhou.iso max_width95.zhou.iso
1            0.4664111            0.5025849
Time difference of 1.774747 hours
   hr max_width90.zhou max_width95.zhou max_width90.zhou.m max_width95.zhou.m
2 0.1        0.5119968        0.5558247          0.5119968          0.5558247
  max_width90.zhou.iso max_width95.zhou.iso
2            0.5119968            0.5558247
Time difference of 1.753265 hours
    hr max_width90.zhou max_width95.zhou max_width90.zhou.m max_width95.zhou.m
3 0.15        0.4991079        0.5454524          0.4991079          0.5454524
  max_width90.zhou.iso max_width95.zhou.iso
3            0.4991079            0.5454524
Time difference of 1.765436 hours
   hr max_width90.zhou max_width95.zhou max_width90.zhou.m max_width95.zhou.m
4 0.2        0.4324542        0.4725949          0.4324542          0.4725949
  max_width90.zhou.iso max_width95.zhou.iso
4            0.4324542            0.4725949
Time difference of 1.749219 hours
    hr max_width90.zhou max_width95.zhou max_width90.zhou.m max_width95.zhou.m
5 0.25        0.3762585        0.4120085          0.3762585          0.4120085
  max_width90.zhou.iso max_width95.zhou.iso
5            0.3762585            0.4120085
Time difference of 1.763284 hours
   hr max_width90.zhou max_width95.zhou max_width90.zhou.m max_width95.zhou.m
6 0.3        0.3340089        0.3662473          0.3340089          0.3662473
  max_width90.zhou.iso max_width95.zhou.iso
6            0.3340089            0.3662473
Time difference of 1.771941 hours
    hr max_width90.zhou max_width95.zhou max_width90.zhou.m max_width95.zhou.m
7 0.35        0.2979434        0.3282239          0.2979434          0.3282239
  max_width90.zhou.iso max_width95.zhou.iso
7            0.2979434            0.3282239
