
Due to MODULEPATH changes, the following have been reloaded:
  1) mii/1.1.2

The following have been reloaded with a version change:
  1) StdEnv/2023 => StdEnv/2020           5) libfabric/1.18.0 => libfabric/1.10.1
  2) gcccore/.12.3 => gcccore/.9.3.0      6) openmpi/4.1.5 => openmpi/4.0.3
  3) gentoo/2023 => gentoo/2020           7) ucx/1.14.1 => ucx/1.8.0
  4) imkl/2023.2.0 => imkl/2020.1.217

Loading required package: iterators
Loading required package: parallel

Attaching package: ‘expm’

The following object is masked from ‘package:Matrix’:

    expm

Time difference of 1.991369 hours
   is.cover90 is.cover95     SCB90     SCB95   hr.lower    hr.opt  hr.upper
1           1          1 0.1695995 0.1971921 0.08891397 0.2108185 0.2108185
2           1          1 0.1563725 0.1765456 0.08891397 0.2108185 0.2108185
3           1          1 0.1742707 0.1969048 0.08891397 0.2108185 0.2108185
4           1          1 0.1366316 0.1506595 0.08891397 0.2108185 0.2108185
5           0          0 0.1652418 0.1891893 0.08891397 0.2108185 0.2108185
6           1          1 0.1753668 0.1973676 0.08891397 0.2108185 0.2108185
7           1          1 0.1683945 0.1880200 0.08891397 0.2108185 0.2108185
8           1          1 0.1851711 0.2103842 0.08891397 0.2108185 0.2108185
9           1          1 0.1627028 0.1802809 0.08891397 0.2108185 0.2108185
10          1          1 0.1697398 0.1904282 0.08891397 0.2108185 0.2108185
11          1          1 0.2304685 0.2658290 0.08891397 0.1295488 0.2108185
12          1          1 0.1530778 0.1700116 0.08891397 0.2108185 0.2108185
13          1          1 0.1703680 0.1909102 0.08891397 0.2108185 0.2108185
14          1          1 0.1937446 0.2208281 0.08891397 0.2108185 0.2108185
15          1          1 0.1728218 0.1916987 0.08891397 0.2108185 0.2108185
16          1          1 0.1616883 0.1807388 0.08891397 0.2108185 0.2108185
17          1          1 0.2325654 0.2823790 0.08891397 0.1972736 0.2108185
18          1          1 0.2034660 0.2305573 0.08891397 0.2108185 0.2108185
19          1          1 0.1770576 0.1990969 0.08891397 0.2108185 0.2108185
20          1          1 0.1535802 0.1745465 0.08891397 0.2108185 0.2108185
21          1          1 0.1815596 0.2099113 0.08891397 0.1566387 0.2108185
22          1          1 0.2147045 0.2415248 0.08891397 0.2108185 0.2108185
23          0          1 0.1658460 0.1924649 0.08891397 0.2108185 0.2108185
24          1          1 0.1903813 0.2137098 0.08891397 0.1295488 0.2108185
25          1          1 0.1887070 0.2105315 0.08891397 0.2108185 0.2108185
26          1          1 0.1713607 0.1914848 0.08891397 0.2108185 0.2108185
27          1          1 0.1501642 0.1657459 0.08891397 0.2108185 0.2108185
28          1          1 0.1521876 0.1685361 0.08891397 0.1837286 0.2108185
29          1          1 0.1730121 0.1894687 0.08891397 0.1566387 0.2108185
30          1          1 0.2057757 0.2335556 0.08891397 0.2108185 0.2108185
31          0          0 0.1343138 0.1507997 0.08891397 0.2108185 0.2108185
32          1          1 0.1613993 0.1836192 0.08891397 0.2108185 0.2108185
33          1          1 0.2111385 0.2382574 0.08891397 0.2108185 0.2108185
34          1          1 0.1639944 0.1787744 0.08891397 0.2108185 0.2108185
35          1          1 0.1540947 0.1760194 0.08891397 0.2108185 0.2108185
36          0          1 0.1705477 0.1910677 0.08891397 0.1972736 0.2108185
37          0          0 0.1567706 0.1728899 0.08891397 0.2108185 0.2108185
38          1          1 0.1654717 0.1857904 0.08891397 0.2108185 0.2108185
39          1          1 0.1674427 0.1895289 0.08891397 0.2108185 0.2108185
40          1          1 0.1786858 0.2023243 0.08891397 0.2108185 0.2108185
