
Due to MODULEPATH changes, the following have been reloaded:
  1) mii/1.1.2

The following have been reloaded with a version change:
  1) StdEnv/2023 => StdEnv/2020           5) libfabric/1.18.0 => libfabric/1.10.1
  2) gcccore/.12.3 => gcccore/.9.3.0      6) openmpi/4.1.5 => openmpi/4.0.3
  3) gentoo/2023 => gentoo/2020           7) ucx/1.14.1 => ucx/1.8.0
  4) imkl/2023.2.0 => imkl/2020.1.217

Loading required package: iterators
Loading required package: parallel

Attaching package: ‘expm’

The following object is masked from ‘package:Matrix’:

    expm

Time difference of 1.961173 hours
   is.cover90 is.cover95     SCB90     SCB95   hr.lower    hr.opt  hr.upper
1           1          1 0.1592188 0.1780245 0.08891397 0.2108185 0.2108185
2           0          0 0.1794648 0.2053747 0.08891397 0.2108185 0.2108185
3           1          1 0.1401989 0.1583433 0.08891397 0.2108185 0.2108185
4           1          1 0.2063292 0.2363869 0.08891397 0.2108185 0.2108185
5           1          1 0.1736448 0.1924449 0.08891397 0.2108185 0.2108185
6           1          1 0.1502974 0.1668208 0.08891397 0.1837286 0.2108185
7           1          1 0.2195266 0.2496363 0.08891397 0.2108185 0.2108185
8           1          1 0.1372548 0.1510865 0.08891397 0.2108185 0.2108185
9           1          1 0.1315916 0.1525764 0.08891397 0.2108185 0.2108185
10          1          1 0.1730199 0.1922700 0.08891397 0.1566387 0.2108185
11          1          1 0.1738916 0.1966950 0.08891397 0.2108185 0.2108185
12          1          1 0.2092074 0.2373117 0.08891397 0.1701837 0.2108185
13          0          0 0.1496899 0.1686449 0.08891397 0.2108185 0.2108185
14          1          1 0.2308925 0.2654321 0.08891397 0.1160039 0.2108185
15          1          1 0.1962465 0.2169252 0.08891397 0.2108185 0.2108185
16          1          1 0.2261445 0.2520600 0.08891397 0.2108185 0.2108185
17          1          1 0.1899318 0.2154486 0.08891397 0.2108185 0.2108185
18          1          1 0.1653871 0.1843478 0.08891397 0.2108185 0.2108185
19          1          1 0.1629938 0.1835668 0.08891397 0.1701837 0.2108185
20          1          1 0.1981756 0.2238778 0.08891397 0.2108185 0.2108185
21          1          1 0.1595706 0.1771976 0.08891397 0.2108185 0.2108185
22          1          1 0.1703130 0.1891977 0.08891397 0.1566387 0.2108185
23          1          1 0.1890256 0.2111256 0.08891397 0.2108185 0.2108185
24          0          1 0.1547032 0.1724559 0.08891397 0.2108185 0.2108185
25          1          1 0.1516857 0.1691926 0.08891397 0.2108185 0.2108185
26          1          1 0.1466824 0.1646946 0.08891397 0.2108185 0.2108185
27          1          1 0.1543245 0.1749040 0.08891397 0.2108185 0.2108185
28          1          1 0.2246691 0.2512727 0.08891397 0.2108185 0.2108185
29          1          1 0.1562716 0.1730081 0.08891397 0.2108185 0.2108185
30          1          1 0.1832125 0.2090842 0.08891397 0.2108185 0.2108185
31          1          1 0.1631483 0.1832118 0.08891397 0.2108185 0.2108185
32          1          1 0.1392750 0.1544421 0.08891397 0.2108185 0.2108185
33          1          1 0.1878170 0.2138948 0.08891397 0.1837286 0.2108185
34          1          1 0.1392882 0.1564665 0.08891397 0.2108185 0.2108185
35          1          1 0.1478801 0.1666094 0.08891397 0.1972736 0.2108185
36          0          0 0.1555153 0.1710567 0.08891397 0.2108185 0.2108185
37          1          1 0.1840678 0.2065639 0.08891397 0.2108185 0.2108185
38          1          1 0.1907540 0.2146089 0.08891397 0.2108185 0.2108185
39          1          1 0.1496252 0.1657251 0.08891397 0.2108185 0.2108185
40          1          1 0.1604974 0.1761024 0.08891397 0.2108185 0.2108185
