
Due to MODULEPATH changes, the following have been reloaded:
  1) mii/1.1.2

The following have been reloaded with a version change:
  1) StdEnv/2023 => StdEnv/2020           5) libfabric/1.18.0 => libfabric/1.10.1
  2) gcccore/.12.3 => gcccore/.9.3.0      6) openmpi/4.1.5 => openmpi/4.0.3
  3) gentoo/2023 => gentoo/2020           7) ucx/1.14.1 => ucx/1.8.0
  4) imkl/2023.2.0 => imkl/2020.1.217

Loading required package: iterators
Loading required package: parallel

Attaching package: ‘expm’

The following object is masked from ‘package:Matrix’:

    expm

Time difference of 1.622159 hours
   is.cover90 is.cover95     SCB90     SCB95   hr.lower    hr.opt  hr.upper
1           1          1 0.2180491 0.2526658 0.08891397 0.2108185 0.2108185
2           1          1 0.1542913 0.1745884 0.08891397 0.2108185 0.2108185
3           1          1 0.2014509 0.2309912 0.08891397 0.2108185 0.2108185
4           1          1 0.1642997 0.1818152 0.08891397 0.1566387 0.2108185
5           1          1 0.1608855 0.1794331 0.08891397 0.2108185 0.2108185
6           1          1 0.1814143 0.2023542 0.08891397 0.1837286 0.2108185
7           1          1 0.1989464 0.2233833 0.08891397 0.2108185 0.2108185
8           1          1 0.1939127 0.2296334 0.08891397 0.2108185 0.2108185
9           1          1 0.1786052 0.2010747 0.08891397 0.2108185 0.2108185
10          0          0 0.1748059 0.1969287 0.08891397 0.2108185 0.2108185
11          1          1 0.1716102 0.1918499 0.08891397 0.2108185 0.2108185
12          1          1 0.1740987 0.1962123 0.08891397 0.2108185 0.2108185
13          1          1 0.1513275 0.1664952 0.08891397 0.2108185 0.2108185
14          1          1 0.1820273 0.2051249 0.08891397 0.2108185 0.2108185
15          1          1 0.1655233 0.1829236 0.08891397 0.2108185 0.2108185
16          1          1 0.1971567 0.2254305 0.08891397 0.2108185 0.2108185
17          1          1 0.1659797 0.1854665 0.08891397 0.2108185 0.2108185
18          1          1 0.2105732 0.2326823 0.08891397 0.1295488 0.2108185
19          1          1 0.1620222 0.1799435 0.08891397 0.1972736 0.2108185
20          1          1 0.1426861 0.1630175 0.08891397 0.2108185 0.2108185
21          1          1 0.1678455 0.1865911 0.08891397 0.2108185 0.2108185
22          1          1 0.1854729 0.2139977 0.08891397 0.2108185 0.2108185
23          1          1 0.2068338 0.2364568 0.08891397 0.1701837 0.2108185
24          1          1 0.1499331 0.1675864 0.08891397 0.2108185 0.2108185
25          1          1 0.1738977 0.1918850 0.08891397 0.2108185 0.2108185
26          0          0 0.1291526 0.1447463 0.08891397 0.2108185 0.2108185
27          1          1 0.1808692 0.2032928 0.08891397 0.2108185 0.2108185
28          1          1 0.1322084 0.1464249 0.08891397 0.2108185 0.2108185
29          1          1 0.1545655 0.1714325 0.08891397 0.2108185 0.2108185
30          1          1 0.1811607 0.2064684 0.08891397 0.1972736 0.2108185
31          1          1 0.1813494 0.2083607 0.08891397 0.2108185 0.2108185
32          1          1 0.1763708 0.2006007 0.08891397 0.2108185 0.2108185
33          1          1 0.1713989 0.1966106 0.08891397 0.2108185 0.2108185
34          1          1 0.1677975 0.1878403 0.08891397 0.2108185 0.2108185
35          1          1 0.1748463 0.1918720 0.08891397 0.2108185 0.2108185
36          1          1 0.1664744 0.1865278 0.08891397 0.2108185 0.2108185
37          1          1 0.1960359 0.2223688 0.08891397 0.1972736 0.2108185
38          1          1 0.1336635 0.1500166 0.08891397 0.2108185 0.2108185
39          1          1 0.1515571 0.1686242 0.08891397 0.1972736 0.2108185
40          0          1 0.1550658 0.1741050 0.08891397 0.1430938 0.2108185
