
Due to MODULEPATH changes, the following have been reloaded:
  1) mii/1.1.2

The following have been reloaded with a version change:
  1) StdEnv/2023 => StdEnv/2020           5) libfabric/1.18.0 => libfabric/1.10.1
  2) gcccore/.12.3 => gcccore/.9.3.0      6) openmpi/4.1.5 => openmpi/4.0.3
  3) gentoo/2023 => gentoo/2020           7) ucx/1.14.1 => ucx/1.8.0
  4) imkl/2023.2.0 => imkl/2020.1.217

Loading required package: iterators
Loading required package: parallel

Attaching package: ‘expm’

The following object is masked from ‘package:Matrix’:

    expm

Time difference of 1.974704 hours
   is.cover90 is.cover95     SCB90     SCB95   hr.lower    hr.opt  hr.upper
1           1          1 0.1954289 0.2163515 0.08891397 0.2108185 0.2108185
2           1          1 0.1637033 0.1817754 0.08891397 0.2108185 0.2108185
3           1          1 0.1578978 0.1755348 0.08891397 0.2108185 0.2108185
4           1          1 0.1780956 0.2013249 0.08891397 0.2108185 0.2108185
5           1          1 0.1686200 0.1902763 0.08891397 0.2108185 0.2108185
6           1          1 0.1622822 0.1800328 0.08891397 0.2108185 0.2108185
7           1          1 0.2273793 0.2534333 0.08891397 0.2108185 0.2108185
8           1          1 0.1619997 0.1822161 0.08891397 0.2108185 0.2108185
9           1          1 0.1989527 0.2264087 0.08891397 0.2108185 0.2108185
10          1          1 0.1724875 0.1979552 0.08891397 0.2108185 0.2108185
11          1          1 0.1512958 0.1753936 0.08891397 0.2108185 0.2108185
12          1          1 0.1680096 0.1898184 0.08891397 0.2108185 0.2108185
13          1          1 0.1765288 0.1988543 0.08891397 0.2108185 0.2108185
14          1          1 0.1794260 0.2014722 0.08891397 0.1430938 0.2108185
15          1          1 0.1535923 0.1722893 0.08891397 0.2108185 0.2108185
16          1          1 0.1699780 0.1924545 0.08891397 0.2108185 0.2108185
17          1          1 0.1980283 0.2289099 0.08891397 0.1430938 0.2108185
18          1          1 0.1705539 0.1919888 0.08891397 0.2108185 0.2108185
19          1          1 0.1976448 0.2223716 0.08891397 0.2108185 0.2108185
20          1          1 0.1627663 0.1817687 0.08891397 0.2108185 0.2108185
21          0          1 0.1781109 0.2009982 0.08891397 0.2108185 0.2108185
22          1          1 0.2147666 0.2364907 0.08891397 0.2108185 0.2108185
23          1          1 0.1837447 0.2114944 0.08891397 0.2108185 0.2108185
24          0          0 0.1654755 0.1854382 0.08891397 0.2108185 0.2108185
25          1          1 0.1669605 0.1852876 0.08891397 0.2108185 0.2108185
26          0          1 0.1719573 0.1932720 0.08891397 0.2108185 0.2108185
27          1          1 0.2003894 0.2317526 0.08891397 0.2108185 0.2108185
28          1          1 0.1320096 0.1459737 0.08891397 0.2108185 0.2108185
29          1          1 0.1870459 0.2121174 0.08891397 0.2108185 0.2108185
30          1          1 0.1563791 0.1766915 0.08891397 0.2108185 0.2108185
31          1          1 0.2384401 0.2687955 0.08891397 0.1566387 0.2108185
32          1          1 0.1801033 0.1987019 0.08891397 0.2108185 0.2108185
33          1          1 0.1488869 0.1682725 0.08891397 0.2108185 0.2108185
34          1          1 0.2045523 0.2304509 0.08891397 0.1566387 0.2108185
35          1          1 0.1795612 0.2018352 0.08891397 0.2108185 0.2108185
36          1          1 0.1470573 0.1615582 0.08891397 0.2108185 0.2108185
37          0          0 0.1810784 0.2019472 0.08891397 0.2108185 0.2108185
38          1          1 0.1789215 0.1969894 0.08891397 0.2108185 0.2108185
39          1          1 0.2612814 0.3071815 0.08891397 0.1566387 0.2108185
40          1          1 0.1558305 0.1776428 0.08891397 0.2108185 0.2108185
