
Due to MODULEPATH changes, the following have been reloaded:
  1) mii/1.1.2

The following have been reloaded with a version change:
  1) StdEnv/2023 => StdEnv/2020           5) libfabric/1.18.0 => libfabric/1.10.1
  2) gcccore/.12.3 => gcccore/.9.3.0      6) openmpi/4.1.5 => openmpi/4.0.3
  3) gentoo/2023 => gentoo/2020           7) ucx/1.14.1 => ucx/1.8.0
  4) imkl/2023.2.0 => imkl/2020.1.217

Loading required package: iterators
Loading required package: parallel

Attaching package: ‘expm’

The following object is masked from ‘package:Matrix’:

    expm

Time difference of 1.993031 hours
   is.cover90 is.cover95     SCB90     SCB95   hr.lower    hr.opt  hr.upper
1           1          1 0.1772697 0.2058044 0.08891397 0.1972736 0.2108185
2           1          1 0.1760764 0.1952100 0.08891397 0.2108185 0.2108185
3           1          1 0.1503338 0.1669931 0.08891397 0.2108185 0.2108185
4           1          1 0.1731694 0.1977815 0.08891397 0.2108185 0.2108185
5           1          1 0.1768293 0.1961067 0.08891397 0.2108185 0.2108185
6           1          1 0.1661312 0.1872860 0.08891397 0.2108185 0.2108185
7           1          1 0.1491354 0.1644747 0.08891397 0.1837286 0.2108185
8           1          1 0.1593201 0.1774406 0.08891397 0.2108185 0.2108185
9           1          1 0.1780636 0.1981183 0.08891397 0.2108185 0.2108185
10          1          1 0.1380585 0.1561167 0.08891397 0.1972736 0.2108185
11          1          1 0.1437822 0.1618278 0.08891397 0.2108185 0.2108185
12          1          1 0.1582685 0.1769709 0.08891397 0.2108185 0.2108185
13          1          1 0.1690306 0.1951497 0.08891397 0.2108185 0.2108185
14          1          1 0.2185851 0.2522924 0.08891397 0.2108185 0.2108185
15          0          1 0.1768261 0.2029934 0.08891397 0.2108185 0.2108185
16          1          1 0.1775160 0.2123533 0.08891397 0.2108185 0.2108185
17          1          1 0.1652156 0.1868084 0.08891397 0.2108185 0.2108185
18          1          1 0.1613820 0.1779665 0.08891397 0.2108185 0.2108185
19          0          1 0.1657196 0.1899770 0.08891397 0.2108185 0.2108185
20          1          1 0.1584182 0.1766083 0.08891397 0.2108185 0.2108185
21          1          1 0.1679648 0.1900491 0.08891397 0.2108185 0.2108185
22          1          1 0.1484225 0.1674888 0.08891397 0.2108185 0.2108185
23          1          1 0.1617298 0.1797949 0.08891397 0.2108185 0.2108185
24          0          0 0.1475668 0.1637022 0.08891397 0.2108185 0.2108185
25          0          1 0.2154932 0.2396010 0.08891397 0.2108185 0.2108185
26          1          1 0.1709171 0.1958640 0.08891397 0.2108185 0.2108185
27          1          1 0.1864947 0.2129326 0.08891397 0.2108185 0.2108185
28          1          1 0.1457280 0.1624772 0.08891397 0.2108185 0.2108185
29          1          1 0.1849828 0.2093834 0.08891397 0.2108185 0.2108185
30          1          1 0.1649657 0.1876075 0.08891397 0.2108185 0.2108185
31          0          1 0.1743284 0.1949853 0.08891397 0.1972736 0.2108185
32          1          1 0.1932110 0.2289020 0.08891397 0.2108185 0.2108185
33          1          1 0.1674150 0.1931215 0.08891397 0.2108185 0.2108185
34          1          1 0.1921053 0.2186963 0.08891397 0.2108185 0.2108185
35          1          1 0.1557074 0.1730450 0.08891397 0.2108185 0.2108185
36          1          1 0.2106685 0.2419201 0.08891397 0.1972736 0.2108185
37          1          1 0.1953295 0.2170595 0.08891397 0.2108185 0.2108185
38          1          1 0.1715360 0.1961967 0.08891397 0.2108185 0.2108185
39          1          1 0.1617258 0.1807987 0.08891397 0.2108185 0.2108185
40          1          1 0.1953739 0.2157705 0.08891397 0.2108185 0.2108185
