
Due to MODULEPATH changes, the following have been reloaded:
  1) mii/1.1.2

The following have been reloaded with a version change:
  1) StdEnv/2023 => StdEnv/2020           5) libfabric/1.18.0 => libfabric/1.10.1
  2) gcccore/.12.3 => gcccore/.9.3.0      6) openmpi/4.1.5 => openmpi/4.0.3
  3) gentoo/2023 => gentoo/2020           7) ucx/1.14.1 => ucx/1.8.0
  4) imkl/2023.2.0 => imkl/2020.1.217

Loading required package: iterators
Loading required package: parallel

Attaching package: ‘expm’

The following object is masked from ‘package:Matrix’:

    expm

Time difference of 1.971271 hours
   is.cover90 is.cover95     SCB90     SCB95   hr.lower    hr.opt  hr.upper
1           1          1 0.1269718 0.1430602 0.08891397 0.2108185 0.2108185
2           1          1 0.1943196 0.2202183 0.08891397 0.1837286 0.2108185
3           1          1 0.2259091 0.2692727 0.08891397 0.1430938 0.2108185
4           1          1 0.1553425 0.1686540 0.08891397 0.2108185 0.2108185
5           1          1 0.1494557 0.1669199 0.08891397 0.2108185 0.2108185
6           1          1 0.1634471 0.1819732 0.08891397 0.2108185 0.2108185
7           1          1 0.1827841 0.2024202 0.08891397 0.2108185 0.2108185
8           1          1 0.1492942 0.1675869 0.08891397 0.2108185 0.2108185
9           1          1 0.1571527 0.1797676 0.08891397 0.2108185 0.2108185
10          1          1 0.1826093 0.2094739 0.08891397 0.2108185 0.2108185
11          1          1 0.1502764 0.1647212 0.08891397 0.2108185 0.2108185
12          1          1 0.1693084 0.1857617 0.08891397 0.2108185 0.2108185
13          1          1 0.1621359 0.1844362 0.08891397 0.2108185 0.2108185
14          1          1 0.1630762 0.1835359 0.08891397 0.2108185 0.2108185
15          1          1 0.1617168 0.1835656 0.08891397 0.2108185 0.2108185
16          1          1 0.1638413 0.1805292 0.08891397 0.2108185 0.2108185
17          1          1 0.1639682 0.1841751 0.08891397 0.2108185 0.2108185
18          1          1 0.1741832 0.1955665 0.08891397 0.2108185 0.2108185
19          1          1 0.1612355 0.1860080 0.08891397 0.2108185 0.2108185
20          0          1 0.1691676 0.1951920 0.08891397 0.1430938 0.2108185
21          1          1 0.1830411 0.2066175 0.08891397 0.2108185 0.2108185
22          1          1 0.1584136 0.1814758 0.08891397 0.2108185 0.2108185
23          1          1 0.1897747 0.2219121 0.08891397 0.2108185 0.2108185
24          1          1 0.1837007 0.2087312 0.08891397 0.2108185 0.2108185
25          1          1 0.1859273 0.2132254 0.08891397 0.2108185 0.2108185
26          1          1 0.1925631 0.2161873 0.08891397 0.2108185 0.2108185
27          1          1 0.1646907 0.1827169 0.08891397 0.2108185 0.2108185
28          1          1 0.1802054 0.2055408 0.08891397 0.2108185 0.2108185
29          1          1 0.1893973 0.2114096 0.08891397 0.2108185 0.2108185
30          1          1 0.1755926 0.1987719 0.08891397 0.2108185 0.2108185
31          0          0 0.1231148 0.1379479 0.08891397 0.2108185 0.2108185
32          0          0 0.1559239 0.1773801 0.08891397 0.2108185 0.2108185
33          1          1 0.1984249 0.2240518 0.08891397 0.2108185 0.2108185
34          1          1 0.1490095 0.1673349 0.08891397 0.2108185 0.2108185
35          1          1 0.1655924 0.1859335 0.08891397 0.2108185 0.2108185
36          1          1 0.2219468 0.2516032 0.08891397 0.1295488 0.2108185
37          1          1 0.1657487 0.1834036 0.08891397 0.2108185 0.2108185
38          1          1 0.2140002 0.2429788 0.08891397 0.2108185 0.2108185
39          1          1 0.1649911 0.1815451 0.08891397 0.2108185 0.2108185
40          0          1 0.1688841 0.1907602 0.08891397 0.2108185 0.2108185
