
Due to MODULEPATH changes, the following have been reloaded:
  1) mii/1.1.2

The following have been reloaded with a version change:
  1) StdEnv/2023 => StdEnv/2020           5) libfabric/1.18.0 => libfabric/1.10.1
  2) gcccore/.12.3 => gcccore/.9.3.0      6) openmpi/4.1.5 => openmpi/4.0.3
  3) gentoo/2023 => gentoo/2020           7) ucx/1.14.1 => ucx/1.8.0
  4) imkl/2023.2.0 => imkl/2020.1.217

Loading required package: iterators
Loading required package: parallel

Attaching package: ‘expm’

The following object is masked from ‘package:Matrix’:

    expm

Time difference of 1.65141 hours
   is.cover90 is.cover95     SCB90     SCB95   hr.lower    hr.opt  hr.upper
1           1          1 0.1716589 0.1942907 0.08891397 0.2108185 0.2108185
2           1          1 0.1366097 0.1543053 0.08891397 0.1972736 0.2108185
3           1          1 0.1743141 0.1981167 0.08891397 0.2108185 0.2108185
4           0          0 0.1355776 0.1508211 0.08891397 0.2108185 0.2108185
5           1          1 0.1501603 0.1688346 0.08891397 0.2108185 0.2108185
6           1          1 0.1599247 0.1826971 0.08891397 0.2108185 0.2108185
7           1          1 0.1417834 0.1587887 0.08891397 0.2108185 0.2108185
8           1          1 0.1716920 0.1974045 0.08891397 0.1701837 0.2108185
9           1          1 0.1654104 0.1840714 0.08891397 0.2108185 0.2108185
10          0          1 0.1550770 0.1690884 0.08891397 0.2108185 0.2108185
11          1          1 0.1638900 0.1845560 0.08891397 0.2108185 0.2108185
12          1          1 0.1685308 0.1918351 0.08891397 0.2108185 0.2108185
13          1          1 0.1644043 0.1858000 0.08891397 0.2108185 0.2108185
14          1          1 0.1760537 0.1995480 0.08891397 0.1837286 0.2108185
15          1          1 0.2130544 0.2413191 0.08891397 0.2108185 0.2108185
16          1          1 0.1350332 0.1514669 0.08891397 0.2108185 0.2108185
17          1          1 0.1714260 0.1923608 0.08891397 0.2108185 0.2108185
18          0          1 0.1574003 0.1756110 0.08891397 0.2108185 0.2108185
19          1          1 0.1772918 0.1962399 0.08891397 0.2108185 0.2108185
20          0          0 0.1445042 0.1588149 0.08891397 0.2108185 0.2108185
21          1          1 0.1795341 0.2045656 0.08891397 0.2108185 0.2108185
22          1          1 0.2096424 0.2363954 0.08891397 0.2108185 0.2108185
23          1          1 0.1882783 0.2074072 0.08891397 0.2108185 0.2108185
24          1          1 0.1613274 0.1798290 0.08891397 0.2108185 0.2108185
25          1          1 0.1816885 0.2041531 0.08891397 0.2108185 0.2108185
26          1          1 0.1421724 0.1612986 0.08891397 0.2108185 0.2108185
27          1          1 0.1703542 0.1942269 0.08891397 0.2108185 0.2108185
28          1          1 0.1553589 0.1749881 0.08891397 0.2108185 0.2108185
29          1          1 0.1820574 0.2056327 0.08891397 0.2108185 0.2108185
30          1          1 0.1918682 0.2155212 0.08891397 0.2108185 0.2108185
31          1          1 0.1765771 0.2074681 0.08891397 0.2108185 0.2108185
32          1          1 0.1742658 0.1973359 0.08891397 0.2108185 0.2108185
33          1          1 0.1843311 0.2098409 0.08891397 0.2108185 0.2108185
34          1          1 0.1690380 0.1958066 0.08891397 0.2108185 0.2108185
35          1          1 0.1599321 0.1778151 0.08891397 0.2108185 0.2108185
36          1          1 0.1619830 0.1839142 0.08891397 0.1837286 0.2108185
37          1          1 0.1872568 0.2092350 0.08891397 0.2108185 0.2108185
38          1          1 0.1606300 0.1768132 0.08891397 0.2108185 0.2108185
39          1          1 0.1600460 0.1793052 0.08891397 0.2108185 0.2108185
40          1          1 0.2031874 0.2269021 0.08891397 0.2108185 0.2108185
