
Due to MODULEPATH changes, the following have been reloaded:
  1) mii/1.1.2

The following have been reloaded with a version change:
  1) StdEnv/2023 => StdEnv/2020           5) libfabric/1.18.0 => libfabric/1.10.1
  2) gcccore/.12.3 => gcccore/.9.3.0      6) openmpi/4.1.5 => openmpi/4.0.3
  3) gentoo/2023 => gentoo/2020           7) ucx/1.14.1 => ucx/1.8.0
  4) imkl/2023.2.0 => imkl/2020.1.217

Loading required package: iterators
Loading required package: parallel

Attaching package: ‘expm’

The following object is masked from ‘package:Matrix’:

    expm

Time difference of 2.057072 hours
   is.cover90 is.cover95     SCB90     SCB95   hr.lower    hr.opt  hr.upper
1           1          1 0.1713876 0.1937391 0.08891397 0.2108185 0.2108185
2           1          1 0.1583600 0.1742430 0.08891397 0.2108185 0.2108185
3           0          1 0.1301774 0.1454709 0.08891397 0.2108185 0.2108185
4           1          1 0.1969384 0.2282531 0.08891397 0.2108185 0.2108185
5           1          1 0.1850058 0.2146265 0.08891397 0.2108185 0.2108185
6           1          1 0.1739641 0.1936173 0.08891397 0.2108185 0.2108185
7           1          1 0.1663346 0.1929282 0.08891397 0.2108185 0.2108185
8           1          1 0.2074945 0.2348806 0.08891397 0.2108185 0.2108185
9           1          1 0.1529324 0.1716264 0.08891397 0.2108185 0.2108185
10          1          1 0.1715837 0.1891932 0.08891397 0.2108185 0.2108185
11          1          1 0.1675498 0.1890700 0.08891397 0.1972736 0.2108185
12          1          1 0.1760540 0.1946873 0.08891397 0.2108185 0.2108185
13          1          1 0.2001748 0.2262552 0.08891397 0.2108185 0.2108185
14          1          1 0.1730594 0.1950128 0.08891397 0.2108185 0.2108185
15          1          1 0.1428756 0.1579461 0.08891397 0.2108185 0.2108185
16          1          1 0.1877220 0.2102116 0.08891397 0.2108185 0.2108185
17          1          1 0.1600071 0.1771753 0.08891397 0.2108185 0.2108185
18          1          1 0.1744408 0.1956480 0.08891397 0.2108185 0.2108185
19          1          1 0.1847563 0.2026073 0.08891397 0.2108185 0.2108185
20          1          1 0.1880147 0.2070431 0.08891397 0.2108185 0.2108185
21          1          1 0.1750952 0.1985187 0.08891397 0.2108185 0.2108185
22          1          1 0.1852162 0.2127014 0.08891397 0.2108185 0.2108185
23          1          1 0.1719514 0.1931878 0.08891397 0.2108185 0.2108185
24          1          1 0.1820981 0.2091551 0.08891397 0.2108185 0.2108185
25          1          1 0.2106351 0.2388036 0.08891397 0.2108185 0.2108185
26          1          1 0.1568165 0.1739142 0.08891397 0.2108185 0.2108185
27          1          1 0.1808001 0.2047909 0.08891397 0.1837286 0.2108185
28          1          1 0.1383835 0.1523997 0.08891397 0.1972736 0.2108185
29          1          1 0.1566162 0.1728465 0.08891397 0.2108185 0.2108185
30          1          1 0.2039559 0.2327762 0.08891397 0.2108185 0.2108185
31          1          1 0.1809515 0.2156110 0.08891397 0.2108185 0.2108185
32          1          1 0.1845973 0.2105444 0.08891397 0.2108185 0.2108185
33          1          1 0.1684349 0.1887825 0.08891397 0.2108185 0.2108185
34          0          0 0.1787780 0.1972915 0.08891397 0.2108185 0.2108185
35          1          1 0.1601549 0.1826344 0.08891397 0.2108185 0.2108185
36          1          1 0.1806180 0.2021260 0.08891397 0.2108185 0.2108185
37          1          1 0.1716084 0.1914165 0.08891397 0.2108185 0.2108185
38          1          1 0.1834128 0.2084636 0.08891397 0.2108185 0.2108185
39          0          1 0.2167704 0.2427329 0.08891397 0.2108185 0.2108185
40          1          1 0.1838926 0.2082386 0.08891397 0.2108185 0.2108185
