
Due to MODULEPATH changes, the following have been reloaded:
  1) mii/1.1.2

The following have been reloaded with a version change:
  1) StdEnv/2023 => StdEnv/2020           5) libfabric/1.18.0 => libfabric/1.10.1
  2) gcccore/.12.3 => gcccore/.9.3.0      6) openmpi/4.1.5 => openmpi/4.0.3
  3) gentoo/2023 => gentoo/2020           7) ucx/1.14.1 => ucx/1.8.0
  4) imkl/2023.2.0 => imkl/2020.1.217

Loading required package: iterators
Loading required package: parallel

Attaching package: ‘expm’

The following object is masked from ‘package:Matrix’:

    expm

Time difference of 2.055618 hours
   is.cover90 is.cover95     SCB90     SCB95   hr.lower    hr.opt  hr.upper
1           1          1 0.1537364 0.1722639 0.08891397 0.2108185 0.2108185
2           1          1 0.1690414 0.1872888 0.08891397 0.2108185 0.2108185
3           1          1 0.1872681 0.2115706 0.08891397 0.2108185 0.2108185
4           1          1 0.2298286 0.2690199 0.08891397 0.2108185 0.2108185
5           1          1 0.1864254 0.2089832 0.08891397 0.2108185 0.2108185
6           1          1 0.1603798 0.1824910 0.08891397 0.2108185 0.2108185
7           1          1 0.1800857 0.2054179 0.08891397 0.2108185 0.2108185
8           1          1 0.2464979 0.2771632 0.08891397 0.2108185 0.2108185
9           1          1 0.1692195 0.1936484 0.08891397 0.2108185 0.2108185
10          0          0 0.1411239 0.1589002 0.08891397 0.2108185 0.2108185
11          1          1 0.1677165 0.1864902 0.08891397 0.2108185 0.2108185
12          1          1 0.1566406 0.1776426 0.08891397 0.2108185 0.2108185
13          0          1 0.1903206 0.2186296 0.08891397 0.2108185 0.2108185
14          1          1 0.1741883 0.2050304 0.08891397 0.2108185 0.2108185
15          1          1 0.1865107 0.2122311 0.08891397 0.2108185 0.2108185
16          1          1 0.1426669 0.1592818 0.08891397 0.2108185 0.2108185
17          1          1 0.1915387 0.2148171 0.08891397 0.2108185 0.2108185
18          1          1 0.1750121 0.1953927 0.08891397 0.1701837 0.2108185
19          1          1 0.1557093 0.1753805 0.08891397 0.2108185 0.2108185
20          1          1 0.1622146 0.1830145 0.08891397 0.2108185 0.2108185
21          1          1 0.1804069 0.1999901 0.08891397 0.2108185 0.2108185
22          1          1 0.1676677 0.1846931 0.08891397 0.1566387 0.2108185
23          1          1 0.1942457 0.2169143 0.08891397 0.2108185 0.2108185
24          1          1 0.1571726 0.1742687 0.08891397 0.2108185 0.2108185
25          1          1 0.1614783 0.1752696 0.08891397 0.2108185 0.2108185
26          0          1 0.1615365 0.1834225 0.08891397 0.2108185 0.2108185
27          1          1 0.1535245 0.1695494 0.08891397 0.2108185 0.2108185
28          1          1 0.1859886 0.2117376 0.08891397 0.1972736 0.2108185
29          1          1 0.1525591 0.1736342 0.08891397 0.2108185 0.2108185
30          0          0 0.1730229 0.1934641 0.08891397 0.2108185 0.2108185
31          1          1 0.1948287 0.2147778 0.08891397 0.2108185 0.2108185
32          1          1 0.1838942 0.2114740 0.08891397 0.2108185 0.2108185
33          1          1 0.1937743 0.2133544 0.08891397 0.1295488 0.2108185
34          0          1 0.1525229 0.1700366 0.08891397 0.2108185 0.2108185
35          1          1 0.1752096 0.1965149 0.08891397 0.2108185 0.2108185
36          1          1 0.1681484 0.1887097 0.08891397 0.2108185 0.2108185
37          1          1 0.1756484 0.1958524 0.08891397 0.2108185 0.2108185
38          1          1 0.1753392 0.2023827 0.08891397 0.2108185 0.2108185
39          1          1 0.1398672 0.1540975 0.08891397 0.2108185 0.2108185
40          1          1 0.1452784 0.1601642 0.08891397 0.2108185 0.2108185
