
Due to MODULEPATH changes, the following have been reloaded:
  1) mii/1.1.2

The following have been reloaded with a version change:
  1) StdEnv/2023 => StdEnv/2020           5) libfabric/1.18.0 => libfabric/1.10.1
  2) gcccore/.12.3 => gcccore/.9.3.0      6) openmpi/4.1.5 => openmpi/4.0.3
  3) gentoo/2023 => gentoo/2020           7) ucx/1.14.1 => ucx/1.8.0
  4) imkl/2023.2.0 => imkl/2020.1.217

Loading required package: iterators
Loading required package: parallel

Attaching package: ‘expm’

The following object is masked from ‘package:Matrix’:

    expm

Time difference of 2.035015 hours
   is.cover90 is.cover95     SCB90     SCB95   hr.lower    hr.opt  hr.upper
1           1          1 0.2160163 0.2494687 0.08891397 0.2108185 0.2108185
2           1          1 0.1879585 0.2090360 0.08891397 0.2108185 0.2108185
3           1          1 0.1798068 0.2018968 0.08891397 0.2108185 0.2108185
4           1          1 0.2118280 0.2395976 0.08891397 0.2108185 0.2108185
5           1          1 0.1511751 0.1699221 0.08891397 0.2108185 0.2108185
6           1          1 0.1969033 0.2227348 0.08891397 0.2108185 0.2108185
7           1          1 0.1358436 0.1517056 0.08891397 0.2108185 0.2108185
8           1          1 0.1656570 0.1840681 0.08891397 0.2108185 0.2108185
9           1          1 0.1519217 0.1680441 0.08891397 0.2108185 0.2108185
10          1          1 0.1955158 0.2196343 0.08891397 0.2108185 0.2108185
11          1          1 0.1943094 0.2173466 0.08891397 0.2108185 0.2108185
12          1          1 0.1992257 0.2226256 0.08891397 0.2108185 0.2108185
13          1          1 0.1562459 0.1751932 0.08891397 0.2108185 0.2108185
14          0          0 0.1412229 0.1582198 0.08891397 0.2108185 0.2108185
15          1          1 0.1980953 0.2241149 0.08891397 0.2108185 0.2108185
16          1          1 0.1647815 0.1837647 0.08891397 0.2108185 0.2108185
17          1          1 0.1359479 0.1543680 0.08891397 0.2108185 0.2108185
18          1          1 0.1617082 0.1795046 0.08891397 0.2108185 0.2108185
19          1          1 0.1588909 0.1781832 0.08891397 0.2108185 0.2108185
20          1          1 0.1532789 0.1696010 0.08891397 0.2108185 0.2108185
21          1          1 0.1918817 0.2206435 0.08891397 0.1972736 0.2108185
22          1          1 0.1818297 0.2015455 0.08891397 0.2108185 0.2108185
23          1          1 0.2005585 0.2306843 0.08891397 0.1972736 0.2108185
24          1          1 0.1565807 0.1759875 0.08891397 0.2108185 0.2108185
25          1          1 0.1798126 0.2047573 0.08891397 0.2108185 0.2108185
26          1          1 0.1793729 0.2011184 0.08891397 0.2108185 0.2108185
27          0          1 0.1634772 0.1927762 0.08891397 0.2108185 0.2108185
28          1          1 0.1481544 0.1657835 0.08891397 0.2108185 0.2108185
29          1          1 0.1952808 0.2189420 0.08891397 0.2108185 0.2108185
30          1          1 0.1660934 0.1934614 0.08891397 0.2108185 0.2108185
31          1          1 0.1518187 0.1664000 0.08891397 0.2108185 0.2108185
32          1          1 0.2019990 0.2255642 0.08891397 0.2108185 0.2108185
33          1          1 0.1612252 0.1791773 0.08891397 0.2108185 0.2108185
34          1          1 0.1795598 0.2012923 0.08891397 0.2108185 0.2108185
35          0          1 0.1826919 0.2073672 0.08891397 0.2108185 0.2108185
36          1          1 0.1650750 0.1838316 0.08891397 0.2108185 0.2108185
37          1          1 0.1649201 0.1836014 0.08891397 0.1430938 0.2108185
38          1          1 0.1548865 0.1827948 0.08891397 0.2108185 0.2108185
39          1          1 0.1636554 0.1834477 0.08891397 0.2108185 0.2108185
40          1          1 0.1439917 0.1663805 0.08891397 0.2108185 0.2108185
