
Due to MODULEPATH changes, the following have been reloaded:
  1) mii/1.1.2

The following have been reloaded with a version change:
  1) StdEnv/2023 => StdEnv/2020           5) libfabric/1.18.0 => libfabric/1.10.1
  2) gcccore/.12.3 => gcccore/.9.3.0      6) openmpi/4.1.5 => openmpi/4.0.3
  3) gentoo/2023 => gentoo/2020           7) ucx/1.14.1 => ucx/1.8.0
  4) imkl/2023.2.0 => imkl/2020.1.217

Batch index: 6
Model: b
Sample size: 300
Dimension: 18
Candidate vector: 10:100
Bandwidth: 0.05 0.1 0.15 0.2 0.25 0.3 0.35
Simulation: 40
Loading required package: iterators
Loading required package: parallel

Attaching package: ‘expm’

The following object is masked from ‘package:Matrix’:

    expm

Time difference of 44.105 mins
    hr max_width90.zhou max_width95.zhou max_width90.zhou.m max_width95.zhou.m
1 0.05        0.6079209        0.6560256          0.6079209          0.6560256
  max_width90.zhou.iso max_width95.zhou.iso
1            0.6079209            0.6560256
Time difference of 44.26295 mins
   hr max_width90.zhou max_width95.zhou max_width90.zhou.m max_width95.zhou.m
2 0.1        0.6560873        0.7122248          0.6560873          0.7122248
  max_width90.zhou.iso max_width95.zhou.iso
2            0.6560873            0.7122248
Time difference of 44.26552 mins
    hr max_width90.zhou max_width95.zhou max_width90.zhou.m max_width95.zhou.m
3 0.15        0.6350939        0.6927855          0.6350939          0.6927855
  max_width90.zhou.iso max_width95.zhou.iso
3            0.6350939            0.6927855
Time difference of 44.26547 mins
   hr max_width90.zhou max_width95.zhou max_width90.zhou.m max_width95.zhou.m
4 0.2        0.5621732        0.6145113          0.5621732          0.6145113
  max_width90.zhou.iso max_width95.zhou.iso
4            0.5621732            0.6145113
Time difference of 44.19616 mins
    hr max_width90.zhou max_width95.zhou max_width90.zhou.m max_width95.zhou.m
5 0.25        0.4923553        0.5391152          0.4923553          0.5391152
  max_width90.zhou.iso max_width95.zhou.iso
5            0.4923553            0.5391152
Time difference of 44.23436 mins
   hr max_width90.zhou max_width95.zhou max_width90.zhou.m max_width95.zhou.m
6 0.3        0.4354162        0.4780983          0.4354162          0.4780983
  max_width90.zhou.iso max_width95.zhou.iso
6            0.4354162            0.4780983
Time difference of 44.09794 mins
    hr max_width90.zhou max_width95.zhou max_width90.zhou.m max_width95.zhou.m
7 0.35         0.390249        0.4306667           0.390249          0.4306667
  max_width90.zhou.iso max_width95.zhou.iso
7             0.390249            0.4306667
