
Due to MODULEPATH changes, the following have been reloaded:
  1) mii/1.1.2

The following have been reloaded with a version change:
  1) StdEnv/2023 => StdEnv/2020           5) libfabric/1.18.0 => libfabric/1.10.1
  2) gcccore/.12.3 => gcccore/.9.3.0      6) openmpi/4.1.5 => openmpi/4.0.3
  3) gentoo/2023 => gentoo/2020           7) ucx/1.14.1 => ucx/1.8.0
  4) imkl/2023.2.0 => imkl/2020.1.217

Batch index: 7
Model: b
Sample size: 300
Dimension: 18
Candidate vector: 10:100
Bandwidth: 0.05 0.1 0.15 0.2 0.25 0.3 0.35
Simulation: 40
Loading required package: iterators
Loading required package: parallel

Attaching package: ‘expm’

The following object is masked from ‘package:Matrix’:

    expm

Time difference of 41.81682 mins
    hr max_width90.zhou max_width95.zhou max_width90.zhou.m max_width95.zhou.m
1 0.05        0.6052668        0.6519046          0.6052668          0.6519046
  max_width90.zhou.iso max_width95.zhou.iso
1            0.6052668            0.6519046
Time difference of 42.02249 mins
   hr max_width90.zhou max_width95.zhou max_width90.zhou.m max_width95.zhou.m
2 0.1        0.6625278        0.7201041          0.6625278          0.7201041
  max_width90.zhou.iso max_width95.zhou.iso
2            0.6625278            0.7201041
Time difference of 42.02548 mins
    hr max_width90.zhou max_width95.zhou max_width90.zhou.m max_width95.zhou.m
3 0.15        0.6431783         0.703138          0.6431783           0.703138
  max_width90.zhou.iso max_width95.zhou.iso
3            0.6431783             0.703138
Time difference of 41.97711 mins
   hr max_width90.zhou max_width95.zhou max_width90.zhou.m max_width95.zhou.m
4 0.2        0.5611233        0.6137569          0.5611233          0.6137569
  max_width90.zhou.iso max_width95.zhou.iso
4            0.5611233            0.6137569
Time difference of 42.05935 mins
    hr max_width90.zhou max_width95.zhou max_width90.zhou.m max_width95.zhou.m
5 0.25        0.4904942        0.5378725          0.4904942          0.5378725
  max_width90.zhou.iso max_width95.zhou.iso
5            0.4904942            0.5378725
Time difference of 41.87403 mins
   hr max_width90.zhou max_width95.zhou max_width90.zhou.m max_width95.zhou.m
6 0.3        0.4338124        0.4753507          0.4338124          0.4753507
  max_width90.zhou.iso max_width95.zhou.iso
6            0.4338124            0.4753507
Time difference of 41.78392 mins
    hr max_width90.zhou max_width95.zhou max_width90.zhou.m max_width95.zhou.m
7 0.35        0.3867026        0.4239965          0.3867026          0.4239965
  max_width90.zhou.iso max_width95.zhou.iso
7            0.3867026            0.4239965
