
Due to MODULEPATH changes, the following have been reloaded:
  1) mii/1.1.2

The following have been reloaded with a version change:
  1) StdEnv/2023 => StdEnv/2020           5) libfabric/1.18.0 => libfabric/1.10.1
  2) gcccore/.12.3 => gcccore/.9.3.0      6) openmpi/4.1.5 => openmpi/4.0.3
  3) gentoo/2023 => gentoo/2020           7) ucx/1.14.1 => ucx/1.8.0
  4) imkl/2023.2.0 => imkl/2020.1.217

Batch index: 9
Model: b
Sample size: 300
Dimension: 18
Candidate vector: 10:100
Bandwidth: 0.05 0.1 0.15 0.2 0.25 0.3 0.35
Simulation: 40
Loading required package: iterators
Loading required package: parallel

Attaching package: ‘expm’

The following object is masked from ‘package:Matrix’:

    expm

Time difference of 46.26449 mins
    hr max_width90.zhou max_width95.zhou max_width90.zhou.m max_width95.zhou.m
1 0.05        0.6083713        0.6544694          0.6083713          0.6544694
  max_width90.zhou.iso max_width95.zhou.iso
1            0.6083713            0.6544694
Time difference of 46.08024 mins
   hr max_width90.zhou max_width95.zhou max_width90.zhou.m max_width95.zhou.m
2 0.1        0.6530656        0.7085612          0.6530656          0.7085612
  max_width90.zhou.iso max_width95.zhou.iso
2            0.6530656            0.7085612
Time difference of 46.2859 mins
    hr max_width90.zhou max_width95.zhou max_width90.zhou.m max_width95.zhou.m
3 0.15        0.6212487         0.677788          0.6212487           0.677788
  max_width90.zhou.iso max_width95.zhou.iso
3            0.6212487             0.677788
Time difference of 46.19371 mins
   hr max_width90.zhou max_width95.zhou max_width90.zhou.m max_width95.zhou.m
4 0.2        0.5472794        0.5987374          0.5472794          0.5987374
  max_width90.zhou.iso max_width95.zhou.iso
4            0.5472794            0.5987374
Time difference of 45.99299 mins
    hr max_width90.zhou max_width95.zhou max_width90.zhou.m max_width95.zhou.m
5 0.25         0.479873        0.5247261           0.479873          0.5247261
  max_width90.zhou.iso max_width95.zhou.iso
5             0.479873            0.5247261
Time difference of 45.98034 mins
   hr max_width90.zhou max_width95.zhou max_width90.zhou.m max_width95.zhou.m
6 0.3        0.4247062        0.4650482          0.4247062          0.4650482
  max_width90.zhou.iso max_width95.zhou.iso
6            0.4247062            0.4650482
Time difference of 46.1178 mins
    hr max_width90.zhou max_width95.zhou max_width90.zhou.m max_width95.zhou.m
7 0.35        0.3790559        0.4164812          0.3790559          0.4164812
  max_width90.zhou.iso max_width95.zhou.iso
7            0.3790559            0.4164812
