
Due to MODULEPATH changes, the following have been reloaded:
  1) mii/1.1.2

The following have been reloaded with a version change:
  1) StdEnv/2023 => StdEnv/2020           5) libfabric/1.18.0 => libfabric/1.10.1
  2) gcccore/.12.3 => gcccore/.9.3.0      6) openmpi/4.1.5 => openmpi/4.0.3
  3) gentoo/2023 => gentoo/2020           7) ucx/1.14.1 => ucx/1.8.0
  4) imkl/2023.2.0 => imkl/2020.1.217

Batch index: 2
Model: b
Sample size: 300
Dimension: 18
Candidate vector: 10:100
Bandwidth: 0.05 0.1 0.15 0.2 0.25 0.3 0.35
Simulation: 40
Loading required package: iterators
Loading required package: parallel

Attaching package: ‘expm’

The following object is masked from ‘package:Matrix’:

    expm

Time difference of 40.86575 mins
    hr max_width90.zhou max_width95.zhou max_width90.zhou.m max_width95.zhou.m
1 0.05        0.5957105        0.6408444          0.5957105          0.6408444
  max_width90.zhou.iso max_width95.zhou.iso
1            0.5957105            0.6408444
Time difference of 40.88877 mins
   hr max_width90.zhou max_width95.zhou max_width90.zhou.m max_width95.zhou.m
2 0.1        0.6730547        0.7316212          0.6730547          0.7316212
  max_width90.zhou.iso max_width95.zhou.iso
2            0.6730547            0.7316212
Time difference of 41.31281 mins
    hr max_width90.zhou max_width95.zhou max_width90.zhou.m max_width95.zhou.m
3 0.15        0.6402803         0.700512          0.6402803           0.700512
  max_width90.zhou.iso max_width95.zhou.iso
3            0.6402803             0.700512
Time difference of 41.27165 mins
   hr max_width90.zhou max_width95.zhou max_width90.zhou.m max_width95.zhou.m
4 0.2        0.5643549        0.6191292          0.5643549          0.6191292
  max_width90.zhou.iso max_width95.zhou.iso
4            0.5643549            0.6191292
Time difference of 41.2705 mins
    hr max_width90.zhou max_width95.zhou max_width90.zhou.m max_width95.zhou.m
5 0.25        0.4967428        0.5449168          0.4967428          0.5449168
  max_width90.zhou.iso max_width95.zhou.iso
5            0.4967428            0.5449168
Time difference of 41.40054 mins
   hr max_width90.zhou max_width95.zhou max_width90.zhou.m max_width95.zhou.m
6 0.3        0.4358236        0.4781637          0.4358236          0.4781637
  max_width90.zhou.iso max_width95.zhou.iso
6            0.4358236            0.4781637
Time difference of 40.89676 mins
    hr max_width90.zhou max_width95.zhou max_width90.zhou.m max_width95.zhou.m
7 0.35        0.3875619        0.4272083          0.3875619          0.4272083
  max_width90.zhou.iso max_width95.zhou.iso
7            0.3875619            0.4272083
