
Due to MODULEPATH changes, the following have been reloaded:
  1) mii/1.1.2

The following have been reloaded with a version change:
  1) StdEnv/2023 => StdEnv/2020           5) libfabric/1.18.0 => libfabric/1.10.1
  2) gcccore/.12.3 => gcccore/.9.3.0      6) openmpi/4.1.5 => openmpi/4.0.3
  3) gentoo/2023 => gentoo/2020           7) ucx/1.14.1 => ucx/1.8.0
  4) imkl/2023.2.0 => imkl/2020.1.217

Batch index: 1
Model: b
Sample size: 300
Dimension: 18
Candidate vector: 10:100
Bandwidth: 0.05 0.1 0.15 0.2 0.25 0.3 0.35
Simulation: 40
Loading required package: iterators
Loading required package: parallel

Attaching package: ‘expm’

The following object is masked from ‘package:Matrix’:

    expm

Time difference of 40.83139 mins
    hr max_width90.zhou max_width95.zhou max_width90.zhou.m max_width95.zhou.m
1 0.05        0.6040115        0.6504998          0.6040115          0.6504998
  max_width90.zhou.iso max_width95.zhou.iso
1            0.6040115            0.6504998
Time difference of 40.92099 mins
   hr max_width90.zhou max_width95.zhou max_width90.zhou.m max_width95.zhou.m
2 0.1        0.6572893        0.7161363          0.6572893          0.7161363
  max_width90.zhou.iso max_width95.zhou.iso
2            0.6572893            0.7161363
Time difference of 40.87712 mins
    hr max_width90.zhou max_width95.zhou max_width90.zhou.m max_width95.zhou.m
3 0.15         0.634228        0.6957478           0.634228          0.6957478
  max_width90.zhou.iso max_width95.zhou.iso
3             0.634228            0.6957478
Time difference of 41.02414 mins
   hr max_width90.zhou max_width95.zhou max_width90.zhou.m max_width95.zhou.m
4 0.2        0.5519675        0.6051595          0.5519675          0.6051595
  max_width90.zhou.iso max_width95.zhou.iso
4            0.5519675            0.6051595
Time difference of 40.65008 mins
    hr max_width90.zhou max_width95.zhou max_width90.zhou.m max_width95.zhou.m
5 0.25         0.484396        0.5303943           0.484396          0.5303943
  max_width90.zhou.iso max_width95.zhou.iso
5             0.484396            0.5303943
Time difference of 41.03826 mins
   hr max_width90.zhou max_width95.zhou max_width90.zhou.m max_width95.zhou.m
6 0.3        0.4273363        0.4684881          0.4273363          0.4684881
  max_width90.zhou.iso max_width95.zhou.iso
6            0.4273363            0.4684881
Time difference of 40.88618 mins
    hr max_width90.zhou max_width95.zhou max_width90.zhou.m max_width95.zhou.m
7 0.35        0.3815033        0.4194104          0.3815033          0.4194104
  max_width90.zhou.iso max_width95.zhou.iso
7            0.3815033            0.4194104
