
Due to MODULEPATH changes, the following have been reloaded:
  1) mii/1.1.2

The following have been reloaded with a version change:
  1) StdEnv/2023 => StdEnv/2020           5) libfabric/1.18.0 => libfabric/1.10.1
  2) gcccore/.12.3 => gcccore/.9.3.0      6) openmpi/4.1.5 => openmpi/4.0.3
  3) gentoo/2023 => gentoo/2020           7) ucx/1.14.1 => ucx/1.8.0
  4) imkl/2023.2.0 => imkl/2020.1.217

Batch index: 8
Model: b
Sample size: 300
Dimension: 18
Candidate vector: 10:100
Bandwidth: 0.05 0.1 0.15 0.2 0.25 0.3 0.35
Simulation: 40
Loading required package: iterators
Loading required package: parallel

Attaching package: ‘expm’

The following object is masked from ‘package:Matrix’:

    expm

Time difference of 41.62524 mins
    hr max_width90.zhou max_width95.zhou max_width90.zhou.m max_width95.zhou.m
1 0.05        0.6059625        0.6528287          0.6059625          0.6528287
  max_width90.zhou.iso max_width95.zhou.iso
1            0.6059625            0.6528287
Time difference of 41.58119 mins
   hr max_width90.zhou max_width95.zhou max_width90.zhou.m max_width95.zhou.m
2 0.1         0.645306        0.6987132           0.645306          0.6987132
  max_width90.zhou.iso max_width95.zhou.iso
2             0.645306            0.6987132
Time difference of 41.71022 mins
    hr max_width90.zhou max_width95.zhou max_width90.zhou.m max_width95.zhou.m
3 0.15        0.6433496        0.7033294          0.6433496          0.7033294
  max_width90.zhou.iso max_width95.zhou.iso
3            0.6433496            0.7033294
Time difference of 40.92454 mins
   hr max_width90.zhou max_width95.zhou max_width90.zhou.m max_width95.zhou.m
4 0.2        0.5703994        0.6260653          0.5703994          0.6260653
  max_width90.zhou.iso max_width95.zhou.iso
4            0.5703994            0.6260653
Time difference of 41.79538 mins
    hr max_width90.zhou max_width95.zhou max_width90.zhou.m max_width95.zhou.m
5 0.25        0.4993071        0.5477142          0.4993071          0.5477142
  max_width90.zhou.iso max_width95.zhou.iso
5            0.4993071            0.5477142
Time difference of 41.79687 mins
   hr max_width90.zhou max_width95.zhou max_width90.zhou.m max_width95.zhou.m
6 0.3        0.4412878        0.4848736          0.4412878          0.4848736
  max_width90.zhou.iso max_width95.zhou.iso
6            0.4412878            0.4848736
Time difference of 41.74035 mins
    hr max_width90.zhou max_width95.zhou max_width90.zhou.m max_width95.zhou.m
7 0.35        0.3932483        0.4337394          0.3932483          0.4337394
  max_width90.zhou.iso max_width95.zhou.iso
7            0.3932483            0.4337394
