
Due to MODULEPATH changes, the following have been reloaded:
  1) mii/1.1.2

The following have been reloaded with a version change:
  1) StdEnv/2023 => StdEnv/2020           5) libfabric/1.18.0 => libfabric/1.10.1
  2) gcccore/.12.3 => gcccore/.9.3.0      6) openmpi/4.1.5 => openmpi/4.0.3
  3) gentoo/2023 => gentoo/2020           7) ucx/1.14.1 => ucx/1.8.0
  4) imkl/2023.2.0 => imkl/2020.1.217

Batch index: 10
Model: b
Sample size: 300
Dimension: 18
Candidate vector: 10:100
Bandwidth: 0.05 0.1 0.15 0.2 0.25 0.3 0.35
Simulation: 40
Loading required package: iterators
Loading required package: parallel

Attaching package: ‘expm’

The following object is masked from ‘package:Matrix’:

    expm

Time difference of 52.7755 mins
    hr max_width90.zhou max_width95.zhou max_width90.zhou.m max_width95.zhou.m
1 0.05        0.6066545        0.6544286          0.6066545          0.6544286
  max_width90.zhou.iso max_width95.zhou.iso
1            0.6066545            0.6544286
Time difference of 54.2207 mins
   hr max_width90.zhou max_width95.zhou max_width90.zhou.m max_width95.zhou.m
2 0.1        0.6535101        0.7073185          0.6535101          0.7073185
  max_width90.zhou.iso max_width95.zhou.iso
2            0.6535101            0.7073185
Time difference of 53.85775 mins
    hr max_width90.zhou max_width95.zhou max_width90.zhou.m max_width95.zhou.m
3 0.15        0.6308612        0.6876585          0.6308612          0.6876585
  max_width90.zhou.iso max_width95.zhou.iso
3            0.6308612            0.6876585
Time difference of 51.04222 mins
   hr max_width90.zhou max_width95.zhou max_width90.zhou.m max_width95.zhou.m
4 0.2        0.5647076         0.617448          0.5647076           0.617448
  max_width90.zhou.iso max_width95.zhou.iso
4            0.5647076             0.617448
Time difference of 52.31416 mins
    hr max_width90.zhou max_width95.zhou max_width90.zhou.m max_width95.zhou.m
5 0.25        0.4989984         0.547529          0.4989984           0.547529
  max_width90.zhou.iso max_width95.zhou.iso
5            0.4989984             0.547529
Time difference of 44.85071 mins
   hr max_width90.zhou max_width95.zhou max_width90.zhou.m max_width95.zhou.m
6 0.3        0.4407622        0.4839848          0.4407622          0.4839848
  max_width90.zhou.iso max_width95.zhou.iso
6            0.4407622            0.4839848
Time difference of 44.95058 mins
    hr max_width90.zhou max_width95.zhou max_width90.zhou.m max_width95.zhou.m
7 0.35        0.3909833        0.4306333          0.3909833          0.4306333
  max_width90.zhou.iso max_width95.zhou.iso
7            0.3909833            0.4306333
