
Due to MODULEPATH changes, the following have been reloaded:
  1) mii/1.1.2

The following have been reloaded with a version change:
  1) StdEnv/2023 => StdEnv/2020           5) libfabric/1.18.0 => libfabric/1.10.1
  2) gcccore/.12.3 => gcccore/.9.3.0      6) openmpi/4.1.5 => openmpi/4.0.3
  3) gentoo/2023 => gentoo/2020           7) ucx/1.14.1 => ucx/1.8.0
  4) imkl/2023.2.0 => imkl/2020.1.217

Batch index: 5
Model: b
Sample size: 300
Dimension: 18
Candidate vector: 10:100
Bandwidth: 0.05 0.1 0.15 0.2 0.25 0.3 0.35
Simulation: 40
Loading required package: iterators
Loading required package: parallel

Attaching package: ‘expm’

The following object is masked from ‘package:Matrix’:

    expm

Time difference of 44.24067 mins
    hr max_width90.zhou max_width95.zhou max_width90.zhou.m max_width95.zhou.m
1 0.05        0.6074741        0.6565071          0.6074741          0.6565071
  max_width90.zhou.iso max_width95.zhou.iso
1            0.6074741            0.6565071
Time difference of 44.14158 mins
   hr max_width90.zhou max_width95.zhou max_width90.zhou.m max_width95.zhou.m
2 0.1        0.6655986        0.7241329          0.6655986          0.7241329
  max_width90.zhou.iso max_width95.zhou.iso
2            0.6655986            0.7241329
Time difference of 44.27408 mins
    hr max_width90.zhou max_width95.zhou max_width90.zhou.m max_width95.zhou.m
3 0.15        0.6504217         0.712108          0.6504217           0.712108
  max_width90.zhou.iso max_width95.zhou.iso
3            0.6504217             0.712108
Time difference of 44.33288 mins
   hr max_width90.zhou max_width95.zhou max_width90.zhou.m max_width95.zhou.m
4 0.2        0.5717244        0.6267109          0.5717244          0.6267109
  max_width90.zhou.iso max_width95.zhou.iso
4            0.5717244            0.6267109
Time difference of 44.13714 mins
    hr max_width90.zhou max_width95.zhou max_width90.zhou.m max_width95.zhou.m
5 0.25        0.4983856        0.5470379          0.4983856          0.5470379
  max_width90.zhou.iso max_width95.zhou.iso
5            0.4983856            0.5470379
Time difference of 44.03664 mins
   hr max_width90.zhou max_width95.zhou max_width90.zhou.m max_width95.zhou.m
6 0.3        0.4378864        0.4812147          0.4378864          0.4812147
  max_width90.zhou.iso max_width95.zhou.iso
6            0.4378864            0.4812147
Time difference of 44.0159 mins
    hr max_width90.zhou max_width95.zhou max_width90.zhou.m max_width95.zhou.m
7 0.35        0.3916462        0.4316237          0.3916462          0.4316237
  max_width90.zhou.iso max_width95.zhou.iso
7            0.3916462            0.4316237
