
Due to MODULEPATH changes, the following have been reloaded:
  1) mii/1.1.2

The following have been reloaded with a version change:
  1) StdEnv/2023 => StdEnv/2020           5) libfabric/1.18.0 => libfabric/1.10.1
  2) gcccore/.12.3 => gcccore/.9.3.0      6) openmpi/4.1.5 => openmpi/4.0.3
  3) gentoo/2023 => gentoo/2020           7) ucx/1.14.1 => ucx/1.8.0
  4) imkl/2023.2.0 => imkl/2020.1.217

Batch index: 3
Model: b
Sample size: 300
Dimension: 18
Candidate vector: 10:100
Bandwidth: 0.05 0.1 0.15 0.2 0.25 0.3 0.35
Simulation: 40
Loading required package: iterators
Loading required package: parallel

Attaching package: ‘expm’

The following object is masked from ‘package:Matrix’:

    expm

Time difference of 41.00663 mins
    hr max_width90.zhou max_width95.zhou max_width90.zhou.m max_width95.zhou.m
1 0.05        0.6089094        0.6583711          0.6089094          0.6583711
  max_width90.zhou.iso max_width95.zhou.iso
1            0.6089094            0.6583711
Time difference of 41.03268 mins
   hr max_width90.zhou max_width95.zhou max_width90.zhou.m max_width95.zhou.m
2 0.1        0.6555348        0.7119268          0.6555348          0.7119268
  max_width90.zhou.iso max_width95.zhou.iso
2            0.6555348            0.7119268
Time difference of 41.07629 mins
    hr max_width90.zhou max_width95.zhou max_width90.zhou.m max_width95.zhou.m
3 0.15        0.6339051        0.6934745          0.6339051          0.6934745
  max_width90.zhou.iso max_width95.zhou.iso
3            0.6339051            0.6934745
Time difference of 41.1104 mins
   hr max_width90.zhou max_width95.zhou max_width90.zhou.m max_width95.zhou.m
4 0.2        0.5546214        0.6076622          0.5546214          0.6076622
  max_width90.zhou.iso max_width95.zhou.iso
4            0.5546214            0.6076622
Time difference of 41.09074 mins
    hr max_width90.zhou max_width95.zhou max_width90.zhou.m max_width95.zhou.m
5 0.25        0.4880094        0.5354298          0.4880094          0.5354298
  max_width90.zhou.iso max_width95.zhou.iso
5            0.4880094            0.5354298
Time difference of 41.04634 mins
   hr max_width90.zhou max_width95.zhou max_width90.zhou.m max_width95.zhou.m
6 0.3        0.4336232        0.4779504          0.4336232          0.4779504
  max_width90.zhou.iso max_width95.zhou.iso
6            0.4336232            0.4779504
Time difference of 41.10991 mins
    hr max_width90.zhou max_width95.zhou max_width90.zhou.m max_width95.zhou.m
7 0.35        0.3862865        0.4246443          0.3862865          0.4246443
  max_width90.zhou.iso max_width95.zhou.iso
7            0.3862865            0.4246443
