
Due to MODULEPATH changes, the following have been reloaded:
  1) mii/1.1.2

The following have been reloaded with a version change:
  1) StdEnv/2023 => StdEnv/2020           5) libfabric/1.18.0 => libfabric/1.10.1
  2) gcccore/.12.3 => gcccore/.9.3.0      6) openmpi/4.1.5 => openmpi/4.0.3
  3) gentoo/2023 => gentoo/2020           7) ucx/1.14.1 => ucx/1.8.0
  4) imkl/2023.2.0 => imkl/2020.1.217

Batch index: 6
Model: a
Sample size: 500
Dimension: 27
Candidate vector: 20:100
Bandwidth: 0.05 0.1 0.15 0.2 0.25 0.3 0.35
GCV: FALSE
Simulation: 40
Loading required package: iterators
Loading required package: parallel

Attaching package: ‘expm’

The following object is masked from ‘package:Matrix’:

    expm

Time difference of 2.698446 hours
    hr         hd is.cover90.hr is.cover95.hr is.cover90.hd is.cover95.hd
1 0.05 0.04847024         0.125          0.15           0.2         0.425
   SCB90.hr  SCB95.hr SCB90.hd  SCB95.hd
1 0.2685539 0.2941248 0.241579 0.2645222
Time difference of 2.867003 hours
   hr         hd is.cover90.hr is.cover95.hr is.cover90.hd is.cover95.hd
2 0.1 0.09694048         0.825          0.95           0.8         0.925
   SCB90.hr  SCB95.hr  SCB90.hd  SCB95.hd
2 0.3590092 0.3923259 0.3374184 0.3707661
Time difference of 3.029156 hours
    hr        hd is.cover90.hr is.cover95.hr is.cover90.hd is.cover95.hd
3 0.15 0.1454107         0.925             1          0.95             1
   SCB90.hr  SCB95.hr  SCB90.hd  SCB95.hd
3 0.3765442 0.4134699 0.3514702 0.3875603
Time difference of 3.15031 hours
   hr       hd is.cover90.hr is.cover95.hr is.cover90.hd is.cover95.hd
4 0.2 0.193881           0.9             1         0.875             1
   SCB90.hr  SCB95.hr  SCB90.hd  SCB95.hd
4 0.3376937 0.3724104 0.3200917 0.3540573
Time difference of 3.163749 hours
    hr  hd is.cover90.hr is.cover95.hr is.cover90.hd is.cover95.hd  SCB90.hr
5 0.25 0.2           0.9         0.975         0.875          0.95 0.3105237
   SCB95.hr  SCB90.hd SCB95.hd
5 0.3411405 0.2997858 0.329656
Time difference of 3.147934 hours
   hr        hd is.cover90.hr is.cover95.hr is.cover90.hd is.cover95.hd
6 0.3 0.2008299         0.875         0.975          0.85         0.975
   SCB90.hr SCB95.hr  SCB90.hd  SCB95.hd
6 0.2825611 0.310578 0.2793144 0.3070297
Time difference of 3.226375 hours
    hr        hd is.cover90.hr is.cover95.hr is.cover90.hd is.cover95.hd
7 0.35 0.2466555          0.85           0.9          0.85           0.9
   SCB90.hr  SCB95.hr  SCB90.hd  SCB95.hd
7 0.2508696 0.2754841 0.2514755 0.2760435
