
Due to MODULEPATH changes, the following have been reloaded:
  1) mii/1.1.2

The following have been reloaded with a version change:
  1) StdEnv/2023 => StdEnv/2020           5) libfabric/1.18.0 => libfabric/1.10.1
  2) gcccore/.12.3 => gcccore/.9.3.0      6) openmpi/4.1.5 => openmpi/4.0.3
  3) gentoo/2023 => gentoo/2020           7) ucx/1.14.1 => ucx/1.8.0
  4) imkl/2023.2.0 => imkl/2020.1.217

Batch index: 10
Model: a
Sample size: 500
Dimension: 27
Candidate vector: 20:100
Bandwidth: 0.05 0.1 0.15 0.2 0.25 0.3 0.35
GCV: FALSE
Simulation: 40
Loading required package: iterators
Loading required package: parallel

Attaching package: ‘expm’

The following object is masked from ‘package:Matrix’:

    expm

Time difference of 2.586537 hours
    hr         hd is.cover90.hr is.cover95.hr is.cover90.hd is.cover95.hd
1 0.05 0.04847024           0.1          0.15         0.275         0.525
   SCB90.hr  SCB95.hr  SCB90.hd  SCB95.hd
1 0.2840227 0.3137949 0.2574656 0.2844859
Time difference of 2.789692 hours
   hr         hd is.cover90.hr is.cover95.hr is.cover90.hd is.cover95.hd
2 0.1 0.09694048           0.9         0.925           0.8          0.95
   SCB90.hr  SCB95.hr  SCB90.hd SCB95.hd
2 0.3658788 0.4007621 0.3417714 0.374595
Time difference of 2.982021 hours
    hr        hd is.cover90.hr is.cover95.hr is.cover90.hd is.cover95.hd
3 0.15 0.1454107          0.95         0.975             1             1
   SCB90.hr  SCB95.hr  SCB90.hd  SCB95.hd
3 0.3735116 0.4106596 0.3438231 0.3785059
Time difference of 3.063541 hours
   hr       hd is.cover90.hr is.cover95.hr is.cover90.hd is.cover95.hd
4 0.2 0.193881         0.925             1          0.95             1
   SCB90.hr  SCB95.hr  SCB90.hd  SCB95.hd
4 0.3354164 0.3688299 0.3123561 0.3453105
Time difference of 3.146379 hours
    hr  hd is.cover90.hr is.cover95.hr is.cover90.hd is.cover95.hd  SCB90.hr
5 0.25 0.2         0.925         0.975         0.925         0.975 0.3079497
   SCB95.hr  SCB90.hd  SCB95.hd
5 0.3390116 0.2946901 0.3259196
Time difference of 3.170097 hours
   hr        hd is.cover90.hr is.cover95.hr is.cover90.hd is.cover95.hd
6 0.3 0.2008299           0.9          0.95           0.9          0.95
   SCB90.hr  SCB95.hr  SCB90.hd  SCB95.hd
6 0.2795815 0.3066375 0.2760123 0.3031333
Time difference of 3.19776 hours
    hr        hd is.cover90.hr is.cover95.hr is.cover90.hd is.cover95.hd
7 0.35 0.2466555          0.95          0.95          0.95          0.95
   SCB90.hr  SCB95.hr SCB90.hd  SCB95.hd
7 0.2471332 0.2712424 0.247744 0.2720304
