
Due to MODULEPATH changes, the following have been reloaded:
  1) mii/1.1.2

The following have been reloaded with a version change:
  1) StdEnv/2023 => StdEnv/2020           5) libfabric/1.18.0 => libfabric/1.10.1
  2) gcccore/.12.3 => gcccore/.9.3.0      6) openmpi/4.1.5 => openmpi/4.0.3
  3) gentoo/2023 => gentoo/2020           7) ucx/1.14.1 => ucx/1.8.0
  4) imkl/2023.2.0 => imkl/2020.1.217

Batch index: 7
Model: a
Sample size: 500
Dimension: 27
Candidate vector: 20:100
Bandwidth: 0.05 0.1 0.15 0.2 0.25 0.3 0.35
GCV: FALSE
Simulation: 40
Loading required package: iterators
Loading required package: parallel

Attaching package: ‘expm’

The following object is masked from ‘package:Matrix’:

    expm

Time difference of 2.715116 hours
    hr         hd is.cover90.hr is.cover95.hr is.cover90.hd is.cover95.hd
1 0.05 0.04847024             0         0.025         0.275         0.375
   SCB90.hr  SCB95.hr  SCB90.hd  SCB95.hd
1 0.2698599 0.2960464 0.2467524 0.2701539
Time difference of 2.85335 hours
   hr         hd is.cover90.hr is.cover95.hr is.cover90.hd is.cover95.hd
2 0.1 0.09694048           0.8          0.95           0.8          0.95
   SCB90.hr  SCB95.hr SCB90.hd  SCB95.hd
2 0.3616589 0.3955706 0.340647 0.3749113
Time difference of 3.052084 hours
    hr        hd is.cover90.hr is.cover95.hr is.cover90.hd is.cover95.hd
3 0.15 0.1454107           0.9             1           0.9          0.95
   SCB90.hr  SCB95.hr SCB90.hd  SCB95.hd
3 0.3647059 0.3990402 0.336222 0.3706219
Time difference of 3.117645 hours
   hr       hd is.cover90.hr is.cover95.hr is.cover90.hd is.cover95.hd
4 0.2 0.193881          0.85         0.975         0.825          0.95
   SCB90.hr  SCB95.hr  SCB90.hd  SCB95.hd
4 0.3247409 0.3564328 0.3018661 0.3328088
Time difference of 3.261566 hours
    hr  hd is.cover90.hr is.cover95.hr is.cover90.hd is.cover95.hd  SCB90.hr
5 0.25 0.2         0.775           0.9         0.775           0.9 0.2959658
   SCB95.hr SCB90.hd  SCB95.hd
5 0.3245288 0.283905 0.3121069
Time difference of 3.088488 hours
   hr        hd is.cover90.hr is.cover95.hr is.cover90.hd is.cover95.hd
6 0.3 0.2008299           0.8           0.9         0.775          0.85
   SCB90.hr  SCB95.hr  SCB90.hd SCB95.hd
6 0.2719804 0.2986819 0.2688504 0.295609
Time difference of 3.139678 hours
    hr        hd is.cover90.hr is.cover95.hr is.cover90.hd is.cover95.hd
7 0.35 0.2466555          0.75          0.85          0.75          0.85
   SCB90.hr  SCB95.hr  SCB90.hd  SCB95.hd
7 0.2429406 0.2668989 0.2436313 0.2674985
