
Due to MODULEPATH changes, the following have been reloaded:
  1) mii/1.1.2

The following have been reloaded with a version change:
  1) StdEnv/2023 => StdEnv/2020           5) libfabric/1.18.0 => libfabric/1.10.1
  2) gcccore/.12.3 => gcccore/.9.3.0      6) openmpi/4.1.5 => openmpi/4.0.3
  3) gentoo/2023 => gentoo/2020           7) ucx/1.14.1 => ucx/1.8.0
  4) imkl/2023.2.0 => imkl/2020.1.217

Batch index: 5
Model: a
Sample size: 500
Dimension: 27
Candidate vector: 20:100
Bandwidth: 0.05 0.1 0.15 0.2 0.25 0.3 0.35
GCV: FALSE
Simulation: 40
Loading required package: iterators
Loading required package: parallel

Attaching package: ‘expm’

The following object is masked from ‘package:Matrix’:

    expm

Time difference of 2.703048 hours
    hr         hd is.cover90.hr is.cover95.hr is.cover90.hd is.cover95.hd
1 0.05 0.04847024          0.05           0.1         0.175          0.45
   SCB90.hr  SCB95.hr  SCB90.hd  SCB95.hd
1 0.2743455 0.3024364 0.2485045 0.2733303
Time difference of 2.881275 hours
   hr         hd is.cover90.hr is.cover95.hr is.cover90.hd is.cover95.hd
2 0.1 0.09694048         0.925         0.975         0.875         0.975
  SCB90.hr  SCB95.hr  SCB90.hd  SCB95.hd
2 0.354642 0.3872601 0.3303755 0.3611511
Time difference of 3.041242 hours
    hr        hd is.cover90.hr is.cover95.hr is.cover90.hd is.cover95.hd
3 0.15 0.1454107             1             1          0.95         0.975
   SCB90.hr  SCB95.hr SCB90.hd  SCB95.hd
3 0.3686607 0.4044495 0.339997 0.3750251
Time difference of 3.124684 hours
   hr       hd is.cover90.hr is.cover95.hr is.cover90.hd is.cover95.hd
4 0.2 0.193881         0.975             1         0.875             1
   SCB90.hr  SCB95.hr  SCB90.hd  SCB95.hd
4 0.3338812 0.3670268 0.3079544 0.3390788
Time difference of 3.119654 hours
    hr  hd is.cover90.hr is.cover95.hr is.cover90.hd is.cover95.hd  SCB90.hr
5 0.25 0.2          0.95             1         0.875             1 0.3051532
   SCB95.hr  SCB90.hd SCB95.hd
5 0.3356378 0.2921978 0.322215
Time difference of 3.151903 hours
   hr        hd is.cover90.hr is.cover95.hr is.cover90.hd is.cover95.hd
6 0.3 0.2008299          0.85         0.975          0.85         0.975
   SCB90.hr  SCB95.hr  SCB90.hd  SCB95.hd
6 0.2786716 0.3063826 0.2753352 0.3029288
Time difference of 3.235199 hours
    hr        hd is.cover90.hr is.cover95.hr is.cover90.hd is.cover95.hd
7 0.35 0.2466555         0.875          0.95         0.875          0.95
   SCB90.hr  SCB95.hr  SCB90.hd  SCB95.hd
7 0.2471765 0.2725669 0.2479854 0.2732373
