
Due to MODULEPATH changes, the following have been reloaded:
  1) mii/1.1.2

The following have been reloaded with a version change:
  1) StdEnv/2023 => StdEnv/2020           5) libfabric/1.18.0 => libfabric/1.10.1
  2) gcccore/.12.3 => gcccore/.9.3.0      6) openmpi/4.1.5 => openmpi/4.0.3
  3) gentoo/2023 => gentoo/2020           7) ucx/1.14.1 => ucx/1.8.0
  4) imkl/2023.2.0 => imkl/2020.1.217

Batch index: 1
Model: a
Sample size: 500
Dimension: 27
Candidate vector: 20:100
Bandwidth: 0.05 0.1 0.15 0.2 0.25 0.3 0.35
GCV: FALSE
Simulation: 40
Loading required package: iterators
Loading required package: parallel

Attaching package: ‘expm’

The following object is masked from ‘package:Matrix’:

    expm

Time difference of 2.615107 hours
    hr         hd is.cover90.hr is.cover95.hr is.cover90.hd is.cover95.hd
1 0.05 0.04847024          0.05          0.15          0.25         0.525
   SCB90.hr  SCB95.hr  SCB90.hd  SCB95.hd
1 0.2735346 0.3002844 0.2502614 0.2752084
Time difference of 2.819034 hours
   hr         hd is.cover90.hr is.cover95.hr is.cover90.hd is.cover95.hd
2 0.1 0.09694048          0.95             1         0.875          0.95
   SCB90.hr  SCB95.hr  SCB90.hd  SCB95.hd
2 0.3578174 0.3913408 0.3348271 0.3672139
Time difference of 2.942195 hours
    hr        hd is.cover90.hr is.cover95.hr is.cover90.hd is.cover95.hd
3 0.15 0.1454107             1             1          0.95             1
  SCB90.hr  SCB95.hr  SCB90.hd  SCB95.hd
3 0.371335 0.4070297 0.3485071 0.3842361
Time difference of 2.979366 hours
   hr       hd is.cover90.hr is.cover95.hr is.cover90.hd is.cover95.hd
4 0.2 0.193881          0.95         0.975          0.95         0.975
   SCB90.hr  SCB95.hr  SCB90.hd  SCB95.hd
4 0.3300645 0.3617694 0.3121738 0.3452373
Time difference of 3.080015 hours
    hr  hd is.cover90.hr is.cover95.hr is.cover90.hd is.cover95.hd  SCB90.hr
5 0.25 0.2         0.975         0.975          0.95         0.975 0.3020858
   SCB95.hr  SCB90.hd  SCB95.hd
5 0.3318635 0.2918889 0.3208622
Time difference of 3.046618 hours
   hr        hd is.cover90.hr is.cover95.hr is.cover90.hd is.cover95.hd
6 0.3 0.2008299         0.925          0.95           0.9          0.95
   SCB90.hr  SCB95.hr  SCB90.hd  SCB95.hd
6 0.2764373 0.3030009 0.2732017 0.2993803
Time difference of 3.075897 hours
    hr        hd is.cover90.hr is.cover95.hr is.cover90.hd is.cover95.hd
7 0.35 0.2466555         0.875          0.95         0.875          0.95
   SCB90.hr  SCB95.hr  SCB90.hd  SCB95.hd
7 0.2438462 0.2678948 0.2445189 0.2686089
