
Due to MODULEPATH changes, the following have been reloaded:
  1) mii/1.1.2

The following have been reloaded with a version change:
  1) StdEnv/2023 => StdEnv/2020           5) libfabric/1.18.0 => libfabric/1.10.1
  2) gcccore/.12.3 => gcccore/.9.3.0      6) openmpi/4.1.5 => openmpi/4.0.3
  3) gentoo/2023 => gentoo/2020           7) ucx/1.14.1 => ucx/1.8.0
  4) imkl/2023.2.0 => imkl/2020.1.217

Batch index: 2
Model: a
Sample size: 500
Dimension: 27
Candidate vector: 20:100
Bandwidth: 0.05 0.1 0.15 0.2 0.25 0.3 0.35
GCV: FALSE
Simulation: 40
Loading required package: iterators
Loading required package: parallel

Attaching package: ‘expm’

The following object is masked from ‘package:Matrix’:

    expm

Time difference of 2.981692 hours
    hr         hd is.cover90.hr is.cover95.hr is.cover90.hd is.cover95.hd
1 0.05 0.04847024          0.05         0.125         0.225         0.425
   SCB90.hr  SCB95.hr  SCB90.hd  SCB95.hd
1 0.2665399 0.2917821 0.2455086 0.2687512
Time difference of 3.172026 hours
   hr         hd is.cover90.hr is.cover95.hr is.cover90.hd is.cover95.hd
2 0.1 0.09694048          0.95         0.975         0.925             1
   SCB90.hr  SCB95.hr SCB90.hd  SCB95.hd
2 0.3554134 0.3882419 0.334117 0.3664516
Time difference of 3.153151 hours
    hr        hd is.cover90.hr is.cover95.hr is.cover90.hd is.cover95.hd
3 0.15 0.1454107             1             1          0.95             1
   SCB90.hr  SCB95.hr SCB90.hd  SCB95.hd
3 0.3727927 0.4110243 0.344165 0.3804557
Time difference of 2.965776 hours
   hr       hd is.cover90.hr is.cover95.hr is.cover90.hd is.cover95.hd
4 0.2 0.193881         0.975             1         0.925          0.95
   SCB90.hr  SCB95.hr  SCB90.hd  SCB95.hd
4 0.3356039 0.3695753 0.3096758 0.3423261
Time difference of 2.964356 hours
    hr  hd is.cover90.hr is.cover95.hr is.cover90.hd is.cover95.hd  SCB90.hr
5 0.25 0.2          0.95             1         0.925             1 0.3029097
   SCB95.hr  SCB90.hd  SCB95.hd
5 0.3326944 0.2903018 0.3192296
Time difference of 2.958727 hours
   hr        hd is.cover90.hr is.cover95.hr is.cover90.hd is.cover95.hd
6 0.3 0.2008299         0.975             1         0.975             1
   SCB90.hr  SCB95.hr  SCB90.hd  SCB95.hd
6 0.2746673 0.3006704 0.2711544 0.2974864
Time difference of 2.991321 hours
    hr        hd is.cover90.hr is.cover95.hr is.cover90.hd is.cover95.hd
7 0.35 0.2466555         0.925         0.975         0.925         0.975
   SCB90.hr  SCB95.hr  SCB90.hd  SCB95.hd
7 0.2437781 0.2675007 0.2444902 0.2680168
