
Due to MODULEPATH changes, the following have been reloaded:
  1) mii/1.1.2

The following have been reloaded with a version change:
  1) StdEnv/2023 => StdEnv/2020           5) libfabric/1.18.0 => libfabric/1.10.1
  2) gcccore/.12.3 => gcccore/.9.3.0      6) openmpi/4.1.5 => openmpi/4.0.3
  3) gentoo/2023 => gentoo/2020           7) ucx/1.14.1 => ucx/1.8.0
  4) imkl/2023.2.0 => imkl/2020.1.217

Batch index: 4
Model: a
Sample size: 500
Dimension: 27
Candidate vector: 20:100
Bandwidth: 0.05 0.1 0.15 0.2 0.25 0.3 0.35
GCV: FALSE
Simulation: 40
Loading required package: iterators
Loading required package: parallel

Attaching package: ‘expm’

The following object is masked from ‘package:Matrix’:

    expm

Time difference of 2.583398 hours
    hr         hd is.cover90.hr is.cover95.hr is.cover90.hd is.cover95.hd
1 0.05 0.04847024         0.025          0.15          0.15         0.475
   SCB90.hr SCB95.hr  SCB90.hd  SCB95.hd
1 0.2739391 0.300414 0.2479343 0.2727351
Time difference of 2.814133 hours
   hr         hd is.cover90.hr is.cover95.hr is.cover90.hd is.cover95.hd
2 0.1 0.09694048          0.85         0.875          0.85         0.925
   SCB90.hr  SCB95.hr  SCB90.hd  SCB95.hd
2 0.3570349 0.3905033 0.3404057 0.3734306
Time difference of 3.087832 hours
    hr        hd is.cover90.hr is.cover95.hr is.cover90.hd is.cover95.hd
3 0.15 0.1454107          0.95          0.95         0.925          0.95
   SCB90.hr  SCB95.hr  SCB90.hd  SCB95.hd
3 0.3704214 0.4066645 0.3467089 0.3820571
Time difference of 3.041047 hours
   hr       hd is.cover90.hr is.cover95.hr is.cover90.hd is.cover95.hd
4 0.2 0.193881         0.925          0.95           0.9          0.95
   SCB90.hr  SCB95.hr  SCB90.hd  SCB95.hd
4 0.3341299 0.3672949 0.3087798 0.3409952
Time difference of 3.055834 hours
    hr  hd is.cover90.hr is.cover95.hr is.cover90.hd is.cover95.hd SCB90.hr
5 0.25 0.2           0.9          0.95         0.875          0.95 0.303845
  SCB95.hr  SCB90.hd  SCB95.hd
5 0.333348 0.2895808 0.3191072
Time difference of 3.056898 hours
   hr        hd is.cover90.hr is.cover95.hr is.cover90.hd is.cover95.hd
6 0.3 0.2008299         0.925          0.95         0.925          0.95
   SCB90.hr  SCB95.hr  SCB90.hd SCB95.hd
6 0.2760074 0.3030498 0.2720825 0.298622
Time difference of 3.088118 hours
    hr        hd is.cover90.hr is.cover95.hr is.cover90.hd is.cover95.hd
7 0.35 0.2466555         0.925          0.95         0.925          0.95
   SCB90.hr  SCB95.hr  SCB90.hd  SCB95.hd
7 0.2431551 0.2668934 0.2438663 0.2679213
