
Due to MODULEPATH changes, the following have been reloaded:
  1) mii/1.1.2

The following have been reloaded with a version change:
  1) StdEnv/2023 => StdEnv/2020           5) libfabric/1.18.0 => libfabric/1.10.1
  2) gcccore/.12.3 => gcccore/.9.3.0      6) openmpi/4.1.5 => openmpi/4.0.3
  3) gentoo/2023 => gentoo/2020           7) ucx/1.14.1 => ucx/1.8.0
  4) imkl/2023.2.0 => imkl/2020.1.217

Batch index: 9
Model: a
Sample size: 500
Dimension: 27
Candidate vector: 20:100
Bandwidth: 0.05 0.1 0.15 0.2 0.25 0.3 0.35
GCV: FALSE
Simulation: 40
Loading required package: iterators
Loading required package: parallel

Attaching package: ‘expm’

The following object is masked from ‘package:Matrix’:

    expm

Time difference of 2.611498 hours
    hr         hd is.cover90.hr is.cover95.hr is.cover90.hd is.cover95.hd
1 0.05 0.04847024          0.05          0.15         0.225         0.475
   SCB90.hr  SCB95.hr  SCB90.hd  SCB95.hd
1 0.2768152 0.3043249 0.2485409 0.2721918
Time difference of 2.785386 hours
   hr         hd is.cover90.hr is.cover95.hr is.cover90.hd is.cover95.hd
2 0.1 0.09694048          0.85             1         0.925         0.975
   SCB90.hr  SCB95.hr  SCB90.hd  SCB95.hd
2 0.3572081 0.3906713 0.3375155 0.3700408
Time difference of 2.99818 hours
    hr        hd is.cover90.hr is.cover95.hr is.cover90.hd is.cover95.hd
3 0.15 0.1454107         0.975             1          0.95         0.975
   SCB90.hr  SCB95.hr  SCB90.hd  SCB95.hd
3 0.3762784 0.4141579 0.3568997 0.3958132
Time difference of 3.008275 hours
   hr       hd is.cover90.hr is.cover95.hr is.cover90.hd is.cover95.hd
4 0.2 0.193881         0.975             1          0.95             1
   SCB90.hr  SCB95.hr  SCB90.hd  SCB95.hd
4 0.3362589 0.3701973 0.3183309 0.3534688
Time difference of 3.111157 hours
    hr  hd is.cover90.hr is.cover95.hr is.cover90.hd is.cover95.hd  SCB90.hr
5 0.25 0.2          0.95             1         0.975         0.975 0.3090032
   SCB95.hr  SCB90.hd  SCB95.hd
5 0.3398741 0.2981341 0.3294768
Time difference of 3.10204 hours
   hr        hd is.cover90.hr is.cover95.hr is.cover90.hd is.cover95.hd
6 0.3 0.2008299         0.875         0.975           0.9         0.975
   SCB90.hr  SCB95.hr  SCB90.hd  SCB95.hd
6 0.2828275 0.3110085 0.2797088 0.3079853
Time difference of 3.144067 hours
    hr        hd is.cover90.hr is.cover95.hr is.cover90.hd is.cover95.hd
7 0.35 0.2466555          0.85         0.925          0.85         0.925
   SCB90.hr  SCB95.hr  SCB90.hd  SCB95.hd
7 0.2509616 0.2761487 0.2515947 0.2768429
