
Due to MODULEPATH changes, the following have been reloaded:
  1) mii/1.1.2

The following have been reloaded with a version change:
  1) StdEnv/2023 => StdEnv/2020           5) libfabric/1.18.0 => libfabric/1.10.1
  2) gcccore/.12.3 => gcccore/.9.3.0      6) openmpi/4.1.5 => openmpi/4.0.3
  3) gentoo/2023 => gentoo/2020           7) ucx/1.14.1 => ucx/1.8.0
  4) imkl/2023.2.0 => imkl/2020.1.217

Batch index: 2
Model: a
Sample size: 500
Dimension: 18
Candidate vector: 20:100
Bandwidth: 0.05 0.1 0.15 0.2 0.25 0.3 0.35
GCV: FALSE
Simulation: 40
Loading required package: iterators
Loading required package: parallel

Attaching package: ‘expm’

The following object is masked from ‘package:Matrix’:

    expm

Time difference of 1.811462 hours
    hr         hd is.cover90.hr is.cover95.hr is.cover90.hd is.cover95.hd
1 0.05 0.04847024         0.025           0.2         0.175         0.425
   SCB90.hr  SCB95.hr  SCB90.hd  SCB95.hd
1 0.2604021 0.2868138 0.2266453 0.2488156
Time difference of 1.914066 hours
   hr         hd is.cover90.hr is.cover95.hr is.cover90.hd is.cover95.hd
2 0.1 0.09694048           0.9         0.925           0.9         0.975
   SCB90.hr  SCB95.hr  SCB90.hd  SCB95.hd
2 0.3372875 0.3699772 0.3166827 0.3489482
Time difference of 2.009159 hours
    hr        hd is.cover90.hr is.cover95.hr is.cover90.hd is.cover95.hd
3 0.15 0.1454107         0.925             1           0.9         0.975
   SCB90.hr  SCB95.hr  SCB90.hd  SCB95.hd
3 0.3444682 0.3792692 0.3206314 0.3545483
Time difference of 2.079488 hours
   hr       hd is.cover90.hr is.cover95.hr is.cover90.hd is.cover95.hd
4 0.2 0.193881         0.925         0.975           0.9         0.975
   SCB90.hr  SCB95.hr  SCB90.hd SCB95.hd
4 0.3100675 0.3410998 0.2885521 0.321276
Time difference of 2.040026 hours
    hr  hd is.cover90.hr is.cover95.hr is.cover90.hd is.cover95.hd  SCB90.hr
5 0.25 0.2          0.95             1         0.925             1 0.2869448
   SCB95.hr  SCB90.hd  SCB95.hd
5 0.3161343 0.2757524 0.3053001
Time difference of 2.016251 hours
   hr        hd is.cover90.hr is.cover95.hr is.cover90.hd is.cover95.hd
6 0.3 0.2008299         0.925         0.975         0.925         0.975
  SCB90.hr  SCB95.hr  SCB90.hd  SCB95.hd
6 0.261953 0.2881802 0.2587603 0.2848798
Time difference of 2.045229 hours
    hr        hd is.cover90.hr is.cover95.hr is.cover90.hd is.cover95.hd
7 0.35 0.2466555           0.9         0.975           0.9         0.975
   SCB90.hr  SCB95.hr  SCB90.hd  SCB95.hd
7 0.2316675 0.2554851 0.2323345 0.2562314
