
Due to MODULEPATH changes, the following have been reloaded:
  1) mii/1.1.2

The following have been reloaded with a version change:
  1) StdEnv/2023 => StdEnv/2020           5) libfabric/1.18.0 => libfabric/1.10.1
  2) gcccore/.12.3 => gcccore/.9.3.0      6) openmpi/4.1.5 => openmpi/4.0.3
  3) gentoo/2023 => gentoo/2020           7) ucx/1.14.1 => ucx/1.8.0
  4) imkl/2023.2.0 => imkl/2020.1.217

Batch index: 9
Model: a
Sample size: 500
Dimension: 18
Candidate vector: 20:100
Bandwidth: 0.05 0.1 0.15 0.2 0.25 0.3 0.35
GCV: FALSE
Simulation: 40
Loading required package: iterators
Loading required package: parallel

Attaching package: ‘expm’

The following object is masked from ‘package:Matrix’:

    expm

Time difference of 1.867134 hours
    hr         hd is.cover90.hr is.cover95.hr is.cover90.hd is.cover95.hd
1 0.05 0.04847024         0.025           0.1           0.2         0.425
   SCB90.hr  SCB95.hr  SCB90.hd  SCB95.hd
1 0.2577353 0.2829919 0.2325622 0.2547697
Time difference of 1.987369 hours
   hr         hd is.cover90.hr is.cover95.hr is.cover90.hd is.cover95.hd
2 0.1 0.09694048         0.775         0.875          0.85         0.975
   SCB90.hr  SCB95.hr SCB90.hd  SCB95.hd
2 0.3395935 0.3724703 0.320582 0.3538939
Time difference of 2.036004 hours
    hr        hd is.cover90.hr is.cover95.hr is.cover90.hd is.cover95.hd
3 0.15 0.1454107          0.95             1         0.975             1
   SCB90.hr  SCB95.hr  SCB90.hd  SCB95.hd
3 0.3508228 0.3844243 0.3301048 0.3655473
Time difference of 2.069313 hours
   hr       hd is.cover90.hr is.cover95.hr is.cover90.hd is.cover95.hd
4 0.2 0.193881             1             1         0.975             1
   SCB90.hr  SCB95.hr  SCB90.hd  SCB95.hd
4 0.3159254 0.3485802 0.2949365 0.3276792
Time difference of 2.047756 hours
    hr  hd is.cover90.hr is.cover95.hr is.cover90.hd is.cover95.hd  SCB90.hr
5 0.25 0.2          0.95             1          0.95             1 0.2907263
   SCB95.hr  SCB90.hd  SCB95.hd
5 0.3201974 0.2781156 0.3077973
Time difference of 2.034394 hours
   hr        hd is.cover90.hr is.cover95.hr is.cover90.hd is.cover95.hd
6 0.3 0.2008299          0.95         0.975          0.95         0.975
   SCB90.hr  SCB95.hr  SCB90.hd  SCB95.hd
6 0.2656215 0.2931389 0.2619301 0.2895358
Time difference of 2.047232 hours
    hr        hd is.cover90.hr is.cover95.hr is.cover90.hd is.cover95.hd
7 0.35 0.2466555         0.925         0.975         0.925         0.975
   SCB90.hr  SCB95.hr SCB90.hd SCB95.hd
7 0.2354466 0.2596612 0.236305 0.260489
