
Due to MODULEPATH changes, the following have been reloaded:
  1) mii/1.1.2

The following have been reloaded with a version change:
  1) StdEnv/2023 => StdEnv/2020           5) libfabric/1.18.0 => libfabric/1.10.1
  2) gcccore/.12.3 => gcccore/.9.3.0      6) openmpi/4.1.5 => openmpi/4.0.3
  3) gentoo/2023 => gentoo/2020           7) ucx/1.14.1 => ucx/1.8.0
  4) imkl/2023.2.0 => imkl/2020.1.217

Batch index: 10
Model: a
Sample size: 500
Dimension: 18
Candidate vector: 20:100
Bandwidth: 0.05 0.1 0.15 0.2 0.25 0.3 0.35
GCV: FALSE
Simulation: 40
Loading required package: iterators
Loading required package: parallel

Attaching package: ‘expm’

The following object is masked from ‘package:Matrix’:

    expm

Time difference of 1.813375 hours
    hr         hd is.cover90.hr is.cover95.hr is.cover90.hd is.cover95.hd
1 0.05 0.04847024         0.075           0.2         0.275          0.45
   SCB90.hr  SCB95.hr  SCB90.hd  SCB95.hd
1 0.2592037 0.2858266 0.2362309 0.2601993
Time difference of 1.91923 hours
   hr         hd is.cover90.hr is.cover95.hr is.cover90.hd is.cover95.hd
2 0.1 0.09694048           0.8         0.925         0.725         0.875
   SCB90.hr  SCB95.hr  SCB90.hd  SCB95.hd
2 0.3422223 0.3760652 0.3233001 0.3572012
Time difference of 2.026019 hours
    hr        hd is.cover90.hr is.cover95.hr is.cover90.hd is.cover95.hd
3 0.15 0.1454107         0.875             1          0.95             1
   SCB90.hr  SCB95.hr  SCB90.hd  SCB95.hd
3 0.3614247 0.3988569 0.3399367 0.3773712
Time difference of 2.08306 hours
   hr       hd is.cover90.hr is.cover95.hr is.cover90.hd is.cover95.hd
4 0.2 0.193881         0.825         0.975          0.85             1
   SCB90.hr  SCB95.hr  SCB90.hd  SCB95.hd
4 0.3190555 0.3509265 0.3003699 0.3323586
Time difference of 2.083413 hours
    hr  hd is.cover90.hr is.cover95.hr is.cover90.hd is.cover95.hd  SCB90.hr
5 0.25 0.2           0.8          0.95         0.825         0.975 0.2925383
   SCB95.hr  SCB90.hd  SCB95.hd
5 0.3221565 0.2827266 0.3119139
Time difference of 2.035358 hours
   hr        hd is.cover90.hr is.cover95.hr is.cover90.hd is.cover95.hd
6 0.3 0.2008299         0.825         0.875         0.775           0.9
  SCB90.hr  SCB95.hr SCB90.hd  SCB95.hd
6 0.268302 0.2952667 0.265241 0.2922608
Time difference of 2.077983 hours
    hr        hd is.cover90.hr is.cover95.hr is.cover90.hd is.cover95.hd
7 0.35 0.2466555           0.8           0.9           0.8           0.9
  SCB90.hr  SCB95.hr  SCB90.hd SCB95.hd
7 0.237204 0.2622924 0.2378449  0.26283
