
Due to MODULEPATH changes, the following have been reloaded:
  1) mii/1.1.2

The following have been reloaded with a version change:
  1) StdEnv/2023 => StdEnv/2020           5) libfabric/1.18.0 => libfabric/1.10.1
  2) gcccore/.12.3 => gcccore/.9.3.0      6) openmpi/4.1.5 => openmpi/4.0.3
  3) gentoo/2023 => gentoo/2020           7) ucx/1.14.1 => ucx/1.8.0
  4) imkl/2023.2.0 => imkl/2020.1.217

Batch index: 4
Model: a
Sample size: 500
Dimension: 18
Candidate vector: 20:100
Bandwidth: 0.05 0.1 0.15 0.2 0.25 0.3 0.35
GCV: FALSE
Simulation: 40
Loading required package: iterators
Loading required package: parallel

Attaching package: ‘expm’

The following object is masked from ‘package:Matrix’:

    expm

Time difference of 2.001393 hours
    hr         hd is.cover90.hr is.cover95.hr is.cover90.hd is.cover95.hd
1 0.05 0.04847024         0.075         0.225          0.35          0.55
   SCB90.hr  SCB95.hr  SCB90.hd  SCB95.hd
1 0.2605368 0.2860579 0.2381698 0.2617863
Time difference of 2.084202 hours
   hr         hd is.cover90.hr is.cover95.hr is.cover90.hd is.cover95.hd
2 0.1 0.09694048         0.875         0.925         0.875           0.9
   SCB90.hr  SCB95.hr  SCB90.hd  SCB95.hd
2 0.3407518 0.3740738 0.3162871 0.3472093
Time difference of 2.290551 hours
    hr        hd is.cover90.hr is.cover95.hr is.cover90.hd is.cover95.hd
3 0.15 0.1454107          0.95         0.975         0.875             1
   SCB90.hr  SCB95.hr SCB90.hd  SCB95.hd
3 0.3552845 0.3921783 0.328157 0.3643686
Time difference of 2.358534 hours
   hr       hd is.cover90.hr is.cover95.hr is.cover90.hd is.cover95.hd
4 0.2 0.193881          0.95             1         0.875             1
   SCB90.hr  SCB95.hr  SCB90.hd  SCB95.hd
4 0.3176099 0.3504279 0.2956022 0.3284466
Time difference of 2.329783 hours
    hr  hd is.cover90.hr is.cover95.hr is.cover90.hd is.cover95.hd  SCB90.hr
5 0.25 0.2         0.925             1           0.9         0.975 0.2878103
   SCB95.hr  SCB90.hd  SCB95.hd
5 0.3172539 0.2764149 0.3057352
Time difference of 2.469682 hours
   hr        hd is.cover90.hr is.cover95.hr is.cover90.hd is.cover95.hd
6 0.3 0.2008299          0.85          0.95          0.85          0.95
   SCB90.hr  SCB95.hr  SCB90.hd  SCB95.hd
6 0.2612278 0.2885161 0.2582123 0.2854595
Time difference of 2.381752 hours
    hr        hd is.cover90.hr is.cover95.hr is.cover90.hd is.cover95.hd
7 0.35 0.2466555         0.825         0.925         0.825         0.925
  SCB90.hr  SCB95.hr  SCB90.hd  SCB95.hd
7 0.231413 0.2558718 0.2321265 0.2564684
