
Due to MODULEPATH changes, the following have been reloaded:
  1) mii/1.1.2

The following have been reloaded with a version change:
  1) StdEnv/2023 => StdEnv/2020           5) libfabric/1.18.0 => libfabric/1.10.1
  2) gcccore/.12.3 => gcccore/.9.3.0      6) openmpi/4.1.5 => openmpi/4.0.3
  3) gentoo/2023 => gentoo/2020           7) ucx/1.14.1 => ucx/1.8.0
  4) imkl/2023.2.0 => imkl/2020.1.217

Batch index: 7
Model: a
Sample size: 500
Dimension: 18
Candidate vector: 20:100
Bandwidth: 0.05 0.1 0.15 0.2 0.25 0.3 0.35
GCV: FALSE
Simulation: 40
Loading required package: iterators
Loading required package: parallel

Attaching package: ‘expm’

The following object is masked from ‘package:Matrix’:

    expm

Time difference of 1.960299 hours
    hr         hd is.cover90.hr is.cover95.hr is.cover90.hd is.cover95.hd
1 0.05 0.04847024          0.05          0.15         0.275         0.425
   SCB90.hr SCB95.hr  SCB90.hd  SCB95.hd
1 0.2586298 0.284798 0.2341265 0.2572441
Time difference of 2.046313 hours
   hr         hd is.cover90.hr is.cover95.hr is.cover90.hd is.cover95.hd
2 0.1 0.09694048         0.725           0.9          0.75           0.8
   SCB90.hr  SCB95.hr  SCB90.hd  SCB95.hd
2 0.3409873 0.3736097 0.3187646 0.3497241
Time difference of 2.185356 hours
    hr        hd is.cover90.hr is.cover95.hr is.cover90.hd is.cover95.hd
3 0.15 0.1454107         0.925             1           0.9          0.95
   SCB90.hr  SCB95.hr  SCB90.hd  SCB95.hd
3 0.3546722 0.3911852 0.3296389 0.3648403
Time difference of 2.181851 hours
   hr       hd is.cover90.hr is.cover95.hr is.cover90.hd is.cover95.hd
4 0.2 0.193881         0.975             1         0.875         0.925
   SCB90.hr  SCB95.hr  SCB90.hd  SCB95.hd
4 0.3157292 0.3471421 0.2945148 0.3263531
Time difference of 2.052084 hours
    hr  hd is.cover90.hr is.cover95.hr is.cover90.hd is.cover95.hd  SCB90.hr
5 0.25 0.2         0.925             1         0.875         0.975 0.2867577
   SCB95.hr  SCB90.hd  SCB95.hd
5 0.3159443 0.2753437 0.3044653
Time difference of 2.034804 hours
   hr        hd is.cover90.hr is.cover95.hr is.cover90.hd is.cover95.hd
6 0.3 0.2008299         0.925          0.95         0.925         0.975
   SCB90.hr  SCB95.hr  SCB90.hd  SCB95.hd
6 0.2597198 0.2849296 0.2561867 0.2818319
Time difference of 2.049999 hours
    hr        hd is.cover90.hr is.cover95.hr is.cover90.hd is.cover95.hd
7 0.35 0.2466555         0.925         0.975         0.925         0.975
  SCB90.hr  SCB95.hr  SCB90.hd  SCB95.hd
7 0.230041 0.2538335 0.2305972 0.2545825
