
Due to MODULEPATH changes, the following have been reloaded:
  1) mii/1.1.2

The following have been reloaded with a version change:
  1) StdEnv/2023 => StdEnv/2020           5) libfabric/1.18.0 => libfabric/1.10.1
  2) gcccore/.12.3 => gcccore/.9.3.0      6) openmpi/4.1.5 => openmpi/4.0.3
  3) gentoo/2023 => gentoo/2020           7) ucx/1.14.1 => ucx/1.8.0
  4) imkl/2023.2.0 => imkl/2020.1.217

Batch index: 6
Model: a
Sample size: 500
Dimension: 18
Candidate vector: 20:100
Bandwidth: 0.05 0.1 0.15 0.2 0.25 0.3 0.35
GCV: FALSE
Simulation: 40
Loading required package: iterators
Loading required package: parallel

Attaching package: ‘expm’

The following object is masked from ‘package:Matrix’:

    expm

Time difference of 2.010262 hours
    hr         hd is.cover90.hr is.cover95.hr is.cover90.hd is.cover95.hd
1 0.05 0.04847024           0.1         0.225         0.275          0.45
   SCB90.hr  SCB95.hr  SCB90.hd  SCB95.hd
1 0.2569757 0.2833786 0.2298992 0.2523851
Time difference of 2.130035 hours
   hr         hd is.cover90.hr is.cover95.hr is.cover90.hd is.cover95.hd
2 0.1 0.09694048           0.9          0.95         0.825           0.9
   SCB90.hr  SCB95.hr SCB90.hd  SCB95.hd
2 0.3429773 0.3762194 0.321166 0.3542395
Time difference of 2.288625 hours
    hr        hd is.cover90.hr is.cover95.hr is.cover90.hd is.cover95.hd
3 0.15 0.1454107          0.95         0.975          0.95         0.975
   SCB90.hr  SCB95.hr  SCB90.hd  SCB95.hd
3 0.3564075 0.3941867 0.3337997 0.3707232
Time difference of 2.349126 hours
   hr       hd is.cover90.hr is.cover95.hr is.cover90.hd is.cover95.hd
4 0.2 0.193881         0.925          0.95         0.925         0.925
   SCB90.hr  SCB95.hr SCB90.hd  SCB95.hd
4 0.3189063 0.3517456 0.297854 0.3295169
Time difference of 2.329092 hours
    hr  hd is.cover90.hr is.cover95.hr is.cover90.hd is.cover95.hd  SCB90.hr
5 0.25 0.2         0.925          0.95           0.9          0.95 0.2930255
   SCB95.hr  SCB90.hd  SCB95.hd
5 0.3230384 0.2819832 0.3115789
Time difference of 2.470325 hours
   hr        hd is.cover90.hr is.cover95.hr is.cover90.hd is.cover95.hd
6 0.3 0.2008299         0.925         0.975           0.9          0.95
   SCB90.hr  SCB95.hr  SCB90.hd  SCB95.hd
6 0.2692451 0.2958653 0.2660599 0.2926777
Time difference of 2.394811 hours
    hr        hd is.cover90.hr is.cover95.hr is.cover90.hd is.cover95.hd
7 0.35 0.2466555         0.875          0.95         0.875          0.95
   SCB90.hr SCB95.hr  SCB90.hd SCB95.hd
7 0.2375797 0.262851 0.2382741 0.263665
