
Due to MODULEPATH changes, the following have been reloaded:
  1) mii/1.1.2

The following have been reloaded with a version change:
  1) StdEnv/2023 => StdEnv/2020           5) libfabric/1.18.0 => libfabric/1.10.1
  2) gcccore/.12.3 => gcccore/.9.3.0      6) openmpi/4.1.5 => openmpi/4.0.3
  3) gentoo/2023 => gentoo/2020           7) ucx/1.14.1 => ucx/1.8.0
  4) imkl/2023.2.0 => imkl/2020.1.217

Batch index: 5
Model: a
Sample size: 500
Dimension: 18
Candidate vector: 20:100
Bandwidth: 0.05 0.1 0.15 0.2 0.25 0.3 0.35
GCV: FALSE
Simulation: 40
Loading required package: iterators
Loading required package: parallel

Attaching package: ‘expm’

The following object is masked from ‘package:Matrix’:

    expm

Time difference of 1.876623 hours
    hr         hd is.cover90.hr is.cover95.hr is.cover90.hd is.cover95.hd
1 0.05 0.04847024          0.05         0.175           0.4         0.625
   SCB90.hr  SCB95.hr SCB90.hd  SCB95.hd
1 0.2558621 0.2802964  0.23614 0.2590725
Time difference of 1.965979 hours
   hr         hd is.cover90.hr is.cover95.hr is.cover90.hd is.cover95.hd
2 0.1 0.09694048         0.625           0.8         0.725           0.8
  SCB90.hr  SCB95.hr SCB90.hd  SCB95.hd
2 0.337875 0.3708332 0.319086 0.3519587
Time difference of 2.094888 hours
    hr        hd is.cover90.hr is.cover95.hr is.cover90.hd is.cover95.hd
3 0.15 0.1454107           0.9          0.95         0.875          0.95
   SCB90.hr  SCB95.hr  SCB90.hd  SCB95.hd
3 0.3489657 0.3840886 0.3286478 0.3642406
Time difference of 2.169872 hours
   hr       hd is.cover90.hr is.cover95.hr is.cover90.hd is.cover95.hd SCB90.hr
4 0.2 0.193881           0.9          0.95          0.85         0.975 0.312836
   SCB95.hr  SCB90.hd  SCB95.hd
4 0.3451865 0.2939888 0.3271917
Time difference of 2.137836 hours
    hr  hd is.cover90.hr is.cover95.hr is.cover90.hd is.cover95.hd  SCB90.hr
5 0.25 0.2          0.85          0.95           0.8         0.925 0.2871722
   SCB95.hr  SCB90.hd  SCB95.hd
5 0.3154228 0.2771677 0.3055503
Time difference of 2.176555 hours
   hr        hd is.cover90.hr is.cover95.hr is.cover90.hd is.cover95.hd
6 0.3 0.2008299         0.825           0.9         0.825          0.85
   SCB90.hr  SCB95.hr  SCB90.hd  SCB95.hd
6 0.2623169 0.2883344 0.2590916 0.2852382
Time difference of 2.202188 hours
    hr        hd is.cover90.hr is.cover95.hr is.cover90.hd is.cover95.hd
7 0.35 0.2466555         0.825         0.925          0.85         0.925
   SCB90.hr  SCB95.hr  SCB90.hd  SCB95.hd
7 0.2332555 0.2570347 0.2338512 0.2577107
