
Due to MODULEPATH changes, the following have been reloaded:
  1) mii/1.1.2

The following have been reloaded with a version change:
  1) StdEnv/2023 => StdEnv/2020           5) libfabric/1.18.0 => libfabric/1.10.1
  2) gcccore/.12.3 => gcccore/.9.3.0      6) openmpi/4.1.5 => openmpi/4.0.3
  3) gentoo/2023 => gentoo/2020           7) ucx/1.14.1 => ucx/1.8.0
  4) imkl/2023.2.0 => imkl/2020.1.217

Batch index: 8
Model: a
Sample size: 1000
Dimension: 27
Candidate vector: 40:200
Bandwidth: 0.25 0.3 0.35
GCV: FALSE
Simulation: 40
Loading required package: iterators
Loading required package: parallel

Attaching package: ‘expm’

The following object is masked from ‘package:Matrix’:

    expm

Time difference of 4.768947 hours
    hr        hd is.cover90.hr is.cover95.hr is.cover90.hd is.cover95.hd
1 0.25 0.1587401          0.85         0.975         0.875          0.95
   SCB90.hr  SCB95.hr  SCB90.hd  SCB95.hd
1 0.2289354 0.2510711 0.2247836 0.2468059
Time difference of 4.863896 hours
   hr        hd is.cover90.hr is.cover95.hr is.cover90.hd is.cover95.hd
2 0.3 0.2008299         0.875         0.925          0.85           0.9
   SCB90.hr  SCB95.hr  SCB90.hd  SCB95.hd
2 0.2002952 0.2194813 0.1981098 0.2171678
Time difference of 4.94812 hours
    hr        hd is.cover90.hr is.cover95.hr is.cover90.hd is.cover95.hd
3 0.35 0.2466555         0.875           0.9         0.875           0.9
  SCB90.hr  SCB95.hr  SCB90.hd  SCB95.hd
3 0.176466 0.1937444 0.1769198 0.1940957
