
Due to MODULEPATH changes, the following have been reloaded:
  1) mii/1.1.2

The following have been reloaded with a version change:
  1) StdEnv/2023 => StdEnv/2020           5) libfabric/1.18.0 => libfabric/1.10.1
  2) gcccore/.12.3 => gcccore/.9.3.0      6) openmpi/4.1.5 => openmpi/4.0.3
  3) gentoo/2023 => gentoo/2020           7) ucx/1.14.1 => ucx/1.8.0
  4) imkl/2023.2.0 => imkl/2020.1.217

Batch index: 4
Model: b
Sample size: 300
Dimension: 9
Candidate vector: 10:100
Bandwidth: 0.05 0.1 0.15 0.2 0.25 0.3 0.35
Simulation: 40
Loading required package: iterators
Loading required package: parallel

Attaching package: ‘expm’

The following object is masked from ‘package:Matrix’:

    expm

Time difference of 27.07181 mins
    hr max_width90.zhou max_width95.zhou max_width90.zhou.m max_width95.zhou.m
1 0.05        0.5604509        0.6057256          0.5604509          0.6057256
  max_width90.zhou.iso max_width95.zhou.iso
1            0.5604509            0.6057256
Time difference of 27.1741 mins
   hr max_width90.zhou max_width95.zhou max_width90.zhou.m max_width95.zhou.m
2 0.1        0.6041772        0.6585697          0.6041772          0.6585697
  max_width90.zhou.iso max_width95.zhou.iso
2            0.6041772            0.6585697
Time difference of 27.69028 mins
    hr max_width90.zhou max_width95.zhou max_width90.zhou.m max_width95.zhou.m
3 0.15        0.5920285        0.6509308          0.5920285          0.6509308
  max_width90.zhou.iso max_width95.zhou.iso
3            0.5920285            0.6509308
Time difference of 27.21757 mins
   hr max_width90.zhou max_width95.zhou max_width90.zhou.m max_width95.zhou.m
4 0.2        0.5161699        0.5671575          0.5161699          0.5671575
  max_width90.zhou.iso max_width95.zhou.iso
4            0.5161699            0.5671575
Time difference of 27.11253 mins
    hr max_width90.zhou max_width95.zhou max_width90.zhou.m max_width95.zhou.m
5 0.25         0.450395        0.4963691           0.450395          0.4963691
  max_width90.zhou.iso max_width95.zhou.iso
5             0.450395            0.4963691
Time difference of 26.93407 mins
   hr max_width90.zhou max_width95.zhou max_width90.zhou.m max_width95.zhou.m
6 0.3        0.3972001        0.4380486          0.3972001          0.4380486
  max_width90.zhou.iso max_width95.zhou.iso
6            0.3972001            0.4380486
Time difference of 27.13495 mins
    hr max_width90.zhou max_width95.zhou max_width90.zhou.m max_width95.zhou.m
7 0.35        0.3522869        0.3907798          0.3522869          0.3907798
  max_width90.zhou.iso max_width95.zhou.iso
7            0.3522869            0.3907798
