
Due to MODULEPATH changes, the following have been reloaded:
  1) mii/1.1.2

The following have been reloaded with a version change:
  1) StdEnv/2023 => StdEnv/2020           5) libfabric/1.18.0 => libfabric/1.10.1
  2) gcccore/.12.3 => gcccore/.9.3.0      6) openmpi/4.1.5 => openmpi/4.0.3
  3) gentoo/2023 => gentoo/2020           7) ucx/1.14.1 => ucx/1.8.0
  4) imkl/2023.2.0 => imkl/2020.1.217

Batch index: 2
Model: b
Sample size: 300
Dimension: 9
Candidate vector: 10:100
Bandwidth: 0.05 0.1 0.15 0.2 0.25 0.3 0.35
Simulation: 40
Loading required package: iterators
Loading required package: parallel

Attaching package: ‘expm’

The following object is masked from ‘package:Matrix’:

    expm

Time difference of 25.71689 mins
    hr max_width90.zhou max_width95.zhou max_width90.zhou.m max_width95.zhou.m
1 0.05        0.5693546        0.6169428          0.5693546          0.6169428
  max_width90.zhou.iso max_width95.zhou.iso
1            0.5693546            0.6169428
Time difference of 25.6759 mins
   hr max_width90.zhou max_width95.zhou max_width90.zhou.m max_width95.zhou.m
2 0.1        0.6144418        0.6693158          0.6144418          0.6693158
  max_width90.zhou.iso max_width95.zhou.iso
2            0.6144418            0.6693158
Time difference of 25.68348 mins
    hr max_width90.zhou max_width95.zhou max_width90.zhou.m max_width95.zhou.m
3 0.15        0.6030459        0.6611753          0.6030459          0.6611753
  max_width90.zhou.iso max_width95.zhou.iso
3            0.6030459            0.6611753
Time difference of 25.53553 mins
   hr max_width90.zhou max_width95.zhou max_width90.zhou.m max_width95.zhou.m
4 0.2        0.5269734        0.5796337          0.5269734          0.5796337
  max_width90.zhou.iso max_width95.zhou.iso
4            0.5269734            0.5796337
Time difference of 25.70015 mins
    hr max_width90.zhou max_width95.zhou max_width90.zhou.m max_width95.zhou.m
5 0.25        0.4563452        0.5029446          0.4563452          0.5029446
  max_width90.zhou.iso max_width95.zhou.iso
5            0.4563452            0.5029446
Time difference of 25.63835 mins
   hr max_width90.zhou max_width95.zhou max_width90.zhou.m max_width95.zhou.m
6 0.3        0.4033615        0.4460999          0.4033615          0.4460999
  max_width90.zhou.iso max_width95.zhou.iso
6            0.4033615            0.4460999
Time difference of 25.60124 mins
    hr max_width90.zhou max_width95.zhou max_width90.zhou.m max_width95.zhou.m
7 0.35        0.3612359         0.399149          0.3612359           0.399149
  max_width90.zhou.iso max_width95.zhou.iso
7            0.3612359             0.399149
