
Due to MODULEPATH changes, the following have been reloaded:
  1) mii/1.1.2

The following have been reloaded with a version change:
  1) StdEnv/2023 => StdEnv/2020           5) libfabric/1.18.0 => libfabric/1.10.1
  2) gcccore/.12.3 => gcccore/.9.3.0      6) openmpi/4.1.5 => openmpi/4.0.3
  3) gentoo/2023 => gentoo/2020           7) ucx/1.14.1 => ucx/1.8.0
  4) imkl/2023.2.0 => imkl/2020.1.217

Batch index: 8
Model: b
Sample size: 300
Dimension: 9
Candidate vector: 10:100
Bandwidth: 0.05 0.1 0.15 0.2 0.25 0.3 0.35
Simulation: 40
Loading required package: iterators
Loading required package: parallel

Attaching package: ‘expm’

The following object is masked from ‘package:Matrix’:

    expm

Time difference of 24.9371 mins
    hr max_width90.zhou max_width95.zhou max_width90.zhou.m max_width95.zhou.m
1 0.05        0.5641016        0.6103112          0.5641016          0.6103112
  max_width90.zhou.iso max_width95.zhou.iso
1            0.5641016            0.6103112
Time difference of 24.97026 mins
   hr max_width90.zhou max_width95.zhou max_width90.zhou.m max_width95.zhou.m
2 0.1        0.5989973        0.6520207          0.5989973          0.6520207
  max_width90.zhou.iso max_width95.zhou.iso
2            0.5989973            0.6520207
Time difference of 24.87836 mins
    hr max_width90.zhou max_width95.zhou max_width90.zhou.m max_width95.zhou.m
3 0.15        0.5784397        0.6332324          0.5784397          0.6332324
  max_width90.zhou.iso max_width95.zhou.iso
3            0.5784397            0.6332324
Time difference of 24.9277 mins
   hr max_width90.zhou max_width95.zhou max_width90.zhou.m max_width95.zhou.m
4 0.2         0.509886        0.5597214           0.509886          0.5597214
  max_width90.zhou.iso max_width95.zhou.iso
4             0.509886            0.5597214
Time difference of 24.97228 mins
    hr max_width90.zhou max_width95.zhou max_width90.zhou.m max_width95.zhou.m
5 0.25        0.4425638         0.486902          0.4425638           0.486902
  max_width90.zhou.iso max_width95.zhou.iso
5            0.4425638             0.486902
Time difference of 24.85491 mins
   hr max_width90.zhou max_width95.zhou max_width90.zhou.m max_width95.zhou.m
6 0.3        0.3885994        0.4283058          0.3885994          0.4283058
  max_width90.zhou.iso max_width95.zhou.iso
6            0.3885994            0.4283058
Time difference of 24.40108 mins
    hr max_width90.zhou max_width95.zhou max_width90.zhou.m max_width95.zhou.m
7 0.35        0.3433537        0.3813193          0.3433537          0.3813193
  max_width90.zhou.iso max_width95.zhou.iso
7            0.3433537            0.3813193
