
Due to MODULEPATH changes, the following have been reloaded:
  1) mii/1.1.2

The following have been reloaded with a version change:
  1) StdEnv/2023 => StdEnv/2020           5) libfabric/1.18.0 => libfabric/1.10.1
  2) gcccore/.12.3 => gcccore/.9.3.0      6) openmpi/4.1.5 => openmpi/4.0.3
  3) gentoo/2023 => gentoo/2020           7) ucx/1.14.1 => ucx/1.8.0
  4) imkl/2023.2.0 => imkl/2020.1.217

Batch index: 9
Model: b
Sample size: 300
Dimension: 9
Candidate vector: 10:100
Bandwidth: 0.05 0.1 0.15 0.2 0.25 0.3 0.35
Simulation: 40
Loading required package: iterators
Loading required package: parallel

Attaching package: ‘expm’

The following object is masked from ‘package:Matrix’:

    expm

Time difference of 23.82521 mins
    hr max_width90.zhou max_width95.zhou max_width90.zhou.m max_width95.zhou.m
1 0.05        0.5722341        0.6185572          0.5722341          0.6185572
  max_width90.zhou.iso max_width95.zhou.iso
1            0.5722341            0.6185572
Time difference of 23.85416 mins
   hr max_width90.zhou max_width95.zhou max_width90.zhou.m max_width95.zhou.m
2 0.1        0.6221904        0.6780237          0.6221904          0.6780237
  max_width90.zhou.iso max_width95.zhou.iso
2            0.6221904            0.6780237
Time difference of 23.73949 mins
    hr max_width90.zhou max_width95.zhou max_width90.zhou.m max_width95.zhou.m
3 0.15        0.5906861        0.6460426          0.5906861          0.6460426
  max_width90.zhou.iso max_width95.zhou.iso
3            0.5906861            0.6460426
Time difference of 23.66882 mins
   hr max_width90.zhou max_width95.zhou max_width90.zhou.m max_width95.zhou.m
4 0.2        0.5162951        0.5682952          0.5162951          0.5682952
  max_width90.zhou.iso max_width95.zhou.iso
4            0.5162951            0.5682952
Time difference of 23.73122 mins
    hr max_width90.zhou max_width95.zhou max_width90.zhou.m max_width95.zhou.m
5 0.25         0.451617        0.4959629           0.451617          0.4959629
  max_width90.zhou.iso max_width95.zhou.iso
5             0.451617            0.4959629
Time difference of 23.60578 mins
   hr max_width90.zhou max_width95.zhou max_width90.zhou.m max_width95.zhou.m
6 0.3        0.3977431        0.4378631          0.3977431          0.4378631
  max_width90.zhou.iso max_width95.zhou.iso
6            0.3977431            0.4378631
Time difference of 23.72359 mins
    hr max_width90.zhou max_width95.zhou max_width90.zhou.m max_width95.zhou.m
7 0.35        0.3537905        0.3900046          0.3537905          0.3900046
  max_width90.zhou.iso max_width95.zhou.iso
7            0.3537905            0.3900046
