
Due to MODULEPATH changes, the following have been reloaded:
  1) mii/1.1.2

The following have been reloaded with a version change:
  1) StdEnv/2023 => StdEnv/2020           5) libfabric/1.18.0 => libfabric/1.10.1
  2) gcccore/.12.3 => gcccore/.9.3.0      6) openmpi/4.1.5 => openmpi/4.0.3
  3) gentoo/2023 => gentoo/2020           7) ucx/1.14.1 => ucx/1.8.0
  4) imkl/2023.2.0 => imkl/2020.1.217

Batch index: 3
Model: b
Sample size: 300
Dimension: 9
Candidate vector: 10:100
Bandwidth: 0.05 0.1 0.15 0.2 0.25 0.3 0.35
Simulation: 40
Loading required package: iterators
Loading required package: parallel

Attaching package: ‘expm’

The following object is masked from ‘package:Matrix’:

    expm

Time difference of 26.82145 mins
    hr max_width90.zhou max_width95.zhou max_width90.zhou.m max_width95.zhou.m
1 0.05        0.5724582        0.6200088          0.5724582          0.6200088
  max_width90.zhou.iso max_width95.zhou.iso
1            0.5724582            0.6200088
Time difference of 27.1004 mins
   hr max_width90.zhou max_width95.zhou max_width90.zhou.m max_width95.zhou.m
2 0.1        0.6167239         0.671666          0.6167239           0.671666
  max_width90.zhou.iso max_width95.zhou.iso
2            0.6167239             0.671666
Time difference of 28.20882 mins
    hr max_width90.zhou max_width95.zhou max_width90.zhou.m max_width95.zhou.m
3 0.15        0.6043633        0.6621223          0.6043633          0.6621223
  max_width90.zhou.iso max_width95.zhou.iso
3            0.6043633            0.6621223
Time difference of 28.99989 mins
   hr max_width90.zhou max_width95.zhou max_width90.zhou.m max_width95.zhou.m
4 0.2        0.5302669        0.5824925          0.5302669          0.5824925
  max_width90.zhou.iso max_width95.zhou.iso
4            0.5302669            0.5824925
Time difference of 28.99226 mins
    hr max_width90.zhou max_width95.zhou max_width90.zhou.m max_width95.zhou.m
5 0.25        0.4637181        0.5102633          0.4637181          0.5102633
  max_width90.zhou.iso max_width95.zhou.iso
5            0.4637181            0.5102633
Time difference of 28.69273 mins
   hr max_width90.zhou max_width95.zhou max_width90.zhou.m max_width95.zhou.m
6 0.3        0.4077872        0.4504613          0.4077872          0.4504613
  max_width90.zhou.iso max_width95.zhou.iso
6            0.4077872            0.4504613
Time difference of 27.80679 mins
    hr max_width90.zhou max_width95.zhou max_width90.zhou.m max_width95.zhou.m
7 0.35        0.3625236        0.4007009          0.3625236          0.4007009
  max_width90.zhou.iso max_width95.zhou.iso
7            0.3625236            0.4007009
