
Due to MODULEPATH changes, the following have been reloaded:
  1) mii/1.1.2

The following have been reloaded with a version change:
  1) StdEnv/2023 => StdEnv/2020           5) libfabric/1.18.0 => libfabric/1.10.1
  2) gcccore/.12.3 => gcccore/.9.3.0      6) openmpi/4.1.5 => openmpi/4.0.3
  3) gentoo/2023 => gentoo/2020           7) ucx/1.14.1 => ucx/1.8.0
  4) imkl/2023.2.0 => imkl/2020.1.217

Batch index: 5
Model: b
Sample size: 300
Dimension: 9
Candidate vector: 10:100
Bandwidth: 0.05 0.1 0.15 0.2 0.25 0.3 0.35
Simulation: 40
Loading required package: iterators
Loading required package: parallel

Attaching package: ‘expm’

The following object is masked from ‘package:Matrix’:

    expm

Time difference of 28.17272 mins
    hr max_width90.zhou max_width95.zhou max_width90.zhou.m max_width95.zhou.m
1 0.05        0.5730384        0.6182927          0.5730384          0.6182927
  max_width90.zhou.iso max_width95.zhou.iso
1            0.5730384            0.6182927
Time difference of 27.90451 mins
   hr max_width90.zhou max_width95.zhou max_width90.zhou.m max_width95.zhou.m
2 0.1        0.6190604        0.6763785          0.6190604          0.6763785
  max_width90.zhou.iso max_width95.zhou.iso
2            0.6190604            0.6763785
Time difference of 26.80161 mins
    hr max_width90.zhou max_width95.zhou max_width90.zhou.m max_width95.zhou.m
3 0.15        0.5936724        0.6511649          0.5936724          0.6511649
  max_width90.zhou.iso max_width95.zhou.iso
3            0.5936724            0.6511649
Time difference of 27.02024 mins
   hr max_width90.zhou max_width95.zhou max_width90.zhou.m max_width95.zhou.m
4 0.2        0.5236249        0.5770287          0.5236249          0.5770287
  max_width90.zhou.iso max_width95.zhou.iso
4            0.5236249            0.5770287
Time difference of 27.85733 mins
    hr max_width90.zhou max_width95.zhou max_width90.zhou.m max_width95.zhou.m
5 0.25        0.4586032        0.5061464          0.4586032          0.5061464
  max_width90.zhou.iso max_width95.zhou.iso
5            0.4586032            0.5061464
Time difference of 27.48418 mins
   hr max_width90.zhou max_width95.zhou max_width90.zhou.m max_width95.zhou.m
6 0.3        0.4037257        0.4462375          0.4037257          0.4462375
  max_width90.zhou.iso max_width95.zhou.iso
6            0.4037257            0.4462375
Time difference of 26.80906 mins
    hr max_width90.zhou max_width95.zhou max_width90.zhou.m max_width95.zhou.m
7 0.35        0.3578921        0.3954595          0.3578921          0.3954595
  max_width90.zhou.iso max_width95.zhou.iso
7            0.3578921            0.3954595
