
Due to MODULEPATH changes, the following have been reloaded:
  1) mii/1.1.2

The following have been reloaded with a version change:
  1) StdEnv/2023 => StdEnv/2020           5) libfabric/1.18.0 => libfabric/1.10.1
  2) gcccore/.12.3 => gcccore/.9.3.0      6) openmpi/4.1.5 => openmpi/4.0.3
  3) gentoo/2023 => gentoo/2020           7) ucx/1.14.1 => ucx/1.8.0
  4) imkl/2023.2.0 => imkl/2020.1.217

Batch index: 6
Model: b
Sample size: 300
Dimension: 9
Candidate vector: 10:100
Bandwidth: 0.05 0.1 0.15 0.2 0.25 0.3 0.35
Simulation: 40
Loading required package: iterators
Loading required package: parallel

Attaching package: ‘expm’

The following object is masked from ‘package:Matrix’:

    expm

Time difference of 28.60239 mins
    hr max_width90.zhou max_width95.zhou max_width90.zhou.m max_width95.zhou.m
1 0.05        0.5684388        0.6152601          0.5684388          0.6152601
  max_width90.zhou.iso max_width95.zhou.iso
1            0.5684388            0.6152601
Time difference of 28.54061 mins
   hr max_width90.zhou max_width95.zhou max_width90.zhou.m max_width95.zhou.m
2 0.1        0.6210636        0.6772412          0.6210636          0.6772412
  max_width90.zhou.iso max_width95.zhou.iso
2            0.6210636            0.6772412
Time difference of 29.39455 mins
    hr max_width90.zhou max_width95.zhou max_width90.zhou.m max_width95.zhou.m
3 0.15        0.6015619        0.6601692          0.6015619          0.6601692
  max_width90.zhou.iso max_width95.zhou.iso
3            0.6015619            0.6601692
Time difference of 29.9275 mins
   hr max_width90.zhou max_width95.zhou max_width90.zhou.m max_width95.zhou.m
4 0.2        0.5331205        0.5887315          0.5331205          0.5887315
  max_width90.zhou.iso max_width95.zhou.iso
4            0.5331205            0.5887315
Time difference of 30.30362 mins
    hr max_width90.zhou max_width95.zhou max_width90.zhou.m max_width95.zhou.m
5 0.25        0.4684228        0.5167122          0.4684228          0.5167122
  max_width90.zhou.iso max_width95.zhou.iso
5            0.4684228            0.5167122
Time difference of 29.9088 mins
   hr max_width90.zhou max_width95.zhou max_width90.zhou.m max_width95.zhou.m
6 0.3        0.4114202        0.4558363          0.4114202          0.4558363
  max_width90.zhou.iso max_width95.zhou.iso
6            0.4114202            0.4558363
Time difference of 30.5783 mins
    hr max_width90.zhou max_width95.zhou max_width90.zhou.m max_width95.zhou.m
7 0.35        0.3644412        0.4048535          0.3644412          0.4048535
  max_width90.zhou.iso max_width95.zhou.iso
7            0.3644412            0.4048535
