
Due to MODULEPATH changes, the following have been reloaded:
  1) mii/1.1.2

The following have been reloaded with a version change:
  1) StdEnv/2023 => StdEnv/2020           5) libfabric/1.18.0 => libfabric/1.10.1
  2) gcccore/.12.3 => gcccore/.9.3.0      6) openmpi/4.1.5 => openmpi/4.0.3
  3) gentoo/2023 => gentoo/2020           7) ucx/1.14.1 => ucx/1.8.0
  4) imkl/2023.2.0 => imkl/2020.1.217

Batch index: 10
Model: b
Sample size: 300
Dimension: 9
Candidate vector: 10:100
Bandwidth: 0.05 0.1 0.15 0.2 0.25 0.3 0.35
Simulation: 40
Loading required package: iterators
Loading required package: parallel

Attaching package: ‘expm’

The following object is masked from ‘package:Matrix’:

    expm

Time difference of 26.73376 mins
    hr max_width90.zhou max_width95.zhou max_width90.zhou.m max_width95.zhou.m
1 0.05        0.5711029        0.6188787          0.5711029          0.6188787
  max_width90.zhou.iso max_width95.zhou.iso
1            0.5711029            0.6188787
Time difference of 26.87083 mins
   hr max_width90.zhou max_width95.zhou max_width90.zhou.m max_width95.zhou.m
2 0.1        0.6048742        0.6584912          0.6048742          0.6584912
  max_width90.zhou.iso max_width95.zhou.iso
2            0.6048742            0.6584912
Time difference of 26.86959 mins
    hr max_width90.zhou max_width95.zhou max_width90.zhou.m max_width95.zhou.m
3 0.15        0.5836666        0.6382533          0.5836666          0.6382533
  max_width90.zhou.iso max_width95.zhou.iso
3            0.5836666            0.6382533
Time difference of 26.87441 mins
   hr max_width90.zhou max_width95.zhou max_width90.zhou.m max_width95.zhou.m
4 0.2        0.5128479        0.5643431          0.5128479          0.5643431
  max_width90.zhou.iso max_width95.zhou.iso
4            0.5128479            0.5643431
Time difference of 26.95015 mins
    hr max_width90.zhou max_width95.zhou max_width90.zhou.m max_width95.zhou.m
5 0.25        0.4493858        0.4953479          0.4493858          0.4953479
  max_width90.zhou.iso max_width95.zhou.iso
5            0.4493858            0.4953479
Time difference of 26.90021 mins
   hr max_width90.zhou max_width95.zhou max_width90.zhou.m max_width95.zhou.m
6 0.3        0.3988985        0.4410247          0.3988985          0.4410247
  max_width90.zhou.iso max_width95.zhou.iso
6            0.3988985            0.4410247
Time difference of 26.81945 mins
    hr max_width90.zhou max_width95.zhou max_width90.zhou.m max_width95.zhou.m
7 0.35        0.3549094        0.3937379          0.3549094          0.3937379
  max_width90.zhou.iso max_width95.zhou.iso
7            0.3549094            0.3937379
