
Due to MODULEPATH changes, the following have been reloaded:
  1) mii/1.1.2

The following have been reloaded with a version change:
  1) StdEnv/2023 => StdEnv/2020           5) libfabric/1.18.0 => libfabric/1.10.1
  2) gcccore/.12.3 => gcccore/.9.3.0      6) openmpi/4.1.5 => openmpi/4.0.3
  3) gentoo/2023 => gentoo/2020           7) ucx/1.14.1 => ucx/1.8.0
  4) imkl/2023.2.0 => imkl/2020.1.217

Loading required package: iterators
Loading required package: parallel
Loading required package: Matrix

Attaching package: ‘expm’

The following object is masked from ‘package:Matrix’:

    expm

Time difference of 25.98237 mins
    hr         hd coverage90 coverage95   width90   width95
1 0.05 0.04847024      0.475       0.55 0.2385724 0.2671387
Time difference of 26.35512 mins
   hr         hd coverage90 coverage95   width90   width95
2 0.1 0.09694048        0.9      0.975 0.3224484 0.3657726
Time difference of 27.47539 mins
    hr        hd coverage90 coverage95   width90   width95
3 0.15 0.1454107      0.875      0.925 0.3178897 0.3605613
Time difference of 28.31499 mins
   hr       hd coverage90 coverage95   width90   width95
4 0.2 0.193881      0.875       0.95 0.2939324 0.3359238
Time difference of 27.91406 mins
    hr  hd coverage90 coverage95   width90   width95
5 0.25 0.2      0.875       0.95 0.2875941 0.3275521
Time difference of 27.84726 mins
   hr        hd coverage90 coverage95   width90   width95
6 0.3 0.2008299      0.875      0.925 0.2781461 0.3173631
Time difference of 27.91848 mins
    hr        hd coverage90 coverage95   width90   width95
7 0.35 0.2466555       0.85      0.925 0.2517523 0.2886071
