
Due to MODULEPATH changes, the following have been reloaded:
  1) mii/1.1.2

The following have been reloaded with a version change:
  1) StdEnv/2023 => StdEnv/2020           5) libfabric/1.18.0 => libfabric/1.10.1
  2) gcccore/.12.3 => gcccore/.9.3.0      6) openmpi/4.1.5 => openmpi/4.0.3
  3) gentoo/2023 => gentoo/2020           7) ucx/1.14.1 => ucx/1.8.0
  4) imkl/2023.2.0 => imkl/2020.1.217

Loading required package: iterators
Loading required package: parallel
Loading required package: Matrix

Attaching package: ‘expm’

The following object is masked from ‘package:Matrix’:

    expm

Time difference of 26.05871 mins
    hr         hd coverage90 coverage95   width90   width95
1 0.05 0.04847024        0.5       0.65 0.2510807 0.2819026
Time difference of 26.19208 mins
   hr         hd coverage90 coverage95   width90   width95
2 0.1 0.09694048        0.9      0.975 0.3393008 0.3855846
Time difference of 26.74014 mins
    hr        hd coverage90 coverage95   width90   width95
3 0.15 0.1454107      0.875      0.975 0.3238127 0.3687571
Time difference of 26.60812 mins
   hr       hd coverage90 coverage95   width90   width95
4 0.2 0.193881      0.925      0.975 0.2982887 0.3387242
Time difference of 27.56083 mins
    hr  hd coverage90 coverage95   width90   width95
5 0.25 0.2        0.9      0.975 0.2940206 0.3351319
Time difference of 27.77872 mins
   hr        hd coverage90 coverage95  width90  width95
6 0.3 0.2008299      0.925      0.975 0.288549 0.329277
Time difference of 27.90876 mins
    hr        hd coverage90 coverage95   width90   width95
7 0.35 0.2466555        0.9       0.95 0.2607028 0.2984231
