
Due to MODULEPATH changes, the following have been reloaded:
  1) mii/1.1.2

The following have been reloaded with a version change:
  1) StdEnv/2023 => StdEnv/2020           5) libfabric/1.18.0 => libfabric/1.10.1
  2) gcccore/.12.3 => gcccore/.9.3.0      6) openmpi/4.1.5 => openmpi/4.0.3
  3) gentoo/2023 => gentoo/2020           7) ucx/1.14.1 => ucx/1.8.0
  4) imkl/2023.2.0 => imkl/2020.1.217

Loading required package: iterators
Loading required package: parallel
Loading required package: Matrix

Attaching package: ‘expm’

The following object is masked from ‘package:Matrix’:

    expm

Time difference of 26.09218 mins
    hr         hd coverage90 coverage95   width90   width95
1 0.05 0.04847024      0.675      0.775 0.2413784 0.2687116
Time difference of 26.17417 mins
   hr         hd coverage90 coverage95   width90   width95
2 0.1 0.09694048       0.95       0.95 0.3307317 0.3756263
Time difference of 29.39786 mins
    hr        hd coverage90 coverage95   width90   width95
3 0.15 0.1454107      0.975      0.975 0.3080384 0.3501506
Time difference of 32.58237 mins
   hr       hd coverage90 coverage95   width90   width95
4 0.2 0.193881       0.85        0.9 0.2741393 0.3110301
Time difference of 32.58548 mins
    hr  hd coverage90 coverage95   width90   width95
5 0.25 0.2        0.8      0.875 0.2695231 0.3064604
Time difference of 32.56728 mins
   hr        hd coverage90 coverage95   width90  width95
6 0.3 0.2008299       0.75      0.875 0.2647433 0.301772
Time difference of 32.93232 mins
    hr        hd coverage90 coverage95   width90   width95
7 0.35 0.2466555       0.75        0.9 0.2394425 0.2736816
