
Due to MODULEPATH changes, the following have been reloaded:
  1) mii/1.1.2

The following have been reloaded with a version change:
  1) StdEnv/2023 => StdEnv/2020           5) libfabric/1.18.0 => libfabric/1.10.1
  2) gcccore/.12.3 => gcccore/.9.3.0      6) openmpi/4.1.5 => openmpi/4.0.3
  3) gentoo/2023 => gentoo/2020           7) ucx/1.14.1 => ucx/1.8.0
  4) imkl/2023.2.0 => imkl/2020.1.217

Loading required package: iterators
Loading required package: parallel
Loading required package: Matrix

Attaching package: ‘expm’

The following object is masked from ‘package:Matrix’:

    expm

Time difference of 25.91242 mins
    hr         hd coverage90 coverage95   width90   width95
1 0.05 0.04847024       0.55      0.625 0.2358616 0.2649118
Time difference of 26.15781 mins
   hr         hd coverage90 coverage95   width90   width95
2 0.1 0.09694048       0.95       0.95 0.3213745 0.3644043
Time difference of 26.63297 mins
    hr        hd coverage90 coverage95   width90   width95
3 0.15 0.1454107      0.925      0.975 0.3033608 0.3448765
Time difference of 27.03586 mins
   hr       hd coverage90 coverage95   width90   width95
4 0.2 0.193881        0.9      0.925 0.2786583 0.3173988
Time difference of 26.51091 mins
    hr  hd coverage90 coverage95   width90   width95
5 0.25 0.2      0.925       0.95 0.2860006 0.3264538
Time difference of 26.75984 mins
   hr        hd coverage90 coverage95   width90   width95
6 0.3 0.2008299      0.825       0.95 0.2766111 0.3153811
Time difference of 26.78593 mins
    hr        hd coverage90 coverage95   width90   width95
7 0.35 0.2466555      0.825      0.925 0.2477176 0.2827283
