
Due to MODULEPATH changes, the following have been reloaded:
  1) mii/1.1.2

The following have been reloaded with a version change:
  1) StdEnv/2023 => StdEnv/2020           5) libfabric/1.18.0 => libfabric/1.10.1
  2) gcccore/.12.3 => gcccore/.9.3.0      6) openmpi/4.1.5 => openmpi/4.0.3
  3) gentoo/2023 => gentoo/2020           7) ucx/1.14.1 => ucx/1.8.0
  4) imkl/2023.2.0 => imkl/2020.1.217

Loading required package: iterators
Loading required package: parallel
Loading required package: Matrix

Attaching package: ‘expm’

The following object is masked from ‘package:Matrix’:

    expm

Time difference of 26.18036 mins
    hr         hd coverage90 coverage95   width90   width95
1 0.05 0.04847024        0.5       0.65 0.2400739 0.2685397
Time difference of 26.41963 mins
   hr         hd coverage90 coverage95   width90   width95
2 0.1 0.09694048      0.875      0.875 0.3241497 0.3684381
Time difference of 26.88923 mins
    hr        hd coverage90 coverage95   width90   width95
3 0.15 0.1454107       0.85        0.9 0.3192761 0.3627168
Time difference of 26.99166 mins
   hr       hd coverage90 coverage95   width90   width95
4 0.2 0.193881        0.8      0.925 0.2897358 0.3295737
Time difference of 27.02973 mins
    hr  hd coverage90 coverage95   width90   width95
5 0.25 0.2       0.85      0.925 0.2866186 0.3274134
Time difference of 27.51582 mins
   hr        hd coverage90 coverage95   width90   width95
6 0.3 0.2008299        0.9       0.95 0.2820135 0.3224367
Time difference of 27.26514 mins
    hr        hd coverage90 coverage95   width90   width95
7 0.35 0.2466555        0.9      0.925 0.2553654 0.2927963
