
Due to MODULEPATH changes, the following have been reloaded:
  1) mii/1.1.2

The following have been reloaded with a version change:
  1) StdEnv/2023 => StdEnv/2020           5) libfabric/1.18.0 => libfabric/1.10.1
  2) gcccore/.12.3 => gcccore/.9.3.0      6) openmpi/4.1.5 => openmpi/4.0.3
  3) gentoo/2023 => gentoo/2020           7) ucx/1.14.1 => ucx/1.8.0
  4) imkl/2023.2.0 => imkl/2020.1.217

Loading required package: iterators
Loading required package: parallel
Loading required package: Matrix

Attaching package: ‘expm’

The following object is masked from ‘package:Matrix’:

    expm

Time difference of 26.08648 mins
    hr         hd coverage90 coverage95   width90   width95
1 0.05 0.04847024       0.55       0.65 0.2560508 0.2863099
Time difference of 26.62185 mins
   hr         hd coverage90 coverage95   width90   width95
2 0.1 0.09694048      0.975      0.975 0.3333453 0.3760731
Time difference of 26.52344 mins
    hr        hd coverage90 coverage95   width90   width95
3 0.15 0.1454107      0.975      0.975 0.3226095 0.3653027
Time difference of 26.88713 mins
   hr       hd coverage90 coverage95   width90   width95
4 0.2 0.193881      0.925       0.95 0.2990899 0.3411406
Time difference of 26.8283 mins
    hr  hd coverage90 coverage95   width90   width95
5 0.25 0.2      0.825      0.925 0.2868196 0.3268151
Time difference of 26.9778 mins
   hr        hd coverage90 coverage95   width90   width95
6 0.3 0.2008299       0.85       0.85 0.2759404 0.3149262
Time difference of 27.02364 mins
    hr        hd coverage90 coverage95   width90   width95
7 0.35 0.2466555        0.8       0.85 0.2500328 0.2859152
