
Due to MODULEPATH changes, the following have been reloaded:
  1) mii/1.1.2

The following have been reloaded with a version change:
  1) StdEnv/2023 => StdEnv/2020           5) libfabric/1.18.0 => libfabric/1.10.1
  2) gcccore/.12.3 => gcccore/.9.3.0      6) openmpi/4.1.5 => openmpi/4.0.3
  3) gentoo/2023 => gentoo/2020           7) ucx/1.14.1 => ucx/1.8.0
  4) imkl/2023.2.0 => imkl/2020.1.217

Loading required package: iterators
Loading required package: parallel
Loading required package: Matrix

Attaching package: ‘expm’

The following object is masked from ‘package:Matrix’:

    expm

Time difference of 26.35722 mins
    hr         hd coverage90 coverage95  width90  width95
1 0.05 0.04847024      0.625       0.75 0.252871 0.283788
Time difference of 26.46234 mins
   hr         hd coverage90 coverage95   width90   width95
2 0.1 0.09694048       0.95       0.95 0.3310847 0.3722887
Time difference of 26.81856 mins
    hr        hd coverage90 coverage95   width90   width95
3 0.15 0.1454107       0.85      0.975 0.3159958 0.3593371
Time difference of 27.04849 mins
   hr       hd coverage90 coverage95   width90   width95
4 0.2 0.193881       0.85        0.9 0.2899472 0.3308902
Time difference of 27.07892 mins
    hr  hd coverage90 coverage95   width90   width95
5 0.25 0.2      0.825       0.85 0.2855499 0.3237365
Time difference of 27.04538 mins
   hr        hd coverage90 coverage95   width90   width95
6 0.3 0.2008299      0.825       0.85 0.2726883 0.3091725
Time difference of 27.20767 mins
    hr        hd coverage90 coverage95  width90   width95
7 0.35 0.2466555      0.775      0.875 0.247275 0.2825171
