
Due to MODULEPATH changes, the following have been reloaded:
  1) mii/1.1.2

The following have been reloaded with a version change:
  1) StdEnv/2023 => StdEnv/2020           5) libfabric/1.18.0 => libfabric/1.10.1
  2) gcccore/.12.3 => gcccore/.9.3.0      6) openmpi/4.1.5 => openmpi/4.0.3
  3) gentoo/2023 => gentoo/2020           7) ucx/1.14.1 => ucx/1.8.0
  4) imkl/2023.2.0 => imkl/2020.1.217

Loading required package: iterators
Loading required package: parallel
Loading required package: Matrix

Attaching package: ‘expm’

The following object is masked from ‘package:Matrix’:

    expm

Time difference of 26.352 mins
    hr         hd coverage90 coverage95   width90   width95
1 0.05 0.04847024      0.525        0.7 0.2529516 0.2817581
Time difference of 26.3274 mins
   hr         hd coverage90 coverage95   width90  width95
2 0.1 0.09694048       0.95      0.975 0.3332792 0.376905
Time difference of 26.83193 mins
    hr        hd coverage90 coverage95   width90   width95
3 0.15 0.1454107       0.95          1 0.3566027 0.4077776
Time difference of 26.99032 mins
   hr       hd coverage90 coverage95   width90   width95
4 0.2 0.193881       0.95          1 0.3122579 0.3588038
Time difference of 26.99408 mins
    hr  hd coverage90 coverage95   width90   width95
5 0.25 0.2      0.975      0.975 0.3042192 0.3485984
Time difference of 27.00661 mins
   hr        hd coverage90 coverage95   width90   width95
6 0.3 0.2008299      0.875      0.975 0.2951688 0.3365052
Time difference of 27.1938 mins
    hr        hd coverage90 coverage95   width90   width95
7 0.35 0.2466555      0.875        0.9 0.2650567 0.3027422
