
Due to MODULEPATH changes, the following have been reloaded:
  1) mii/1.1.2

The following have been reloaded with a version change:
  1) StdEnv/2023 => StdEnv/2020           5) libfabric/1.18.0 => libfabric/1.10.1
  2) gcccore/.12.3 => gcccore/.9.3.0      6) openmpi/4.1.5 => openmpi/4.0.3
  3) gentoo/2023 => gentoo/2020           7) ucx/1.14.1 => ucx/1.8.0
  4) imkl/2023.2.0 => imkl/2020.1.217

Batch index: 3
Model: b
Sample size: 1000
Dimension: 27
Candidate vector: 40:200
Bandwidth: 0.25 0.3 0.35
GCV: FALSE
Simulation: 40
Loading required package: iterators
Loading required package: parallel

Attaching package: ‘expm’

The following object is masked from ‘package:Matrix’:

    expm

Time difference of 6.014142 hours
    hr        hd is.cover90.hr is.cover95.hr is.cover90.hd is.cover95.hd
1 0.25 0.1587401           0.9         0.925         0.875         0.925
   SCB90.hr  SCB95.hr  SCB90.hd  SCB95.hd
1 0.2627328 0.2881218 0.2575156 0.2825493
Time difference of 6.081321 hours
   hr        hd is.cover90.hr is.cover95.hr is.cover90.hd is.cover95.hd
2 0.3 0.2008299           0.9         0.925           0.9         0.925
   SCB90.hr  SCB95.hr  SCB90.hd SCB95.hd
2 0.2275133 0.2506583 0.2246836 0.247876
Time difference of 5.186309 hours
    hr        hd is.cover90.hr is.cover95.hr is.cover90.hd is.cover95.hd
3 0.35 0.2466555         0.875         0.925         0.875         0.925
   SCB90.hr  SCB95.hr  SCB90.hd  SCB95.hd
3 0.2006387 0.2209146 0.2011954 0.2215265
