
Due to MODULEPATH changes, the following have been reloaded:
  1) mii/1.1.2

The following have been reloaded with a version change:
  1) StdEnv/2023 => StdEnv/2020           5) libfabric/1.18.0 => libfabric/1.10.1
  2) gcccore/.12.3 => gcccore/.9.3.0      6) openmpi/4.1.5 => openmpi/4.0.3
  3) gentoo/2023 => gentoo/2020           7) ucx/1.14.1 => ucx/1.8.0
  4) imkl/2023.2.0 => imkl/2020.1.217

Batch index: 8
Model: b
Sample size: 1000
Dimension: 27
Candidate vector: 40:200
Bandwidth: 0.25 0.3 0.35
GCV: FALSE
Simulation: 40
Loading required package: iterators
Loading required package: parallel

Attaching package: ‘expm’

The following object is masked from ‘package:Matrix’:

    expm

Time difference of 5.308149 hours
    hr        hd is.cover90.hr is.cover95.hr is.cover90.hd is.cover95.hd
1 0.25 0.1587401          0.85           0.9         0.875           0.9
  SCB90.hr SCB95.hr  SCB90.hd  SCB95.hd
1 0.261086   0.2865 0.2564856 0.2817901
Time difference of 5.553404 hours
   hr        hd is.cover90.hr is.cover95.hr is.cover90.hd is.cover95.hd
2 0.3 0.2008299          0.85         0.875          0.85         0.875
   SCB90.hr  SCB95.hr  SCB90.hd  SCB95.hd
2 0.2292786 0.2520646 0.2269174 0.2498109
Time difference of 5.542073 hours
    hr        hd is.cover90.hr is.cover95.hr is.cover90.hd is.cover95.hd
3 0.35 0.2466555          0.85         0.875          0.85         0.875
   SCB90.hr  SCB95.hr  SCB90.hd  SCB95.hd
3 0.2023296 0.2228044 0.2028779 0.2231287
