
Due to MODULEPATH changes, the following have been reloaded:
  1) mii/1.1.2

The following have been reloaded with a version change:
  1) StdEnv/2023 => StdEnv/2020           5) libfabric/1.18.0 => libfabric/1.10.1
  2) gcccore/.12.3 => gcccore/.9.3.0      6) openmpi/4.1.5 => openmpi/4.0.3
  3) gentoo/2023 => gentoo/2020           7) ucx/1.14.1 => ucx/1.8.0
  4) imkl/2023.2.0 => imkl/2020.1.217

Batch index: 10
Model: b
Sample size: 1000
Dimension: 27
Candidate vector: 40:200
Bandwidth: 0.25 0.3 0.35
GCV: FALSE
Simulation: 40
Loading required package: iterators
Loading required package: parallel

Attaching package: ‘expm’

The following object is masked from ‘package:Matrix’:

    expm

Time difference of 4.811447 hours
    hr        hd is.cover90.hr is.cover95.hr is.cover90.hd is.cover95.hd
1 0.25 0.1587401         0.925         0.975         0.925         0.975
   SCB90.hr  SCB95.hr SCB90.hd  SCB95.hd
1 0.2618984 0.2867956 0.256946 0.2818798
Time difference of 5.0376 hours
   hr        hd is.cover90.hr is.cover95.hr is.cover90.hd is.cover95.hd
2 0.3 0.2008299           0.9         0.975           0.9             1
   SCB90.hr  SCB95.hr  SCB90.hd  SCB95.hd
2 0.2301879 0.2522202 0.2276535 0.2494818
Time difference of 5.222056 hours
    hr        hd is.cover90.hr is.cover95.hr is.cover90.hd is.cover95.hd
3 0.35 0.2466555           0.9         0.975           0.9         0.975
   SCB90.hr  SCB95.hr  SCB90.hd  SCB95.hd
3 0.2038569 0.2235867 0.2044064 0.2242124
