
Due to MODULEPATH changes, the following have been reloaded:
  1) mii/1.1.2

The following have been reloaded with a version change:
  1) StdEnv/2023 => StdEnv/2020           5) libfabric/1.18.0 => libfabric/1.10.1
  2) gcccore/.12.3 => gcccore/.9.3.0      6) openmpi/4.1.5 => openmpi/4.0.3
  3) gentoo/2023 => gentoo/2020           7) ucx/1.14.1 => ucx/1.8.0
  4) imkl/2023.2.0 => imkl/2020.1.217

Loading required package: iterators
Loading required package: parallel

Attaching package: ‘expm’

The following object is masked from ‘package:Matrix’:

    expm

Time difference of 40.60455 mins
   is.cover90 is.cover95     SCB90     SCB95  hr.lower    hr.opt  hr.upper
1           1          1 0.2969862 0.3428114 0.1057371 0.2366358 0.2366358
2           1          1 0.2517237 0.2790448 0.1057371 0.2366358 0.2366358
3           1          1 0.2304831 0.2573207 0.1057371 0.2366358 0.2366358
4           1          1 0.3032773 0.3440790 0.1057371 0.2366358 0.2366358
5           1          1 0.3268953 0.3753262 0.1057371 0.2366358 0.2366358
6           0          1 0.3230386 0.3664674 0.1057371 0.2366358 0.2366358
7           1          1 0.2573009 0.2880803 0.1057371 0.2366358 0.2366358
8           1          1 0.3474584 0.3969888 0.1057371 0.2366358 0.2366358
9           0          0 0.2024047 0.2296701 0.1057371 0.2366358 0.2366358
10          1          1 0.2648210 0.3011471 0.1057371 0.2366358 0.2366358
11          1          1 0.2896715 0.3325613 0.1057371 0.2366358 0.2366358
12          1          1 0.2281587 0.2562896 0.1057371 0.2366358 0.2366358
13          1          1 0.2644805 0.3015699 0.1057371 0.2366358 0.2366358
14          1          1 0.3438649 0.3852704 0.1057371 0.1784586 0.2366358
15          1          1 0.2658661 0.3020626 0.1057371 0.2366358 0.2366358
16          1          1 0.3045648 0.3482768 0.1057371 0.2366358 0.2366358
17          1          1 0.2791928 0.3125543 0.1057371 0.2366358 0.2366358
18          1          1 0.3488486 0.3952602 0.1057371 0.2366358 0.2366358
19          0          1 0.2961731 0.3497780 0.1057371 0.2366358 0.2366358
20          1          1 0.3386221 0.3896592 0.1057371 0.2366358 0.2366358
21          1          1 0.3243218 0.3605601 0.1057371 0.2366358 0.2366358
22          1          1 0.3447713 0.3903417 0.1057371 0.1930029 0.2366358
23          0          0 0.2581472 0.2881566 0.1057371 0.2366358 0.2366358
24          1          1 0.2381719 0.2680640 0.1057371 0.2366358 0.2366358
25          1          1 0.3478871 0.3982332 0.1057371 0.2366358 0.2366358
26          0          0 0.2256572 0.2505222 0.1057371 0.2366358 0.2366358
27          1          1 0.2124427 0.2421254 0.1057371 0.2366358 0.2366358
28          1          1 0.2883118 0.3215413 0.1057371 0.2366358 0.2366358
29          1          1 0.3170993 0.3595496 0.1057371 0.2220915 0.2366358
30          1          1 0.2846001 0.3158541 0.1057371 0.2366358 0.2366358
31          0          0 0.2414766 0.2726698 0.1057371 0.2366358 0.2366358
32          1          1 0.2190122 0.2434127 0.1057371 0.1493700 0.2366358
33          1          1 0.3102430 0.3718323 0.1057371 0.2366358 0.2366358
34          1          1 0.2675096 0.3039152 0.1057371 0.2366358 0.2366358
35          1          1 0.3535594 0.4095689 0.1057371 0.2366358 0.2366358
36          1          1 0.2869390 0.3239300 0.1057371 0.2366358 0.2366358
37          1          1 0.3094195 0.3526067 0.1057371 0.2366358 0.2366358
38          1          1 0.3928185 0.4556229 0.1057371 0.2366358 0.2366358
39          0          0 0.1771848 0.2015915 0.1057371 0.2366358 0.2366358
40          1          1 0.2697242 0.3021080 0.1057371 0.2366358 0.2366358
