
Due to MODULEPATH changes, the following have been reloaded:
  1) mii/1.1.2

The following have been reloaded with a version change:
  1) StdEnv/2023 => StdEnv/2020           5) libfabric/1.18.0 => libfabric/1.10.1
  2) gcccore/.12.3 => gcccore/.9.3.0      6) openmpi/4.1.5 => openmpi/4.0.3
  3) gentoo/2023 => gentoo/2020           7) ucx/1.14.1 => ucx/1.8.0
  4) imkl/2023.2.0 => imkl/2020.1.217

Loading required package: iterators
Loading required package: parallel

Attaching package: ‘expm’

The following object is masked from ‘package:Matrix’:

    expm

Time difference of 1.026767 hours
   is.cover90 is.cover95     SCB90     SCB95  hr.lower    hr.opt  hr.upper
1           1          1 0.2489738 0.2798707 0.1057371 0.2366358 0.2366358
2           1          1 0.2931520 0.3369550 0.1057371 0.2366358 0.2366358
3           1          1 0.3118962 0.3551257 0.1057371 0.2366358 0.2366358
4           0          0 0.2365600 0.2725836 0.1057371 0.2366358 0.2366358
5           1          1 0.2856362 0.3261532 0.1057371 0.1784586 0.2366358
6           1          1 0.2470874 0.2784638 0.1057371 0.1639143 0.2366358
7           0          1 0.2992381 0.3505472 0.1057371 0.2366358 0.2366358
8           1          1 0.2587594 0.2965455 0.1057371 0.2366358 0.2366358
9           0          0 0.1946995 0.2187109 0.1057371 0.2366358 0.2366358
10          0          0 0.1841646 0.2060260 0.1057371 0.2366358 0.2366358
11          1          1 0.3145410 0.3570846 0.1057371 0.2366358 0.2366358
12          1          1 0.2831696 0.3212842 0.1057371 0.2366358 0.2366358
13          1          1 0.2571499 0.2950679 0.1057371 0.2366358 0.2366358
14          1          1 0.2328651 0.2608141 0.1057371 0.2366358 0.2366358
15          1          1 0.3063231 0.3501638 0.1057371 0.2366358 0.2366358
16          1          1 0.3631269 0.4309069 0.1057371 0.2366358 0.2366358
17          1          1 0.2718073 0.3047420 0.1057371 0.2366358 0.2366358
18          1          1 0.3179025 0.3627244 0.1057371 0.1784586 0.2366358
19          1          1 0.3045286 0.3409863 0.1057371 0.2366358 0.2366358
20          1          1 0.2237079 0.2526312 0.1057371 0.2366358 0.2366358
21          0          1 0.2549010 0.2845616 0.1057371 0.2366358 0.2366358
22          1          1 0.3738711 0.4422072 0.1057371 0.2366358 0.2366358
23          1          1 0.2864723 0.3209892 0.1057371 0.2366358 0.2366358
24          1          1 0.3660732 0.4207782 0.1057371 0.2366358 0.2366358
25          0          1 0.3297120 0.3694454 0.1057371 0.2366358 0.2366358
26          1          1 0.1844919 0.2054517 0.1057371 0.2075472 0.2366358
27          1          1 0.2742415 0.3052003 0.1057371 0.2366358 0.2366358
28          1          1 0.3519137 0.3939679 0.1057371 0.2366358 0.2366358
29          1          1 0.2044769 0.2286966 0.1057371 0.2366358 0.2366358
30          1          1 0.2670371 0.3016711 0.1057371 0.1930029 0.2366358
31          1          1 0.2374185 0.2711163 0.1057371 0.2366358 0.2366358
32          1          1 0.2976946 0.3318389 0.1057371 0.2366358 0.2366358
33          1          1 0.2477707 0.2766090 0.1057371 0.2366358 0.2366358
34          0          0 0.2091051 0.2379390 0.1057371 0.2220915 0.2366358
35          1          1 0.2430345 0.2707886 0.1057371 0.2366358 0.2366358
36          0          1 0.1844903 0.2096602 0.1057371 0.2366358 0.2366358
37          1          1 0.2259497 0.2524345 0.1057371 0.1930029 0.2366358
38          0          0 0.2437571 0.2720276 0.1057371 0.2366358 0.2366358
39          1          1 0.2686875 0.3092958 0.1057371 0.2366358 0.2366358
40          1          1 0.2728514 0.3229688 0.1057371 0.2366358 0.2366358
