
Due to MODULEPATH changes, the following have been reloaded:
  1) mii/1.1.2

The following have been reloaded with a version change:
  1) StdEnv/2023 => StdEnv/2020           5) libfabric/1.18.0 => libfabric/1.10.1
  2) gcccore/.12.3 => gcccore/.9.3.0      6) openmpi/4.1.5 => openmpi/4.0.3
  3) gentoo/2023 => gentoo/2020           7) ucx/1.14.1 => ucx/1.8.0
  4) imkl/2023.2.0 => imkl/2020.1.217

Loading required package: iterators
Loading required package: parallel

Attaching package: ‘expm’

The following object is masked from ‘package:Matrix’:

    expm

Time difference of 52.31339 mins
   is.cover90 is.cover95     SCB90     SCB95  hr.lower    hr.opt  hr.upper
1           0          1 0.2677146 0.3124653 0.1057371 0.2366358 0.2366358
2           1          1 0.3553326 0.4161884 0.1057371 0.2366358 0.2366358
3           1          1 0.2700075 0.3070709 0.1057371 0.2366358 0.2366358
4           0          1 0.2827986 0.3324861 0.1057371 0.2366358 0.2366358
5           1          1 0.2500181 0.2766708 0.1057371 0.2366358 0.2366358
6           1          1 0.2353971 0.2667591 0.1057371 0.2366358 0.2366358
7           1          1 0.3036106 0.3496595 0.1057371 0.2366358 0.2366358
8           1          1 0.3174153 0.3605552 0.1057371 0.2366358 0.2366358
9           1          1 0.2218795 0.2559554 0.1057371 0.2366358 0.2366358
10          1          1 0.3430478 0.3897758 0.1057371 0.2075472 0.2366358
11          0          1 0.2360895 0.2703887 0.1057371 0.2366358 0.2366358
12          1          1 0.2816106 0.3162498 0.1057371 0.2366358 0.2366358
13          1          1 0.2397934 0.2646851 0.1057371 0.2366358 0.2366358
14          0          0 0.2236053 0.2501213 0.1057371 0.2366358 0.2366358
15          1          1 0.2774347 0.3205400 0.1057371 0.2366358 0.2366358
16          1          1 0.2522032 0.2847807 0.1057371 0.2366358 0.2366358
17          1          1 0.3524866 0.4046553 0.1057371 0.2366358 0.2366358
18          1          1 0.2802973 0.3156506 0.1057371 0.2366358 0.2366358
19          0          1 0.2237559 0.2558896 0.1057371 0.2366358 0.2366358
20          1          1 0.2968949 0.3397781 0.1057371 0.2366358 0.2366358
21          1          1 0.2383109 0.2661420 0.1057371 0.2366358 0.2366358
22          1          1 0.2409393 0.2763930 0.1057371 0.2366358 0.2366358
23          1          1 0.2750648 0.3035278 0.1057371 0.2366358 0.2366358
24          1          1 0.5350261 0.6382166 0.1057371 0.2366358 0.2366358
25          1          1 0.2583278 0.2903461 0.1057371 0.2220915 0.2366358
26          1          1 0.4130588 0.4830094 0.1057371 0.2366358 0.2366358
27          1          1 0.2128128 0.2376670 0.1057371 0.2366358 0.2366358
28          1          1 0.2557091 0.2858997 0.1057371 0.2366358 0.2366358
29          0          0 0.2597044 0.2962929 0.1057371 0.2366358 0.2366358
30          1          1 0.3782306 0.4282878 0.1057371 0.2366358 0.2366358
31          1          1 0.4695230 0.5404431 0.1057371 0.2366358 0.2366358
32          1          1 0.3269306 0.3756172 0.1057371 0.2366358 0.2366358
33          1          1 0.2118629 0.2394207 0.1057371 0.2366358 0.2366358
34          1          1 0.2291743 0.2518395 0.1057371 0.2366358 0.2366358
35          1          1 0.3132730 0.3557885 0.1057371 0.2366358 0.2366358
36          0          0 0.1998234 0.2238194 0.1057371 0.2366358 0.2366358
37          1          1 0.2929334 0.3426849 0.1057371 0.2366358 0.2366358
38          1          1 0.2638800 0.2952306 0.1057371 0.2366358 0.2366358
39          1          1 0.3042389 0.3484329 0.1057371 0.2366358 0.2366358
40          1          1 0.3509634 0.4069300 0.1057371 0.2366358 0.2366358
