
Due to MODULEPATH changes, the following have been reloaded:
  1) mii/1.1.2

The following have been reloaded with a version change:
  1) StdEnv/2023 => StdEnv/2020           5) libfabric/1.18.0 => libfabric/1.10.1
  2) gcccore/.12.3 => gcccore/.9.3.0      6) openmpi/4.1.5 => openmpi/4.0.3
  3) gentoo/2023 => gentoo/2020           7) ucx/1.14.1 => ucx/1.8.0
  4) imkl/2023.2.0 => imkl/2020.1.217

Loading required package: iterators
Loading required package: parallel

Attaching package: ‘expm’

The following object is masked from ‘package:Matrix’:

    expm

Time difference of 39.92597 mins
   is.cover90 is.cover95     SCB90     SCB95  hr.lower    hr.opt  hr.upper
1           1          1 0.2833682 0.3265134 0.1057371 0.2366358 0.2366358
2           1          1 0.2880919 0.3262855 0.1057371 0.2366358 0.2366358
3           1          1 0.3661905 0.4382619 0.1057371 0.2366358 0.2366358
4           1          1 0.2561181 0.2902466 0.1057371 0.2366358 0.2366358
5           1          1 0.3911402 0.4499938 0.1057371 0.2366358 0.2366358
6           1          1 0.2528947 0.2864326 0.1057371 0.2366358 0.2366358
7           1          1 0.2661152 0.3004591 0.1057371 0.2366358 0.2366358
8           1          1 0.4726991 0.5556520 0.1057371 0.2366358 0.2366358
9           1          1 0.3533985 0.4112698 0.1057371 0.2366358 0.2366358
10          1          1 0.2072167 0.2299511 0.1057371 0.2366358 0.2366358
11          1          1 0.2817683 0.3262205 0.1057371 0.2366358 0.2366358
12          1          1 0.2803764 0.3150121 0.1057371 0.2366358 0.2366358
13          1          1 0.2522059 0.2832297 0.1057371 0.1639143 0.2366358
14          1          1 0.3771712 0.4320316 0.1057371 0.2366358 0.2366358
15          1          1 0.3156284 0.3712321 0.1057371 0.2366358 0.2366358
16          1          1 0.3832082 0.4419338 0.1057371 0.2366358 0.2366358
17          0          0 0.2204504 0.2531445 0.1057371 0.2366358 0.2366358
18          1          1 0.3068273 0.3456859 0.1057371 0.1930029 0.2366358
19          1          1 0.4083516 0.4773379 0.1057371 0.2366358 0.2366358
20          1          1 0.3120892 0.3464858 0.1057371 0.1639143 0.2366358
21          1          1 0.2111082 0.2434116 0.1057371 0.2366358 0.2366358
22          1          1 0.3260501 0.3750837 0.1057371 0.2366358 0.2366358
23          1          1 0.2854674 0.3283946 0.1057371 0.2366358 0.2366358
24          1          1 0.3245970 0.3649451 0.1057371 0.2366358 0.2366358
25          1          1 0.3204872 0.3623687 0.1057371 0.2220915 0.2366358
26          1          1 0.2026421 0.2276937 0.1057371 0.2366358 0.2366358
27          1          1 0.3080764 0.3493884 0.1057371 0.2366358 0.2366358
28          1          1 0.3340987 0.3993930 0.1057371 0.2366358 0.2366358
29          1          1 0.3391788 0.3932962 0.1057371 0.2366358 0.2366358
30          1          1 0.3984606 0.4705430 0.1057371 0.2366358 0.2366358
31          1          1 0.3951113 0.4467102 0.1057371 0.2366358 0.2366358
32          1          1 0.2789569 0.3278652 0.1057371 0.2366358 0.2366358
33          1          1 0.3026669 0.3411252 0.1057371 0.2366358 0.2366358
34          1          1 0.1864619 0.2050901 0.1057371 0.2366358 0.2366358
35          1          1 0.3171464 0.3779327 0.1057371 0.2366358 0.2366358
36          1          1 0.2316442 0.2625048 0.1057371 0.2366358 0.2366358
37          1          1 0.3381220 0.3816036 0.1057371 0.2366358 0.2366358
38          1          1 0.1908889 0.2158799 0.1057371 0.2366358 0.2366358
39          1          1 0.2987589 0.3398563 0.1057371 0.2366358 0.2366358
40          1          1 0.3768740 0.4389295 0.1057371 0.2366358 0.2366358
