
Due to MODULEPATH changes, the following have been reloaded:
  1) mii/1.1.2

The following have been reloaded with a version change:
  1) StdEnv/2023 => StdEnv/2020           5) libfabric/1.18.0 => libfabric/1.10.1
  2) gcccore/.12.3 => gcccore/.9.3.0      6) openmpi/4.1.5 => openmpi/4.0.3
  3) gentoo/2023 => gentoo/2020           7) ucx/1.14.1 => ucx/1.8.0
  4) imkl/2023.2.0 => imkl/2020.1.217

Loading required package: iterators
Loading required package: parallel

Attaching package: ‘expm’

The following object is masked from ‘package:Matrix’:

    expm

Time difference of 40.87385 mins
   is.cover90 is.cover95     SCB90     SCB95  hr.lower    hr.opt  hr.upper
1           1          1 0.2698608 0.3048675 0.1057371 0.2366358 0.2366358
2           1          1 0.2334770 0.2588619 0.1057371 0.2366358 0.2366358
3           1          1 0.2387282 0.2733197 0.1057371 0.2366358 0.2366358
4           1          1 0.2854172 0.3167035 0.1057371 0.2366358 0.2366358
5           1          1 0.3455696 0.3913641 0.1057371 0.2366358 0.2366358
6           1          1 0.2666128 0.3111576 0.1057371 0.2366358 0.2366358
7           1          1 0.2991547 0.3385420 0.1057371 0.2366358 0.2366358
8           1          1 0.3530755 0.4191961 0.1057371 0.2220915 0.2366358
9           1          1 0.2228961 0.2546786 0.1057371 0.2366358 0.2366358
10          0          1 0.2490362 0.2798509 0.1057371 0.2366358 0.2366358
11          1          1 0.2484756 0.2761028 0.1057371 0.2366358 0.2366358
12          1          1 0.3804976 0.4252939 0.1057371 0.2366358 0.2366358
13          1          1 0.3033776 0.3378594 0.1057371 0.2366358 0.2366358
14          1          1 0.2749666 0.3065437 0.1057371 0.2366358 0.2366358
15          1          1 0.3248522 0.3580033 0.1057371 0.2366358 0.2366358
16          1          1 0.2708594 0.3059286 0.1057371 0.2366358 0.2366358
17          1          1 0.2799832 0.3203188 0.1057371 0.2366358 0.2366358
18          1          1 0.2573150 0.2936268 0.1057371 0.2366358 0.2366358
19          1          1 0.2333892 0.2661526 0.1057371 0.2366358 0.2366358
20          1          1 0.3436435 0.3955369 0.1057371 0.2366358 0.2366358
21          1          1 0.4604747 0.5405772 0.1057371 0.1639143 0.2366358
22          1          1 0.3289695 0.3862221 0.1057371 0.2366358 0.2366358
23          1          1 0.2961934 0.3358187 0.1057371 0.2366358 0.2366358
24          1          1 0.3250836 0.3633952 0.1057371 0.2366358 0.2366358
25          1          1 0.3155025 0.3532557 0.1057371 0.2366358 0.2366358
26          1          1 0.2874717 0.3238948 0.1057371 0.2366358 0.2366358
27          1          1 0.3571769 0.4290782 0.1057371 0.2220915 0.2366358
28          1          1 0.2023849 0.2247654 0.1057371 0.2366358 0.2366358
29          1          1 0.4140829 0.5021163 0.1057371 0.2366358 0.2366358
30          0          0 0.2606760 0.2988644 0.1057371 0.2075472 0.2366358
31          0          1 0.3198157 0.3825442 0.1057371 0.2366358 0.2366358
32          1          1 0.4666932 0.5266503 0.1057371 0.2366358 0.2366358
33          1          1 0.2912140 0.3401993 0.1057371 0.2366358 0.2366358
34          1          1 0.2956307 0.3361686 0.1057371 0.2366358 0.2366358
35          1          1 0.2057429 0.2331088 0.1057371 0.2366358 0.2366358
36          1          1 0.2944626 0.3274079 0.1057371 0.2366358 0.2366358
37          1          1 0.2448006 0.2731710 0.1057371 0.2075472 0.2366358
38          1          1 0.2523745 0.2902518 0.1057371 0.2220915 0.2366358
39          1          1 0.1746844 0.1954589 0.1057371 0.2366358 0.2366358
40          0          1 0.2345800 0.2604543 0.1057371 0.2366358 0.2366358
