
Due to MODULEPATH changes, the following have been reloaded:
  1) mii/1.1.2

The following have been reloaded with a version change:
  1) StdEnv/2023 => StdEnv/2020           5) libfabric/1.18.0 => libfabric/1.10.1
  2) gcccore/.12.3 => gcccore/.9.3.0      6) openmpi/4.1.5 => openmpi/4.0.3
  3) gentoo/2023 => gentoo/2020           7) ucx/1.14.1 => ucx/1.8.0
  4) imkl/2023.2.0 => imkl/2020.1.217

Loading required package: iterators
Loading required package: parallel

Attaching package: ‘expm’

The following object is masked from ‘package:Matrix’:

    expm

Time difference of 42.45728 mins
   is.cover90 is.cover95     SCB90     SCB95  hr.lower    hr.opt  hr.upper
1           1          1 0.3354447 0.3764674 0.1057371 0.2220915 0.2366358
2           1          1 0.3403344 0.3938553 0.1057371 0.2366358 0.2366358
3           1          1 0.3114024 0.3547017 0.1057371 0.2366358 0.2366358
4           1          1 0.3436081 0.3879251 0.1057371 0.2366358 0.2366358
5           1          1 0.3251994 0.3594997 0.1057371 0.1348257 0.2366358
6           0          0 0.2900834 0.3318431 0.1057371 0.1784586 0.2366358
7           1          1 0.2346585 0.2644582 0.1057371 0.2366358 0.2366358
8           1          1 0.3517532 0.3958121 0.1057371 0.2366358 0.2366358
9           1          1 0.3877314 0.4389068 0.1057371 0.2366358 0.2366358
10          1          1 0.3051575 0.3549444 0.1057371 0.2366358 0.2366358
11          1          1 0.2722222 0.3087352 0.1057371 0.1202814 0.2366358
12          1          1 0.2728944 0.3063438 0.1057371 0.2366358 0.2366358
13          1          1 0.2670311 0.3006484 0.1057371 0.2366358 0.2366358
14          1          1 0.2622223 0.2925245 0.1057371 0.2366358 0.2366358
15          1          1 0.2521281 0.2859757 0.1057371 0.2366358 0.2366358
16          1          1 0.2676104 0.3013982 0.1057371 0.2366358 0.2366358
17          1          1 0.3493157 0.4009274 0.1057371 0.2366358 0.2366358
18          1          1 0.3366585 0.3820479 0.1057371 0.2220915 0.2366358
19          1          1 0.3110697 0.3667632 0.1057371 0.2366358 0.2366358
20          1          1 0.2162877 0.2450870 0.1057371 0.2366358 0.2366358
21          1          1 0.3492594 0.3995354 0.1057371 0.2366358 0.2366358
22          1          1 0.2873253 0.3315779 0.1057371 0.2366358 0.2366358
23          1          1 0.2147104 0.2441469 0.1057371 0.2366358 0.2366358
24          1          1 0.3053958 0.3460700 0.1057371 0.2366358 0.2366358
25          1          1 0.3415636 0.3837896 0.1057371 0.2366358 0.2366358
26          1          1 0.3671566 0.4209955 0.1057371 0.2366358 0.2366358
27          1          1 0.2658535 0.2992396 0.1057371 0.2366358 0.2366358
28          1          1 0.2418366 0.2686311 0.1057371 0.2366358 0.2366358
29          1          1 0.3038080 0.3476442 0.1057371 0.2366358 0.2366358
30          0          0 0.1925055 0.2169268 0.1057371 0.2366358 0.2366358
31          1          1 0.2383964 0.2691344 0.1057371 0.2366358 0.2366358
32          1          1 0.2324287 0.2566567 0.1057371 0.2366358 0.2366358
33          1          1 0.3794001 0.4348816 0.1057371 0.2366358 0.2366358
34          1          1 0.2128405 0.2441471 0.1057371 0.2366358 0.2366358
35          1          1 0.4072397 0.4738617 0.1057371 0.1784586 0.2366358
36          1          1 0.2595753 0.2913488 0.1057371 0.2366358 0.2366358
37          1          1 0.2588301 0.3013551 0.1057371 0.2366358 0.2366358
38          1          1 0.3198952 0.3552570 0.1057371 0.2366358 0.2366358
39          1          1 0.2775027 0.3100255 0.1057371 0.2366358 0.2366358
40          1          1 0.3622818 0.4200014 0.1057371 0.2366358 0.2366358
