
Due to MODULEPATH changes, the following have been reloaded:
  1) mii/1.1.2

The following have been reloaded with a version change:
  1) StdEnv/2023 => StdEnv/2020           5) libfabric/1.18.0 => libfabric/1.10.1
  2) gcccore/.12.3 => gcccore/.9.3.0      6) openmpi/4.1.5 => openmpi/4.0.3
  3) gentoo/2023 => gentoo/2020           7) ucx/1.14.1 => ucx/1.8.0
  4) imkl/2023.2.0 => imkl/2020.1.217

Loading required package: iterators
Loading required package: parallel

Attaching package: ‘expm’

The following object is masked from ‘package:Matrix’:

    expm

Time difference of 47.53722 mins
   is.cover90 is.cover95     SCB90     SCB95  hr.lower    hr.opt  hr.upper
1           1          1 0.4530324 0.5221957 0.1057371 0.2366358 0.2366358
2           0          1 0.1838235 0.2073686 0.1057371 0.2366358 0.2366358
3           1          1 0.3148182 0.3592192 0.1057371 0.2220915 0.2366358
4           1          1 0.3112538 0.3503359 0.1057371 0.2075472 0.2366358
5           1          1 0.2937447 0.3387227 0.1057371 0.2366358 0.2366358
6           1          1 0.3679785 0.4300399 0.1057371 0.2366358 0.2366358
7           1          1 0.3457757 0.4042874 0.1057371 0.2366358 0.2366358
8           0          0 0.2544230 0.2836402 0.1057371 0.2366358 0.2366358
9           1          1 0.3894125 0.4536425 0.1057371 0.2366358 0.2366358
10          1          1 0.3004767 0.3378768 0.1057371 0.2366358 0.2366358
11          1          1 0.3055391 0.3416212 0.1057371 0.2075472 0.2366358
12          1          1 0.2947536 0.3302361 0.1057371 0.2366358 0.2366358
13          0          1 0.2390592 0.2760436 0.1057371 0.2366358 0.2366358
14          1          1 0.2777345 0.3114772 0.1057371 0.2366358 0.2366358
15          1          1 0.3669345 0.4177250 0.1057371 0.2366358 0.2366358
16          0          1 0.1911327 0.2112652 0.1057371 0.2366358 0.2366358
17          1          1 0.3401879 0.3925352 0.1057371 0.2366358 0.2366358
18          1          1 0.2628033 0.2966145 0.1057371 0.2366358 0.2366358
19          1          1 0.3398556 0.4038116 0.1057371 0.2366358 0.2366358
20          1          1 0.2918899 0.3309699 0.1057371 0.2366358 0.2366358
21          1          1 0.3760358 0.4336994 0.1057371 0.2366358 0.2366358
22          1          1 0.2863561 0.3278190 0.1057371 0.2366358 0.2366358
23          1          1 0.3438121 0.3903554 0.1057371 0.2366358 0.2366358
24          1          1 0.2251441 0.2543102 0.1057371 0.2366358 0.2366358
25          1          1 0.3255138 0.3572443 0.1057371 0.2366358 0.2366358
26          1          1 0.2793365 0.3230165 0.1057371 0.2366358 0.2366358
27          1          1 0.2347378 0.2690896 0.1057371 0.2366358 0.2366358
28          1          1 0.3791035 0.4350548 0.1057371 0.2366358 0.2366358
29          1          1 0.2445951 0.2820732 0.1057371 0.2366358 0.2366358
30          1          1 0.2617677 0.2990203 0.1057371 0.2366358 0.2366358
31          1          1 0.3287249 0.3711114 0.1057371 0.2366358 0.2366358
32          1          1 0.2949888 0.3332206 0.1057371 0.1639143 0.2366358
33          1          1 0.2906942 0.3242629 0.1057371 0.1784586 0.2366358
34          1          1 0.2860436 0.3213856 0.1057371 0.2366358 0.2366358
35          0          1 0.2555052 0.2851252 0.1057371 0.2366358 0.2366358
36          1          1 0.2026070 0.2266679 0.1057371 0.2366358 0.2366358
37          1          1 0.3374284 0.4026941 0.1057371 0.2075472 0.2366358
38          0          0 0.2597906 0.2863723 0.1057371 0.2366358 0.2366358
39          1          1 0.3269095 0.3738723 0.1057371 0.2366358 0.2366358
40          1          1 0.4508465 0.5285989 0.1057371 0.1930029 0.2366358
