
Due to MODULEPATH changes, the following have been reloaded:
  1) mii/1.1.2

The following have been reloaded with a version change:
  1) StdEnv/2023 => StdEnv/2020           5) libfabric/1.18.0 => libfabric/1.10.1
  2) gcccore/.12.3 => gcccore/.9.3.0      6) openmpi/4.1.5 => openmpi/4.0.3
  3) gentoo/2023 => gentoo/2020           7) ucx/1.14.1 => ucx/1.8.0
  4) imkl/2023.2.0 => imkl/2020.1.217

Loading required package: iterators
Loading required package: parallel

Attaching package: ‘expm’

The following object is masked from ‘package:Matrix’:

    expm

Time difference of 40.44301 mins
   is.cover90 is.cover95     SCB90     SCB95  hr.lower    hr.opt  hr.upper
1           1          1 0.3160396 0.3597254 0.1057371 0.2366358 0.2366358
2           1          1 0.2449293 0.2798949 0.1057371 0.2366358 0.2366358
3           1          1 0.2910584 0.3246024 0.1057371 0.2366358 0.2366358
4           0          0 0.2201459 0.2475590 0.1057371 0.2366358 0.2366358
5           1          1 0.2364401 0.2685704 0.1057371 0.2366358 0.2366358
6           0          1 0.1854989 0.2091388 0.1057371 0.2366358 0.2366358
7           1          1 0.2934596 0.3297548 0.1057371 0.2366358 0.2366358
8           1          1 0.3191000 0.3653117 0.1057371 0.2366358 0.2366358
9           1          1 0.3703410 0.4379290 0.1057371 0.2366358 0.2366358
10          1          1 0.2603523 0.2913764 0.1057371 0.2366358 0.2366358
11          1          1 0.2937045 0.3267041 0.1057371 0.2366358 0.2366358
12          1          1 0.3490644 0.3982748 0.1057371 0.2366358 0.2366358
13          1          1 0.3144997 0.3616056 0.1057371 0.2366358 0.2366358
14          1          1 0.2164339 0.2394313 0.1057371 0.2366358 0.2366358
15          1          1 0.3332495 0.3785306 0.1057371 0.2366358 0.2366358
16          1          1 0.2654822 0.2988046 0.1057371 0.2366358 0.2366358
17          1          1 0.2858253 0.3243800 0.1057371 0.2366358 0.2366358
18          1          1 0.2860486 0.3369793 0.1057371 0.2366358 0.2366358
19          1          1 0.3655221 0.4065304 0.1057371 0.2366358 0.2366358
20          1          1 0.3868646 0.4318488 0.1057371 0.2366358 0.2366358
21          1          1 0.2366833 0.2707880 0.1057371 0.2220915 0.2366358
22          1          1 0.2883027 0.3402625 0.1057371 0.2366358 0.2366358
23          1          1 0.1986663 0.2295746 0.1057371 0.2366358 0.2366358
24          1          1 0.2404069 0.2721043 0.1057371 0.2366358 0.2366358
25          0          1 0.3142734 0.3679461 0.1057371 0.2366358 0.2366358
26          1          1 0.2707559 0.3084559 0.1057371 0.2366358 0.2366358
27          1          1 0.2550280 0.2899890 0.1057371 0.2366358 0.2366358
28          1          1 0.3114372 0.3518966 0.1057371 0.1784586 0.2366358
29          0          0 0.2635998 0.2963555 0.1057371 0.2366358 0.2366358
30          1          1 0.2766683 0.3171999 0.1057371 0.2366358 0.2366358
31          1          1 0.2268759 0.2590527 0.1057371 0.2366358 0.2366358
32          1          1 0.2996822 0.3388568 0.1057371 0.2366358 0.2366358
33          1          1 0.2362077 0.2752552 0.1057371 0.2366358 0.2366358
34          1          1 0.2610401 0.2923974 0.1057371 0.2366358 0.2366358
35          1          1 0.3260400 0.3600525 0.1057371 0.2366358 0.2366358
36          1          1 0.3283767 0.3752554 0.1057371 0.2366358 0.2366358
37          1          1 0.3910621 0.4602947 0.1057371 0.2366358 0.2366358
38          1          1 0.3911694 0.4601579 0.1057371 0.2366358 0.2366358
39          1          1 0.3621260 0.4231350 0.1057371 0.2366358 0.2366358
40          1          1 0.2754094 0.3094365 0.1057371 0.2366358 0.2366358
