
Due to MODULEPATH changes, the following have been reloaded:
  1) mii/1.1.2

The following have been reloaded with a version change:
  1) StdEnv/2023 => StdEnv/2020           5) libfabric/1.18.0 => libfabric/1.10.1
  2) gcccore/.12.3 => gcccore/.9.3.0      6) openmpi/4.1.5 => openmpi/4.0.3
  3) gentoo/2023 => gentoo/2020           7) ucx/1.14.1 => ucx/1.8.0
  4) imkl/2023.2.0 => imkl/2020.1.217

Loading required package: iterators
Loading required package: parallel

Attaching package: ‘expm’

The following object is masked from ‘package:Matrix’:

    expm

Time difference of 43.84298 mins
   is.cover90 is.cover95     SCB90     SCB95  hr.lower    hr.opt  hr.upper
1           1          1 0.3336548 0.3887761 0.1057371 0.2366358 0.2366358
2           0          1 0.2537981 0.2912098 0.1057371 0.2366358 0.2366358
3           1          1 0.3143030 0.3540755 0.1057371 0.2366358 0.2366358
4           1          1 0.3419721 0.3891737 0.1057371 0.2220915 0.2366358
5           1          1 0.2588990 0.2869084 0.1057371 0.2366358 0.2366358
6           0          0 0.1968403 0.2236934 0.1057371 0.2366358 0.2366358
7           1          1 0.2381174 0.2679336 0.1057371 0.2366358 0.2366358
8           0          0 0.2285405 0.2570763 0.1057371 0.2366358 0.2366358
9           1          1 0.3047601 0.3553830 0.1057371 0.2366358 0.2366358
10          1          1 0.2767725 0.3136585 0.1057371 0.2366358 0.2366358
11          1          1 0.2233406 0.2526912 0.1057371 0.2366358 0.2366358
12          0          1 0.2530440 0.2864367 0.1057371 0.2366358 0.2366358
13          1          1 0.2790528 0.3146354 0.1057371 0.2366358 0.2366358
14          1          1 0.3018502 0.3458564 0.1057371 0.2366358 0.2366358
15          1          1 0.2904752 0.3319522 0.1057371 0.2366358 0.2366358
16          1          1 0.3016652 0.3425011 0.1057371 0.2366358 0.2366358
17          1          1 0.3831224 0.4371316 0.1057371 0.2366358 0.2366358
18          1          1 0.2631912 0.2953807 0.1057371 0.2366358 0.2366358
19          1          1 0.3199720 0.3655710 0.1057371 0.2366358 0.2366358
20          1          1 0.3154311 0.3610556 0.1057371 0.1784586 0.2366358
21          1          1 0.2755385 0.3129524 0.1057371 0.2366358 0.2366358
22          1          1 0.2890824 0.3273157 0.1057371 0.2366358 0.2366358
23          1          1 0.2601921 0.2944217 0.1057371 0.2366358 0.2366358
24          1          1 0.3191756 0.3572868 0.1057371 0.2366358 0.2366358
25          1          1 0.3421143 0.3784971 0.1057371 0.2366358 0.2366358
26          1          1 0.2404389 0.2652693 0.1057371 0.2366358 0.2366358
27          1          1 0.2758060 0.3251781 0.1057371 0.2220915 0.2366358
28          1          1 0.3021919 0.3387214 0.1057371 0.1930029 0.2366358
29          1          1 0.2784425 0.3123064 0.1057371 0.2366358 0.2366358
30          1          1 0.2994018 0.3421617 0.1057371 0.1930029 0.2366358
31          1          1 0.2227339 0.2502256 0.1057371 0.2366358 0.2366358
32          1          1 0.3067910 0.3538953 0.1057371 0.2366358 0.2366358
33          1          1 0.2968253 0.3346146 0.1057371 0.2366358 0.2366358
34          1          1 0.2717674 0.3032481 0.1057371 0.2075472 0.2366358
35          0          0 0.2178314 0.2497722 0.1057371 0.2366358 0.2366358
36          1          1 0.3395799 0.4010032 0.1057371 0.2366358 0.2366358
37          1          1 0.2261414 0.2559268 0.1057371 0.2366358 0.2366358
38          1          1 0.3851167 0.4479833 0.1057371 0.2366358 0.2366358
39          1          1 0.3883373 0.4403670 0.1057371 0.2366358 0.2366358
40          1          1 0.2014808 0.2376255 0.1057371 0.2366358 0.2366358
