
Due to MODULEPATH changes, the following have been reloaded:
  1) mii/1.1.2

The following have been reloaded with a version change:
  1) StdEnv/2023 => StdEnv/2020           5) libfabric/1.18.0 => libfabric/1.10.1
  2) gcccore/.12.3 => gcccore/.9.3.0      6) openmpi/4.1.5 => openmpi/4.0.3
  3) gentoo/2023 => gentoo/2020           7) ucx/1.14.1 => ucx/1.8.0
  4) imkl/2023.2.0 => imkl/2020.1.217

Loading required package: iterators
Loading required package: parallel

Attaching package: ‘expm’

The following object is masked from ‘package:Matrix’:

    expm

Time difference of 56.61355 mins
   is.cover90 is.cover95     SCB90     SCB95  hr.lower    hr.opt  hr.upper
1           1          1 0.2455184 0.2772103 0.1057371 0.2366358 0.2366358
2           1          1 0.3128349 0.3497623 0.1057371 0.2366358 0.2366358
3           1          1 0.2867483 0.3292271 0.1057371 0.2366358 0.2366358
4           1          1 0.2753350 0.3064739 0.1057371 0.2366358 0.2366358
5           1          1 0.3485895 0.3978268 0.1057371 0.2366358 0.2366358
6           1          1 0.2792454 0.3113258 0.1057371 0.1639143 0.2366358
7           1          1 0.2709080 0.3034956 0.1057371 0.2366358 0.2366358
8           1          1 0.2774970 0.3250329 0.1057371 0.2366358 0.2366358
9           1          1 0.3478882 0.4178249 0.1057371 0.2366358 0.2366358
10          1          1 0.2696972 0.3013056 0.1057371 0.2366358 0.2366358
11          1          1 0.3147524 0.3526190 0.1057371 0.2366358 0.2366358
12          1          1 0.3000233 0.3434969 0.1057371 0.2220915 0.2366358
13          1          1 0.2921309 0.3391533 0.1057371 0.2366358 0.2366358
14          1          1 0.2377061 0.2661726 0.1057371 0.2366358 0.2366358
15          1          1 0.2374382 0.2652048 0.1057371 0.2366358 0.2366358
16          1          1 0.2405102 0.2705673 0.1057371 0.2366358 0.2366358
17          0          0 0.2013963 0.2351059 0.1057371 0.2366358 0.2366358
18          0          1 0.1940561 0.2201710 0.1057371 0.2366358 0.2366358
19          1          1 0.2635174 0.2938809 0.1057371 0.2366358 0.2366358
20          1          1 0.2939415 0.3228070 0.1057371 0.2366358 0.2366358
21          1          1 0.4192701 0.4956179 0.1057371 0.2366358 0.2366358
22          1          1 0.3865753 0.4597300 0.1057371 0.2366358 0.2366358
23          1          1 0.3380914 0.3846270 0.1057371 0.2366358 0.2366358
24          0          0 0.2738445 0.3040567 0.1057371 0.2366358 0.2366358
25          1          1 0.2375220 0.2700507 0.1057371 0.2366358 0.2366358
26          1          1 0.1879927 0.2145535 0.1057371 0.2366358 0.2366358
27          1          1 0.2449690 0.2752812 0.1057371 0.2220915 0.2366358
28          1          1 0.2092982 0.2386693 0.1057371 0.2366358 0.2366358
29          1          1 0.3682513 0.4321078 0.1057371 0.2366358 0.2366358
30          1          1 0.2879270 0.3309908 0.1057371 0.2366358 0.2366358
31          1          1 0.2832188 0.3267065 0.1057371 0.2366358 0.2366358
32          1          1 0.3039108 0.3517278 0.1057371 0.2366358 0.2366358
33          1          1 0.3483394 0.3995408 0.1057371 0.1930029 0.2366358
34          1          1 0.3065042 0.3613118 0.1057371 0.2366358 0.2366358
35          1          1 0.2502520 0.2816156 0.1057371 0.2366358 0.2366358
36          1          1 0.2514102 0.2855969 0.1057371 0.2366358 0.2366358
37          1          1 0.1990990 0.2214699 0.1057371 0.2366358 0.2366358
38          1          1 0.2584110 0.2871666 0.1057371 0.2366358 0.2366358
39          1          1 0.2770563 0.3059322 0.1057371 0.2366358 0.2366358
40          1          1 0.2861763 0.3210980 0.1057371 0.2366358 0.2366358
