
Due to MODULEPATH changes, the following have been reloaded:
  1) mii/1.1.2

The following have been reloaded with a version change:
  1) StdEnv/2023 => StdEnv/2020           5) libfabric/1.18.0 => libfabric/1.10.1
  2) gcccore/.12.3 => gcccore/.9.3.0      6) openmpi/4.1.5 => openmpi/4.0.3
  3) gentoo/2023 => gentoo/2020           7) ucx/1.14.1 => ucx/1.8.0
  4) imkl/2023.2.0 => imkl/2020.1.217

Batch index: 10
Model: a
Sample size: 300
Dimension: 9
Candidate vector: 10:100
Bandwidth: 0.05 0.1 0.15 0.2 0.25 0.3 0.35
Simulation: 40
Loading required package: iterators
Loading required package: parallel

Attaching package: ‘expm’

The following object is masked from ‘package:Matrix’:

    expm

Time difference of 25.56087 mins
    hr max_width90.zhou max_width95.zhou max_width90.zhou.m max_width95.zhou.m
1 0.05        0.4978212        0.5381189          0.4978212          0.5381189
  max_width90.zhou.iso max_width95.zhou.iso
1            0.4978212            0.5381189
Time difference of 25.78729 mins
   hr max_width90.zhou max_width95.zhou max_width90.zhou.m max_width95.zhou.m
2 0.1         0.543969         0.592975           0.543969           0.592975
  max_width90.zhou.iso max_width95.zhou.iso
2             0.543969             0.592975
Time difference of 26.57954 mins
    hr max_width90.zhou max_width95.zhou max_width90.zhou.m max_width95.zhou.m
3 0.15        0.5196427        0.5693386          0.5196427          0.5693386
  max_width90.zhou.iso max_width95.zhou.iso
3            0.5196427            0.5693386
Time difference of 26.12995 mins
   hr max_width90.zhou max_width95.zhou max_width90.zhou.m max_width95.zhou.m
4 0.2        0.4500819        0.4950795          0.4500819          0.4950795
  max_width90.zhou.iso max_width95.zhou.iso
4            0.4500819            0.4950795
Time difference of 25.89466 mins
    hr max_width90.zhou max_width95.zhou max_width90.zhou.m max_width95.zhou.m
5 0.25        0.3938586        0.4328574          0.3938586          0.4328574
  max_width90.zhou.iso max_width95.zhou.iso
5            0.3938586            0.4328574
Time difference of 25.59924 mins
   hr max_width90.zhou max_width95.zhou max_width90.zhou.m max_width95.zhou.m
6 0.3        0.3481397        0.3833914          0.3481397          0.3833914
  max_width90.zhou.iso max_width95.zhou.iso
6            0.3481397            0.3833914
Time difference of 24.98683 mins
    hr max_width90.zhou max_width95.zhou max_width90.zhou.m max_width95.zhou.m
7 0.35        0.3107745        0.3434624          0.3107745          0.3434624
  max_width90.zhou.iso max_width95.zhou.iso
7            0.3107745            0.3434624
