
Due to MODULEPATH changes, the following have been reloaded:
  1) mii/1.1.2

The following have been reloaded with a version change:
  1) StdEnv/2023 => StdEnv/2020           5) libfabric/1.18.0 => libfabric/1.10.1
  2) gcccore/.12.3 => gcccore/.9.3.0      6) openmpi/4.1.5 => openmpi/4.0.3
  3) gentoo/2023 => gentoo/2020           7) ucx/1.14.1 => ucx/1.8.0
  4) imkl/2023.2.0 => imkl/2020.1.217

Batch index: 1
Model: a
Sample size: 300
Dimension: 9
Candidate vector: 10:100
Bandwidth: 0.05 0.1 0.15 0.2 0.25 0.3 0.35
Simulation: 40
Loading required package: iterators
Loading required package: parallel

Attaching package: ‘expm’

The following object is masked from ‘package:Matrix’:

    expm

Time difference of 24.90209 mins
    hr max_width90.zhou max_width95.zhou max_width90.zhou.m max_width95.zhou.m
1 0.05        0.4877526         0.527091          0.4877526           0.527091
  max_width90.zhou.iso max_width95.zhou.iso
1            0.4877526             0.527091
Time difference of 25.09862 mins
   hr max_width90.zhou max_width95.zhou max_width90.zhou.m max_width95.zhou.m
2 0.1        0.5349628        0.5820348          0.5349628          0.5820348
  max_width90.zhou.iso max_width95.zhou.iso
2            0.5349628            0.5820348
Time difference of 24.31737 mins
    hr max_width90.zhou max_width95.zhou max_width90.zhou.m max_width95.zhou.m
3 0.15         0.518329        0.5676841           0.518329          0.5676841
  max_width90.zhou.iso max_width95.zhou.iso
3             0.518329            0.5676841
Time difference of 24.78019 mins
   hr max_width90.zhou max_width95.zhou max_width90.zhou.m max_width95.zhou.m
4 0.2        0.4506668        0.4953094          0.4506668          0.4953094
  max_width90.zhou.iso max_width95.zhou.iso
4            0.4506668            0.4953094
Time difference of 24.68007 mins
    hr max_width90.zhou max_width95.zhou max_width90.zhou.m max_width95.zhou.m
5 0.25        0.3963086        0.4356134          0.3963086          0.4356134
  max_width90.zhou.iso max_width95.zhou.iso
5            0.3963086            0.4356134
Time difference of 24.84704 mins
   hr max_width90.zhou max_width95.zhou max_width90.zhou.m max_width95.zhou.m
6 0.3         0.350689        0.3870743           0.350689          0.3870743
  max_width90.zhou.iso max_width95.zhou.iso
6             0.350689            0.3870743
Time difference of 24.82523 mins
    hr max_width90.zhou max_width95.zhou max_width90.zhou.m max_width95.zhou.m
7 0.35        0.3126041        0.3447502          0.3126041          0.3447502
  max_width90.zhou.iso max_width95.zhou.iso
7            0.3126041            0.3447502
