
Due to MODULEPATH changes, the following have been reloaded:
  1) mii/1.1.2

The following have been reloaded with a version change:
  1) StdEnv/2023 => StdEnv/2020           5) libfabric/1.18.0 => libfabric/1.10.1
  2) gcccore/.12.3 => gcccore/.9.3.0      6) openmpi/4.1.5 => openmpi/4.0.3
  3) gentoo/2023 => gentoo/2020           7) ucx/1.14.1 => ucx/1.8.0
  4) imkl/2023.2.0 => imkl/2020.1.217

Batch index: 5
Model: a
Sample size: 300
Dimension: 9
Candidate vector: 10:100
Bandwidth: 0.05 0.1 0.15 0.2 0.25 0.3 0.35
Simulation: 40
Loading required package: iterators
Loading required package: parallel

Attaching package: ‘expm’

The following object is masked from ‘package:Matrix’:

    expm

Time difference of 26.4133 mins
    hr max_width90.zhou max_width95.zhou max_width90.zhou.m max_width95.zhou.m
1 0.05        0.4902208        0.5280847          0.4902208          0.5280847
  max_width90.zhou.iso max_width95.zhou.iso
1            0.4902208            0.5280847
Time difference of 27.89042 mins
   hr max_width90.zhou max_width95.zhou max_width90.zhou.m max_width95.zhou.m
2 0.1        0.5405007        0.5903012          0.5405007          0.5903012
  max_width90.zhou.iso max_width95.zhou.iso
2            0.5405007            0.5903012
Time difference of 28.22619 mins
    hr max_width90.zhou max_width95.zhou max_width90.zhou.m max_width95.zhou.m
3 0.15        0.5225474        0.5751154          0.5225474          0.5751154
  max_width90.zhou.iso max_width95.zhou.iso
3            0.5225474            0.5751154
Time difference of 26.92101 mins
   hr max_width90.zhou max_width95.zhou max_width90.zhou.m max_width95.zhou.m
4 0.2        0.4602524         0.507143          0.4602524           0.507143
  max_width90.zhou.iso max_width95.zhou.iso
4            0.4602524             0.507143
Time difference of 29.39243 mins
    hr max_width90.zhou max_width95.zhou max_width90.zhou.m max_width95.zhou.m
5 0.25        0.4038234         0.446385          0.4038234           0.446385
  max_width90.zhou.iso max_width95.zhou.iso
5            0.4038234             0.446385
Time difference of 30.68005 mins
   hr max_width90.zhou max_width95.zhou max_width90.zhou.m max_width95.zhou.m
6 0.3        0.3565327        0.3941501          0.3565327          0.3941501
  max_width90.zhou.iso max_width95.zhou.iso
6            0.3565327            0.3941501
Time difference of 30.4939 mins
    hr max_width90.zhou max_width95.zhou max_width90.zhou.m max_width95.zhou.m
7 0.35        0.3156888        0.3496443          0.3156888          0.3496443
  max_width90.zhou.iso max_width95.zhou.iso
7            0.3156888            0.3496443
