
Due to MODULEPATH changes, the following have been reloaded:
  1) mii/1.1.2

The following have been reloaded with a version change:
  1) StdEnv/2023 => StdEnv/2020           5) libfabric/1.18.0 => libfabric/1.10.1
  2) gcccore/.12.3 => gcccore/.9.3.0      6) openmpi/4.1.5 => openmpi/4.0.3
  3) gentoo/2023 => gentoo/2020           7) ucx/1.14.1 => ucx/1.8.0
  4) imkl/2023.2.0 => imkl/2020.1.217

Batch index: 9
Model: a
Sample size: 300
Dimension: 9
Candidate vector: 10:100
Bandwidth: 0.05 0.1 0.15 0.2 0.25 0.3 0.35
Simulation: 40
Loading required package: iterators
Loading required package: parallel

Attaching package: ‘expm’

The following object is masked from ‘package:Matrix’:

    expm

Time difference of 26.86941 mins
    hr max_width90.zhou max_width95.zhou max_width90.zhou.m max_width95.zhou.m
1 0.05        0.4939928        0.5349469          0.4939928          0.5349469
  max_width90.zhou.iso max_width95.zhou.iso
1            0.4939928            0.5349469
Time difference of 26.58772 mins
   hr max_width90.zhou max_width95.zhou max_width90.zhou.m max_width95.zhou.m
2 0.1        0.5414248        0.5913636          0.5414248          0.5913636
  max_width90.zhou.iso max_width95.zhou.iso
2            0.5414248            0.5913636
Time difference of 27.80325 mins
    hr max_width90.zhou max_width95.zhou max_width90.zhou.m max_width95.zhou.m
3 0.15        0.5205344        0.5711987          0.5205344          0.5711987
  max_width90.zhou.iso max_width95.zhou.iso
3            0.5205344            0.5711987
Time difference of 26.66981 mins
   hr max_width90.zhou max_width95.zhou max_width90.zhou.m max_width95.zhou.m
4 0.2        0.4562305        0.5032382          0.4562305          0.5032382
  max_width90.zhou.iso max_width95.zhou.iso
4            0.4562305            0.5032382
Time difference of 26.74326 mins
    hr max_width90.zhou max_width95.zhou max_width90.zhou.m max_width95.zhou.m
5 0.25        0.3948716        0.4347085          0.3948716          0.4347085
  max_width90.zhou.iso max_width95.zhou.iso
5            0.3948716            0.4347085
Time difference of 26.76906 mins
   hr max_width90.zhou max_width95.zhou max_width90.zhou.m max_width95.zhou.m
6 0.3        0.3454548        0.3815869          0.3454548          0.3815869
  max_width90.zhou.iso max_width95.zhou.iso
6            0.3454548            0.3815869
Time difference of 26.72917 mins
    hr max_width90.zhou max_width95.zhou max_width90.zhou.m max_width95.zhou.m
7 0.35        0.3074729        0.3409232          0.3074729          0.3409232
  max_width90.zhou.iso max_width95.zhou.iso
7            0.3074729            0.3409232
