
Due to MODULEPATH changes, the following have been reloaded:
  1) mii/1.1.2

The following have been reloaded with a version change:
  1) StdEnv/2023 => StdEnv/2020           5) libfabric/1.18.0 => libfabric/1.10.1
  2) gcccore/.12.3 => gcccore/.9.3.0      6) openmpi/4.1.5 => openmpi/4.0.3
  3) gentoo/2023 => gentoo/2020           7) ucx/1.14.1 => ucx/1.8.0
  4) imkl/2023.2.0 => imkl/2020.1.217

Batch index: 2
Model: a
Sample size: 300
Dimension: 9
Candidate vector: 10:100
Bandwidth: 0.05 0.1 0.15 0.2 0.25 0.3 0.35
Simulation: 40
Loading required package: iterators
Loading required package: parallel

Attaching package: ‘expm’

The following object is masked from ‘package:Matrix’:

    expm

Time difference of 25.49343 mins
    hr max_width90.zhou max_width95.zhou max_width90.zhou.m max_width95.zhou.m
1 0.05        0.4996073        0.5412944          0.4996073          0.5412944
  max_width90.zhou.iso max_width95.zhou.iso
1            0.4996073            0.5412944
Time difference of 25.36144 mins
   hr max_width90.zhou max_width95.zhou max_width90.zhou.m max_width95.zhou.m
2 0.1        0.5383232        0.5866946          0.5383232          0.5866946
  max_width90.zhou.iso max_width95.zhou.iso
2            0.5383232            0.5866946
Time difference of 25.50313 mins
    hr max_width90.zhou max_width95.zhou max_width90.zhou.m max_width95.zhou.m
3 0.15        0.5259426          0.57793          0.5259426            0.57793
  max_width90.zhou.iso max_width95.zhou.iso
3            0.5259426              0.57793
Time difference of 25.39752 mins
   hr max_width90.zhou max_width95.zhou max_width90.zhou.m max_width95.zhou.m
4 0.2         0.455159         0.500477           0.455159           0.500477
  max_width90.zhou.iso max_width95.zhou.iso
4             0.455159             0.500477
Time difference of 25.5249 mins
    hr max_width90.zhou max_width95.zhou max_width90.zhou.m max_width95.zhou.m
5 0.25        0.3964109        0.4360343          0.3964109          0.4360343
  max_width90.zhou.iso max_width95.zhou.iso
5            0.3964109            0.4360343
Time difference of 25.42557 mins
   hr max_width90.zhou max_width95.zhou max_width90.zhou.m max_width95.zhou.m
6 0.3        0.3514016        0.3861377          0.3514016          0.3861377
  max_width90.zhou.iso max_width95.zhou.iso
6            0.3514016            0.3861377
Time difference of 25.40591 mins
    hr max_width90.zhou max_width95.zhou max_width90.zhou.m max_width95.zhou.m
7 0.35        0.3136617        0.3470671          0.3136617          0.3470671
  max_width90.zhou.iso max_width95.zhou.iso
7            0.3136617            0.3470671
