
Due to MODULEPATH changes, the following have been reloaded:
  1) mii/1.1.2

The following have been reloaded with a version change:
  1) StdEnv/2023 => StdEnv/2020           5) libfabric/1.18.0 => libfabric/1.10.1
  2) gcccore/.12.3 => gcccore/.9.3.0      6) openmpi/4.1.5 => openmpi/4.0.3
  3) gentoo/2023 => gentoo/2020           7) ucx/1.14.1 => ucx/1.8.0
  4) imkl/2023.2.0 => imkl/2020.1.217

Batch index: 3
Model: a
Sample size: 300
Dimension: 9
Candidate vector: 10:100
Bandwidth: 0.05 0.1 0.15 0.2 0.25 0.3 0.35
Simulation: 40
Loading required package: iterators
Loading required package: parallel

Attaching package: ‘expm’

The following object is masked from ‘package:Matrix’:

    expm

Time difference of 25.08219 mins
    hr max_width90.zhou max_width95.zhou max_width90.zhou.m max_width95.zhou.m
1 0.05        0.4955147        0.5362804          0.4955147          0.5362804
  max_width90.zhou.iso max_width95.zhou.iso
1            0.4955147            0.5362804
Time difference of 25.52747 mins
   hr max_width90.zhou max_width95.zhou max_width90.zhou.m max_width95.zhou.m
2 0.1        0.5361943        0.5843325          0.5361943          0.5843325
  max_width90.zhou.iso max_width95.zhou.iso
2            0.5361943            0.5843325
Time difference of 24.94598 mins
    hr max_width90.zhou max_width95.zhou max_width90.zhou.m max_width95.zhou.m
3 0.15         0.522342        0.5717468           0.522342          0.5717468
  max_width90.zhou.iso max_width95.zhou.iso
3             0.522342            0.5717468
Time difference of 25.98182 mins
   hr max_width90.zhou max_width95.zhou max_width90.zhou.m max_width95.zhou.m
4 0.2        0.4548205        0.5016644          0.4548205          0.5016644
  max_width90.zhou.iso max_width95.zhou.iso
4            0.4548205            0.5016644
Time difference of 26.69558 mins
    hr max_width90.zhou max_width95.zhou max_width90.zhou.m max_width95.zhou.m
5 0.25        0.3975683        0.4382956          0.3975683          0.4382956
  max_width90.zhou.iso max_width95.zhou.iso
5            0.3975683            0.4382956
Time difference of 26.8056 mins
   hr max_width90.zhou max_width95.zhou max_width90.zhou.m max_width95.zhou.m
6 0.3         0.352158        0.3881321           0.352158          0.3881321
  max_width90.zhou.iso max_width95.zhou.iso
6             0.352158            0.3881321
Time difference of 27.25072 mins
    hr max_width90.zhou max_width95.zhou max_width90.zhou.m max_width95.zhou.m
7 0.35        0.3150312        0.3486038          0.3150312          0.3486038
  max_width90.zhou.iso max_width95.zhou.iso
7            0.3150312            0.3486038
