
Due to MODULEPATH changes, the following have been reloaded:
  1) mii/1.1.2

The following have been reloaded with a version change:
  1) StdEnv/2023 => StdEnv/2020           5) libfabric/1.18.0 => libfabric/1.10.1
  2) gcccore/.12.3 => gcccore/.9.3.0      6) openmpi/4.1.5 => openmpi/4.0.3
  3) gentoo/2023 => gentoo/2020           7) ucx/1.14.1 => ucx/1.8.0
  4) imkl/2023.2.0 => imkl/2020.1.217

Batch index: 6
Model: a
Sample size: 300
Dimension: 9
Candidate vector: 10:100
Bandwidth: 0.05 0.1 0.15 0.2 0.25 0.3 0.35
Simulation: 40
Loading required package: iterators
Loading required package: parallel

Attaching package: ‘expm’

The following object is masked from ‘package:Matrix’:

    expm

Time difference of 24.3933 mins
    hr max_width90.zhou max_width95.zhou max_width90.zhou.m max_width95.zhou.m
1 0.05        0.4989265        0.5411869          0.4989265          0.5411869
  max_width90.zhou.iso max_width95.zhou.iso
1            0.4989265            0.5411869
Time difference of 24.30444 mins
   hr max_width90.zhou max_width95.zhou max_width90.zhou.m max_width95.zhou.m
2 0.1        0.5488374        0.5993796          0.5488374          0.5993796
  max_width90.zhou.iso max_width95.zhou.iso
2            0.5488374            0.5993796
Time difference of 24.32504 mins
    hr max_width90.zhou max_width95.zhou max_width90.zhou.m max_width95.zhou.m
3 0.15        0.5315395        0.5821324          0.5315395          0.5821324
  max_width90.zhou.iso max_width95.zhou.iso
3            0.5315395            0.5821324
Time difference of 24.33919 mins
   hr max_width90.zhou max_width95.zhou max_width90.zhou.m max_width95.zhou.m
4 0.2        0.4661167        0.5122852          0.4661167          0.5122852
  max_width90.zhou.iso max_width95.zhou.iso
4            0.4661167            0.5122852
Time difference of 24.40314 mins
    hr max_width90.zhou max_width95.zhou max_width90.zhou.m max_width95.zhou.m
5 0.25        0.4058089        0.4489187          0.4058089          0.4489187
  max_width90.zhou.iso max_width95.zhou.iso
5            0.4058089            0.4489187
Time difference of 24.37274 mins
   hr max_width90.zhou max_width95.zhou max_width90.zhou.m max_width95.zhou.m
6 0.3        0.3540142        0.3915391          0.3540142          0.3915391
  max_width90.zhou.iso max_width95.zhou.iso
6            0.3540142            0.3915391
Time difference of 24.48931 mins
    hr max_width90.zhou max_width95.zhou max_width90.zhou.m max_width95.zhou.m
7 0.35        0.3125332        0.3473714          0.3125332          0.3473714
  max_width90.zhou.iso max_width95.zhou.iso
7            0.3125332            0.3473714
