
Due to MODULEPATH changes, the following have been reloaded:
  1) mii/1.1.2

The following have been reloaded with a version change:
  1) StdEnv/2023 => StdEnv/2020           5) libfabric/1.18.0 => libfabric/1.10.1
  2) gcccore/.12.3 => gcccore/.9.3.0      6) openmpi/4.1.5 => openmpi/4.0.3
  3) gentoo/2023 => gentoo/2020           7) ucx/1.14.1 => ucx/1.8.0
  4) imkl/2023.2.0 => imkl/2020.1.217

Batch index: 4
Model: a
Sample size: 300
Dimension: 9
Candidate vector: 10:100
Bandwidth: 0.05 0.1 0.15 0.2 0.25 0.3 0.35
Simulation: 40
Loading required package: iterators
Loading required package: parallel

Attaching package: ‘expm’

The following object is masked from ‘package:Matrix’:

    expm

Time difference of 24.17516 mins
    hr max_width90.zhou max_width95.zhou max_width90.zhou.m max_width95.zhou.m
1 0.05        0.4911989        0.5310462          0.4911989          0.5310462
  max_width90.zhou.iso max_width95.zhou.iso
1            0.4911989            0.5310462
Time difference of 24.14283 mins
   hr max_width90.zhou max_width95.zhou max_width90.zhou.m max_width95.zhou.m
2 0.1        0.5331225        0.5820615          0.5331225          0.5820615
  max_width90.zhou.iso max_width95.zhou.iso
2            0.5331225            0.5820615
Time difference of 23.92503 mins
    hr max_width90.zhou max_width95.zhou max_width90.zhou.m max_width95.zhou.m
3 0.15        0.5172197        0.5684471          0.5172197          0.5684471
  max_width90.zhou.iso max_width95.zhou.iso
3            0.5172197            0.5684471
Time difference of 23.89423 mins
   hr max_width90.zhou max_width95.zhou max_width90.zhou.m max_width95.zhou.m
4 0.2        0.4513235        0.4969006          0.4513235          0.4969006
  max_width90.zhou.iso max_width95.zhou.iso
4            0.4513235            0.4969006
Time difference of 23.82152 mins
    hr max_width90.zhou max_width95.zhou max_width90.zhou.m max_width95.zhou.m
5 0.25        0.3970043        0.4362479          0.3970043          0.4362479
  max_width90.zhou.iso max_width95.zhou.iso
5            0.3970043            0.4362479
Time difference of 23.72986 mins
   hr max_width90.zhou max_width95.zhou max_width90.zhou.m max_width95.zhou.m
6 0.3        0.3489518        0.3842984          0.3489518          0.3842984
  max_width90.zhou.iso max_width95.zhou.iso
6            0.3489518            0.3842984
Time difference of 23.67198 mins
    hr max_width90.zhou max_width95.zhou max_width90.zhou.m max_width95.zhou.m
7 0.35        0.3076108        0.3397059          0.3076108          0.3397059
  max_width90.zhou.iso max_width95.zhou.iso
7            0.3076108            0.3397059
