
Due to MODULEPATH changes, the following have been reloaded:
  1) mii/1.1.2

The following have been reloaded with a version change:
  1) StdEnv/2023 => StdEnv/2020           5) libfabric/1.18.0 => libfabric/1.10.1
  2) gcccore/.12.3 => gcccore/.9.3.0      6) openmpi/4.1.5 => openmpi/4.0.3
  3) gentoo/2023 => gentoo/2020           7) ucx/1.14.1 => ucx/1.8.0
  4) imkl/2023.2.0 => imkl/2020.1.217

Batch index: 6
Model: a
Sample size: 300
Dimension: 9
Candidate vector: 10:100
Bandwidth: 0.05 0.1 0.15 0.2 0.25 0.3 0.35
GCV: FALSE
Simulation: 40
Loading required package: iterators
Loading required package: parallel

Attaching package: ‘expm’

The following object is masked from ‘package:Matrix’:

    expm

Time difference of 39.80043 mins
    hr        hd is.cover90.hr is.cover95.hr is.cover90.hd is.cover95.hd
1 0.05 0.0485942          0.95             1         0.975             1
   SCB90.hr  SCB95.hr  SCB90.hd SCB95.hd
1 0.7111251 0.8022414 0.5207728 0.583912
Time difference of 42.61978 mins
   hr         hd is.cover90.hr is.cover95.hr is.cover90.hd is.cover95.hd
2 0.1 0.09718839          0.95         0.975         0.925         0.975
   SCB90.hr  SCB95.hr  SCB90.hd SCB95.hd
2 0.4733687 0.5275542 0.4179057  0.46613
Time difference of 45.0782 mins
    hr        hd is.cover90.hr is.cover95.hr is.cover90.hd is.cover95.hd
3 0.15 0.1457826          0.95         0.975          0.95             1
  SCB90.hr  SCB95.hr SCB90.hd  SCB95.hd
3 0.425996 0.4721998 0.384801 0.4287928
Time difference of 47.25918 mins
   hr        hd is.cover90.hr is.cover95.hr is.cover90.hd is.cover95.hd
4 0.2 0.1943768         0.875          0.95           0.9             1
   SCB90.hr  SCB95.hr  SCB90.hd  SCB95.hd
4 0.3809446 0.4242077 0.3457554 0.3854774
Time difference of 48.38335 mins
    hr        hd is.cover90.hr is.cover95.hr is.cover90.hd is.cover95.hd
5 0.25 0.2371262         0.875         0.975         0.875             1
  SCB90.hr  SCB95.hr  SCB90.hd  SCB95.hd
5 0.337336 0.3752244 0.3143672 0.3507819
Time difference of 46.78995 mins
   hr        hd is.cover90.hr is.cover95.hr is.cover90.hd is.cover95.hd
6 0.3 0.2231443         0.925         0.975         0.925             1
   SCB90.hr  SCB95.hr  SCB90.hd  SCB95.hd
6 0.3115258 0.3465437 0.3038704 0.3382587
Time difference of 47.53899 mins
    hr        hd is.cover90.hr is.cover95.hr is.cover90.hd is.cover95.hd
7 0.35 0.2466555         0.875             1         0.875             1
   SCB90.hr  SCB95.hr  SCB90.hd  SCB95.hd
7 0.2790162 0.3116098 0.2800484 0.3125777
