
Due to MODULEPATH changes, the following have been reloaded:
  1) mii/1.1.2

The following have been reloaded with a version change:
  1) StdEnv/2023 => StdEnv/2020           5) libfabric/1.18.0 => libfabric/1.10.1
  2) gcccore/.12.3 => gcccore/.9.3.0      6) openmpi/4.1.5 => openmpi/4.0.3
  3) gentoo/2023 => gentoo/2020           7) ucx/1.14.1 => ucx/1.8.0
  4) imkl/2023.2.0 => imkl/2020.1.217

Batch index: 7
Model: a
Sample size: 300
Dimension: 9
Candidate vector: 10:100
Bandwidth: 0.05 0.1 0.15 0.2 0.25 0.3 0.35
GCV: FALSE
Simulation: 40
Loading required package: iterators
Loading required package: parallel

Attaching package: ‘expm’

The following object is masked from ‘package:Matrix’:

    expm

Time difference of 42.06929 mins
    hr        hd is.cover90.hr is.cover95.hr is.cover90.hd is.cover95.hd
1 0.05 0.0485942         0.975             1             1             1
  SCB90.hr  SCB95.hr  SCB90.hd  SCB95.hd
1  0.66671 0.7513643 0.5168097 0.5823001
Time difference of 44.5365 mins
   hr         hd is.cover90.hr is.cover95.hr is.cover90.hd is.cover95.hd
2 0.1 0.09718839         0.925         0.975           0.9         0.975
   SCB90.hr  SCB95.hr  SCB90.hd  SCB95.hd
2 0.4532081 0.5026973 0.4012159 0.4464417
Time difference of 46.58523 mins
    hr        hd is.cover90.hr is.cover95.hr is.cover90.hd is.cover95.hd
3 0.15 0.1457826         0.925         0.975           0.9         0.975
   SCB90.hr  SCB95.hr  SCB90.hd SCB95.hd
3 0.4121639 0.4560773 0.3796544 0.423863
Time difference of 49.7093 mins
   hr        hd is.cover90.hr is.cover95.hr is.cover90.hd is.cover95.hd
4 0.2 0.1943768         0.875         0.975         0.875         0.925
   SCB90.hr  SCB95.hr  SCB90.hd  SCB95.hd
4 0.3711114 0.4093896 0.3444519 0.3833554
Time difference of 51.51507 mins
    hr        hd is.cover90.hr is.cover95.hr is.cover90.hd is.cover95.hd
5 0.25 0.2371262         0.875         0.925           0.9         0.925
   SCB90.hr  SCB95.hr  SCB90.hd  SCB95.hd
5 0.3315929 0.3673355 0.3135653 0.3492071
Time difference of 49.98611 mins
   hr        hd is.cover90.hr is.cover95.hr is.cover90.hd is.cover95.hd
6 0.3 0.2231443           0.9         0.925           0.9         0.925
   SCB90.hr  SCB95.hr  SCB90.hd  SCB95.hd
6 0.3070511 0.3397268 0.3015721 0.3344778
Time difference of 49.82119 mins
    hr        hd is.cover90.hr is.cover95.hr is.cover90.hd is.cover95.hd
7 0.35 0.2466555           0.9         0.925           0.9          0.95
   SCB90.hr  SCB95.hr SCB90.hd  SCB95.hd
7 0.2769173 0.3076224 0.277742 0.3083451
