
Due to MODULEPATH changes, the following have been reloaded:
  1) mii/1.1.2

The following have been reloaded with a version change:
  1) StdEnv/2023 => StdEnv/2020           5) libfabric/1.18.0 => libfabric/1.10.1
  2) gcccore/.12.3 => gcccore/.9.3.0      6) openmpi/4.1.5 => openmpi/4.0.3
  3) gentoo/2023 => gentoo/2020           7) ucx/1.14.1 => ucx/1.8.0
  4) imkl/2023.2.0 => imkl/2020.1.217

Batch index: 5
Model: a
Sample size: 300
Dimension: 9
Candidate vector: 10:100
Bandwidth: 0.05 0.1 0.15 0.2 0.25 0.3 0.35
GCV: FALSE
Simulation: 40
Loading required package: iterators
Loading required package: parallel

Attaching package: ‘expm’

The following object is masked from ‘package:Matrix’:

    expm

Time difference of 41.43294 mins
    hr        hd is.cover90.hr is.cover95.hr is.cover90.hd is.cover95.hd
1 0.05 0.0485942         0.925          0.95             1             1
   SCB90.hr SCB95.hr  SCB90.hd  SCB95.hd
1 0.6635088 0.740046 0.5045899 0.5657941
Time difference of 42.93662 mins
   hr         hd is.cover90.hr is.cover95.hr is.cover90.hd is.cover95.hd
2 0.1 0.09718839         0.975         0.975         0.975             1
   SCB90.hr  SCB95.hr SCB90.hd  SCB95.hd
2 0.4581023 0.5107423 0.404658 0.4513548
Time difference of 46.2061 mins
    hr        hd is.cover90.hr is.cover95.hr is.cover90.hd is.cover95.hd
3 0.15 0.1457826             1             1         0.925             1
  SCB90.hr  SCB95.hr  SCB90.hd  SCB95.hd
3  0.41947 0.4655134 0.3842706 0.4290355
Time difference of 48.86649 mins
   hr        hd is.cover90.hr is.cover95.hr is.cover90.hd is.cover95.hd
4 0.2 0.1943768             1             1          0.95             1
   SCB90.hr  SCB95.hr  SCB90.hd  SCB95.hd
4 0.3773487 0.4195747 0.3491667 0.3900855
Time difference of 49.33802 mins
    hr        hd is.cover90.hr is.cover95.hr is.cover90.hd is.cover95.hd
5 0.25 0.2371262          0.95             1         0.925             1
   SCB90.hr  SCB95.hr SCB90.hd  SCB95.hd
5 0.3364676 0.3744526 0.317428 0.3544654
Time difference of 48.83004 mins
   hr        hd is.cover90.hr is.cover95.hr is.cover90.hd is.cover95.hd
6 0.3 0.2231443           0.9             1         0.925         0.975
   SCB90.hr SCB95.hr  SCB90.hd  SCB95.hd
6 0.3139798 0.348574 0.3074691 0.3416797
Time difference of 47.78546 mins
    hr        hd is.cover90.hr is.cover95.hr is.cover90.hd is.cover95.hd
7 0.35 0.2466555         0.925          0.95         0.925         0.975
   SCB90.hr  SCB95.hr  SCB90.hd SCB95.hd
7 0.2819537 0.3138508 0.2828105   0.3149
