
Due to MODULEPATH changes, the following have been reloaded:
  1) mii/1.1.2

The following have been reloaded with a version change:
  1) StdEnv/2023 => StdEnv/2020           5) libfabric/1.18.0 => libfabric/1.10.1
  2) gcccore/.12.3 => gcccore/.9.3.0      6) openmpi/4.1.5 => openmpi/4.0.3
  3) gentoo/2023 => gentoo/2020           7) ucx/1.14.1 => ucx/1.8.0
  4) imkl/2023.2.0 => imkl/2020.1.217

Batch index: 1
Model: a
Sample size: 300
Dimension: 9
Candidate vector: 10:100
Bandwidth: 0.05 0.1 0.15 0.2 0.25 0.3 0.35
GCV: FALSE
Simulation: 40
Loading required package: iterators
Loading required package: parallel

Attaching package: ‘expm’

The following object is masked from ‘package:Matrix’:

    expm

Time difference of 41.60374 mins
    hr        hd is.cover90.hr is.cover95.hr is.cover90.hd is.cover95.hd
1 0.05 0.0485942             1             1             1             1
  SCB90.hr  SCB95.hr SCB90.hd  SCB95.hd
1 0.691849 0.7782334 0.520696 0.5845194
Time difference of 43.94015 mins
   hr         hd is.cover90.hr is.cover95.hr is.cover90.hd is.cover95.hd
2 0.1 0.09718839          0.95             1         0.925             1
   SCB90.hr  SCB95.hr  SCB90.hd  SCB95.hd
2 0.4552458 0.5045075 0.4033608 0.4483821
Time difference of 46.2292 mins
    hr        hd is.cover90.hr is.cover95.hr is.cover90.hd is.cover95.hd
3 0.15 0.1457826         0.925         0.975             1             1
   SCB90.hr SCB95.hr  SCB90.hd  SCB95.hd
3 0.4203713 0.463553 0.3873491 0.4308506
Time difference of 49.06881 mins
   hr        hd is.cover90.hr is.cover95.hr is.cover90.hd is.cover95.hd
4 0.2 0.1943768           0.9         0.975         0.925         0.975
   SCB90.hr  SCB95.hr  SCB90.hd  SCB95.hd
4 0.3731188 0.4131568 0.3442926 0.3839513
Time difference of 50.84333 mins
    hr        hd is.cover90.hr is.cover95.hr is.cover90.hd is.cover95.hd
5 0.25 0.2371262         0.975         0.975           0.9             1
   SCB90.hr  SCB95.hr  SCB90.hd  SCB95.hd
5 0.3329124 0.3681375 0.3110727 0.3456404
Time difference of 50.32379 mins
   hr        hd is.cover90.hr is.cover95.hr is.cover90.hd is.cover95.hd
6 0.3 0.2231443         0.975             1          0.95             1
  SCB90.hr  SCB95.hr  SCB90.hd  SCB95.hd
6  0.30901 0.3433462 0.3017202 0.3349749
Time difference of 50.48149 mins
    hr        hd is.cover90.hr is.cover95.hr is.cover90.hd is.cover95.hd
7 0.35 0.2466555          0.95             1          0.95             1
   SCB90.hr  SCB95.hr SCB90.hd  SCB95.hd
7 0.2769809 0.3069941 0.278039 0.3079761
