
Due to MODULEPATH changes, the following have been reloaded:
  1) mii/1.1.2

The following have been reloaded with a version change:
  1) StdEnv/2023 => StdEnv/2020           5) libfabric/1.18.0 => libfabric/1.10.1
  2) gcccore/.12.3 => gcccore/.9.3.0      6) openmpi/4.1.5 => openmpi/4.0.3
  3) gentoo/2023 => gentoo/2020           7) ucx/1.14.1 => ucx/1.8.0
  4) imkl/2023.2.0 => imkl/2020.1.217

Batch index: 2
Model: a
Sample size: 300
Dimension: 9
Candidate vector: 10:100
Bandwidth: 0.05 0.1 0.15 0.2 0.25 0.3 0.35
GCV: FALSE
Simulation: 40
Loading required package: iterators
Loading required package: parallel

Attaching package: ‘expm’

The following object is masked from ‘package:Matrix’:

    expm

Time difference of 40.97268 mins
    hr        hd is.cover90.hr is.cover95.hr is.cover90.hd is.cover95.hd
1 0.05 0.0485942             1             1             1             1
   SCB90.hr SCB95.hr  SCB90.hd SCB95.hd
1 0.6917341 0.781509 0.5089134 0.569211
Time difference of 43.50614 mins
   hr         hd is.cover90.hr is.cover95.hr is.cover90.hd is.cover95.hd
2 0.1 0.09718839          0.95         0.975         0.975         0.975
  SCB90.hr  SCB95.hr  SCB90.hd  SCB95.hd
2 0.464532 0.5195277 0.4112351 0.4619592
Time difference of 46.05207 mins
    hr        hd is.cover90.hr is.cover95.hr is.cover90.hd is.cover95.hd
3 0.15 0.1457826          0.95          0.95          0.95          0.95
   SCB90.hr  SCB95.hr  SCB90.hd  SCB95.hd
3 0.4207882 0.4672763 0.3923173 0.4378286
Time difference of 51.31698 mins
   hr        hd is.cover90.hr is.cover95.hr is.cover90.hd is.cover95.hd
4 0.2 0.1943768         0.925          0.95         0.825          0.95
   SCB90.hr  SCB95.hr SCB90.hd  SCB95.hd
4 0.3728735 0.4128191 0.350059 0.3894606
Time difference of 1.145466 hours
    hr        hd is.cover90.hr is.cover95.hr is.cover90.hd is.cover95.hd
5 0.25 0.2371262         0.875         0.925         0.825          0.95
   SCB90.hr  SCB95.hr  SCB90.hd  SCB95.hd
5 0.3306091 0.3658136 0.3130033 0.3479615
Time difference of 1.125988 hours
   hr        hd is.cover90.hr is.cover95.hr is.cover90.hd is.cover95.hd
6 0.3 0.2231443          0.85           0.9           0.9         0.925
   SCB90.hr  SCB95.hr  SCB90.hd  SCB95.hd
6 0.3088683 0.3415195 0.3029444 0.3354463
Time difference of 1.089939 hours
    hr        hd is.cover90.hr is.cover95.hr is.cover90.hd is.cover95.hd
7 0.35 0.2466555           0.9           0.9           0.9           0.9
   SCB90.hr SCB95.hr  SCB90.hd  SCB95.hd
7 0.2796285 0.310214 0.2803705 0.3109628
