
Due to MODULEPATH changes, the following have been reloaded:
  1) mii/1.1.2

The following have been reloaded with a version change:
  1) StdEnv/2023 => StdEnv/2020           5) libfabric/1.18.0 => libfabric/1.10.1
  2) gcccore/.12.3 => gcccore/.9.3.0      6) openmpi/4.1.5 => openmpi/4.0.3
  3) gentoo/2023 => gentoo/2020           7) ucx/1.14.1 => ucx/1.8.0
  4) imkl/2023.2.0 => imkl/2020.1.217

Batch index: 4
Model: a
Sample size: 300
Dimension: 9
Candidate vector: 10:100
Bandwidth: 0.05 0.1 0.15 0.2 0.25 0.3 0.35
GCV: FALSE
Simulation: 40
Loading required package: iterators
Loading required package: parallel

Attaching package: ‘expm’

The following object is masked from ‘package:Matrix’:

    expm

Time difference of 40.39461 mins
    hr        hd is.cover90.hr is.cover95.hr is.cover90.hd is.cover95.hd
1 0.05 0.0485942             1             1             1             1
   SCB90.hr SCB95.hr  SCB90.hd  SCB95.hd
1 0.6649873 0.746219 0.4926732 0.5499152
Time difference of 42.40168 mins
   hr         hd is.cover90.hr is.cover95.hr is.cover90.hd is.cover95.hd
2 0.1 0.09718839         0.975         0.975          0.95             1
  SCB90.hr  SCB95.hr SCB90.hd SCB95.hd
2 0.448322 0.4983659 0.389799 0.431667
Time difference of 45.50154 mins
    hr        hd is.cover90.hr is.cover95.hr is.cover90.hd is.cover95.hd
3 0.15 0.1457826          0.95         0.975         0.875             1
   SCB90.hr SCB95.hr  SCB90.hd  SCB95.hd
3 0.4111519 0.455223 0.3733296 0.4162524
Time difference of 48.20566 mins
   hr        hd is.cover90.hr is.cover95.hr is.cover90.hd is.cover95.hd
4 0.2 0.1943768         0.925         0.975           0.9          0.95
   SCB90.hr  SCB95.hr  SCB90.hd  SCB95.hd
4 0.3702952 0.4108659 0.3442931 0.3831752
Time difference of 48.96772 mins
    hr        hd is.cover90.hr is.cover95.hr is.cover90.hd is.cover95.hd
5 0.25 0.2371262         0.925         0.975          0.85         0.975
   SCB90.hr  SCB95.hr  SCB90.hd  SCB95.hd
5 0.3316216 0.3682261 0.3134223 0.3494051
Time difference of 46.64972 mins
   hr        hd is.cover90.hr is.cover95.hr is.cover90.hd is.cover95.hd
6 0.3 0.2231443         0.925         0.975         0.875         0.925
   SCB90.hr  SCB95.hr  SCB90.hd  SCB95.hd
6 0.3061469 0.3411257 0.2997079 0.3348615
Time difference of 46.9937 mins
    hr        hd is.cover90.hr is.cover95.hr is.cover90.hd is.cover95.hd
7 0.35 0.2466555         0.825          0.95         0.825          0.95
   SCB90.hr  SCB95.hr  SCB90.hd  SCB95.hd
7 0.2736288 0.3045233 0.2746341 0.3054379
