
Due to MODULEPATH changes, the following have been reloaded:
  1) mii/1.1.2

The following have been reloaded with a version change:
  1) StdEnv/2023 => StdEnv/2020           5) libfabric/1.18.0 => libfabric/1.10.1
  2) gcccore/.12.3 => gcccore/.9.3.0      6) openmpi/4.1.5 => openmpi/4.0.3
  3) gentoo/2023 => gentoo/2020           7) ucx/1.14.1 => ucx/1.8.0
  4) imkl/2023.2.0 => imkl/2020.1.217

Batch index: 3
Model: a
Sample size: 300
Dimension: 9
Candidate vector: 10:100
Bandwidth: 0.05 0.1 0.15 0.2 0.25 0.3 0.35
GCV: FALSE
Simulation: 40
Loading required package: iterators
Loading required package: parallel

Attaching package: ‘expm’

The following object is masked from ‘package:Matrix’:

    expm

Time difference of 32.95922 mins
    hr        hd is.cover90.hr is.cover95.hr is.cover90.hd is.cover95.hd
1 0.05 0.0485942          0.95             1             1             1
   SCB90.hr  SCB95.hr  SCB90.hd  SCB95.hd
1 0.7456835 0.8488473 0.4903912 0.5494783
Time difference of 35.61279 mins
   hr         hd is.cover90.hr is.cover95.hr is.cover90.hd is.cover95.hd
2 0.1 0.09718839          0.95             1          0.95         0.975
   SCB90.hr SCB95.hr  SCB90.hd  SCB95.hd
2 0.4552488 0.507264 0.3898318 0.4322841
Time difference of 36.29547 mins
    hr        hd is.cover90.hr is.cover95.hr is.cover90.hd is.cover95.hd
3 0.15 0.1457826         0.925         0.975          0.95          0.95
   SCB90.hr  SCB95.hr SCB90.hd  SCB95.hd
3 0.4109199 0.4542779 0.374423 0.4150894
Time difference of 36.46534 mins
   hr        hd is.cover90.hr is.cover95.hr is.cover90.hd is.cover95.hd
4 0.2 0.1943768         0.975         0.975         0.925         0.975
   SCB90.hr  SCB95.hr  SCB90.hd  SCB95.hd
4 0.3705053 0.4090951 0.3455914 0.3845562
Time difference of 38.24657 mins
    hr        hd is.cover90.hr is.cover95.hr is.cover90.hd is.cover95.hd
5 0.25 0.2371262          0.95         0.975          0.95          0.95
   SCB90.hr  SCB95.hr  SCB90.hd  SCB95.hd
5 0.3302867 0.3654259 0.3134062 0.3483295
Time difference of 38.34776 mins
   hr        hd is.cover90.hr is.cover95.hr is.cover90.hd is.cover95.hd
6 0.3 0.2231443          0.95             1         0.975             1
   SCB90.hr  SCB95.hr  SCB90.hd  SCB95.hd
6 0.3111926 0.3448573 0.3048555 0.3388342
Time difference of 38.04455 mins
    hr        hd is.cover90.hr is.cover95.hr is.cover90.hd is.cover95.hd
7 0.35 0.2466555         0.925             1         0.925             1
   SCB90.hr  SCB95.hr  SCB90.hd  SCB95.hd
7 0.2822822 0.3132252 0.2831511 0.3140613
