
Due to MODULEPATH changes, the following have been reloaded:
  1) mii/1.1.2

The following have been reloaded with a version change:
  1) StdEnv/2023 => StdEnv/2020           5) libfabric/1.18.0 => libfabric/1.10.1
  2) gcccore/.12.3 => gcccore/.9.3.0      6) openmpi/4.1.5 => openmpi/4.0.3
  3) gentoo/2023 => gentoo/2020           7) ucx/1.14.1 => ucx/1.8.0
  4) imkl/2023.2.0 => imkl/2020.1.217

Batch index: 8
Model: a
Sample size: 300
Dimension: 9
Candidate vector: 10:100
Bandwidth: 0.05 0.1 0.15 0.2 0.25 0.3 0.35
GCV: FALSE
Simulation: 40
Loading required package: iterators
Loading required package: parallel

Attaching package: ‘expm’

The following object is masked from ‘package:Matrix’:

    expm

Time difference of 40.02978 mins
    hr        hd is.cover90.hr is.cover95.hr is.cover90.hd is.cover95.hd
1 0.05 0.0485942         0.975             1             1             1
   SCB90.hr  SCB95.hr  SCB90.hd  SCB95.hd
1 0.6731908 0.7581505 0.5083316 0.5702095
Time difference of 41.17246 mins
   hr         hd is.cover90.hr is.cover95.hr is.cover90.hd is.cover95.hd
2 0.1 0.09718839         0.975         0.975         0.925         0.975
   SCB90.hr  SCB95.hr  SCB90.hd  SCB95.hd
2 0.4497964 0.5006061 0.3928374 0.4358246
Time difference of 43.5721 mins
    hr        hd is.cover90.hr is.cover95.hr is.cover90.hd is.cover95.hd
3 0.15 0.1457826          0.95         0.975           0.9             1
   SCB90.hr  SCB95.hr SCB90.hd SCB95.hd
3 0.4063211 0.4490961 0.367589 0.409654
Time difference of 47.17714 mins
   hr        hd is.cover90.hr is.cover95.hr is.cover90.hd is.cover95.hd
4 0.2 0.1943768         0.975         0.975           0.9             1
   SCB90.hr  SCB95.hr  SCB90.hd  SCB95.hd
4 0.3650094 0.4034262 0.3321206 0.3696221
Time difference of 48.2728 mins
    hr        hd is.cover90.hr is.cover95.hr is.cover90.hd is.cover95.hd
5 0.25 0.2371262         0.875         0.975         0.875          0.95
   SCB90.hr  SCB95.hr  SCB90.hd  SCB95.hd
5 0.3244812 0.3592494 0.3026362 0.3372492
Time difference of 47.36914 mins
   hr        hd is.cover90.hr is.cover95.hr is.cover90.hd is.cover95.hd
6 0.3 0.2231443         0.875         0.925         0.875           0.9
  SCB90.hr  SCB95.hr  SCB90.hd  SCB95.hd
6 0.302723 0.3350422 0.2962919 0.3287156
Time difference of 47.55622 mins
    hr        hd is.cover90.hr is.cover95.hr is.cover90.hd is.cover95.hd
7 0.35 0.2466555         0.875          0.95         0.875          0.95
  SCB90.hr  SCB95.hr  SCB90.hd  SCB95.hd
7 0.271149 0.3016433 0.2721383 0.3025451
