
Due to MODULEPATH changes, the following have been reloaded:
  1) mii/1.1.2

The following have been reloaded with a version change:
  1) StdEnv/2023 => StdEnv/2020           5) libfabric/1.18.0 => libfabric/1.10.1
  2) gcccore/.12.3 => gcccore/.9.3.0      6) openmpi/4.1.5 => openmpi/4.0.3
  3) gentoo/2023 => gentoo/2020           7) ucx/1.14.1 => ucx/1.8.0
  4) imkl/2023.2.0 => imkl/2020.1.217

Batch index: 2
Model: b
Sample size: 500
Dimension: 27
Candidate vector: 20:100
Bandwidth: 0.05 0.1 0.15 0.2 0.25 0.3 0.35
Simulation: 40
Loading required package: iterators
Loading required package: parallel

Attaching package: ‘expm’

The following object is masked from ‘package:Matrix’:

    expm

Time difference of 2.229634 hours
    hr max_width90.zhou max_width95.zhou max_width90.zhou.m max_width95.zhou.m
1 0.05        0.4868386        0.5230599          0.4868386          0.5230599
  max_width90.zhou.iso max_width95.zhou.iso
1            0.4868386            0.5230599
Time difference of 2.211556 hours
   hr max_width90.zhou max_width95.zhou max_width90.zhou.m max_width95.zhou.m
2 0.1        0.5415221        0.5880814          0.5415221          0.5880814
  max_width90.zhou.iso max_width95.zhou.iso
2            0.5415221            0.5880814
Time difference of 2.221478 hours
    hr max_width90.zhou max_width95.zhou max_width90.zhou.m max_width95.zhou.m
3 0.15        0.5238074        0.5730378          0.5238074          0.5730378
  max_width90.zhou.iso max_width95.zhou.iso
3            0.5238074            0.5730378
Time difference of 2.204404 hours
   hr max_width90.zhou max_width95.zhou max_width90.zhou.m max_width95.zhou.m
4 0.2        0.4566507        0.4988863          0.4566507          0.4988863
  max_width90.zhou.iso max_width95.zhou.iso
4            0.4566507            0.4988863
Time difference of 2.177918 hours
    hr max_width90.zhou max_width95.zhou max_width90.zhou.m max_width95.zhou.m
5 0.25        0.3978997        0.4350143          0.3978997          0.4350143
  max_width90.zhou.iso max_width95.zhou.iso
5            0.3978997            0.4350143
Time difference of 2.230397 hours
   hr max_width90.zhou max_width95.zhou max_width90.zhou.m max_width95.zhou.m
6 0.3         0.353217        0.3860552           0.353217          0.3860552
  max_width90.zhou.iso max_width95.zhou.iso
6             0.353217            0.3860552
Time difference of 2.179665 hours
    hr max_width90.zhou max_width95.zhou max_width90.zhou.m max_width95.zhou.m
7 0.35        0.3153991        0.3465694          0.3153991          0.3465694
  max_width90.zhou.iso max_width95.zhou.iso
7            0.3153991            0.3465694
