
Due to MODULEPATH changes, the following have been reloaded:
  1) mii/1.1.2

The following have been reloaded with a version change:
  1) StdEnv/2023 => StdEnv/2020           5) libfabric/1.18.0 => libfabric/1.10.1
  2) gcccore/.12.3 => gcccore/.9.3.0      6) openmpi/4.1.5 => openmpi/4.0.3
  3) gentoo/2023 => gentoo/2020           7) ucx/1.14.1 => ucx/1.8.0
  4) imkl/2023.2.0 => imkl/2020.1.217

Batch index: 10
Model: b
Sample size: 500
Dimension: 27
Candidate vector: 20:100
Bandwidth: 0.05 0.1 0.15 0.2 0.25 0.3 0.35
Simulation: 40
Loading required package: iterators
Loading required package: parallel

Attaching package: ‘expm’

The following object is masked from ‘package:Matrix’:

    expm

Time difference of 2.209018 hours
    hr max_width90.zhou max_width95.zhou max_width90.zhou.m max_width95.zhou.m
1 0.05        0.4850795        0.5202896          0.4850795          0.5202896
  max_width90.zhou.iso max_width95.zhou.iso
1            0.4850795            0.5202896
Time difference of 2.212104 hours
   hr max_width90.zhou max_width95.zhou max_width90.zhou.m max_width95.zhou.m
2 0.1        0.5368977        0.5801053          0.5368977          0.5801053
  max_width90.zhou.iso max_width95.zhou.iso
2            0.5368977            0.5801053
Time difference of 2.198312 hours
    hr max_width90.zhou max_width95.zhou max_width90.zhou.m max_width95.zhou.m
3 0.15        0.5214138        0.5693948          0.5214138          0.5693948
  max_width90.zhou.iso max_width95.zhou.iso
3            0.5214138            0.5693948
Time difference of 2.169729 hours
   hr max_width90.zhou max_width95.zhou max_width90.zhou.m max_width95.zhou.m
4 0.2        0.4569711        0.4981496          0.4569711          0.4981496
  max_width90.zhou.iso max_width95.zhou.iso
4            0.4569711            0.4981496
Time difference of 2.162139 hours
    hr max_width90.zhou max_width95.zhou max_width90.zhou.m max_width95.zhou.m
5 0.25        0.4026337        0.4395733          0.4026337          0.4395733
  max_width90.zhou.iso max_width95.zhou.iso
5            0.4026337            0.4395733
Time difference of 2.178433 hours
   hr max_width90.zhou max_width95.zhou max_width90.zhou.m max_width95.zhou.m
6 0.3        0.3565679        0.3890839          0.3565679          0.3890839
  max_width90.zhou.iso max_width95.zhou.iso
6            0.3565679            0.3890839
Time difference of 2.140687 hours
    hr max_width90.zhou max_width95.zhou max_width90.zhou.m max_width95.zhou.m
7 0.35        0.3164727        0.3466502          0.3164727          0.3466502
  max_width90.zhou.iso max_width95.zhou.iso
7            0.3164727            0.3466502
