
Due to MODULEPATH changes, the following have been reloaded:
  1) mii/1.1.2

The following have been reloaded with a version change:
  1) StdEnv/2023 => StdEnv/2020           5) libfabric/1.18.0 => libfabric/1.10.1
  2) gcccore/.12.3 => gcccore/.9.3.0      6) openmpi/4.1.5 => openmpi/4.0.3
  3) gentoo/2023 => gentoo/2020           7) ucx/1.14.1 => ucx/1.8.0
  4) imkl/2023.2.0 => imkl/2020.1.217

Batch index: 3
Model: b
Sample size: 500
Dimension: 27
Candidate vector: 20:100
Bandwidth: 0.05 0.1 0.15 0.2 0.25 0.3 0.35
Simulation: 40
Loading required package: iterators
Loading required package: parallel

Attaching package: ‘expm’

The following object is masked from ‘package:Matrix’:

    expm

Time difference of 2.290947 hours
    hr max_width90.zhou max_width95.zhou max_width90.zhou.m max_width95.zhou.m
1 0.05        0.4874431        0.5240825          0.4874431          0.5240825
  max_width90.zhou.iso max_width95.zhou.iso
1            0.4874431            0.5240825
Time difference of 2.208261 hours
   hr max_width90.zhou max_width95.zhou max_width90.zhou.m max_width95.zhou.m
2 0.1        0.5345274         0.580337          0.5345274           0.580337
  max_width90.zhou.iso max_width95.zhou.iso
2            0.5345274             0.580337
Time difference of 2.281017 hours
    hr max_width90.zhou max_width95.zhou max_width90.zhou.m max_width95.zhou.m
3 0.15         0.519394        0.5663853           0.519394          0.5663853
  max_width90.zhou.iso max_width95.zhou.iso
3             0.519394            0.5663853
Time difference of 2.199821 hours
   hr max_width90.zhou max_width95.zhou max_width90.zhou.m max_width95.zhou.m
4 0.2        0.4580927        0.5010929          0.4580927          0.5010929
  max_width90.zhou.iso max_width95.zhou.iso
4            0.4580927            0.5010929
Time difference of 2.198677 hours
    hr max_width90.zhou max_width95.zhou max_width90.zhou.m max_width95.zhou.m
5 0.25        0.4037979        0.4431306          0.4037979          0.4431306
  max_width90.zhou.iso max_width95.zhou.iso
5            0.4037979            0.4431306
Time difference of 2.156863 hours
   hr max_width90.zhou max_width95.zhou max_width90.zhou.m max_width95.zhou.m
6 0.3        0.3589753        0.3935346          0.3589753          0.3935346
  max_width90.zhou.iso max_width95.zhou.iso
6            0.3589753            0.3935346
Time difference of 2.211235 hours
    hr max_width90.zhou max_width95.zhou max_width90.zhou.m max_width95.zhou.m
7 0.35        0.3204583        0.3524392          0.3204583          0.3524392
  max_width90.zhou.iso max_width95.zhou.iso
7            0.3204583            0.3524392
