
Due to MODULEPATH changes, the following have been reloaded:
  1) mii/1.1.2

The following have been reloaded with a version change:
  1) StdEnv/2023 => StdEnv/2020           5) libfabric/1.18.0 => libfabric/1.10.1
  2) gcccore/.12.3 => gcccore/.9.3.0      6) openmpi/4.1.5 => openmpi/4.0.3
  3) gentoo/2023 => gentoo/2020           7) ucx/1.14.1 => ucx/1.8.0
  4) imkl/2023.2.0 => imkl/2020.1.217

Batch index: 9
Model: b
Sample size: 500
Dimension: 27
Candidate vector: 20:100
Bandwidth: 0.05 0.1 0.15 0.2 0.25 0.3 0.35
Simulation: 40
Loading required package: iterators
Loading required package: parallel

Attaching package: ‘expm’

The following object is masked from ‘package:Matrix’:

    expm

Time difference of 2.152437 hours
    hr max_width90.zhou max_width95.zhou max_width90.zhou.m max_width95.zhou.m
1 0.05        0.4863496        0.5237964          0.4863496          0.5237964
  max_width90.zhou.iso max_width95.zhou.iso
1            0.4863496            0.5237964
Time difference of 2.105154 hours
   hr max_width90.zhou max_width95.zhou max_width90.zhou.m max_width95.zhou.m
2 0.1        0.5359579        0.5802889          0.5359579          0.5802889
  max_width90.zhou.iso max_width95.zhou.iso
2            0.5359579            0.5802889
Time difference of 2.109411 hours
    hr max_width90.zhou max_width95.zhou max_width90.zhou.m max_width95.zhou.m
3 0.15        0.5241846        0.5705937          0.5241846          0.5705937
  max_width90.zhou.iso max_width95.zhou.iso
3            0.5241846            0.5705937
Time difference of 2.038747 hours
   hr max_width90.zhou max_width95.zhou max_width90.zhou.m max_width95.zhou.m
4 0.2        0.4656261         0.508949          0.4656261           0.508949
  max_width90.zhou.iso max_width95.zhou.iso
4            0.4656261             0.508949
Time difference of 2.114985 hours
    hr max_width90.zhou max_width95.zhou max_width90.zhou.m max_width95.zhou.m
5 0.25        0.4110221        0.4499768          0.4110221          0.4499768
  max_width90.zhou.iso max_width95.zhou.iso
5            0.4110221            0.4499768
Time difference of 2.118257 hours
   hr max_width90.zhou max_width95.zhou max_width90.zhou.m max_width95.zhou.m
6 0.3        0.3625764        0.3977938          0.3625764          0.3977938
  max_width90.zhou.iso max_width95.zhou.iso
6            0.3625764            0.3977938
Time difference of 2.070406 hours
    hr max_width90.zhou max_width95.zhou max_width90.zhou.m max_width95.zhou.m
7 0.35        0.3220168         0.354329          0.3220168           0.354329
  max_width90.zhou.iso max_width95.zhou.iso
7            0.3220168             0.354329
