
Due to MODULEPATH changes, the following have been reloaded:
  1) mii/1.1.2

The following have been reloaded with a version change:
  1) StdEnv/2023 => StdEnv/2020           5) libfabric/1.18.0 => libfabric/1.10.1
  2) gcccore/.12.3 => gcccore/.9.3.0      6) openmpi/4.1.5 => openmpi/4.0.3
  3) gentoo/2023 => gentoo/2020           7) ucx/1.14.1 => ucx/1.8.0
  4) imkl/2023.2.0 => imkl/2020.1.217

Batch index: 7
Model: b
Sample size: 500
Dimension: 27
Candidate vector: 20:100
Bandwidth: 0.05 0.1 0.15 0.2 0.25 0.3 0.35
Simulation: 40
Loading required package: iterators
Loading required package: parallel

Attaching package: ‘expm’

The following object is masked from ‘package:Matrix’:

    expm

Time difference of 2.497264 hours
    hr max_width90.zhou max_width95.zhou max_width90.zhou.m max_width95.zhou.m
1 0.05        0.4897414        0.5259069          0.4897414          0.5259069
  max_width90.zhou.iso max_width95.zhou.iso
1            0.4897414            0.5259069
Time difference of 2.430767 hours
   hr max_width90.zhou max_width95.zhou max_width90.zhou.m max_width95.zhou.m
2 0.1        0.5374367        0.5828579          0.5374367          0.5828579
  max_width90.zhou.iso max_width95.zhou.iso
2            0.5374367            0.5828579
Time difference of 2.360845 hours
    hr max_width90.zhou max_width95.zhou max_width90.zhou.m max_width95.zhou.m
3 0.15        0.5143493        0.5607991          0.5143493          0.5607991
  max_width90.zhou.iso max_width95.zhou.iso
3            0.5143493            0.5607991
Time difference of 2.477081 hours
   hr max_width90.zhou max_width95.zhou max_width90.zhou.m max_width95.zhou.m
4 0.2        0.4489725        0.4900263          0.4489725          0.4900263
  max_width90.zhou.iso max_width95.zhou.iso
4            0.4489725            0.4900263
Time difference of 2.414936 hours
    hr max_width90.zhou max_width95.zhou max_width90.zhou.m max_width95.zhou.m
5 0.25        0.3954494        0.4311966          0.3954494          0.4311966
  max_width90.zhou.iso max_width95.zhou.iso
5            0.3954494            0.4311966
Time difference of 2.469605 hours
   hr max_width90.zhou max_width95.zhou max_width90.zhou.m max_width95.zhou.m
6 0.3        0.3514596        0.3851834          0.3514596          0.3851834
  max_width90.zhou.iso max_width95.zhou.iso
6            0.3514596            0.3851834
Time difference of 2.446749 hours
    hr max_width90.zhou max_width95.zhou max_width90.zhou.m max_width95.zhou.m
7 0.35        0.3129069        0.3431331          0.3129069          0.3431331
  max_width90.zhou.iso max_width95.zhou.iso
7            0.3129069            0.3431331
