
Due to MODULEPATH changes, the following have been reloaded:
  1) mii/1.1.2

The following have been reloaded with a version change:
  1) StdEnv/2023 => StdEnv/2020           5) libfabric/1.18.0 => libfabric/1.10.1
  2) gcccore/.12.3 => gcccore/.9.3.0      6) openmpi/4.1.5 => openmpi/4.0.3
  3) gentoo/2023 => gentoo/2020           7) ucx/1.14.1 => ucx/1.8.0
  4) imkl/2023.2.0 => imkl/2020.1.217

Batch index: 8
Model: b
Sample size: 500
Dimension: 27
Candidate vector: 20:100
Bandwidth: 0.05 0.1 0.15 0.2 0.25 0.3 0.35
Simulation: 40
Loading required package: iterators
Loading required package: parallel

Attaching package: ‘expm’

The following object is masked from ‘package:Matrix’:

    expm

Time difference of 2.392186 hours
    hr max_width90.zhou max_width95.zhou max_width90.zhou.m max_width95.zhou.m
1 0.05        0.4863228        0.5226428          0.4863228          0.5226428
  max_width90.zhou.iso max_width95.zhou.iso
1            0.4863228            0.5226428
Time difference of 2.37105 hours
   hr max_width90.zhou max_width95.zhou max_width90.zhou.m max_width95.zhou.m
2 0.1        0.5378844        0.5814964          0.5378844          0.5814964
  max_width90.zhou.iso max_width95.zhou.iso
2            0.5378844            0.5814964
Time difference of 2.337733 hours
    hr max_width90.zhou max_width95.zhou max_width90.zhou.m max_width95.zhou.m
3 0.15        0.5228745        0.5699359          0.5228745          0.5699359
  max_width90.zhou.iso max_width95.zhou.iso
3            0.5228745            0.5699359
Time difference of 2.378353 hours
   hr max_width90.zhou max_width95.zhou max_width90.zhou.m max_width95.zhou.m
4 0.2        0.4575261         0.500329          0.4575261           0.500329
  max_width90.zhou.iso max_width95.zhou.iso
4            0.4575261             0.500329
Time difference of 2.386387 hours
    hr max_width90.zhou max_width95.zhou max_width90.zhou.m max_width95.zhou.m
5 0.25        0.4011195        0.4377917          0.4011195          0.4377917
  max_width90.zhou.iso max_width95.zhou.iso
5            0.4011195            0.4377917
Time difference of 2.351552 hours
   hr max_width90.zhou max_width95.zhou max_width90.zhou.m max_width95.zhou.m
6 0.3        0.3539866         0.387066          0.3539866           0.387066
  max_width90.zhou.iso max_width95.zhou.iso
6            0.3539866             0.387066
Time difference of 2.353783 hours
    hr max_width90.zhou max_width95.zhou max_width90.zhou.m max_width95.zhou.m
7 0.35        0.3152777        0.3451566          0.3152777          0.3451566
  max_width90.zhou.iso max_width95.zhou.iso
7            0.3152777            0.3451566
