
Due to MODULEPATH changes, the following have been reloaded:
  1) mii/1.1.2

The following have been reloaded with a version change:
  1) StdEnv/2023 => StdEnv/2020           5) libfabric/1.18.0 => libfabric/1.10.1
  2) gcccore/.12.3 => gcccore/.9.3.0      6) openmpi/4.1.5 => openmpi/4.0.3
  3) gentoo/2023 => gentoo/2020           7) ucx/1.14.1 => ucx/1.8.0
  4) imkl/2023.2.0 => imkl/2020.1.217

Batch index: 5
Model: b
Sample size: 500
Dimension: 27
Candidate vector: 20:100
Bandwidth: 0.05 0.1 0.15 0.2 0.25 0.3 0.35
Simulation: 40
Loading required package: iterators
Loading required package: parallel

Attaching package: ‘expm’

The following object is masked from ‘package:Matrix’:

    expm

Time difference of 2.36047 hours
    hr max_width90.zhou max_width95.zhou max_width90.zhou.m max_width95.zhou.m
1 0.05         0.485007        0.5215892           0.485007          0.5215892
  max_width90.zhou.iso max_width95.zhou.iso
1             0.485007            0.5215892
Time difference of 2.332058 hours
   hr max_width90.zhou max_width95.zhou max_width90.zhou.m max_width95.zhou.m
2 0.1        0.5387277        0.5839981          0.5387277          0.5839981
  max_width90.zhou.iso max_width95.zhou.iso
2            0.5387277            0.5839981
Time difference of 2.304881 hours
    hr max_width90.zhou max_width95.zhou max_width90.zhou.m max_width95.zhou.m
3 0.15        0.5162224        0.5635973          0.5162224          0.5635973
  max_width90.zhou.iso max_width95.zhou.iso
3            0.5162224            0.5635973
Time difference of 2.336918 hours
   hr max_width90.zhou max_width95.zhou max_width90.zhou.m max_width95.zhou.m
4 0.2         0.456713        0.4992866           0.456713          0.4992866
  max_width90.zhou.iso max_width95.zhou.iso
4             0.456713            0.4992866
Time difference of 2.304535 hours
    hr max_width90.zhou max_width95.zhou max_width90.zhou.m max_width95.zhou.m
5 0.25        0.4001806         0.438289          0.4001806           0.438289
  max_width90.zhou.iso max_width95.zhou.iso
5            0.4001806             0.438289
Time difference of 2.376756 hours
   hr max_width90.zhou max_width95.zhou max_width90.zhou.m max_width95.zhou.m
6 0.3        0.3543099        0.3874997          0.3543099          0.3874997
  max_width90.zhou.iso max_width95.zhou.iso
6            0.3543099            0.3874997
Time difference of 2.381593 hours
    hr max_width90.zhou max_width95.zhou max_width90.zhou.m max_width95.zhou.m
7 0.35        0.3167326        0.3466082          0.3167326          0.3466082
  max_width90.zhou.iso max_width95.zhou.iso
7            0.3167326            0.3466082
