
Due to MODULEPATH changes, the following have been reloaded:
  1) mii/1.1.2

The following have been reloaded with a version change:
  1) StdEnv/2023 => StdEnv/2020           5) libfabric/1.18.0 => libfabric/1.10.1
  2) gcccore/.12.3 => gcccore/.9.3.0      6) openmpi/4.1.5 => openmpi/4.0.3
  3) gentoo/2023 => gentoo/2020           7) ucx/1.14.1 => ucx/1.8.0
  4) imkl/2023.2.0 => imkl/2020.1.217

Batch index: 4
Model: a
Sample size: 500
Dimension: 18
Candidate vector: 20:100
Bandwidth: 0.05 0.1 0.15 0.2 0.25 0.3 0.35
Simulation: 40
Loading required package: iterators
Loading required package: parallel

Attaching package: ‘expm’

The following object is masked from ‘package:Matrix’:

    expm

Time difference of 1.513867 hours
    hr max_width90.zhou max_width95.zhou max_width90.zhou.m max_width95.zhou.m
1 0.05        0.4095185        0.4402829          0.4095185          0.4402829
  max_width90.zhou.iso max_width95.zhou.iso
1            0.4095185            0.4402829
Time difference of 1.482409 hours
   hr max_width90.zhou max_width95.zhou max_width90.zhou.m max_width95.zhou.m
2 0.1        0.4507805        0.4890632          0.4507805          0.4890632
  max_width90.zhou.iso max_width95.zhou.iso
2            0.4507805            0.4890632
Time difference of 1.506741 hours
    hr max_width90.zhou max_width95.zhou max_width90.zhou.m max_width95.zhou.m
3 0.15        0.4353057        0.4758845          0.4353057          0.4758845
  max_width90.zhou.iso max_width95.zhou.iso
3            0.4353057            0.4758845
Time difference of 1.539646 hours
   hr max_width90.zhou max_width95.zhou max_width90.zhou.m max_width95.zhou.m
4 0.2        0.3777046        0.4131114          0.3777046          0.4131114
  max_width90.zhou.iso max_width95.zhou.iso
4            0.3777046            0.4131114
Time difference of 1.497957 hours
    hr max_width90.zhou max_width95.zhou max_width90.zhou.m max_width95.zhou.m
5 0.25        0.3285377        0.3602906          0.3285377          0.3602906
  max_width90.zhou.iso max_width95.zhou.iso
5            0.3285377            0.3602906
Time difference of 1.513446 hours
   hr max_width90.zhou max_width95.zhou max_width90.zhou.m max_width95.zhou.m
6 0.3        0.2891649        0.3177823          0.2891649          0.3177823
  max_width90.zhou.iso max_width95.zhou.iso
6            0.2891649            0.3177823
Time difference of 1.527375 hours
    hr max_width90.zhou max_width95.zhou max_width90.zhou.m max_width95.zhou.m
7 0.35        0.2580511        0.2834224          0.2580511          0.2834224
  max_width90.zhou.iso max_width95.zhou.iso
7            0.2580511            0.2834224
