
Due to MODULEPATH changes, the following have been reloaded:
  1) mii/1.1.2

The following have been reloaded with a version change:
  1) StdEnv/2023 => StdEnv/2020           5) libfabric/1.18.0 => libfabric/1.10.1
  2) gcccore/.12.3 => gcccore/.9.3.0      6) openmpi/4.1.5 => openmpi/4.0.3
  3) gentoo/2023 => gentoo/2020           7) ucx/1.14.1 => ucx/1.8.0
  4) imkl/2023.2.0 => imkl/2020.1.217

Batch index: 10
Model: a
Sample size: 500
Dimension: 18
Candidate vector: 20:100
Bandwidth: 0.05 0.1 0.15 0.2 0.25 0.3 0.35
Simulation: 40
Loading required package: iterators
Loading required package: parallel

Attaching package: ‘expm’

The following object is masked from ‘package:Matrix’:

    expm

Time difference of 1.854729 hours
    hr max_width90.zhou max_width95.zhou max_width90.zhou.m max_width95.zhou.m
1 0.05        0.4094238        0.4400971          0.4094238          0.4400971
  max_width90.zhou.iso max_width95.zhou.iso
1            0.4094238            0.4400971
Time difference of 1.847845 hours
   hr max_width90.zhou max_width95.zhou max_width90.zhou.m max_width95.zhou.m
2 0.1        0.4460602        0.4847299          0.4460602          0.4847299
  max_width90.zhou.iso max_width95.zhou.iso
2            0.4460602            0.4847299
Time difference of 1.852722 hours
    hr max_width90.zhou max_width95.zhou max_width90.zhou.m max_width95.zhou.m
3 0.15        0.4405313        0.4817277          0.4405313          0.4817277
  max_width90.zhou.iso max_width95.zhou.iso
3            0.4405313            0.4817277
Time difference of 1.862444 hours
   hr max_width90.zhou max_width95.zhou max_width90.zhou.m max_width95.zhou.m
4 0.2        0.3835296        0.4194758          0.3835296          0.4194758
  max_width90.zhou.iso max_width95.zhou.iso
4            0.3835296            0.4194758
Time difference of 1.863337 hours
    hr max_width90.zhou max_width95.zhou max_width90.zhou.m max_width95.zhou.m
5 0.25        0.3359217        0.3690264          0.3359217          0.3690264
  max_width90.zhou.iso max_width95.zhou.iso
5            0.3359217            0.3690264
Time difference of 1.83036 hours
   hr max_width90.zhou max_width95.zhou max_width90.zhou.m max_width95.zhou.m
6 0.3        0.2985318        0.3275685          0.2985318          0.3275685
  max_width90.zhou.iso max_width95.zhou.iso
6            0.2985318            0.3275685
Time difference of 1.885274 hours
    hr max_width90.zhou max_width95.zhou max_width90.zhou.m max_width95.zhou.m
7 0.35        0.2654098        0.2918187          0.2654098          0.2918187
  max_width90.zhou.iso max_width95.zhou.iso
7            0.2654098            0.2918187
