
Due to MODULEPATH changes, the following have been reloaded:
  1) mii/1.1.2

The following have been reloaded with a version change:
  1) StdEnv/2023 => StdEnv/2020           5) libfabric/1.18.0 => libfabric/1.10.1
  2) gcccore/.12.3 => gcccore/.9.3.0      6) openmpi/4.1.5 => openmpi/4.0.3
  3) gentoo/2023 => gentoo/2020           7) ucx/1.14.1 => ucx/1.8.0
  4) imkl/2023.2.0 => imkl/2020.1.217

Batch index: 8
Model: a
Sample size: 500
Dimension: 18
Candidate vector: 20:100
Bandwidth: 0.05 0.1 0.15 0.2 0.25 0.3 0.35
Simulation: 40
Loading required package: iterators
Loading required package: parallel

Attaching package: ‘expm’

The following object is masked from ‘package:Matrix’:

    expm

Time difference of 1.549516 hours
    hr max_width90.zhou max_width95.zhou max_width90.zhou.m max_width95.zhou.m
1 0.05        0.4093729        0.4431028          0.4093729          0.4431028
  max_width90.zhou.iso max_width95.zhou.iso
1            0.4093729            0.4431028
Time difference of 1.562167 hours
   hr max_width90.zhou max_width95.zhou max_width90.zhou.m max_width95.zhou.m
2 0.1         0.450139        0.4886919           0.450139          0.4886919
  max_width90.zhou.iso max_width95.zhou.iso
2             0.450139            0.4886919
Time difference of 1.609638 hours
    hr max_width90.zhou max_width95.zhou max_width90.zhou.m max_width95.zhou.m
3 0.15        0.4351912        0.4766888          0.4351912          0.4766888
  max_width90.zhou.iso max_width95.zhou.iso
3            0.4351912            0.4766888
Time difference of 1.571566 hours
   hr max_width90.zhou max_width95.zhou max_width90.zhou.m max_width95.zhou.m
4 0.2        0.3812791         0.418587          0.3812791           0.418587
  max_width90.zhou.iso max_width95.zhou.iso
4            0.3812791             0.418587
Time difference of 1.610377 hours
    hr max_width90.zhou max_width95.zhou max_width90.zhou.m max_width95.zhou.m
5 0.25        0.3334392         0.366565          0.3334392           0.366565
  max_width90.zhou.iso max_width95.zhou.iso
5            0.3334392             0.366565
Time difference of 1.618307 hours
   hr max_width90.zhou max_width95.zhou max_width90.zhou.m max_width95.zhou.m
6 0.3        0.2973878         0.326497          0.2973878           0.326497
  max_width90.zhou.iso max_width95.zhou.iso
6            0.2973878             0.326497
Time difference of 1.573761 hours
    hr max_width90.zhou max_width95.zhou max_width90.zhou.m max_width95.zhou.m
7 0.35        0.2653464        0.2920551          0.2653464          0.2920551
  max_width90.zhou.iso max_width95.zhou.iso
7            0.2653464            0.2920551
