
Due to MODULEPATH changes, the following have been reloaded:
  1) mii/1.1.2

The following have been reloaded with a version change:
  1) StdEnv/2023 => StdEnv/2020           5) libfabric/1.18.0 => libfabric/1.10.1
  2) gcccore/.12.3 => gcccore/.9.3.0      6) openmpi/4.1.5 => openmpi/4.0.3
  3) gentoo/2023 => gentoo/2020           7) ucx/1.14.1 => ucx/1.8.0
  4) imkl/2023.2.0 => imkl/2020.1.217

Batch index: 3
Model: a
Sample size: 500
Dimension: 18
Candidate vector: 20:100
Bandwidth: 0.05 0.1 0.15 0.2 0.25 0.3 0.35
Simulation: 40
Loading required package: iterators
Loading required package: parallel

Attaching package: ‘expm’

The following object is masked from ‘package:Matrix’:

    expm

Time difference of 1.507752 hours
    hr max_width90.zhou max_width95.zhou max_width90.zhou.m max_width95.zhou.m
1 0.05        0.4095614        0.4413489          0.4095614          0.4413489
  max_width90.zhou.iso max_width95.zhou.iso
1            0.4095614            0.4413489
Time difference of 1.470141 hours
   hr max_width90.zhou max_width95.zhou max_width90.zhou.m max_width95.zhou.m
2 0.1        0.4440457        0.4820418          0.4440457          0.4820418
  max_width90.zhou.iso max_width95.zhou.iso
2            0.4440457            0.4820418
Time difference of 1.476489 hours
    hr max_width90.zhou max_width95.zhou max_width90.zhou.m max_width95.zhou.m
3 0.15        0.4311284        0.4718835          0.4311284          0.4718835
  max_width90.zhou.iso max_width95.zhou.iso
3            0.4311284            0.4718835
Time difference of 1.481714 hours
   hr max_width90.zhou max_width95.zhou max_width90.zhou.m max_width95.zhou.m
4 0.2        0.3767388        0.4118886          0.3767388          0.4118886
  max_width90.zhou.iso max_width95.zhou.iso
4            0.3767388            0.4118886
Time difference of 1.475119 hours
    hr max_width90.zhou max_width95.zhou max_width90.zhou.m max_width95.zhou.m
5 0.25        0.3290259        0.3601048          0.3290259          0.3601048
  max_width90.zhou.iso max_width95.zhou.iso
5            0.3290259            0.3601048
Time difference of 1.484967 hours
   hr max_width90.zhou max_width95.zhou max_width90.zhou.m max_width95.zhou.m
6 0.3        0.2908542        0.3194835          0.2908542          0.3194835
  max_width90.zhou.iso max_width95.zhou.iso
6            0.2908542            0.3194835
Time difference of 1.520779 hours
    hr max_width90.zhou max_width95.zhou max_width90.zhou.m max_width95.zhou.m
7 0.35        0.2600075        0.2852895          0.2600075          0.2852895
  max_width90.zhou.iso max_width95.zhou.iso
7            0.2600075            0.2852895
