
Due to MODULEPATH changes, the following have been reloaded:
  1) mii/1.1.2

The following have been reloaded with a version change:
  1) StdEnv/2023 => StdEnv/2020           5) libfabric/1.18.0 => libfabric/1.10.1
  2) gcccore/.12.3 => gcccore/.9.3.0      6) openmpi/4.1.5 => openmpi/4.0.3
  3) gentoo/2023 => gentoo/2020           7) ucx/1.14.1 => ucx/1.8.0
  4) imkl/2023.2.0 => imkl/2020.1.217

Batch index: 6
Model: a
Sample size: 500
Dimension: 18
Candidate vector: 20:100
Bandwidth: 0.05 0.1 0.15 0.2 0.25 0.3 0.35
Simulation: 40
Loading required package: iterators
Loading required package: parallel

Attaching package: ‘expm’

The following object is masked from ‘package:Matrix’:

    expm

Time difference of 1.528886 hours
    hr max_width90.zhou max_width95.zhou max_width90.zhou.m max_width95.zhou.m
1 0.05        0.4100474        0.4416266          0.4100474          0.4416266
  max_width90.zhou.iso max_width95.zhou.iso
1            0.4100474            0.4416266
Time difference of 1.508506 hours
   hr max_width90.zhou max_width95.zhou max_width90.zhou.m max_width95.zhou.m
2 0.1        0.4517433        0.4898035          0.4517433          0.4898035
  max_width90.zhou.iso max_width95.zhou.iso
2            0.4517433            0.4898035
Time difference of 1.538317 hours
    hr max_width90.zhou max_width95.zhou max_width90.zhou.m max_width95.zhou.m
3 0.15        0.4389244         0.481322          0.4389244           0.481322
  max_width90.zhou.iso max_width95.zhou.iso
3            0.4389244             0.481322
Time difference of 1.524046 hours
   hr max_width90.zhou max_width95.zhou max_width90.zhou.m max_width95.zhou.m
4 0.2        0.3822803        0.4190219          0.3822803          0.4190219
  max_width90.zhou.iso max_width95.zhou.iso
4            0.3822803            0.4190219
Time difference of 1.509502 hours
    hr max_width90.zhou max_width95.zhou max_width90.zhou.m max_width95.zhou.m
5 0.25        0.3361278        0.3678627          0.3361278          0.3678627
  max_width90.zhou.iso max_width95.zhou.iso
5            0.3361278            0.3678627
Time difference of 1.506152 hours
   hr max_width90.zhou max_width95.zhou max_width90.zhou.m max_width95.zhou.m
6 0.3        0.2987247        0.3271076          0.2987247          0.3271076
  max_width90.zhou.iso max_width95.zhou.iso
6            0.2987247            0.3271076
Time difference of 1.523789 hours
    hr max_width90.zhou max_width95.zhou max_width90.zhou.m max_width95.zhou.m
7 0.35        0.2659029        0.2924563          0.2659029          0.2924563
  max_width90.zhou.iso max_width95.zhou.iso
7            0.2659029            0.2924563
