
Due to MODULEPATH changes, the following have been reloaded:
  1) mii/1.1.2

The following have been reloaded with a version change:
  1) StdEnv/2023 => StdEnv/2020           5) libfabric/1.18.0 => libfabric/1.10.1
  2) gcccore/.12.3 => gcccore/.9.3.0      6) openmpi/4.1.5 => openmpi/4.0.3
  3) gentoo/2023 => gentoo/2020           7) ucx/1.14.1 => ucx/1.8.0
  4) imkl/2023.2.0 => imkl/2020.1.217

Batch index: 1
Model: a
Sample size: 500
Dimension: 18
Candidate vector: 20:100
Bandwidth: 0.05 0.1 0.15 0.2 0.25 0.3 0.35
Simulation: 40
Loading required package: iterators
Loading required package: parallel

Attaching package: ‘expm’

The following object is masked from ‘package:Matrix’:

    expm

Time difference of 1.658655 hours
    hr max_width90.zhou max_width95.zhou max_width90.zhou.m max_width95.zhou.m
1 0.05        0.4129653        0.4447904          0.4129653          0.4447904
  max_width90.zhou.iso max_width95.zhou.iso
1            0.4129653            0.4447904
Time difference of 1.695734 hours
   hr max_width90.zhou max_width95.zhou max_width90.zhou.m max_width95.zhou.m
2 0.1        0.4388088        0.4781941          0.4388088          0.4781941
  max_width90.zhou.iso max_width95.zhou.iso
2            0.4388088            0.4781941
Time difference of 1.659221 hours
    hr max_width90.zhou max_width95.zhou max_width90.zhou.m max_width95.zhou.m
3 0.15        0.4259583        0.4654023          0.4259583          0.4654023
  max_width90.zhou.iso max_width95.zhou.iso
3            0.4259583            0.4654023
Time difference of 1.684959 hours
   hr max_width90.zhou max_width95.zhou max_width90.zhou.m max_width95.zhou.m
4 0.2        0.3754289        0.4115564          0.3754289          0.4115564
  max_width90.zhou.iso max_width95.zhou.iso
4            0.3754289            0.4115564
Time difference of 1.687312 hours
    hr max_width90.zhou max_width95.zhou max_width90.zhou.m max_width95.zhou.m
5 0.25        0.3286955        0.3597962          0.3286955          0.3597962
  max_width90.zhou.iso max_width95.zhou.iso
5            0.3286955            0.3597962
Time difference of 1.685541 hours
   hr max_width90.zhou max_width95.zhou max_width90.zhou.m max_width95.zhou.m
6 0.3        0.2924966        0.3216698          0.2924966          0.3216698
  max_width90.zhou.iso max_width95.zhou.iso
6            0.2924966            0.3216698
Time difference of 1.662236 hours
    hr max_width90.zhou max_width95.zhou max_width90.zhou.m max_width95.zhou.m
7 0.35         0.260855        0.2867115           0.260855          0.2867115
  max_width90.zhou.iso max_width95.zhou.iso
7             0.260855            0.2867115
