
Due to MODULEPATH changes, the following have been reloaded:
  1) mii/1.1.2

The following have been reloaded with a version change:
  1) StdEnv/2023 => StdEnv/2020           5) libfabric/1.18.0 => libfabric/1.10.1
  2) gcccore/.12.3 => gcccore/.9.3.0      6) openmpi/4.1.5 => openmpi/4.0.3
  3) gentoo/2023 => gentoo/2020           7) ucx/1.14.1 => ucx/1.8.0
  4) imkl/2023.2.0 => imkl/2020.1.217

Batch index: 2
Model: a
Sample size: 500
Dimension: 18
Candidate vector: 20:100
Bandwidth: 0.05 0.1 0.15 0.2 0.25 0.3 0.35
Simulation: 40
Loading required package: iterators
Loading required package: parallel

Attaching package: ‘expm’

The following object is masked from ‘package:Matrix’:

    expm

Time difference of 1.503009 hours
    hr max_width90.zhou max_width95.zhou max_width90.zhou.m max_width95.zhou.m
1 0.05         0.406846        0.4368099           0.406846          0.4368099
  max_width90.zhou.iso max_width95.zhou.iso
1             0.406846            0.4368099
Time difference of 1.482308 hours
   hr max_width90.zhou max_width95.zhou max_width90.zhou.m max_width95.zhou.m
2 0.1         0.442177        0.4794845           0.442177          0.4794845
  max_width90.zhou.iso max_width95.zhou.iso
2             0.442177            0.4794845
Time difference of 1.494382 hours
    hr max_width90.zhou max_width95.zhou max_width90.zhou.m max_width95.zhou.m
3 0.15        0.4289395         0.467649          0.4289395           0.467649
  max_width90.zhou.iso max_width95.zhou.iso
3            0.4289395             0.467649
Time difference of 1.498275 hours
   hr max_width90.zhou max_width95.zhou max_width90.zhou.m max_width95.zhou.m
4 0.2        0.3757246         0.411387          0.3757246           0.411387
  max_width90.zhou.iso max_width95.zhou.iso
4            0.3757246             0.411387
Time difference of 1.501955 hours
    hr max_width90.zhou max_width95.zhou max_width90.zhou.m max_width95.zhou.m
5 0.25        0.3310199        0.3630289          0.3310199          0.3630289
  max_width90.zhou.iso max_width95.zhou.iso
5            0.3310199            0.3630289
Time difference of 1.476238 hours
   hr max_width90.zhou max_width95.zhou max_width90.zhou.m max_width95.zhou.m
6 0.3        0.2917405        0.3201026          0.2917405          0.3201026
  max_width90.zhou.iso max_width95.zhou.iso
6            0.2917405            0.3201026
Time difference of 1.492461 hours
    hr max_width90.zhou max_width95.zhou max_width90.zhou.m max_width95.zhou.m
7 0.35        0.2600714        0.2856037          0.2600714          0.2856037
  max_width90.zhou.iso max_width95.zhou.iso
7            0.2600714            0.2856037
