
Due to MODULEPATH changes, the following have been reloaded:
  1) mii/1.1.2

The following have been reloaded with a version change:
  1) StdEnv/2023 => StdEnv/2020           5) libfabric/1.18.0 => libfabric/1.10.1
  2) gcccore/.12.3 => gcccore/.9.3.0      6) openmpi/4.1.5 => openmpi/4.0.3
  3) gentoo/2023 => gentoo/2020           7) ucx/1.14.1 => ucx/1.8.0
  4) imkl/2023.2.0 => imkl/2020.1.217

Batch index: 5
Model: a
Sample size: 500
Dimension: 18
Candidate vector: 20:100
Bandwidth: 0.05 0.1 0.15 0.2 0.25 0.3 0.35
Simulation: 40
Loading required package: iterators
Loading required package: parallel

Attaching package: ‘expm’

The following object is masked from ‘package:Matrix’:

    expm

Time difference of 1.73509 hours
    hr max_width90.zhou max_width95.zhou max_width90.zhou.m max_width95.zhou.m
1 0.05        0.4173524        0.4502842          0.4173524          0.4502842
  max_width90.zhou.iso max_width95.zhou.iso
1            0.4173524            0.4502842
Time difference of 1.744167 hours
   hr max_width90.zhou max_width95.zhou max_width90.zhou.m max_width95.zhou.m
2 0.1        0.4510663        0.4898463          0.4510663          0.4898463
  max_width90.zhou.iso max_width95.zhou.iso
2            0.4510663            0.4898463
Time difference of 1.737337 hours
    hr max_width90.zhou max_width95.zhou max_width90.zhou.m max_width95.zhou.m
3 0.15        0.4320314        0.4713296          0.4320314          0.4713296
  max_width90.zhou.iso max_width95.zhou.iso
3            0.4320314            0.4713296
Time difference of 1.739734 hours
   hr max_width90.zhou max_width95.zhou max_width90.zhou.m max_width95.zhou.m
4 0.2        0.3769223        0.4124101          0.3769223          0.4124101
  max_width90.zhou.iso max_width95.zhou.iso
4            0.3769223            0.4124101
Time difference of 1.734271 hours
    hr max_width90.zhou max_width95.zhou max_width90.zhou.m max_width95.zhou.m
5 0.25        0.3307649        0.3622189          0.3307649          0.3622189
  max_width90.zhou.iso max_width95.zhou.iso
5            0.3307649            0.3622189
Time difference of 1.626528 hours
   hr max_width90.zhou max_width95.zhou max_width90.zhou.m max_width95.zhou.m
6 0.3         0.292487         0.319508           0.292487           0.319508
  max_width90.zhou.iso max_width95.zhou.iso
6             0.292487             0.319508
Time difference of 1.654261 hours
    hr max_width90.zhou max_width95.zhou max_width90.zhou.m max_width95.zhou.m
7 0.35        0.2612892        0.2870876          0.2612892          0.2870876
  max_width90.zhou.iso max_width95.zhou.iso
7            0.2612892            0.2870876
