
Due to MODULEPATH changes, the following have been reloaded:
  1) mii/1.1.2

The following have been reloaded with a version change:
  1) StdEnv/2023 => StdEnv/2020           5) libfabric/1.18.0 => libfabric/1.10.1
  2) gcccore/.12.3 => gcccore/.9.3.0      6) openmpi/4.1.5 => openmpi/4.0.3
  3) gentoo/2023 => gentoo/2020           7) ucx/1.14.1 => ucx/1.8.0
  4) imkl/2023.2.0 => imkl/2020.1.217

Batch index: 8
Model: b
Sample size: 300
Dimension: 9
Candidate vector: 10:100
Bandwidth: 0.05 0.1 0.15 0.2 0.25 0.3 0.35
GCV: FALSE
Simulation: 40
Loading required package: iterators
Loading required package: parallel

Attaching package: ‘expm’

The following object is masked from ‘package:Matrix’:

    expm

Time difference of 43.20709 mins
    hr        hd is.cover90.hr is.cover95.hr is.cover90.hd is.cover95.hd
1 0.05 0.0485942             1             1             1             1
   SCB90.hr  SCB95.hr  SCB90.hd  SCB95.hd
1 0.7560006 0.8541396 0.5444849 0.6096155
Time difference of 44.81321 mins
   hr         hd is.cover90.hr is.cover95.hr is.cover90.hd is.cover95.hd
2 0.1 0.09718839          0.95         0.975             1             1
   SCB90.hr  SCB95.hr  SCB90.hd  SCB95.hd
2 0.4999631 0.5559803 0.4380101 0.4860726
Time difference of 46.45443 mins
    hr        hd is.cover90.hr is.cover95.hr is.cover90.hd is.cover95.hd
3 0.15 0.1457826           0.9         0.975         0.975             1
   SCB90.hr  SCB95.hr  SCB90.hd  SCB95.hd
3 0.4590103 0.5100917 0.4161117 0.4640029
Time difference of 47.52448 mins
   hr        hd is.cover90.hr is.cover95.hr is.cover90.hd is.cover95.hd
4 0.2 0.1943768         0.975             1         0.925             1
   SCB90.hr  SCB95.hr  SCB90.hd SCB95.hd
4 0.4144166 0.4602404 0.3749049 0.418757
Time difference of 48.49804 mins
    hr        hd is.cover90.hr is.cover95.hr is.cover90.hd is.cover95.hd
5 0.25 0.2371262         0.975             1           0.9             1
   SCB90.hr  SCB95.hr  SCB90.hd  SCB95.hd
5 0.3651383 0.4040517 0.3395959 0.3787367
Time difference of 45.63334 mins
   hr        hd is.cover90.hr is.cover95.hr is.cover90.hd is.cover95.hd
6 0.3 0.2231443          0.85         0.975          0.85          0.95
   SCB90.hr  SCB95.hr SCB90.hd  SCB95.hd
6 0.3378225 0.3753102 0.327988 0.3654175
Time difference of 45.50845 mins
    hr        hd is.cover90.hr is.cover95.hr is.cover90.hd is.cover95.hd
7 0.35 0.2466555          0.85         0.925          0.85         0.925
   SCB90.hr  SCB95.hr  SCB90.hd  SCB95.hd
7 0.3019564 0.3352203 0.3031672 0.3367285
