
Due to MODULEPATH changes, the following have been reloaded:
  1) mii/1.1.2

The following have been reloaded with a version change:
  1) StdEnv/2023 => StdEnv/2020           5) libfabric/1.18.0 => libfabric/1.10.1
  2) gcccore/.12.3 => gcccore/.9.3.0      6) openmpi/4.1.5 => openmpi/4.0.3
  3) gentoo/2023 => gentoo/2020           7) ucx/1.14.1 => ucx/1.8.0
  4) imkl/2023.2.0 => imkl/2020.1.217

Batch index: 3
Model: b
Sample size: 300
Dimension: 9
Candidate vector: 10:100
Bandwidth: 0.05 0.1 0.15 0.2 0.25 0.3 0.35
GCV: FALSE
Simulation: 40
Loading required package: iterators
Loading required package: parallel

Attaching package: ‘expm’

The following object is masked from ‘package:Matrix’:

    expm

Time difference of 41.92556 mins
    hr        hd is.cover90.hr is.cover95.hr is.cover90.hd is.cover95.hd
1 0.05 0.0485942         0.975         0.975             1             1
   SCB90.hr  SCB95.hr  SCB90.hd  SCB95.hd
1 0.7453095 0.8344977 0.5331964 0.5941936
Time difference of 44.47896 mins
   hr         hd is.cover90.hr is.cover95.hr is.cover90.hd is.cover95.hd
2 0.1 0.09718839             1             1         0.975         0.975
   SCB90.hr  SCB95.hr SCB90.hd  SCB95.hd
2 0.5161535 0.5788741 0.441614 0.4906626
Time difference of 45.8059 mins
    hr        hd is.cover90.hr is.cover95.hr is.cover90.hd is.cover95.hd
3 0.15 0.1457826             1             1         0.925             1
   SCB90.hr  SCB95.hr SCB90.hd  SCB95.hd
3 0.4730931 0.5246297 0.430688 0.4809477
Time difference of 46.95721 mins
   hr        hd is.cover90.hr is.cover95.hr is.cover90.hd is.cover95.hd
4 0.2 0.1943768         0.975             1         0.975             1
   SCB90.hr  SCB95.hr  SCB90.hd  SCB95.hd
4 0.4303748 0.4769484 0.4043222 0.4505016
Time difference of 48.24612 mins
    hr        hd is.cover90.hr is.cover95.hr is.cover90.hd is.cover95.hd
5 0.25 0.2371262         0.925             1          0.95         0.975
  SCB90.hr  SCB95.hr  SCB90.hd  SCB95.hd
5 0.384843 0.4273662 0.3637288 0.4066366
Time difference of 47.57606 mins
   hr        hd is.cover90.hr is.cover95.hr is.cover90.hd is.cover95.hd
6 0.3 0.2231443         0.925         0.975         0.925         0.975
   SCB90.hr  SCB95.hr  SCB90.hd  SCB95.hd
6 0.3595141 0.3987004 0.3510686 0.3904086
Time difference of 47.72362 mins
    hr        hd is.cover90.hr is.cover95.hr is.cover90.hd is.cover95.hd
7 0.35 0.2466555         0.925          0.95         0.925          0.95
   SCB90.hr SCB95.hr SCB90.hd  SCB95.hd
7 0.3234481 0.359348 0.324526 0.3601829
