
Due to MODULEPATH changes, the following have been reloaded:
  1) mii/1.1.2

The following have been reloaded with a version change:
  1) StdEnv/2023 => StdEnv/2020           5) libfabric/1.18.0 => libfabric/1.10.1
  2) gcccore/.12.3 => gcccore/.9.3.0      6) openmpi/4.1.5 => openmpi/4.0.3
  3) gentoo/2023 => gentoo/2020           7) ucx/1.14.1 => ucx/1.8.0
  4) imkl/2023.2.0 => imkl/2020.1.217

Batch index: 5
Model: b
Sample size: 300
Dimension: 9
Candidate vector: 10:100
Bandwidth: 0.05 0.1 0.15 0.2 0.25 0.3 0.35
GCV: FALSE
Simulation: 40
Loading required package: iterators
Loading required package: parallel

Attaching package: ‘expm’

The following object is masked from ‘package:Matrix’:

    expm

Time difference of 42.91266 mins
    hr        hd is.cover90.hr is.cover95.hr is.cover90.hd is.cover95.hd
1 0.05 0.0485942          0.95         0.975         0.975             1
   SCB90.hr  SCB95.hr  SCB90.hd  SCB95.hd
1 0.7545509 0.8484401 0.5547099 0.6247621
Time difference of 42.30698 mins
   hr         hd is.cover90.hr is.cover95.hr is.cover90.hd is.cover95.hd
2 0.1 0.09718839         0.925             1          0.95         0.975
   SCB90.hr  SCB95.hr SCB90.hd SCB95.hd
2 0.5031367 0.5591455 0.442214 0.493968
Time difference of 43.72512 mins
    hr        hd is.cover90.hr is.cover95.hr is.cover90.hd is.cover95.hd
3 0.15 0.1457826             1             1         0.875             1
   SCB90.hr  SCB95.hr  SCB90.hd SCB95.hd
3 0.4643736 0.5153449 0.4264681 0.475761
Time difference of 45.61355 mins
   hr        hd is.cover90.hr is.cover95.hr is.cover90.hd is.cover95.hd
4 0.2 0.1943768          0.95             1         0.875         0.975
  SCB90.hr  SCB95.hr  SCB90.hd SCB95.hd
4 0.423008 0.4709196 0.3879485 0.432009
Time difference of 47.09698 mins
    hr        hd is.cover90.hr is.cover95.hr is.cover90.hd is.cover95.hd
5 0.25 0.2371262           0.9          0.95         0.875         0.975
   SCB90.hr  SCB95.hr  SCB90.hd  SCB95.hd
5 0.3789147 0.4202885 0.3552979 0.3965519
Time difference of 46.46631 mins
   hr        hd is.cover90.hr is.cover95.hr is.cover90.hd is.cover95.hd
6 0.3 0.2231443         0.875         0.975         0.875             1
   SCB90.hr  SCB95.hr  SCB90.hd  SCB95.hd
6 0.3529701 0.3911684 0.3454539 0.3834107
Time difference of 45.91165 mins
    hr        hd is.cover90.hr is.cover95.hr is.cover90.hd is.cover95.hd
7 0.35 0.2466555         0.875         0.975         0.875         0.975
  SCB90.hr  SCB95.hr SCB90.hd  SCB95.hd
7 0.318075 0.3528934 0.318849 0.3542342
