
Due to MODULEPATH changes, the following have been reloaded:
  1) mii/1.1.2

The following have been reloaded with a version change:
  1) StdEnv/2023 => StdEnv/2020           5) libfabric/1.18.0 => libfabric/1.10.1
  2) gcccore/.12.3 => gcccore/.9.3.0      6) openmpi/4.1.5 => openmpi/4.0.3
  3) gentoo/2023 => gentoo/2020           7) ucx/1.14.1 => ucx/1.8.0
  4) imkl/2023.2.0 => imkl/2020.1.217

Batch index: 1
Model: b
Sample size: 300
Dimension: 9
Candidate vector: 10:100
Bandwidth: 0.05 0.1 0.15 0.2 0.25 0.3 0.35
GCV: FALSE
Simulation: 40
Loading required package: iterators
Loading required package: parallel

Attaching package: ‘expm’

The following object is masked from ‘package:Matrix’:

    expm

Time difference of 34.76202 mins
    hr        hd is.cover90.hr is.cover95.hr is.cover90.hd is.cover95.hd
1 0.05 0.0485942         0.975             1             1             1
   SCB90.hr  SCB95.hr  SCB90.hd SCB95.hd
1 0.7383632 0.8280814 0.5508983 0.619402
Time difference of 36.04906 mins
   hr         hd is.cover90.hr is.cover95.hr is.cover90.hd is.cover95.hd
2 0.1 0.09718839         0.975             1             1             1
   SCB90.hr  SCB95.hr  SCB90.hd  SCB95.hd
2 0.5088241 0.5654202 0.4513262 0.5015568
Time difference of 37.76562 mins
    hr        hd is.cover90.hr is.cover95.hr is.cover90.hd is.cover95.hd
3 0.15 0.1457826         0.975         0.975             1             1
   SCB90.hr SCB95.hr  SCB90.hd  SCB95.hd
3 0.4762948 0.526758 0.4412982 0.4919159
Time difference of 38.90471 mins
   hr        hd is.cover90.hr is.cover95.hr is.cover90.hd is.cover95.hd
4 0.2 0.1943768          0.95          0.95             1             1
   SCB90.hr  SCB95.hr  SCB90.hd SCB95.hd
4 0.4299766 0.4771763 0.3993592 0.446135
Time difference of 38.992 mins
    hr        hd is.cover90.hr is.cover95.hr is.cover90.hd is.cover95.hd
5 0.25 0.2371262         0.975             1         0.975             1
   SCB90.hr  SCB95.hr  SCB90.hd  SCB95.hd
5 0.3881947 0.4314979 0.3658846 0.4086417
Time difference of 39.9669 mins
   hr        hd is.cover90.hr is.cover95.hr is.cover90.hd is.cover95.hd
6 0.3 0.2231443          0.95             1          0.95             1
   SCB90.hr  SCB95.hr  SCB90.hd  SCB95.hd
6 0.3643054 0.4045156 0.3566724 0.3973678
Time difference of 39.6517 mins
    hr        hd is.cover90.hr is.cover95.hr is.cover90.hd is.cover95.hd
7 0.35 0.2466555         0.925         0.975         0.925         0.975
   SCB90.hr  SCB95.hr  SCB90.hd  SCB95.hd
7 0.3272846 0.3644944 0.3284259 0.3654855
