
Due to MODULEPATH changes, the following have been reloaded:
  1) mii/1.1.2

The following have been reloaded with a version change:
  1) StdEnv/2023 => StdEnv/2020           5) libfabric/1.18.0 => libfabric/1.10.1
  2) gcccore/.12.3 => gcccore/.9.3.0      6) openmpi/4.1.5 => openmpi/4.0.3
  3) gentoo/2023 => gentoo/2020           7) ucx/1.14.1 => ucx/1.8.0
  4) imkl/2023.2.0 => imkl/2020.1.217

Batch index: 9
Model: b
Sample size: 300
Dimension: 9
Candidate vector: 10:100
Bandwidth: 0.05 0.1 0.15 0.2 0.25 0.3 0.35
GCV: FALSE
Simulation: 40
Loading required package: iterators
Loading required package: parallel

Attaching package: ‘expm’

The following object is masked from ‘package:Matrix’:

    expm

Time difference of 35.4403 mins
    hr        hd is.cover90.hr is.cover95.hr is.cover90.hd is.cover95.hd
1 0.05 0.0485942         0.975         0.975             1             1
  SCB90.hr  SCB95.hr  SCB90.hd  SCB95.hd
1 0.697396 0.7827885 0.5285905 0.5905681
Time difference of 36.32121 mins
   hr         hd is.cover90.hr is.cover95.hr is.cover90.hd is.cover95.hd
2 0.1 0.09718839          0.95         0.975         0.925             1
   SCB90.hr  SCB95.hr SCB90.hd  SCB95.hd
2 0.5025255 0.5587323 0.453014 0.5048341
Time difference of 38.40214 mins
    hr        hd is.cover90.hr is.cover95.hr is.cover90.hd is.cover95.hd
3 0.15 0.1457826         0.975         0.975         0.925             1
   SCB90.hr  SCB95.hr  SCB90.hd  SCB95.hd
3 0.4712288 0.5227024 0.4340986 0.4843892
Time difference of 39.52497 mins
   hr        hd is.cover90.hr is.cover95.hr is.cover90.hd is.cover95.hd
4 0.2 0.1943768         0.875         0.925         0.925         0.925
   SCB90.hr  SCB95.hr  SCB90.hd  SCB95.hd
4 0.4213176 0.4688352 0.3898056 0.4363107
Time difference of 41.24241 mins
    hr        hd is.cover90.hr is.cover95.hr is.cover90.hd is.cover95.hd
5 0.25 0.2371262         0.925         0.975         0.925         0.975
  SCB90.hr  SCB95.hr  SCB90.hd  SCB95.hd
5 0.374996 0.4158231 0.3520524 0.3926685
Time difference of 39.54805 mins
   hr        hd is.cover90.hr is.cover95.hr is.cover90.hd is.cover95.hd
6 0.3 0.2231443          0.95         0.975          0.95         0.975
   SCB90.hr SCB95.hr  SCB90.hd  SCB95.hd
6 0.3481142  0.38523 0.3399213 0.3769469
Time difference of 39.44083 mins
    hr        hd is.cover90.hr is.cover95.hr is.cover90.hd is.cover95.hd
7 0.35 0.2466555           0.9          0.95           0.9          0.95
  SCB90.hr  SCB95.hr  SCB90.hd  SCB95.hd
7 0.313528 0.3485266 0.3145832 0.3495069
