
Due to MODULEPATH changes, the following have been reloaded:
  1) mii/1.1.2

The following have been reloaded with a version change:
  1) StdEnv/2023 => StdEnv/2020           5) libfabric/1.18.0 => libfabric/1.10.1
  2) gcccore/.12.3 => gcccore/.9.3.0      6) openmpi/4.1.5 => openmpi/4.0.3
  3) gentoo/2023 => gentoo/2020           7) ucx/1.14.1 => ucx/1.8.0
  4) imkl/2023.2.0 => imkl/2020.1.217

Batch index: 2
Model: b
Sample size: 300
Dimension: 9
Candidate vector: 10:100
Bandwidth: 0.05 0.1 0.15 0.2 0.25 0.3 0.35
GCV: FALSE
Simulation: 40
Loading required package: iterators
Loading required package: parallel

Attaching package: ‘expm’

The following object is masked from ‘package:Matrix’:

    expm

Time difference of 41.72825 mins
    hr        hd is.cover90.hr is.cover95.hr is.cover90.hd is.cover95.hd
1 0.05 0.0485942         0.975             1             1             1
   SCB90.hr  SCB95.hr  SCB90.hd  SCB95.hd
1 0.7126485 0.8025469 0.5398832 0.6018126
Time difference of 44.78694 mins
   hr         hd is.cover90.hr is.cover95.hr is.cover90.hd is.cover95.hd
2 0.1 0.09718839         0.925         0.975          0.95             1
   SCB90.hr  SCB95.hr  SCB90.hd  SCB95.hd
2 0.5135875 0.5735308 0.4538719 0.5086383
Time difference of 46.21699 mins
    hr        hd is.cover90.hr is.cover95.hr is.cover90.hd is.cover95.hd
3 0.15 0.1457826         0.925          0.95           0.9           0.9
   SCB90.hr  SCB95.hr  SCB90.hd SCB95.hd
3 0.4715476 0.5214987 0.4364675 0.486427
Time difference of 47.15741 mins
   hr        hd is.cover90.hr is.cover95.hr is.cover90.hd is.cover95.hd
4 0.2 0.1943768           0.9         0.925         0.875          0.95
   SCB90.hr SCB95.hr  SCB90.hd  SCB95.hd
4 0.4261427 0.471778 0.3940444 0.4407221
Time difference of 48.02689 mins
    hr        hd is.cover90.hr is.cover95.hr is.cover90.hd is.cover95.hd
5 0.25 0.2371262           0.9         0.925          0.85           0.9
   SCB90.hr  SCB95.hr  SCB90.hd  SCB95.hd
5 0.3757726 0.4173259 0.3553786 0.3966643
Time difference of 47.67814 mins
   hr        hd is.cover90.hr is.cover95.hr is.cover90.hd is.cover95.hd
6 0.3 0.2231443         0.825          0.95         0.825          0.95
   SCB90.hr  SCB95.hr  SCB90.hd SCB95.hd
6 0.3522585 0.3904824 0.3456852 0.383633
Time difference of 47.51575 mins
    hr        hd is.cover90.hr is.cover95.hr is.cover90.hd is.cover95.hd
7 0.35 0.2466555         0.825          0.95         0.825          0.95
   SCB90.hr  SCB95.hr  SCB90.hd  SCB95.hd
7 0.3193635 0.3554513 0.3202319 0.3565522
