
Due to MODULEPATH changes, the following have been reloaded:
  1) mii/1.1.2

The following have been reloaded with a version change:
  1) StdEnv/2023 => StdEnv/2020           5) libfabric/1.18.0 => libfabric/1.10.1
  2) gcccore/.12.3 => gcccore/.9.3.0      6) openmpi/4.1.5 => openmpi/4.0.3
  3) gentoo/2023 => gentoo/2020           7) ucx/1.14.1 => ucx/1.8.0
  4) imkl/2023.2.0 => imkl/2020.1.217

Batch index: 8
Model: a
Sample size: 1000
Dimension: 18
Candidate vector: 35:200
Bandwidth: 0.05 0.1 0.15 0.2 0.25 0.3 0.35
Simulation: 40
Loading required package: iterators
Loading required package: parallel

Attaching package: ‘expm’

The following object is masked from ‘package:Matrix’:

    expm

Time difference of 6.031616 hours
    hr max_width90.zhou max_width95.zhou max_width90.zhou.m max_width95.zhou.m
1 0.05         0.297273        0.3188292           0.297273          0.3188292
  max_width90.zhou.iso max_width95.zhou.iso
1             0.297273            0.3188292
Time difference of 5.453081 hours
   hr max_width90.zhou max_width95.zhou max_width90.zhou.m max_width95.zhou.m
2 0.1        0.3741086        0.4078847          0.3741086          0.4078847
  max_width90.zhou.iso max_width95.zhou.iso
2            0.3741086            0.4078847
Time difference of 5.565423 hours
    hr max_width90.zhou max_width95.zhou max_width90.zhou.m max_width95.zhou.m
3 0.15        0.3283455        0.3575574          0.3283455          0.3575574
  max_width90.zhou.iso max_width95.zhou.iso
3            0.3283455            0.3575574
Time difference of 5.823504 hours
   hr max_width90.zhou max_width95.zhou max_width90.zhou.m max_width95.zhou.m
4 0.2        0.2799974        0.3050249          0.2799974          0.3050249
  max_width90.zhou.iso max_width95.zhou.iso
4            0.2799974            0.3050249
Time difference of 5.570779 hours
    hr max_width90.zhou max_width95.zhou max_width90.zhou.m max_width95.zhou.m
5 0.25        0.2411711        0.2629884          0.2411711          0.2629884
  max_width90.zhou.iso max_width95.zhou.iso
5            0.2411711            0.2629884
Time difference of 5.778784 hours
   hr max_width90.zhou max_width95.zhou max_width90.zhou.m max_width95.zhou.m
6 0.3        0.2114035        0.2315338          0.2114035          0.2315338
  max_width90.zhou.iso max_width95.zhou.iso
6            0.2114035            0.2315338
Time difference of 5.747151 hours
    hr max_width90.zhou max_width95.zhou max_width90.zhou.m max_width95.zhou.m
7 0.35        0.1881014        0.2066863          0.1881014          0.2066863
  max_width90.zhou.iso max_width95.zhou.iso
7            0.1881014            0.2066863
