
Due to MODULEPATH changes, the following have been reloaded:
  1) mii/1.1.2

The following have been reloaded with a version change:
  1) StdEnv/2023 => StdEnv/2020           5) libfabric/1.18.0 => libfabric/1.10.1
  2) gcccore/.12.3 => gcccore/.9.3.0      6) openmpi/4.1.5 => openmpi/4.0.3
  3) gentoo/2023 => gentoo/2020           7) ucx/1.14.1 => ucx/1.8.0
  4) imkl/2023.2.0 => imkl/2020.1.217

Batch index: 1
Model: a
Sample size: 1000
Dimension: 18
Candidate vector: 35:200
Bandwidth: 0.05 0.1 0.15 0.2 0.25 0.3 0.35
Simulation: 40
Loading required package: iterators
Loading required package: parallel

Attaching package: ‘expm’

The following object is masked from ‘package:Matrix’:

    expm

Time difference of 5.98307 hours
    hr max_width90.zhou max_width95.zhou max_width90.zhou.m max_width95.zhou.m
1 0.05        0.2958984        0.3174966          0.2958984          0.3174966
  max_width90.zhou.iso max_width95.zhou.iso
1            0.2958984            0.3174966
Time difference of 6.073902 hours
   hr max_width90.zhou max_width95.zhou max_width90.zhou.m max_width95.zhou.m
2 0.1        0.3721822         0.405144          0.3721822           0.405144
  max_width90.zhou.iso max_width95.zhou.iso
2            0.3721822             0.405144
Time difference of 5.608693 hours
    hr max_width90.zhou max_width95.zhou max_width90.zhou.m max_width95.zhou.m
3 0.15        0.3264718        0.3571162          0.3264718          0.3571162
  max_width90.zhou.iso max_width95.zhou.iso
3            0.3264718            0.3571162
Time difference of 5.640828 hours
   hr max_width90.zhou max_width95.zhou max_width90.zhou.m max_width95.zhou.m
4 0.2        0.2759904        0.3020674          0.2759904          0.3020674
  max_width90.zhou.iso max_width95.zhou.iso
4            0.2759904            0.3020674
Time difference of 6.100412 hours
    hr max_width90.zhou max_width95.zhou max_width90.zhou.m max_width95.zhou.m
5 0.25        0.2382941        0.2600004          0.2382941          0.2600004
  max_width90.zhou.iso max_width95.zhou.iso
5            0.2382941            0.2600004
Time difference of 5.957178 hours
   hr max_width90.zhou max_width95.zhou max_width90.zhou.m max_width95.zhou.m
6 0.3        0.2100246        0.2300043          0.2100246          0.2300043
  max_width90.zhou.iso max_width95.zhou.iso
6            0.2100246            0.2300043
Time difference of 5.923925 hours
    hr max_width90.zhou max_width95.zhou max_width90.zhou.m max_width95.zhou.m
7 0.35        0.1871571        0.2050708          0.1871571          0.2050708
  max_width90.zhou.iso max_width95.zhou.iso
7            0.1871571            0.2050708
