
Due to MODULEPATH changes, the following have been reloaded:
  1) mii/1.1.2

The following have been reloaded with a version change:
  1) StdEnv/2023 => StdEnv/2020           5) libfabric/1.18.0 => libfabric/1.10.1
  2) gcccore/.12.3 => gcccore/.9.3.0      6) openmpi/4.1.5 => openmpi/4.0.3
  3) gentoo/2023 => gentoo/2020           7) ucx/1.14.1 => ucx/1.8.0
  4) imkl/2023.2.0 => imkl/2020.1.217

Batch index: 4
Model: a
Sample size: 1000
Dimension: 18
Candidate vector: 35:200
Bandwidth: 0.05 0.1 0.15 0.2 0.25 0.3 0.35
Simulation: 40
Loading required package: iterators
Loading required package: parallel

Attaching package: ‘expm’

The following object is masked from ‘package:Matrix’:

    expm

Time difference of 5.471198 hours
    hr max_width90.zhou max_width95.zhou max_width90.zhou.m max_width95.zhou.m
1 0.05        0.2965538        0.3182827          0.2965538          0.3182827
  max_width90.zhou.iso max_width95.zhou.iso
1            0.2965538            0.3182827
Time difference of 5.420486 hours
   hr max_width90.zhou max_width95.zhou max_width90.zhou.m max_width95.zhou.m
2 0.1        0.3653122        0.3962252          0.3653122          0.3962252
  max_width90.zhou.iso max_width95.zhou.iso
2            0.3653122            0.3962252
Time difference of 5.460208 hours
    hr max_width90.zhou max_width95.zhou max_width90.zhou.m max_width95.zhou.m
3 0.15        0.3198674        0.3483327          0.3198674          0.3483327
  max_width90.zhou.iso max_width95.zhou.iso
3            0.3198674            0.3483327
Time difference of 5.478914 hours
   hr max_width90.zhou max_width95.zhou max_width90.zhou.m max_width95.zhou.m
4 0.2        0.2721497        0.2968535          0.2721497          0.2968535
  max_width90.zhou.iso max_width95.zhou.iso
4            0.2721497            0.2968535
Time difference of 5.599273 hours
    hr max_width90.zhou max_width95.zhou max_width90.zhou.m max_width95.zhou.m
5 0.25        0.2368796        0.2579382          0.2368796          0.2579382
  max_width90.zhou.iso max_width95.zhou.iso
5            0.2368796            0.2579382
Time difference of 5.819735 hours
   hr max_width90.zhou max_width95.zhou max_width90.zhou.m max_width95.zhou.m
6 0.3        0.2102104        0.2295805          0.2102104          0.2295805
  max_width90.zhou.iso max_width95.zhou.iso
6            0.2102104            0.2295805
Time difference of 5.57583 hours
    hr max_width90.zhou max_width95.zhou max_width90.zhou.m max_width95.zhou.m
7 0.35        0.1880291        0.2058465          0.1880291          0.2058465
  max_width90.zhou.iso max_width95.zhou.iso
7            0.1880291            0.2058465
