
Due to MODULEPATH changes, the following have been reloaded:
  1) mii/1.1.2

The following have been reloaded with a version change:
  1) StdEnv/2023 => StdEnv/2020           5) libfabric/1.18.0 => libfabric/1.10.1
  2) gcccore/.12.3 => gcccore/.9.3.0      6) openmpi/4.1.5 => openmpi/4.0.3
  3) gentoo/2023 => gentoo/2020           7) ucx/1.14.1 => ucx/1.8.0
  4) imkl/2023.2.0 => imkl/2020.1.217

Batch index: 9
Model: a
Sample size: 1000
Dimension: 18
Candidate vector: 35:200
Bandwidth: 0.05 0.1 0.15 0.2 0.25 0.3 0.35
Simulation: 40
Loading required package: iterators
Loading required package: parallel

Attaching package: ‘expm’

The following object is masked from ‘package:Matrix’:

    expm

Time difference of 5.737707 hours
    hr max_width90.zhou max_width95.zhou max_width90.zhou.m max_width95.zhou.m
1 0.05        0.2972429        0.3192141          0.2972429          0.3192141
  max_width90.zhou.iso max_width95.zhou.iso
1            0.2972429            0.3192141
Time difference of 5.506622 hours
   hr max_width90.zhou max_width95.zhou max_width90.zhou.m max_width95.zhou.m
2 0.1        0.3726914        0.4057107          0.3726914          0.4057107
  max_width90.zhou.iso max_width95.zhou.iso
2            0.3726914            0.4057107
Time difference of 5.385409 hours
    hr max_width90.zhou max_width95.zhou max_width90.zhou.m max_width95.zhou.m
3 0.15        0.3319971        0.3633762          0.3319971          0.3633762
  max_width90.zhou.iso max_width95.zhou.iso
3            0.3319971            0.3633762
Time difference of 5.366042 hours
   hr max_width90.zhou max_width95.zhou max_width90.zhou.m max_width95.zhou.m
4 0.2        0.2829611        0.3094211          0.2829611          0.3094211
  max_width90.zhou.iso max_width95.zhou.iso
4            0.2829611            0.3094211
Time difference of 5.2938 hours
    hr max_width90.zhou max_width95.zhou max_width90.zhou.m max_width95.zhou.m
5 0.25        0.2455352        0.2693512          0.2455352          0.2693512
  max_width90.zhou.iso max_width95.zhou.iso
5            0.2455352            0.2693512
Time difference of 5.504695 hours
   hr max_width90.zhou max_width95.zhou max_width90.zhou.m max_width95.zhou.m
6 0.3        0.2160973        0.2382271          0.2160973          0.2382271
  max_width90.zhou.iso max_width95.zhou.iso
6            0.2160973            0.2382271
Time difference of 5.429553 hours
    hr max_width90.zhou max_width95.zhou max_width90.zhou.m max_width95.zhou.m
7 0.35        0.1923877        0.2119908          0.1923877          0.2119908
  max_width90.zhou.iso max_width95.zhou.iso
7            0.1923877            0.2119908
