
Due to MODULEPATH changes, the following have been reloaded:
  1) mii/1.1.2

The following have been reloaded with a version change:
  1) StdEnv/2023 => StdEnv/2020           5) libfabric/1.18.0 => libfabric/1.10.1
  2) gcccore/.12.3 => gcccore/.9.3.0      6) openmpi/4.1.5 => openmpi/4.0.3
  3) gentoo/2023 => gentoo/2020           7) ucx/1.14.1 => ucx/1.8.0
  4) imkl/2023.2.0 => imkl/2020.1.217

Batch index: 2
Model: a
Sample size: 1000
Dimension: 18
Candidate vector: 35:200
Bandwidth: 0.05 0.1 0.15 0.2 0.25 0.3 0.35
Simulation: 40
Loading required package: iterators
Loading required package: parallel

Attaching package: ‘expm’

The following object is masked from ‘package:Matrix’:

    expm

Time difference of 5.497574 hours
    hr max_width90.zhou max_width95.zhou max_width90.zhou.m max_width95.zhou.m
1 0.05        0.2970904        0.3196781          0.2970904          0.3196781
  max_width90.zhou.iso max_width95.zhou.iso
1            0.2970904            0.3196781
Time difference of 5.456098 hours
   hr max_width90.zhou max_width95.zhou max_width90.zhou.m max_width95.zhou.m
2 0.1        0.3691882        0.4016059          0.3691882          0.4016059
  max_width90.zhou.iso max_width95.zhou.iso
2            0.3691882            0.4016059
Time difference of 5.650664 hours
    hr max_width90.zhou max_width95.zhou max_width90.zhou.m max_width95.zhou.m
3 0.15        0.3248393        0.3545309          0.3248393          0.3545309
  max_width90.zhou.iso max_width95.zhou.iso
3            0.3248393            0.3545309
Time difference of 5.651645 hours
   hr max_width90.zhou max_width95.zhou max_width90.zhou.m max_width95.zhou.m
4 0.2        0.2783097        0.3040092          0.2783097          0.3040092
  max_width90.zhou.iso max_width95.zhou.iso
4            0.2783097            0.3040092
Time difference of 5.513319 hours
    hr max_width90.zhou max_width95.zhou max_width90.zhou.m max_width95.zhou.m
5 0.25        0.2389956        0.2612626          0.2389956          0.2612626
  max_width90.zhou.iso max_width95.zhou.iso
5            0.2389956            0.2612626
Time difference of 5.789643 hours
   hr max_width90.zhou max_width95.zhou max_width90.zhou.m max_width95.zhou.m
6 0.3        0.2097052        0.2295386          0.2097052          0.2295386
  max_width90.zhou.iso max_width95.zhou.iso
6            0.2097052            0.2295386
Time difference of 5.606582 hours
    hr max_width90.zhou max_width95.zhou max_width90.zhou.m max_width95.zhou.m
7 0.35         0.186695         0.204393           0.186695           0.204393
  max_width90.zhou.iso max_width95.zhou.iso
7             0.186695             0.204393
