
Due to MODULEPATH changes, the following have been reloaded:
  1) mii/1.1.2

The following have been reloaded with a version change:
  1) StdEnv/2023 => StdEnv/2020           5) libfabric/1.18.0 => libfabric/1.10.1
  2) gcccore/.12.3 => gcccore/.9.3.0      6) openmpi/4.1.5 => openmpi/4.0.3
  3) gentoo/2023 => gentoo/2020           7) ucx/1.14.1 => ucx/1.8.0
  4) imkl/2023.2.0 => imkl/2020.1.217

Batch index: 5
Model: a
Sample size: 1000
Dimension: 18
Candidate vector: 35:200
Bandwidth: 0.05 0.1 0.15 0.2 0.25 0.3 0.35
Simulation: 40
Loading required package: iterators
Loading required package: parallel

Attaching package: ‘expm’

The following object is masked from ‘package:Matrix’:

    expm

Time difference of 7.314874 hours
    hr max_width90.zhou max_width95.zhou max_width90.zhou.m max_width95.zhou.m
1 0.05        0.3007535        0.3231261          0.3007535          0.3231261
  max_width90.zhou.iso max_width95.zhou.iso
1            0.3007535            0.3231261
Time difference of 6.167374 hours
   hr max_width90.zhou max_width95.zhou max_width90.zhou.m max_width95.zhou.m
2 0.1         0.363373        0.3936479           0.363373          0.3936479
  max_width90.zhou.iso max_width95.zhou.iso
2             0.363373            0.3936479
Time difference of 5.590804 hours
    hr max_width90.zhou max_width95.zhou max_width90.zhou.m max_width95.zhou.m
3 0.15        0.3206099        0.3488923          0.3206099          0.3488923
  max_width90.zhou.iso max_width95.zhou.iso
3            0.3206099            0.3488923
Time difference of 5.515888 hours
   hr max_width90.zhou max_width95.zhou max_width90.zhou.m max_width95.zhou.m
4 0.2        0.2748044        0.3002257          0.2748044          0.3002257
  max_width90.zhou.iso max_width95.zhou.iso
4            0.2748044            0.3002257
Time difference of 5.746894 hours
    hr max_width90.zhou max_width95.zhou max_width90.zhou.m max_width95.zhou.m
5 0.25        0.2389447        0.2616638          0.2389447          0.2616638
  max_width90.zhou.iso max_width95.zhou.iso
5            0.2389447            0.2616638
Time difference of 6.022133 hours
   hr max_width90.zhou max_width95.zhou max_width90.zhou.m max_width95.zhou.m
6 0.3        0.2105724        0.2311494          0.2105724          0.2311494
  max_width90.zhou.iso max_width95.zhou.iso
6            0.2105724            0.2311494
Time difference of 5.596862 hours
    hr max_width90.zhou max_width95.zhou max_width90.zhou.m max_width95.zhou.m
7 0.35        0.1867974        0.2049618          0.1867974          0.2049618
  max_width90.zhou.iso max_width95.zhou.iso
7            0.1867974            0.2049618
