
Due to MODULEPATH changes, the following have been reloaded:
  1) mii/1.1.2

The following have been reloaded with a version change:
  1) StdEnv/2023 => StdEnv/2020           5) libfabric/1.18.0 => libfabric/1.10.1
  2) gcccore/.12.3 => gcccore/.9.3.0      6) openmpi/4.1.5 => openmpi/4.0.3
  3) gentoo/2023 => gentoo/2020           7) ucx/1.14.1 => ucx/1.8.0
  4) imkl/2023.2.0 => imkl/2020.1.217

Batch index: 6
Model: a
Sample size: 1000
Dimension: 18
Candidate vector: 35:200
Bandwidth: 0.05 0.1 0.15 0.2 0.25 0.3 0.35
Simulation: 40
Loading required package: iterators
Loading required package: parallel

Attaching package: ‘expm’

The following object is masked from ‘package:Matrix’:

    expm

Time difference of 5.515276 hours
    hr max_width90.zhou max_width95.zhou max_width90.zhou.m max_width95.zhou.m
1 0.05        0.2958878        0.3177634          0.2958878          0.3177634
  max_width90.zhou.iso max_width95.zhou.iso
1            0.2958878            0.3177634
Time difference of 5.443251 hours
   hr max_width90.zhou max_width95.zhou max_width90.zhou.m max_width95.zhou.m
2 0.1        0.3697989        0.4017051          0.3697989          0.4017051
  max_width90.zhou.iso max_width95.zhou.iso
2            0.3697989            0.4017051
Time difference of 5.481575 hours
    hr max_width90.zhou max_width95.zhou max_width90.zhou.m max_width95.zhou.m
3 0.15        0.3262248         0.355226          0.3262248           0.355226
  max_width90.zhou.iso max_width95.zhou.iso
3            0.3262248             0.355226
Time difference of 5.410746 hours
   hr max_width90.zhou max_width95.zhou max_width90.zhou.m max_width95.zhou.m
4 0.2        0.2767052        0.3015568          0.2767052          0.3015568
  max_width90.zhou.iso max_width95.zhou.iso
4            0.2767052            0.3015568
Time difference of 5.475212 hours
    hr max_width90.zhou max_width95.zhou max_width90.zhou.m max_width95.zhou.m
5 0.25         0.239513        0.2619063           0.239513          0.2619063
  max_width90.zhou.iso max_width95.zhou.iso
5             0.239513            0.2619063
Time difference of 5.711688 hours
   hr max_width90.zhou max_width95.zhou max_width90.zhou.m max_width95.zhou.m
6 0.3        0.2105817        0.2302135          0.2105817          0.2302135
  max_width90.zhou.iso max_width95.zhou.iso
6            0.2105817            0.2302135
Time difference of 5.366459 hours
    hr max_width90.zhou max_width95.zhou max_width90.zhou.m max_width95.zhou.m
7 0.35        0.1864327        0.2040241          0.1864327          0.2040241
  max_width90.zhou.iso max_width95.zhou.iso
7            0.1864327            0.2040241
