
Due to MODULEPATH changes, the following have been reloaded:
  1) mii/1.1.2

The following have been reloaded with a version change:
  1) StdEnv/2023 => StdEnv/2020           5) libfabric/1.18.0 => libfabric/1.10.1
  2) gcccore/.12.3 => gcccore/.9.3.0      6) openmpi/4.1.5 => openmpi/4.0.3
  3) gentoo/2023 => gentoo/2020           7) ucx/1.14.1 => ucx/1.8.0
  4) imkl/2023.2.0 => imkl/2020.1.217

Batch index: 3
Model: a
Sample size: 1000
Dimension: 18
Candidate vector: 35:200
Bandwidth: 0.05 0.1 0.15 0.2 0.25 0.3 0.35
Simulation: 40
Loading required package: iterators
Loading required package: parallel

Attaching package: ‘expm’

The following object is masked from ‘package:Matrix’:

    expm

Time difference of 5.923459 hours
    hr max_width90.zhou max_width95.zhou max_width90.zhou.m max_width95.zhou.m
1 0.05        0.2952816        0.3170513          0.2952816          0.3170513
  max_width90.zhou.iso max_width95.zhou.iso
1            0.2952816            0.3170513
Time difference of 5.986581 hours
   hr max_width90.zhou max_width95.zhou max_width90.zhou.m max_width95.zhou.m
2 0.1        0.3665758        0.3982977          0.3665758          0.3982977
  max_width90.zhou.iso max_width95.zhou.iso
2            0.3665758            0.3982977
Time difference of 5.622311 hours
    hr max_width90.zhou max_width95.zhou max_width90.zhou.m max_width95.zhou.m
3 0.15        0.3205012        0.3484336          0.3205012          0.3484336
  max_width90.zhou.iso max_width95.zhou.iso
3            0.3205012            0.3484336
Time difference of 6.001825 hours
   hr max_width90.zhou max_width95.zhou max_width90.zhou.m max_width95.zhou.m
4 0.2        0.2735948        0.2979837          0.2735948          0.2979837
  max_width90.zhou.iso max_width95.zhou.iso
4            0.2735948            0.2979837
Time difference of 6.101855 hours
    hr max_width90.zhou max_width95.zhou max_width90.zhou.m max_width95.zhou.m
5 0.25        0.2362927         0.258542          0.2362927           0.258542
  max_width90.zhou.iso max_width95.zhou.iso
5            0.2362927             0.258542
Time difference of 6.183172 hours
   hr max_width90.zhou max_width95.zhou max_width90.zhou.m max_width95.zhou.m
6 0.3         0.207039        0.2264645           0.207039          0.2264645
  max_width90.zhou.iso max_width95.zhou.iso
6             0.207039            0.2264645
Time difference of 6.247956 hours
    hr max_width90.zhou max_width95.zhou max_width90.zhou.m max_width95.zhou.m
7 0.35        0.1835323        0.2017422          0.1835323          0.2017422
  max_width90.zhou.iso max_width95.zhou.iso
7            0.1835323            0.2017422
