
Due to MODULEPATH changes, the following have been reloaded:
  1) mii/1.1.2

The following have been reloaded with a version change:
  1) StdEnv/2023 => StdEnv/2020           5) libfabric/1.18.0 => libfabric/1.10.1
  2) gcccore/.12.3 => gcccore/.9.3.0      6) openmpi/4.1.5 => openmpi/4.0.3
  3) gentoo/2023 => gentoo/2020           7) ucx/1.14.1 => ucx/1.8.0
  4) imkl/2023.2.0 => imkl/2020.1.217

Batch index: 10
Model: a
Sample size: 1000
Dimension: 18
Candidate vector: 35:200
Bandwidth: 0.05 0.1 0.15 0.2 0.25 0.3 0.35
Simulation: 40
Loading required package: iterators
Loading required package: parallel

Attaching package: ‘expm’

The following object is masked from ‘package:Matrix’:

    expm

Time difference of 6.833334 hours
    hr max_width90.zhou max_width95.zhou max_width90.zhou.m max_width95.zhou.m
1 0.05         0.298692        0.3210143           0.298692          0.3210143
  max_width90.zhou.iso max_width95.zhou.iso
1             0.298692            0.3210143
Time difference of 6.831367 hours
   hr max_width90.zhou max_width95.zhou max_width90.zhou.m max_width95.zhou.m
2 0.1        0.3732542        0.4050642          0.3732542          0.4050642
  max_width90.zhou.iso max_width95.zhou.iso
2            0.3732542            0.4050642
Time difference of 6.679909 hours
    hr max_width90.zhou max_width95.zhou max_width90.zhou.m max_width95.zhou.m
3 0.15        0.3298039        0.3603301          0.3298039          0.3603301
  max_width90.zhou.iso max_width95.zhou.iso
3            0.3298039            0.3603301
Time difference of 6.479148 hours
   hr max_width90.zhou max_width95.zhou max_width90.zhou.m max_width95.zhou.m
4 0.2        0.2800626        0.3061024          0.2800626          0.3061024
  max_width90.zhou.iso max_width95.zhou.iso
4            0.2800626            0.3061024
Time difference of 6.489759 hours
    hr max_width90.zhou max_width95.zhou max_width90.zhou.m max_width95.zhou.m
5 0.25        0.2424183        0.2646235          0.2424183          0.2646235
  max_width90.zhou.iso max_width95.zhou.iso
5            0.2424183            0.2646235
Time difference of 6.697211 hours
   hr max_width90.zhou max_width95.zhou max_width90.zhou.m max_width95.zhou.m
6 0.3        0.2138372         0.233592          0.2138372           0.233592
  max_width90.zhou.iso max_width95.zhou.iso
6            0.2138372             0.233592
Time difference of 6.554522 hours
    hr max_width90.zhou max_width95.zhou max_width90.zhou.m max_width95.zhou.m
7 0.35        0.1896875        0.2078207          0.1896875          0.2078207
  max_width90.zhou.iso max_width95.zhou.iso
7            0.1896875            0.2078207
