
Due to MODULEPATH changes, the following have been reloaded:
  1) mii/1.1.2

The following have been reloaded with a version change:
  1) StdEnv/2023 => StdEnv/2020           5) libfabric/1.18.0 => libfabric/1.10.1
  2) gcccore/.12.3 => gcccore/.9.3.0      6) openmpi/4.1.5 => openmpi/4.0.3
  3) gentoo/2023 => gentoo/2020           7) ucx/1.14.1 => ucx/1.8.0
  4) imkl/2023.2.0 => imkl/2020.1.217

Batch index: 8
Model: b
Sample size: 1000
Dimension: 27
Candidate vector: 40:200
Bandwidth: 0.15 0.2
GCV: FALSE
Simulation: 40
Loading required package: iterators
Loading required package: parallel

Attaching package: ‘expm’

The following object is masked from ‘package:Matrix’:

    expm

Time difference of 6.067733 hours
    hr        hd is.cover90.hr is.cover95.hr is.cover90.hd is.cover95.hd
1 0.15 0.1449076           0.9             1           0.9         0.925
   SCB90.hr  SCB95.hr  SCB90.hd  SCB95.hd
1 0.3122922 0.3430412 0.2958051 0.3261132
Time difference of 5.950656 hours
   hr        hd is.cover90.hr is.cover95.hr is.cover90.hd is.cover95.hd
2 0.2 0.1709976         0.875         0.975          0.85           0.9
   SCB90.hr SCB95.hr  SCB90.hd  SCB95.hd
2 0.2839266  0.31162 0.2713809 0.2987918
