
Due to MODULEPATH changes, the following have been reloaded:
  1) mii/1.1.2

The following have been reloaded with a version change:
  1) StdEnv/2023 => StdEnv/2020           5) libfabric/1.18.0 => libfabric/1.10.1
  2) gcccore/.12.3 => gcccore/.9.3.0      6) openmpi/4.1.5 => openmpi/4.0.3
  3) gentoo/2023 => gentoo/2020           7) ucx/1.14.1 => ucx/1.8.0
  4) imkl/2023.2.0 => imkl/2020.1.217

Batch index: 4
Model: b
Sample size: 1000
Dimension: 27
Candidate vector: 40:200
Bandwidth: 0.15 0.2
GCV: FALSE
Simulation: 40
Loading required package: iterators
Loading required package: parallel

Attaching package: ‘expm’

The following object is masked from ‘package:Matrix’:

    expm

Time difference of 4.640168 hours
    hr        hd is.cover90.hr is.cover95.hr is.cover90.hd is.cover95.hd
1 0.15 0.1449076           0.9          0.95          0.95         0.975
   SCB90.hr  SCB95.hr  SCB90.hd  SCB95.hd
1 0.3139629 0.3436217 0.2934615 0.3225214
Time difference of 4.720584 hours
   hr        hd is.cover90.hr is.cover95.hr is.cover90.hd is.cover95.hd
2 0.2 0.1709976         0.925          0.95          0.95         0.975
   SCB90.hr  SCB95.hr  SCB90.hd  SCB95.hd
2 0.2847487 0.3123079 0.2698144 0.2967202
