
Due to MODULEPATH changes, the following have been reloaded:
  1) mii/1.1.2

The following have been reloaded with a version change:
  1) StdEnv/2023 => StdEnv/2020           5) libfabric/1.18.0 => libfabric/1.10.1
  2) gcccore/.12.3 => gcccore/.9.3.0      6) openmpi/4.1.5 => openmpi/4.0.3
  3) gentoo/2023 => gentoo/2020           7) ucx/1.14.1 => ucx/1.8.0
  4) imkl/2023.2.0 => imkl/2020.1.217

Batch index: 2
Model: b
Sample size: 1000
Dimension: 27
Candidate vector: 40:200
Bandwidth: 0.15 0.2
GCV: FALSE
Simulation: 40
Loading required package: iterators
Loading required package: parallel

Attaching package: ‘expm’

The following object is masked from ‘package:Matrix’:

    expm

Time difference of 4.559674 hours
    hr        hd is.cover90.hr is.cover95.hr is.cover90.hd is.cover95.hd
1 0.15 0.1449076         0.925         0.975         0.925         0.975
   SCB90.hr  SCB95.hr  SCB90.hd  SCB95.hd
1 0.3144867 0.3447769 0.2955396 0.3251877
Time difference of 4.977674 hours
   hr        hd is.cover90.hr is.cover95.hr is.cover90.hd is.cover95.hd
2 0.2 0.1709976          0.95          0.95          0.95         0.975
  SCB90.hr  SCB95.hr  SCB90.hd  SCB95.hd
2 0.284794 0.3124812 0.2716918 0.2990885
