
Due to MODULEPATH changes, the following have been reloaded:
  1) mii/1.1.2

The following have been reloaded with a version change:
  1) StdEnv/2023 => StdEnv/2020           5) libfabric/1.18.0 => libfabric/1.10.1
  2) gcccore/.12.3 => gcccore/.9.3.0      6) openmpi/4.1.5 => openmpi/4.0.3
  3) gentoo/2023 => gentoo/2020           7) ucx/1.14.1 => ucx/1.8.0
  4) imkl/2023.2.0 => imkl/2020.1.217

Loading required package: iterators
Loading required package: parallel

Attaching package: ‘expm’

The following object is masked from ‘package:Matrix’:

    expm

Time difference of 5.760927 mins
             [,1]       [,2]
  [1,] 0.03050571 0.06183135
  [2,] 0.09292357 0.12478820
  [3,] 0.26419909 0.26496814
  [4,] 0.20213570 0.19778951
  [5,] 0.13950362 0.14147930
  [6,] 0.17148844 0.18195593
  [7,] 0.22030205 0.18511108
  [8,] 0.30899292 0.31057365
  [9,] 0.22714166 0.21960320
 [10,] 0.23135796 0.19785525
 [11,] 0.11666661 0.08749376
 [12,] 0.17049067 0.16833343
 [13,] 0.21781044 0.23106119
 [14,] 0.13370282 0.13294209
 [15,] 0.17513920 0.11262931
 [16,] 0.25162444 0.24735141
 [17,] 0.18890528 0.16600419
 [18,] 0.12643005 0.12368599
 [19,] 0.10915402 0.13816226
 [20,] 0.14005873 0.20583989
 [21,] 0.18229866 0.21048600
 [22,] 0.28560493 0.29613991
 [23,] 0.15802791 0.16143848
 [24,] 0.33448174 0.37127790
 [25,] 0.09289604 0.09688849
 [26,] 0.06101760 0.08965913
 [27,] 0.23781283 0.24204260
 [28,] 0.14275648 0.16696628
 [29,] 0.09085303 0.14562131
 [30,] 0.23048284 0.17974948
 [31,] 0.14751381 0.17535330
 [32,] 0.16567253 0.16095778
 [33,] 0.14861804 0.16728118
 [34,] 0.21433375 0.24564663
 [35,] 0.22054731 0.17878133
 [36,] 0.16448903 0.18200581
 [37,] 0.12807667 0.16562110
 [38,] 0.15181551 0.12307941
 [39,] 0.11222266 0.14734263
 [40,] 0.23614827 0.22392838
 [41,] 0.15974161 0.15598894
 [42,] 0.19023630 0.19811015
 [43,] 0.18418309 0.22291217
 [44,] 0.08512794 0.11607881
 [45,] 0.10733735 0.09556767
 [46,] 0.13269413 0.13447840
 [47,] 0.21091917 0.12975913
 [48,] 0.14659889 0.12813346
 [49,] 0.18390803 0.13238098
 [50,] 0.07043497 0.09287978
 [51,] 0.20972625 0.22316476
 [52,] 0.20012133 0.24505901
 [53,] 0.14140959 0.14221663
 [54,] 0.24869007 0.26285205
 [55,] 0.20060835 0.20606733
 [56,] 0.17265686 0.22254848
 [57,] 0.15823044 0.13777280
 [58,] 0.17220102 0.17141284
 [59,] 0.15249445 0.20816082
 [60,] 0.14838253 0.16150823
 [61,] 0.17848685 0.19147119
 [62,] 0.15806468 0.19720186
 [63,] 0.11252059 0.10973062
 [64,] 0.16904846 0.13173126
 [65,] 0.15961479 0.11570281
 [66,] 0.09547010 0.11603623
 [67,] 0.18008905 0.17822117
 [68,] 0.19194803 0.18200343
 [69,] 0.13306953 0.13149813
 [70,] 0.19814008 0.19431091
 [71,] 0.09743266 0.11804821
 [72,] 0.23746152 0.26698992
 [73,] 0.21026960 0.18295254
 [74,] 0.14291307 0.20792203
 [75,] 0.16425612 0.15769271
 [76,] 0.15875270 0.10894254
 [77,] 0.16489624 0.14340890
 [78,] 0.18650998 0.13426421
 [79,] 0.26163671 0.24950664
 [80,] 0.16920064 0.17246897
 [81,] 0.11286802 0.12418436
 [82,] 0.13336979 0.16719680
 [83,] 0.18607110 0.18552065
 [84,] 0.10340572 0.16001094
 [85,] 0.10742082 0.03351709
 [86,] 0.18930747 0.14246236
 [87,] 0.14319507 0.16753821
 [88,] 0.12721419 0.13124816
 [89,] 0.10682484 0.16138350
 [90,] 0.23772185 0.25416293
 [91,] 0.16514761 0.19578281
 [92,] 0.14195273 0.09898144
 [93,] 0.35211213 0.35340337
 [94,] 0.28784479 0.29095107
 [95,] 0.23271926 0.19019206
 [96,] 0.20933514 0.17988057
 [97,] 0.07864805 0.05639415
 [98,] 0.11039861 0.12058032
 [99,] 0.10510611 0.10068970
[100,] 0.19812755 0.17347908
[101,] 0.17016362 0.15628986
[102,] 0.16673565 0.13717351
[103,] 0.13188506 0.14095617
[104,] 0.27037416 0.28384717
[105,] 0.22551921 0.22253342
[106,] 0.21588323 0.21486031
[107,] 0.13210304 0.15442899
[108,] 0.19066659 0.12562617
[109,] 0.11241527 0.15515520
[110,] 0.16818838 0.17472622
[111,] 0.12235912 0.11684981
[112,] 0.14704966 0.12317147
[113,] 0.11371263 0.11766781
[114,] 0.13425491 0.14103367
[115,] 0.30068481 0.22003079
[116,] 0.26242722 0.27510393
[117,] 0.13309971 0.14545101
[118,] 0.24789495 0.25982551
[119,] 0.27877734 0.23285796
[120,] 0.18114332 0.20252541
[121,] 0.07275726 0.04599884
[122,] 0.17011135 0.09931093
[123,] 0.20584359 0.17267718
[124,] 0.12050906 0.09114528
[125,] 0.06918271 0.05934557
[126,] 0.10349390 0.09066319
[127,] 0.24687713 0.21276929
[128,] 0.05731042 0.09017563
[129,] 0.25756775 0.27403367
[130,] 0.14307719 0.14462024
[131,] 0.28188517 0.25724192
[132,] 0.09193864 0.03868606
[133,] 0.13288028 0.11857541
[134,] 0.13203534 0.10108177
[135,] 0.09406810 0.07040605
[136,] 0.24045635 0.30990888
[137,] 0.20246966 0.17069242
[138,] 0.20553424 0.19470926
[139,] 0.12626816 0.09663525
[140,] 0.12027512 0.14820107
[141,] 0.17184821 0.15430409
[142,] 0.19978107 0.22348663
[143,] 0.08316208 0.14719717
[144,] 0.15824813 0.15526739
[145,] 0.20051428 0.19673680
[146,] 0.10864637 0.11568998
[147,] 0.19061602 0.20139950
[148,] 0.15000977 0.11857342
[149,] 0.18915358 0.19286197
[150,] 0.13756665 0.14682388
[151,] 0.24252534 0.28616931
[152,] 0.13591318 0.12326070
[153,] 0.17128723 0.20250923
[154,] 0.17796412 0.21373972
[155,] 0.21573549 0.21774184
[156,] 0.17094480 0.18682447
[157,] 0.14707175 0.18204854
[158,] 0.14619653 0.11466775
[159,] 0.21177264 0.21075188
[160,] 0.07631913 0.09947020
[161,] 0.09370211 0.06003259
[162,] 0.23510085 0.25114164
[163,] 0.12602604 0.13464143
[164,] 0.08141099 0.08318634
[165,] 0.13705137 0.14836202
[166,] 0.18496482 0.17640057
[167,] 0.26861576 0.25682079
[168,] 0.15840717 0.09324601
[169,] 0.24060419 0.21491363
[170,] 0.13487173 0.16231190
[171,] 0.10532177 0.09281766
[172,] 0.11980250 0.10721792
[173,] 0.12531433 0.12875199
[174,] 0.20621038 0.21705913
[175,] 0.20485658 0.16085269
[176,] 0.18341077 0.14874730
[177,] 0.13839985 0.16310012
[178,] 0.19119979 0.19753563
[179,] 0.19582552 0.19379169
[180,] 0.25380357 0.27517436
[181,] 0.11554644 0.08648514
[182,] 0.11338731 0.15577002
[183,] 0.07348516 0.11579944
[184,] 0.09153694 0.11660079
[185,] 0.15195012 0.14613967
[186,] 0.17409427 0.20266810
[187,] 0.09417039 0.09889277
[188,] 0.13230871 0.13727154
[189,] 0.14185925 0.14159942
[190,] 0.11744547 0.07652544
[191,] 0.16937139 0.18989380
[192,] 0.15358626 0.13672759
[193,] 0.11282270 0.17048408
[194,] 0.07000978 0.05546952
[195,] 0.14714071 0.13191694
[196,] 0.20402818 0.13977538
[197,] 0.15221296 0.15305510
[198,] 0.29789398 0.28011997
[199,] 0.08307576 0.06577062
[200,] 0.31202878 0.31052752
[201,] 0.26915212 0.26389513
[202,] 0.09901463 0.07058264
[203,] 0.20003721 0.24472741
[204,] 0.10260548 0.12795240
[205,] 0.08325845 0.11431692
[206,] 0.07037044 0.05337266
[207,] 0.18072849 0.16586832
[208,] 0.14227323 0.11916904
[209,] 0.12359312 0.11524981
[210,] 0.17552513 0.18313124
[211,] 0.13106829 0.12953681
[212,] 0.12435419 0.12698020
[213,] 0.15500570 0.16044313
[214,] 0.12465493 0.16081630
[215,] 0.24548418 0.28149126
[216,] 0.07743024 0.07884040
[217,] 0.19906299 0.14449747
[218,] 0.17800309 0.15667940
[219,] 0.13632548 0.11118730
[220,] 0.18988767 0.18672083
[221,] 0.04397371 0.07693512
[222,] 0.08779138 0.07921434
[223,] 0.14748153 0.14680416
[224,] 0.22807121 0.24827653
[225,] 0.15178512 0.10357236
[226,] 0.08280485 0.12179859
[227,] 0.14379924 0.18972851
[228,] 0.15927749 0.15052557
[229,] 0.08582574 0.10843482
[230,] 0.08702665 0.05954586
[231,] 0.14418531 0.10590262
[232,] 0.16404867 0.15587454
[233,] 0.19547199 0.12876148
[234,] 0.14037680 0.17846887
[235,] 0.15045271 0.11793341
[236,] 0.11766470 0.12285250
[237,] 0.13609142 0.13535718
[238,] 0.18590819 0.20182536
[239,] 0.15665194 0.17662412
[240,] 0.03265262 0.04434655
[241,] 0.19179295 0.14539881
[242,] 0.13024870 0.10461678
[243,] 0.25574716 0.21268347
[244,] 0.17367471 0.17375827
[245,] 0.06120049 0.04846921
[246,] 0.07926223 0.11368911
[247,] 0.14947369 0.14890077
[248,] 0.12615944 0.15228260
[249,] 0.19386346 0.20572368
[250,] 0.18358078 0.24980805
[251,] 0.17064801 0.15422201
[252,] 0.12424011 0.15976738
[253,] 0.10405079 0.15377919
[254,] 0.28783132 0.32103015
[255,] 0.18691794 0.22998332
[256,] 0.16728968 0.18010287
[257,] 0.26415971 0.23833397
[258,] 0.11682739 0.18627210
[259,] 0.11566700 0.15412545
[260,] 0.09006503 0.04965582
[261,] 0.10256437 0.10264007
[262,] 0.22965140 0.26542879
[263,] 0.13079030 0.10210520
[264,] 0.12055765 0.14528624
[265,] 0.18066040 0.19002041
[266,] 0.09877404 0.09343489
[267,] 0.11272699 0.14864022
[268,] 0.13278135 0.13618768
[269,] 0.13482489 0.14180115
[270,] 0.09306364 0.14103264
[271,] 0.18333689 0.17011518
[272,] 0.20020868 0.17306259
[273,] 0.22602731 0.24147687
[274,] 0.10303005 0.12622394
[275,] 0.22227514 0.25211873
[276,] 0.05320824 0.06298671
[277,] 0.15066490 0.17286290
[278,] 0.14428584 0.10965698
[279,] 0.08438966 0.09969675
[280,] 0.07612176 0.16591035
[281,] 0.13868403 0.13307354
[282,] 0.13061693 0.12788668
[283,] 0.10730723 0.11038295
[284,] 0.18055939 0.16379092
[285,] 0.28759926 0.22901704
[286,] 0.16344092 0.15659782
[287,] 0.15021911 0.19674210
[288,] 0.05186107 0.07452065
[289,] 0.19334524 0.22388170
[290,] 0.06875693 0.11350972
[291,] 0.17050254 0.17505879
[292,] 0.17673946 0.20198897
[293,] 0.22690653 0.23547133
[294,] 0.11508715 0.09330309
[295,] 0.11275421 0.13606144
[296,] 0.17973345 0.19675628
[297,] 0.14460343 0.14346175
[298,] 0.19601665 0.18655180
[299,] 0.14584310 0.15804929
[300,] 0.10823709 0.13033042
[301,] 0.22103481 0.24548239
[302,] 0.12437458 0.13916596
[303,] 0.10423335 0.10487907
[304,] 0.05743708 0.03839593
[305,] 0.19589171 0.13295895
[306,] 0.14253728 0.12466613
[307,] 0.10055853 0.14917808
[308,] 0.25425196 0.24465053
[309,] 0.07981938 0.07881671
[310,] 0.12088172 0.12539482
[311,] 0.20893997 0.25366186
[312,] 0.14811203 0.14570278
[313,] 0.11534724 0.08575326
[314,] 0.18131384 0.17560533
[315,] 0.08929035 0.09662291
[316,] 0.12796697 0.12302208
[317,] 0.19886522 0.18452644
[318,] 0.19385675 0.17205171
[319,] 0.10463940 0.10357001
[320,] 0.26789865 0.25532280
[321,] 0.20745430 0.22541223
[322,] 0.17272633 0.18843219
[323,] 0.13814443 0.12907673
[324,] 0.22128469 0.23010763
[325,] 0.12501383 0.07833316
[326,] 0.23330447 0.27634766
[327,] 0.23096586 0.20714522
[328,] 0.10519589 0.07990069
[329,] 0.09592700 0.06560404
[330,] 0.14747905 0.16282349
[331,] 0.19058917 0.18276279
[332,] 0.11387090 0.11579156
[333,] 0.11150702 0.14674767
[334,] 0.13028098 0.12657374
[335,] 0.17783910 0.17370404
[336,] 0.21600482 0.21229484
[337,] 0.19819592 0.18351268
[338,] 0.12013822 0.11568186
[339,] 0.20708323 0.15387577
[340,] 0.20339181 0.20856718
[341,] 0.12139859 0.13331903
[342,] 0.29585781 0.28298522
[343,] 0.14871036 0.16069009
[344,] 0.06491773 0.07193038
[345,] 0.19061923 0.16079285
[346,] 0.22486723 0.20663520
[347,] 0.15274981 0.16322490
[348,] 0.20705845 0.20012507
[349,] 0.24059577 0.19079106
[350,] 0.09488044 0.08118773
[351,] 0.16319975 0.22383058
[352,] 0.27474038 0.24926086
[353,] 0.25698244 0.22563277
[354,] 0.19819413 0.24264394
[355,] 0.11103492 0.08161956
[356,] 0.09178108 0.08579605
[357,] 0.10018633 0.08615914
[358,] 0.29157733 0.29573484
[359,] 0.26010832 0.27101738
[360,] 0.29676548 0.29678317
[361,] 0.17092340 0.18133113
[362,] 0.07224951 0.06889489
[363,] 0.15387344 0.20709924
[364,] 0.17419934 0.13083901
[365,] 0.14541912 0.18059903
[366,] 0.19399274 0.19380259
[367,] 0.12698936 0.21426258
[368,] 0.17752306 0.20263706
[369,] 0.10341865 0.16685202
[370,] 0.13068822 0.13688350
[371,] 0.15489518 0.19844201
[372,] 0.18916939 0.20917813
[373,] 0.19756451 0.20483205
[374,] 0.28701044 0.30344030
[375,] 0.13716625 0.16418337
[376,] 0.18079606 0.18463926
[377,] 0.12685280 0.11226074
[378,] 0.07357501 0.09280328
[379,] 0.19912680 0.18507119
[380,] 0.12560103 0.09452266
[381,] 0.22680524 0.22034163
[382,] 0.17499307 0.12723680
[383,] 0.24101129 0.26817001
[384,] 0.13515153 0.16861817
[385,] 0.21178060 0.19549566
[386,] 0.19766808 0.18709702
[387,] 0.11562352 0.12045872
[388,] 0.20193266 0.20483465
[389,] 0.14571777 0.12431061
[390,] 0.11109088 0.10349615
[391,] 0.15525485 0.20937291
[392,] 0.16929533 0.23091600
[393,] 0.21175231 0.18170178
[394,] 0.26941565 0.33277841
[395,] 0.12221274 0.09232598
[396,] 0.13094293 0.08884810
[397,] 0.23691869 0.25448870
[398,] 0.14856828 0.16535986
[399,] 0.10995158 0.09913659
[400,] 0.07578347 0.04894112
